Unknown command. Available commands: START, STOP, SEC_num (e.g., SEC_5), GETHEAT
TimeStamp(ms),Label_Tag,HeaterProfile_ID,Sensor1_Temperature(deg C),Sensor1_Pressure(Pa),Sensor1_Humidity(%),Sensor1_GasResistance(ohm),Sensor1_Status,Sensor1_GasIndex,Sensor2_Temperature(deg C),Sensor2_Pressure(Pa),Sensor2_Humidity(%),Sensor2_GasResistance(ohm),Sensor2_Status,Sensor2_GasIndex,Sensor3_Temperature(deg C),Sensor3_Pressure(Pa),Sensor3_Humidity(%),Sensor3_GasResistance(ohm),Sensor3_Status,Sensor3_GasIndex,Sensor4_Temperature(deg C),Sensor4_Pressure(Pa),Sensor4_Humidity(%),Sensor4_GasResistance(ohm),Sensor4_Status,Sensor4_GasIndex,Sensor5_Temperature(deg C),Sensor5_Pressure(Pa),Sensor5_Humidity(%),Sensor5_GasResistance(ohm),Sensor5_Status,Sensor5_GasIndex,Sensor6_Temperature(deg C),Sensor6_Pressure(Pa),Sensor6_Humidity(%),Sensor6_GasResistance(ohm),Sensor6_Status,Sensor6_GasIndex,Sensor7_Temperature(deg C),Sensor7_Pressure(Pa),Sensor7_Humidity(%),Sensor7_GasResistance(ohm),Sensor7_Status,Sensor7_GasIndex,Sensor8_Temperature(deg C),Sensor8_Pressure(Pa),Sensor8_Humidity(%),Sensor8_GasResistance(ohm),Sensor8_Status,Sensor8_GasIndex
Skip I:1, DIFF:44, MI:44, LMI:0, S:144
Skip I:2, DIFF:44, MI:44, LMI:0, S:144
Skip I:3, DIFF:44, MI:44, LMI:0, S:144
Skip I:4, DIFF:44, MI:44, LMI:0, S:144
Skip I:5, DIFF:44, MI:44, LMI:0, S:144
Skip I:6, DIFF:44, MI:44, LMI:0, S:144
Skip I:7, DIFF:44, MI:44, LMI:0, S:144
6753,1,0,24.49,100320.19,26.08,729085.06,144,3,24.50,100320.30,26.06,729085.06,144,3,24.51,100319.66,26.04,772538.69,176,3,24.65,100305.13,26.11,727531.06,144,3,24.65,100304.78,26.08,727531.06,144,3,24.65,100305.27,26.05,737752.19,176,3,24.78,100309.60,26.02,550833.81,144,3,24.79,100310.97,25.99,550833.81,144,3,24.79,100309.62,25.97,549061.69,176,3,25.12,100290.74,25.53,1230769.25,144,3,25.13,100288.99,25.49,1230769.25,144,3,25.13,100287.52,25.48,1241964.87,176,3,25.23,100359.74,24.93,970846.19,144,3,25.24,100359.18,24.89,970846.19,144,3,25.25,100360.66,24.86,995624.69,176,3,24.96,100384.50,25.59,779151.62,144,3,24.96,100384.42,25.55,779151.62,144,3,24.97,100384.63,25.50,772101.81,176,3,25.31,100380.72,25.61,704264.12,144,3,25.32,100379.35,25.58,704264.12,144,3,25.33,100379.06,25.54,704991.37,176,3,25.32,100364.94,25.50,960600.37,144,3,25.32,100364.16,25.49,960600.37,144,3,25.33,100365.53,25.45,971537.00,176,3
Skip I:0, DIFF:5, MI:51, LMI:46, S:176
Skip I:1, DIFF:5, MI:51, LMI:46, S:176
Skip I:2, DIFF:6, MI:52, LMI:46, S:144
Skip I:3, DIFF:5, MI:51, LMI:46, S:176
Skip I:4, DIFF:5, MI:51, LMI:46, S:176
Skip I:5, DIFF:5, MI:51, LMI:46, S:176
Skip I:6, DIFF:5, MI:51, LMI:46, S:176
Skip I:7, DIFF:5, MI:51, LMI:46, S:176
7753,1,0,25.00,100320.87,25.97,124091.13,176,4,25.09,100321.04,25.95,124091.13,144,5,25.16,100318.71,25.91,124091.13,144,5,25.15,100305.38,25.98,109589.04,176,4,25.25,100304.94,25.96,109589.04,144,5,25.32,100304.89,25.92,109589.04,144,5,25.37,100307.69,25.89,86691.50,144,5,25.45,100310.22,25.87,86691.50,144,5,25.51,100308.30,25.83,86691.50,144,5,25.64,100286.16,25.40,166125.89,176,4,25.75,100286.11,25.39,166125.89,144,5,25.83,100286.79,25.36,166125.89,144,5,25.76,100358.73,24.78,143982.00,176,4,25.86,100358.29,24.76,143982.00,144,5,25.95,100358.05,24.73,143982.00,144,5,25.51,100380.33,25.44,104298.23,176,4,25.62,100380.23,25.42,104298.23,144,5,25.69,100380.60,25.39,104298.23,144,5,25.86,100380.08,25.46,108681.80,176,4,25.96,100381.32,25.43,108681.80,144,5,26.04,100380.72,25.40,108681.80,144,5,25.83,100359.09,25.37,141828.25,176,4,25.94,100363.71,25.34,141828.25,144,5,26.01,100364.48,25.32,141828.25,144,5
Skip I:0, DIFF:5, MI:58, LMI:53, S:144
Skip I:1, DIFF:6, MI:59, LMI:53, S:144
Skip I:2, DIFF:5, MI:59, LMI:54, S:144
Skip I:3, DIFF:5, MI:58, LMI:53, S:144
Skip I:4, DIFF:5, MI:58, LMI:53, S:144
Skip I:5, DIFF:5, MI:58, LMI:53, S:144
Skip I:6, DIFF:6, MI:59, LMI:53, S:144
Skip I:7, DIFF:5, MI:58, LMI:53, S:144
8753,1,0,25.38,100318.52,25.79,122576.01,144,6,25.41,100318.86,25.77,122576.01,144,6,25.43,100319.19,25.74,122576.01,144,6,25.57,100305.43,25.76,106511.34,144,6,25.60,100306.72,25.74,106511.34,144,6,25.63,100306.69,25.72,104617.90,176,6,25.71,100310.06,25.70,83879.42,144,6,25.73,100309.80,25.67,83879.42,144,6,25.75,100310.98,25.63,82500.80,176,6,26.07,100286.50,25.20,162798.09,144,6,26.10,100285.18,25.19,162798.09,144,6,26.15,100289.90,25.16,162798.09,144,6,26.19,100358.59,24.59,140891.58,144,6,26.22,100360.61,24.55,140891.58,144,6,26.26,100360.03,24.52,140891.58,144,6,25.93,100379.14,25.25,100846.95,144,6,25.96,100380.22,25.21,100846.95,144,6,25.98,100379.98,25.18,100846.95,144,6,26.31,100380.10,25.20,104107.36,144,6,26.34,100381.83,25.16,104107.36,144,6,26.35,100379.65,25.11,102053.02,176,6,26.24,100360.74,25.17,138154.34,144,6,26.27,100360.77,25.10,138154.34,144,6,26.30,100361.78,25.10,138154.34,144,6
