TimeStamp(ms),Label_Tag,HeaterProfile_ID,Sensor1_Temperature(deg C),Sensor1_Pressure(Pa),Sensor1_Humidity(%),Sensor1_GasResistance(ohm),Sensor1_Status,Sensor1_GasIndex,Sensor2_Temperature(deg C),Sensor2_Pressure(Pa),Sensor2_Humidity(%),Sensor2_GasResistance(ohm),Sensor2_Status,Sensor2_GasIndex,Sensor3_Temperature(deg C),Sensor3_Pressure(Pa),Sensor3_Humidity(%),Sensor3_GasResistance(ohm),Sensor3_Status,Sensor3_GasIndex,Sensor4_Temperature(deg C),Sensor4_Pressure(Pa),Sensor4_Humidity(%),Sensor4_GasResistance(ohm),Sensor4_Status,Sensor4_GasIndex,Sensor5_Temperature(deg C),Sensor5_Pressure(Pa),Sensor5_Humidity(%),Sensor5_GasResistance(ohm),Sensor5_Status,Sensor5_GasIndex,Sensor6_Temperature(deg C),Sensor6_Pressure(Pa),Sensor6_Humidity(%),Sensor6_GasResistance(ohm),Sensor6_Status,Sensor6_GasIndex,Sensor7_Temperature(deg C),Sensor7_Pressure(Pa),Sensor7_Humidity(%),Sensor7_GasResistance(ohm),Sensor7_Status,Sensor7_GasIndex,Sensor8_Temperature(deg C),Sensor8_Pressure(Pa),Sensor8_Humidity(%),Sensor8_GasResistance(ohm),Sensor8_Status,Sensor8_GasIndex
Skip I:0, DIFF:49, MI:49, LMI:0, S:144
Skip I:1, DIFF:49, MI:49, LMI:0, S:144
Skip I:2, DIFF:49, MI:49, LMI:0, S:144
Skip I:3, DIFF:49, MI:49, LMI:0, S:144
Skip I:4, DIFF:48, MI:48, LMI:0, S:144
Skip I:5, DIFF:48, MI:48, LMI:0, S:144
Skip I:6, DIFF:49, MI:49, LMI:0, S:144
Skip I:7, DIFF:49, MI:49, LMI:0, S:144
7455,0,38.02,99791.49,14.99,44431188.00,4,49,149,144,0,16
7456,0,38.20,99793.17,14.99,44431188.00,4,50,149,144,0,16
7456,0,38.34,99790.98,15.01,3105971.50,4,51,149,176,32,16
7457,1,38.11,99774.34,14.88,31583614.00,4,49,147,144,0,16
7457,1,38.30,99775.40,14.92,31583614.00,4,50,147,144,0,16
7457,1,38.43,99774.18,14.93,1756808.87,4,51,147,176,32,16
7458,2,39.06,99784.48,14.40,29414722.00,4,49,149,144,0,16
7458,2,39.24,99785.18,14.42,29414722.00,4,50,149,144,0,16
7458,2,39.36,99786.77,14.43,1713807.50,4,51,149,176,32,16
7459,3,39.25,99760.16,14.24,44749744.00,4,49,149,144,0,16
7459,3,39.43,99760.56,14.25,44749744.00,4,50,149,144,0,16
7459,3,39.58,99762.86,14.26,2339234.75,4,51,149,176,32,16
7470,4,39.40,99813.80,13.11,55965840.00,4,48,0,144,0,16
7470,4,39.67,99814.41,13.15,55965840.00,4,49,0,144,0,16
7471,4,39.86,99817.95,13.17,55965840.00,4,50,0,144,0,16
7472,5,39.27,99826.14,13.62,28036792.00,4,48,0,144,0,16
7472,5,39.53,99826.07,13.62,28036792.00,4,49,0,144,0,16
7472,5,39.74,99830.10,13.65,28036792.00,4,50,0,144,0,16
7473,6,39.33,99829.23,13.64,27148302.00,4,49,139,144,0,16
7473,6,39.53,99827.80,13.64,27148302.00,4,50,139,144,0,16
7473,6,39.67,99828.10,13.65,1638727.75,4,51,139,176,32,16
7474,7,39.20,99815.09,13.73,38790176.00,4,49,140,144,0,16
7474,7,39.39,99816.60,13.76,38790176.00,4,50,140,144,0,16
7474,7,39.53,99818.33,13.73,2259862.00,4,51,140,176,32,16

Skip I:0, DIFF:5, MI:56, LMI:51, S:176
Skip I:1, DIFF:5, MI:56, LMI:51, S:176
Skip I:2, DIFF:5, MI:56, LMI:51, S:176
Skip I:3, DIFF:5, MI:56, LMI:51, S:176
Skip I:4, DIFF:5, MI:55, LMI:50, S:144
Skip I:5, DIFF:6, MI:56, LMI:50, S:176
Skip I:6, DIFF:5, MI:56, LMI:51, S:176
Skip I:7, DIFF:5, MI:56, LMI:51, S:176
8455,0,38.67,99796.55,15.04,2931997.25,5,56,148,176,32,16
8455,0,38.71,99797.28,15.01,2931997.25,6,57,0,144,0,16
8456,0,38.73,99798.44,15.00,2931997.25,6,58,0,144,0,16
8456,1,38.76,99775.99,14.95,1608798.12,5,56,147,176,32,16
8457,1,38.79,99777.30,14.95,1608798.12,6,57,0,144,0,16
8457,1,38.82,99776.77,14.97,1608798.12,6,58,0,144,0,16
8458,2,39.68,99786.61,14.46,1562762.25,5,56,148,176,32,16
8458,2,39.71,99785.30,14.46,1562762.25,6,57,0,144,0,16
8458,2,39.75,99786.29,14.47,1562762.25,6,58,0,144,0,16
8459,3,39.92,99762.35,14.28,2171792.25,5,56,149,176,32,16
8459,3,39.97,99765.90,14.27,2171792.25,6,57,0,144,0,16
8459,3,40.00,99764.87,14.26,2171792.25,6,58,0,144,0,16
8470,4,40.30,99819.40,13.20,2907026.25,5,55,151,144,0,16
8470,4,40.34,99818.70,13.20,2716180.25,5,56,151,176,32,16
8470,4,40.37,99820.15,13.18,2716180.25,6,57,0,144,0,16
8471,5,40.15,99832.89,13.67,1245363.37,5,56,144,176,32,16
8471,5,40.17,99832.47,13.63,1245363.37,6,57,0,144,0,16
8472,5,40.21,99834.47,13.64,1245363.37,6,58,0,144,0,16
8472,6,39.99,99830.34,13.67,1467574.37,5,56,139,176,32,16
8473,6,40.02,99828.29,13.65,1467574.37,6,57,0,144,0,16
8473,6,40.05,99828.24,13.65,1467574.37,6,58,0,144,0,16
8474,7,39.82,99817.79,13.78,2085539.75,5,56,140,176,32,16
8474,7,39.84,99815.88,13.76,2085539.75,6,57,0,144,0,16
8474,7,39.87,99816.22,13.75,2085539.75,6,58,0,144,0,16

TimeStamp(ms),Label_Tag,HeaterProfile_ID,Sensor1_Temperature(deg C),Sensor1_Pressure(Pa),Sensor1_Humidity(%),Sensor1_GasResistance(ohm),Sensor1_Status,Sensor1_GasIndex,Sensor2_Temperature(deg C),Sensor2_Pressure(Pa),Sensor2_Humidity(%),Sensor2_GasResistance(ohm),Sensor2_Status,Sensor2_GasIndex,Sensor3_Temperature(deg C),Sensor3_Pressure(Pa),Sensor3_Humidity(%),Sensor3_GasResistance(ohm),Sensor3_Status,Sensor3_GasIndex,Sensor4_Temperature(deg C),Sensor4_Pressure(Pa),Sensor4_Humidity(%),Sensor4_GasResistance(ohm),Sensor4_Status,Sensor4_GasIndex,Sensor5_Temperature(deg C),Sensor5_Pressure(Pa),Sensor5_Humidity(%),Sensor5_GasResistance(ohm),Sensor5_Status,Sensor5_GasIndex,Sensor6_Temperature(deg C),Sensor6_Pressure(Pa),Sensor6_Humidity(%),Sensor6_GasResistance(ohm),Sensor6_Status,Sensor6_GasIndex,Sensor7_Temperature(deg C),Sensor7_Pressure(Pa),Sensor7_Humidity(%),Sensor7_GasResistance(ohm),Sensor7_Status,Sensor7_GasIndex,Sensor8_Temperature(deg C),Sensor8_Pressure(Pa),Sensor8_Humidity(%),Sensor8_GasResistance(ohm),Sensor8_Status,Sensor8_GasIndex
Skip I:0, DIFF:19, MI:77, LMI:58, S:144
Skip I:1, DIFF:21, MI:79, LMI:58, S:144
Skip I:2, DIFF:21, MI:79, LMI:58, S:144
Skip I:3, DIFF:20, MI:78, LMI:58, S:176
Skip I:4, DIFF:18, MI:75, LMI:57, S:144
Skip I:5, DIFF:19, MI:77, LMI:58, S:144
Skip I:6, DIFF:23, MI:81, LMI:58, S:144
Skip I:7, DIFF:23, MI:81, LMI:58, S:144
82757,0,38.41,99795.34,15.08,50267304.00,4,77,148,144,0,16
82757,0,38.51,99797.45,15.09,3410491.25,4,78,148,176,32,16
82758,0,38.57,99796.62,15.10,3410491.25,5,79,148,144,0,16
82758,1,38.61,99778.72,15.07,2212260.25,5,79,147,144,0,16
82759,1,38.67,99780.77,15.07,2212260.25,5,80,147,144,0,16
82759,1,38.71,99778.72,15.10,2212260.25,5,81,147,144,0,16
82760,2,39.56,99788.38,14.64,1753424.62,5,79,149,144,0,16
82760,2,39.62,99789.20,14.64,1753424.62,5,80,149,144,0,16
82760,2,39.67,99788.09,14.65,1753424.62,5,81,149,144,0,16
82761,3,39.70,99768.20,14.34,3223293.25,4,78,149,176,32,16
82761,3,39.77,99764.38,14.35,3223293.25,5,79,149,144,0,16
82761,3,39.84,99767.44,14.36,3223293.25,5,80,149,144,0,16
82772,4,39.91,99821.94,13.19,57211696.00,4,75,151,144,0,16
82772,4,40.07,99822.54,13.23,57211696.00,4,76,151,144,0,16
82772,4,40.19,99819.38,13.24,57211696.00,4,77,151,144,0,16
82773,5,40.06,99832.09,13.58,40218472.00,4,77,144,144,0,16
82773,5,40.14,99833.77,13.58,1812790.50,4,78,144,176,32,16
82774,5,40.21,99833.56,13.58,1812790.50,5,79,144,144,0,16
82774,6,40.22,99832.52,13.56,2046465.13,5,81,138,144,0,16
82775,6,40.24,99831.13,13.58,2046465.13,5,82,138,144,0,16
82775,6,40.25,99830.80,13.57,1827347.75,5,83,138,176,32,16
82776,7,40.09,99818.37,13.65,2754539.25,5,81,140,144,0,16
82776,7,40.12,99820.09,13.67,2754539.25,5,82,140,144,0,16
82776,7,40.14,99820.15,13.67,2529956.75,5,83,140,176,32,16

Skip I:0, DIFF:5, MI:84, LMI:79, S:144
Skip I:1, DIFF:5, MI:86, LMI:81, S:144
Skip I:2, DIFF:6, MI:87, LMI:81, S:144
Skip I:3, DIFF:5, MI:85, LMI:80, S:144
Skip I:4, DIFF:5, MI:82, LMI:77, S:144
Skip I:5, DIFF:5, MI:84, LMI:79, S:144
Skip I:6, DIFF:5, MI:88, LMI:83, S:176
Skip I:7, DIFF:5, MI:88, LMI:83, S:176
83757,0,38.77,99798.81,15.12,3299234.75,6,84,149,144,0,16
83757,0,38.78,99798.79,15.13,3299234.75,6,85,149,144,0,16
83758,0,38.80,99799.26,15.13,3299234.75,6,86,149,144,0,16
83758,1,38.86,99778.94,15.08,1998536.25,6,86,146,144,0,16
83759,1,38.88,99780.40,15.07,1998536.25,6,87,146,144,0,16
83759,1,38.89,99777.42,15.10,1854652.50,6,88,146,176,32,16
83760,2,39.84,99789.66,14.68,1595636.87,6,87,148,144,0,16
83760,2,39.85,99787.79,14.68,1459729.12,6,88,148,176,32,16
83760,2,39.92,99788.09,14.68,1459729.12,7,89,185,144,0,16
83761,3,40.01,99767.38,14.37,2931997.25,6,85,149,144,0,16
83761,3,40.04,99766.55,14.37,2931997.25,6,86,149,144,0,16
83761,3,40.06,99767.01,14.36,2931997.25,6,87,149,144,0,16
83772,4,40.45,99817.77,13.26,2967041.00,5,82,151,144,0,16
83772,4,40.49,99819.53,13.25,2796859.00,5,83,151,176,32,16
83772,4,40.51,99818.42,13.26,2796859.00,6,84,151,144,0,16
83773,5,40.40,99834.30,13.60,1603131.12,6,84,144,144,0,16
83773,5,40.42,99835.87,13.60,1603131.12,6,85,144,144,0,16
83774,5,40.44,99837.98,13.60,1603131.12,6,86,144,144,0,16
83774,6,40.31,99830.33,13.55,1663688.00,6,88,139,176,32,16
83775,6,40.39,99829.56,13.56,1663688.00,7,89,174,144,0,16
83775,6,40.52,99831.47,13.56,1663688.00,7,90,174,144,0,16
83776,7,40.23,99817.16,13.66,2343249.50,6,88,140,176,32,16
83776,7,40.30,99819.96,13.64,2343249.50,7,89,175,144,0,16
83776,7,40.43,99819.23,13.67,2343249.50,7,90,175,144,0,16

Skip I:0, DIFF:5, MI:91, LMI:86, S:144
Skip I:1, DIFF:5, MI:93, LMI:88, S:176
Skip I:2, DIFF:5, MI:94, LMI:89, S:144
Skip I:3, DIFF:5, MI:92, LMI:87, S:144
Skip I:4, DIFF:6, MI:90, LMI:84, S:144
Skip I:5, DIFF:6, MI:92, LMI:86, S:144
Skip I:6, DIFF:6, MI:96, LMI:90, S:144
Skip I:7, DIFF:5, MI:95, LMI:90, S:144
84757,0,39.15,99797.80,15.19,3139900.25,7,91,186,144,0,16
84757,0,39.23,99798.17,15.19,3139900.25,7,92,186,144,0,16
84758,0,39.30,99798.05,15.21,311625.06,7,93,186,176,32,16
84758,1,39.35,99781.52,15.14,266181.44,7,93,182,176,32,16
84759,1,39.41,99779.32,15.14,266181.44,8,94,182,144,0,16
84759,1,39.46,99780.88,15.16,266181.44,8,95,182,144,0,16
84760,2,40.39,99786.84,14.69,197950.91,8,94,185,144,0,16
84760,2,40.43,99786.91,14.69,197950.91,8,95,185,144,0,16
84760,2,40.47,99787.76,14.68,197950.91,8,96,185,144,0,16
84761,3,40.47,99765.92,14.37,2743469.50,7,92,186,144,0,16
84761,3,40.55,99767.33,14.38,321911.34,7,93,186,176,32,16
84761,3,40.60,99767.55,14.37,321911.34,8,94,185,144,0,16
84772,4,40.80,99817.39,13.27,2650275.00,7,90,188,144,0,16
84772,4,40.91,99818.73,13.25,2650275.00,7,91,188,144,0,16
84772,4,41.01,99819.23,13.28,2650275.00,7,92,188,144,0,16
84773,5,40.87,99836.22,13.61,1436688.87,7,92,180,144,0,16
84773,5,40.94,99834.51,13.59,241338.67,7,93,180,176,32,16
84774,5,41.00,99836.27,13.57,241338.67,8,94,180,144,0,16
84774,6,40.95,99831.86,13.57,231046.94,8,96,174,144,0,16
84775,6,40.98,99830.69,13.56,231046.94,8,97,174,144,0,16
84775,6,41.02,99832.89,13.56,268484.53,8,98,174,176,32,16
84776,7,40.79,99820.05,13.65,306586.81,8,95,175,144,0,16
84776,7,40.83,99819.60,13.64,306586.81,8,96,175,144,0,16
84776,7,40.86,99819.59,13.64,306586.81,8,97,175,144,0,16

Skip I:0, DIFF:5, MI:98, LMI:93, S:176
Skip I:1, DIFF:5, MI:100, LMI:95, S:144
Skip I:2, DIFF:5, MI:101, LMI:96, S:144
Skip I:3, DIFF:6, MI:100, LMI:94, S:144
Skip I:4, DIFF:5, MI:97, LMI:92, S:144
Skip I:5, DIFF:5, MI:99, LMI:94, S:144
Skip I:6, DIFF:5, MI:103, LMI:98, S:176
Skip I:7, DIFF:6, MI:103, LMI:97, S:176
85757,0,39.50,99796.75,15.22,334531.19,8,98,185,176,32,16
85757,0,39.52,99796.20,15.21,334531.19,9,99,185,144,0,16
85758,0,39.54,99793.44,15.22,334531.19,9,100,185,144,0,16
85758,1,39.61,99780.38,15.15,307138.56,9,100,182,144,0,16
85759,1,39.63,99779.02,15.14,307138.56,9,101,182,144,0,16
85759,1,39.66,99780.38,15.15,307138.56,9,102,182,144,0,16
85760,2,40.61,99786.90,14.66,226448.47,9,101,185,144,0,16
85760,2,40.63,99786.19,14.65,226448.47,9,102,185,144,0,16
85760,2,40.64,99785.02,14.67,246746.98,9,103,185,176,32,16
85761,3,40.82,99768.12,14.34,364542.53,9,100,185,144,0,16
85761,3,40.86,99769.02,14.32,364542.53,9,101,185,144,0,16
85761,3,40.88,99768.72,14.32,364542.53,9,102,185,144,0,16
85772,4,41.27,99821.77,13.24,283185.84,8,97,188,144,0,16
85772,4,41.30,99821.30,13.23,315659.69,8,98,188,176,32,16
85772,4,41.33,99821.77,13.22,315659.69,9,99,188,144,0,16
85773,5,41.19,99832.92,13.56,285554.94,9,99,180,144,0,16
85773,5,41.21,99833.59,13.55,285554.94,9,100,180,144,0,16
85774,5,41.24,99832.26,13.53,285554.94,9,101,180,144,0,16
85774,6,41.14,99831.54,13.49,291654.81,9,103,174,176,32,16
85775,6,41.16,99834.41,13.49,291654.81,0,104,174,144,0,16
85775,6,41.18,99832.63,13.48,291654.81,0,105,174,144,0,16
85776,7,40.99,99818.44,13.59,384528.72,9,103,175,176,32,16
85776,7,41.01,99819.05,13.58,384528.72,0,104,175,144,0,16
85776,7,41.04,99821.28,13.57,384528.72,0,105,175,144,0,16

Skip I:0, DIFF:6, MI:106, LMI:100, S:144
Skip I:1, DIFF:6, MI:108, LMI:102, S:176
Skip I:2, DIFF:5, MI:108, LMI:103, S:176
Skip I:3, DIFF:5, MI:107, LMI:102, S:144
Skip I:4, DIFF:5, MI:104, LMI:99, S:144
Skip I:5, DIFF:5, MI:106, LMI:101, S:144
Skip I:6, DIFF:5, MI:110, LMI:105, S:176
Skip I:7, DIFF:5, MI:110, LMI:105, S:176
86757,0,39.64,99796.34,15.17,350684.94,0,106,185,144,0,16
86757,0,39.66,99796.60,15.16,350684.94,0,107,185,144,0,16
86758,0,39.67,99795.83,15.16,364542.53,0,108,185,176,32,16
86758,1,39.75,99781.86,15.11,351045.59,0,108,182,176,32,16
86759,1,39.57,99784.55,15.07,351045.59,1,109,98,144,0,16
86759,1,39.27,99785.24,15.04,54431892.00,1,110,98,176,32,16
86760,2,40.73,99786.13,14.61,258716.53,0,108,185,176,32,16
86760,2,40.56,99792.72,14.57,258716.53,1,109,101,144,0,16
86760,2,40.26,99790.95,14.52,39960976.00,1,110,101,176,32,16
86761,3,40.98,99770.18,14.28,399843.81,0,107,185,144,0,16
86761,3,40.99,99768.55,14.26,422093.97,0,108,185,176,32,16
86761,3,40.82,99773.20,14.22,422093.97,1,109,98,144,0,16
86772,4,41.45,99821.20,13.17,335517.69,0,104,188,144,0,16
86772,4,41.47,99821.78,13.19,335517.69,0,105,188,144,0,16
86772,4,41.49,99823.13,13.13,335517.69,0,106,188,144,0,16
86773,5,41.34,99833.23,13.49,309646.22,0,106,180,144,0,16
86773,5,41.35,99834.20,13.48,309646.22,0,107,180,144,0,16
86774,5,41.36,99832.41,13.47,326843.28,0,108,180,176,32,16
86774,6,40.71,99835.08,13.37,46315196.00,1,110,93,176,32,16
86775,6,40.45,99833.35,13.35,46315196.00,2,111,94,144,0,16
86775,6,40.26,99831.20,13.33,46315196.00,2,112,94,144,0,16
86776,7,40.57,99824.92,13.47,62985104.00,1,110,94,176,32,16
86776,7,40.32,99821.92,13.45,62985104.00,2,111,94,144,0,16
86776,7,40.13,99819.83,13.42,62985104.00,2,112,94,144,0,16

