TimeStamp(ms),Label_Tag,HeaterProfile_ID,Sensor1_Temperature(deg C),Sensor1_Pressure(Pa),Sensor1_Humidity(%),Sensor1_GasResistance(ohm),Sensor1_Status,Sensor1_GasIndex,Sensor2_Temperature(deg C),Sensor2_Pressure(Pa),Sensor2_Humidity(%),Sensor2_GasResistance(ohm),Sensor2_Status,Sensor2_GasIndex,Sensor3_Temperature(deg C),Sensor3_Pressure(Pa),Sensor3_Humidity(%),Sensor3_GasResistance(ohm),Sensor3_Status,Sensor3_GasIndex,Sensor4_Temperature(deg C),Sensor4_Pressure(Pa),Sensor4_Humidity(%),Sensor4_GasResistance(ohm),Sensor4_Status,Sensor4_GasIndex,Sensor5_Temperature(deg C),Sensor5_Pressure(Pa),Sensor5_Humidity(%),Sensor5_GasResistance(ohm),Sensor5_Status,Sensor5_GasIndex,Sensor6_Temperature(deg C),Sensor6_Pressure(Pa),Sensor6_Humidity(%),Sensor6_GasResistance(ohm),Sensor6_Status,Sensor6_GasIndex,Sensor7_Temperature(deg C),Sensor7_Pressure(Pa),Sensor7_Humidity(%),Sensor7_GasResistance(ohm),Sensor7_Status,Sensor7_GasIndex,Sensor8_Temperature(deg C),Sensor8_Pressure(Pa),Sensor8_Humidity(%),Sensor8_GasResistance(ohm),Sensor8_Status,Sensor8_GasIndex
160934,1,1,40.25,99747.31,17.44,1115164.75,b0,3,40.25,99731.92,17.56,911843.25,b0,3,41.08,99737.78,17.15,732213.06,b0,3,41.20,99716.20,16.92,1244228.37,b0,3,39.83,99770.13,16.29,1066389.00,b0,2,40.89,99781.35,16.52,692828.13,b0,3,40.41,99779.55,16.86,824310.75,b0,3,40.46,99767.17,16.83,1031738.06,b0,3
161934,1,1,,,,,,,,,,,,,,,,,,,,,,,,,,,,,,,,,,,,,,,,,,,,,,,,
162934,1,1,,,,,,,,,,,,,,,,,,,,,,,,,,,,,,,,,,,,,,,,,,,,,,,,
163934,1,1,,,,,,,,,,,,,,,,,,,,,,,,,,,,,,,,,,,,,,,,,,,,,,,,
164934,1,1,,,,,,,,,,,,,,,,,,,,,,,,,,,,,,,,,,,,,,,,,,,,,,,,
165934,1,1,,,,,,,,,,,,,,,,,,,,,,,,,,,,,,,,,,,,,,,,,,,,,,,,
166934,1,1,,,,,,,,,,,,,,,,,,,,,,,,,,,,,,,,,,,,,,,,,,,,,,,,
Unknown command. Available commands: START, STOP, SEC_num (e.g., SEC_5000), GETHEAT
168832,1,1,,,,,,,,,,,,,,,,,,,,,,,,,,,,,,,,,,,,,39.46,99780.38,16.45,928587.62,b0,2,,,,,,
170724,1,1,39.35,99748.09,16.96,1231879.75,b0,2,40.32,99732.04,17.07,952558.13,b0,3,41.19,99739.23,16.64,748264.50,b0,3,41.28,99717.20,16.42,1286432.12,b0,3,39.88,99768.43,15.87,1102557.25,b0,2,39.96,99785.95,16.13,789971.06,a0,2,,,,,,,40.61,99773.02,16.45,1021701.19,b0,3
171724,1,1,,,,,,,,,,,,,,,,,,,,,,,,,,,,,,,,,,,,,,,,,,,,,,,,
172724,1,1,,,,,,,,,,,,,,,,,,,,,,,,,,,,,,,,,,,,,,,,,,,,,,,,
173724,1,1,,,,,,,,,,,,,,,,,,,,,,,,,,,,,,,,,,,,,,,,,,,,,,,,
174724,1,1,,,,,,,,,,,,,,,,,,,,,,,,,,,,,,,,,,,,,,,,,,,,,,,,
175724,1,1,,,,,,,,,,,,,,,,,,,,,,,,,,,,,,,,,,,,,,,,,,,,,,,,
176724,1,2,,,,,,,,,,,,,,,,,,,,,,,,,,,,,,,,,,,,,,,,,,,,,,,,
177724,1,2,,,,,,,,,,,,,,,,,,,,,,,,,,,,,,,,,,,,,,,,,,,,,,,,
179620,1,3,39.28,99762.40,22.76,2345262.00,b0,2,,,,,,,,,,,,,,,,,,,,,,,,,,,,,,,,,,,,,,,,,,
180620,1,3,38.30,99744.80,23.16,363830.16,a0,3,,,,,,,40.20,99740.73,21.38,12242854.00,b0,0,,,,,,,38.83,99773.50,16.39,532778.37,b0,5,,,,,,,38.61,99788.63,16.42,11469373.00,b0,0,38.74,99773.60,16.56,570155.87,a0,7
181620,1,3,38.17,99745.57,23.06,363830.16,a0,3,38.46,99736.13,23.26,458987.00,b0,5,39.03,99743.74,21.06,363830.16,a0,7,39.32,99725.16,23.87,2834602.00,b0,2,38.57,99772.99,16.52,497812.34,b0,5,39.28,99784.98,17.09,84155376.00,a0,6,38.06,99778.53,16.49,363830.16,a0,1,38.17,99773.81,16.60,12509257.00,b0,0
182620,1,3,38.16,99753.71,23.16,800000.00,a0,4,38.10,99733.70,23.27,18383170.00,a0,6,38.74,99747.27,21.22,7077322.00,b0,0,38.82,99714.98,23.96,363830.16,a0,3,38.50,99779.13,17.29,460846.09,b0,5,38.67,99786.59,17.62,363830.16,a0,7,38.02,99786.03,16.97,1417301.00,b0,2,38.07,99771.43,17.10,373177.84,a0,1
183620,1,3,38.14,99755.90,23.39,421052.62,b0,5,38.04,99737.75,23.50,363830.16,a0,7,38.66,99742.20,21.63,363830.16,a0,1,38.77,99715.13,24.64,363830.16,a0,3,38.37,99777.24,17.94,738550.31,a0,6,38.50,99784.58,18.21,723674.94,a0,7,37.94,99779.74,17.47,713837.56,a0,3,38.02,99778.15,17.64,1698880.12,b0,2
184620,1,3,38.11,99753.66,23.64,398909.22,b0,5,38.01,99735.33,23.88,363830.16,a0,7,38.64,99747.88,21.93,998537.31,b0,2,38.79,99724.44,25.51,738550.31,a0,4,38.34,99776.94,18.07,363830.16,a0,7,38.43,99787.98,18.37,7469341.00,b0,0,37.92,99780.17,17.65,675684.56,a0,3,37.97,99768.90,17.84,743375.69,a0,3
185620,1,4,38.07,99753.90,23.72,44980096.00,a0,9,37.96,99738.82,24.20,47627908.00,a0,9,38.57,99746.19,21.95,39455748.00,a0,9,38.69,99724.17,26.33,74599888.00,a0,9,38.29,99780.08,18.04,70964808.00,a0,9,38.34,99792.90,18.35,51848100.00,a0,9,37.94,99787.63,17.69,50646060.00,a0,8,37.98,99777.67,17.84,64235236.00,a0,8
186620,1,4,37.97,99753.62,23.78,364932.28,b0,6,37.87,99734.55,24.51,337174.84,b0,6,38.49,99745.48,21.97,219037.44,b0,5,38.56,99724.35,27.03,422616.59,b0,6,38.18,99774.66,17.91,376886.28,b0,6,38.27,99792.83,18.24,286513.72,b0,5,37.73,99787.04,17.63,292404.34,b0,5,37.78,99774.92,17.77,378138.84,b0,5
187620,1,4,37.99,99750.74,23.65,363830.16,a0,3,37.88,99734.09,24.54,363830.16,a0,3,38.46,99749.27,21.75,852622.81,b0,2,38.57,99729.66,27.03,1505882.37,b0,2,38.17,99782.12,17.73,1469153.50,b0,2,38.21,99791.77,18.05,1127132.62,b0,2,37.62,99787.32,17.55,1107925.37,b0,2,37.64,99770.30,17.66,669718.75,a0,1
188620,1,1,37.94,99752.91,23.35,112626.48,b0,3,37.86,99737.16,24.43,94797.26,b0,3,38.40,99743.44,21.43,71210.02,b0,3,38.53,99725.53,27.00,108474.58,b0,3,38.13,99774.49,17.54,221597.06,a0,2,38.14,99791.90,17.87,90363.57,b0,3,37.51,99782.11,17.48,145083.59,a0,2,37.56,99770.95,17.57,116549.05,b0,3
189620,1,1,38.04,99749.48,22.86,244976.08,a0,1,37.96,99735.38,24.33,331284.38,a0,1,38.48,99742.12,20.97,138715.80,a0,1,38.60,99719.69,26.78,233257.41,a0,1,38.19,99771.98,17.37,400000.00,a0,0,38.21,99785.26,17.71,420275.00,a0,0,37.54,99778.57,17.41,395443.12,a0,0,37.60,99768.61,17.49,560788.62,a0,0
190620,1,1,38.07,99750.47,22.44,119152.90,b0,2,37.98,99737.67,24.39,95647.30,b0,3,38.48,99740.95,20.61,72851.45,b0,3,38.63,99721.13,26.28,102053.02,b0,3,38.17,99772.30,17.23,155245.61,b0,1,38.21,99789.76,17.57,106378.55,b0,2,37.49,99782.18,17.38,108474.58,b0,2,37.55,99769.09,17.44,127808.29,b0,2
191620,1,1,38.05,99745.94,22.03,400000.00,a0,0,37.99,99732.84,24.40,346414.06,a0,0,38.45,99737.30,20.32,371283.53,a0,0,38.64,99716.09,26.09,400000.00,a0,0,38.13,99770.72,17.14,107857.59,b0,3,38.20,99784.28,17.46,400000.00,a0,0,37.43,99779.40,17.35,102236.42,b0,3,37.51,99766.74,17.40,384528.72,a0,0
192620,1,1,38.07,99749.12,21.60,156670.75,b0,1,38.00,99737.30,24.10,121442.13,b0,2,38.44,99740.38,19.98,87223.17,b0,2,38.65,99719.68,25.71,124634.86,b0,2,38.10,99768.23,17.05,400000.00,a0,0,38.19,99788.77,17.39,158415.84,b0,1,37.40,99779.45,17.37,146704.88,b0,1,37.46,99769.07,17.40,180345.19,b0,1
193620,1,2,38.06,99748.95,21.39,124817.16,b0,2,38.00,99738.02,23.95,123284.38,b0,2,38.43,99741.36,19.85,88581.31,b0,2,38.65,99718.37,25.59,125922.28,b0,2,38.11,99773.63,17.02,161718.25,b0,1,38.16,99786.92,17.33,122929.17,b0,2,37.35,99781.14,17.37,123821.04,b0,2,37.38,99767.36,17.41,135199.36,b0,3
194620,1,2,,,,,,,,,,,,,,,,,,,,,,,,,,,,,,,,,,,,,,,,,,,,,,,,
195620,1,2,,,,,,,,,,,,,,,,,,,,,,,,,,,,,,,,,,,,,,,,,,,,,,,,
196620,1,2,,,,,,,,,,,,,,,,,,,,,,,,,,,,,,,,,,,,,,,,,,,,,,,,
197620,1,3,,,,,,,38.85,99740.49,22.59,519796.97,a0,4,,,,,,,,,,,,,38.96,99781.95,16.51,651192.37,a0,4,38.90,99779.85,16.83,732999.31,a0,3,,,,,,,38.24,99774.70,16.90,744186.06,a0,4
199251,1,4,41.03,99754.34,19.67,12430956.00,b0,0,38.14,99732.05,22.52,276981.34,b0,6,,,,,,,,,,,,,38.08,99769.91,16.47,363830.16,a0,7,38.07,99782.62,16.79,298020.97,b0,6,38.69,99780.56,16.99,8041227.00,b0,0,37.34,99765.02,16.91,692828.13,a0,7
200251,1,4,38.87,99749.28,19.33,363830.16,a0,3,38.17,99734.74,22.62,426577.78,a0,4,38.87,99741.73,18.46,368743.25,a0,4,39.07,99723.21,24.20,517041.16,a0,4,37.98,99767.41,16.57,363830.16,a0,3,37.99,99780.16,16.87,629572.69,a0,3,37.54,99774.34,16.91,646873.00,a0,3,37.27,99771.60,17.04,1396998.62,b0,2
201251,1,1,38.50,99752.23,19.50,182076.81,b0,1,38.13,99729.05,22.75,1147982.12,a0,1,38.65,99739.32,18.59,408456.31,a0,1,38.80,99714.37,24.33,400000.00,a0,0,37.95,99765.56,16.66,400000.00,a0,0,37.93,99781.09,16.95,485423.09,a0,0,37.26,99772.41,16.99,455010.00,a0,0,37.19,99763.07,17.18,650571.81,a0,0
202251,1,1,38.36,99749.61,19.76,134772.31,b0,3,38.15,99731.19,22.97,85134.69,b0,3,38.61,99739.41,18.74,76923.08,b0,2,38.78,99716.15,24.54,110654.85,b0,2,37.95,99764.38,16.72,139281.83,b0,1,37.94,99783.84,17.01,108268.13,b0,2,37.19,99776.77,17.08,109378.34,b0,2,37.17,99763.88,17.25,131958.77,b0,2
203251,1,1,38.31,99745.36,19.80,470372.06,a0,0,38.15,99725.37,22.77,400000.00,a0,0,38.58,99736.92,18.75,400000.00,a0,0,38.71,99710.77,23.89,400000.00,a0,0,37.89,99767.26,16.74,101325.95,b0,3,37.90,99782.54,17.06,103163.41,b0,3,37.11,99778.13,17.15,98632.25,b0,3,37.11,99764.69,17.33,124817.16,b0,3
204251,1,1,38.27,99746.72,19.62,152881.45,b0,2,38.15,99729.75,22.27,113525.50,b0,2,38.56,99737.94,18.65,82901.55,b0,2,38.69,99711.84,23.02,142420.03,b0,1,37.88,99764.87,16.78,400000.00,a0,0,37.91,99780.07,17.10,156814.70,b0,1,37.13,99779.16,17.25,142658.13,b0,1,37.12,99763.91,17.40,179586.11,b0,1
205251,1,1,38.23,99742.51,19.44,130845.90,b0,3,38.12,99728.38,21.80,101085.88,b0,3,38.53,99735.42,18.57,78479.46,b0,3,38.65,99712.58,22.15,103038.84,b0,3,37.89,99768.25,16.83,122050.06,b0,2,37.91,99782.73,17.13,123821.04,b0,2,37.11,99776.08,17.33,108199.49,b0,3,37.08,99761.64,17.47,135737.02,b0,3
206251,1,1,38.24,99740.62,19.28,343624.16,a0,0,38.15,99727.10,21.33,147465.44,b0,1,38.57,99737.18,18.46,106444.91,b0,1,38.65,99709.95,21.46,282249.19,a0,0,37.86,99762.97,16.83,109942.02,b0,3,37.90,99777.62,17.16,225252.97,a0,0,37.10,99772.56,17.42,205705.11,a0,0,37.08,99758.18,17.51,248543.69,a0,0
207251,1,1,38.23,99742.63,19.09,150721.22,b0,2,38.12,99726.83,20.94,126764.05,b0,2,38.53,99733.80,18.35,91135.63,b0,2,38.63,99711.55,20.84,127426.58,b0,2,37.89,99765.04,16.86,163421.64,b0,1,37.90,99780.55,17.18,174090.45,b0,1,37.09,99775.06,17.46,130445.86,b0,2,37.04,99757.95,17.56,154124.02,b0,2
208251,1,1,38.20,99735.68,18.94,239812.64,a0,0,38.08,99718.59,20.55,198411.16,a0,0,38.51,99728.19,18.28,164842.23,a0,0,38.59,99707.45,20.35,112849.90,b0,3,37.84,99761.99,16.89,130445.86,b0,2,37.83,99775.04,17.21,123910.94,b0,3,37.06,99768.07,17.55,216811.34,a0,0,37.01,99753.95,17.63,260891.72,a0,0
209251,1,1,38.22,99739.04,18.81,167758.84,b0,1,38.07,99722.99,20.22,133194.59,b0,2,38.51,99730.24,18.21,97672.64,b0,2,38.63,99709.47,19.93,169088.50,b0,1,37.84,99757.27,16.93,227353.47,a0,0,37.85,99772.43,17.26,228724.59,a0,0,37.09,99770.64,17.58,165321.28,b0,1,37.05,99756.43,17.67,207581.59,b0,1
210251,1,1,38.17,99736.63,18.71,128288.65,b0,3,38.04,99721.85,19.96,115289.35,b0,3,38.49,99730.82,18.15,88673.37,b0,3,38.60,99706.35,19.59,137486.58,b0,2,37.86,99759.93,16.94,173559.33,b0,1,37.83,99774.66,17.27,139623.67,b0,2,37.05,99771.53,17.64,120413.92,b0,3,36.99,99753.00,17.72,151389.70,b0,3
211251,1,1,38.14,99734.81,18.63,238472.28,a0,0,38.05,99721.34,19.75,164842.23,b0,1,38.51,99729.86,18.10,117755.29,b0,1,38.57,99703.21,19.31,215578.95,a0,0,37.80,99758.52,16.97,118986.75,b0,3,37.82,99771.71,17.30,235999.08,a0,0,37.06,99765.48,17.68,219601.11,a0,0,37.04,99754.27,17.76,213689.48,b0,1
212251,1,1,38.13,99739.59,18.57,147465.44,b0,2,38.00,99726.34,19.59,137597.42,b0,2,38.45,99732.60,18.11,101386.14,b0,2,38.58,99710.03,19.17,175703.50,b0,1,37.78,99757.69,17.06,216398.98,a0,0,37.81,99776.01,17.36,190440.77,b0,1,37.04,99773.51,17.74,140082.08,b0,2,36.98,99756.13,17.82,153846.16,b0,3
213251,1,1,38.08,99739.19,18.53,126669.97,b0,3,37.95,99723.96,19.44,213823.34,a0,0,38.45,99729.87,18.10,165642.19,a0,0,38.52,99707.48,19.02,122137.41,b0,3,37.79,99762.51,17.11,137597.42,b0,2,37.76,99776.44,17.39,131958.77,b0,3,37.06,99769.75,17.80,224070.02,a0,0,37.00,99754.93,17.82,280164.16,a0,0
