TimeStamp(ms),Label_Tag,HeaterProfile_ID,Sensor1_Temperature(deg C),Sensor1_Pressure(Pa),Sensor1_Humidity(%),Sensor1_GasResistance(ohm),Sensor1_Status,Sensor1_GasIndex,Sensor2_Temperature(deg C),Sensor2_Pressure(Pa),Sensor2_Humidity(%),Sensor2_GasResistance(ohm),Sensor2_Status,Sensor2_GasIndex,Sensor3_Temperature(deg C),Sensor3_Pressure(Pa),Sensor3_Humidity(%),Sensor3_GasResistance(ohm),Sensor3_Status,Sensor3_GasIndex,Sensor4_Temperature(deg C),Sensor4_Pressure(Pa),Sensor4_Humidity(%),Sensor4_GasResistance(ohm),Sensor4_Status,Sensor4_GasIndex,Sensor5_Temperature(deg C),Sensor5_Pressure(Pa),Sensor5_Humidity(%),Sensor5_GasResistance(ohm),Sensor5_Status,Sensor5_GasIndex,Sensor6_Temperature(deg C),Sensor6_Pressure(Pa),Sensor6_Humidity(%),Sensor6_GasResistance(ohm),Sensor6_Status,Sensor6_GasIndex,Sensor7_Temperature(deg C),Sensor7_Pressure(Pa),Sensor7_Humidity(%),Sensor7_GasResistance(ohm),Sensor7_Status,Sensor7_GasIndex,Sensor8_Temperature(deg C),Sensor8_Pressure(Pa),Sensor8_Humidity(%),Sensor8_GasResistance(ohm),Sensor8_Status,Sensor8_GasIndex
5400,0,36.51,99773.24,15.70,44072628.00,90,3,34,0,0,16
5401,0,36.52,99778.54,15.71,44072628.00,90,3,35,0,0,16
5401,0,36.52,99777.78,15.71,44072628.00,90,3,36,0,0,16
5402,1,36.59,99755.18,15.68,38113404.00,90,3,34,0,0,16
5402,1,36.59,99755.00,15.69,38113404.00,90,3,35,0,0,16
5402,1,36.59,99756.08,15.68,38113404.00,90,3,36,0,0,16
5403,2,37.34,99765.48,15.33,27386544.00,90,3,34,0,0,16
5403,2,37.34,99765.31,15.34,27386544.00,90,3,35,0,0,16
5403,2,37.34,99766.61,15.33,27386544.00,90,3,36,0,0,16
5404,3,37.55,99741.86,15.00,61870192.00,90,3,34,0,0,16
5404,3,37.55,99743.37,15.01,61870192.00,90,3,35,0,0,16
5405,3,37.54,99741.29,15.01,61870192.00,90,3,36,0,0,16
5406,4,37.82,99803.46,13.98,53302968.00,90,3,34,0,0,16
5406,4,37.82,99803.63,13.98,53302968.00,90,3,35,0,0,16
5406,4,37.81,99802.57,13.98,53302968.00,90,3,36,0,0,16
5407,5,37.54,99818.40,14.37,38013920.00,90,3,34,0,0,16
5407,5,37.54,99819.33,14.37,38013920.00,90,3,35,0,0,16
5407,5,37.53,99817.05,14.39,38013920.00,90,3,36,0,0,16
5408,6,37.48,99812.66,14.38,32669990.00,90,3,34,0,0,16
5408,6,37.47,99810.58,14.39,32669990.00,90,3,35,0,0,16
5408,6,37.47,99812.98,14.40,32669990.00,90,3,36,0,0,16
5409,7,37.31,99800.23,14.52,44296044.00,90,3,34,0,0,16
5409,7,37.31,99797.10,14.52,44296044.00,90,3,35,0,0,16
5410,7,37.31,99799.63,14.53,44296044.00,90,3,36,0,0,16
Skip I:0, DIFF:5, MI:41, LMI:36, S:90
Skip I:1, DIFF:5, MI:41, LMI:36, S:90
Skip I:2, DIFF:5, MI:41, LMI:36, S:90
Skip I:3, DIFF:5, MI:41, LMI:36, S:90
Skip I:4, DIFF:5, MI:41, LMI:36, S:90
Skip I:5, DIFF:5, MI:41, LMI:36, S:90
Skip I:6, DIFF:5, MI:41, LMI:36, S:90
Skip I:7, DIFF:5, MI:41, LMI:36, S:90
6400,0,36.51,99775.25,15.73,44072628.00,90,3,41,0,0,16
6401,0,36.50,99775.66,15.72,44072628.00,90,3,42,0,0,16
6401,0,36.50,99776.74,15.73,44072628.00,90,3,43,0,0,16
6402,1,36.58,99754.91,15.69,38113404.00,90,3,41,0,0,16
6402,1,36.58,99756.70,15.69,38113404.00,90,3,42,0,0,16
6402,1,36.58,99756.35,15.70,38113404.00,90,3,43,0,0,16
6403,2,37.30,99766.44,15.36,27386544.00,90,3,41,0,0,16
6403,2,37.29,99765.78,15.35,27386544.00,90,3,42,0,0,16
6403,2,37.29,99765.66,15.35,27386544.00,90,3,43,0,0,16
6404,3,37.52,99744.77,15.03,61870192.00,90,3,41,0,0,16
6405,3,37.52,99744.40,15.05,61870192.00,90,3,42,0,0,16
6405,3,37.52,99743.61,15.04,61870192.00,90,3,43,0,0,16
6416,4,37.78,99801.84,14.00,53302968.00,90,3,41,0,0,16
6416,4,37.76,99802.56,14.02,53302968.00,90,3,42,0,0,16
6416,4,37.76,99804.26,14.01,53302968.00,90,3,43,0,0,16
6417,5,37.49,99820.25,14.41,38013920.00,90,3,41,0,0,16
6417,5,37.48,99819.09,14.41,38013920.00,90,3,42,0,0,16
6418,5,37.47,99819.41,14.43,38013920.00,90,3,43,0,0,16
6419,6,37.45,99814.70,14.42,32669990.00,90,3,41,0,0,16
6419,6,37.44,99812.98,14.42,32669990.00,90,3,42,0,0,16
6419,6,37.43,99812.89,14.43,32669990.00,90,3,43,0,0,16
6420,7,37.28,99799.98,14.55,44296044.00,90,3,41,0,0,16
6420,7,37.27,99800.97,14.56,44296044.00,90,3,42,0,0,16
6420,7,37.26,99799.25,14.58,44296044.00,90,3,43,0,0,16
Skip I:0, DIFF:5, MI:48, LMI:43, S:90
Skip I:1, DIFF:6, MI:49, LMI:43, S:90
Skip I:2, DIFF:6, MI:49, LMI:43, S:90
Skip I:3, DIFF:5, MI:48, LMI:43, S:90
Skip I:4, DIFF:5, MI:48, LMI:43, S:90
Skip I:5, DIFF:5, MI:48, LMI:43, S:90
Skip I:6, DIFF:5, MI:48, LMI:43, S:90
Skip I:7, DIFF:5, MI:48, LMI:43, S:90
7400,0,36.45,99772.25,15.76,41795920.00,90,4,48,150,0,16
7401,0,36.71,99773.59,15.77,41795920.00,90,4,49,150,0,16
7401,0,36.89,99774.34,15.79,41795920.00,90,4,50,150,0,16
7402,1,36.79,99753.93,15.73,32645580.00,90,4,49,148,0,16
7402,1,36.98,99757.05,15.78,32645580.00,90,4,50,148,0,16
7402,1,37.10,99754.41,15.79,1790209.75,b0,4,51,148,32,16
7403,2,37.48,99764.51,15.39,22771370.00,90,4,49,150,0,16
7403,2,37.67,99768.44,15.42,22771370.00,90,4,50,150,0,16
7403,2,37.81,99766.51,15.45,1380053.87,b0,4,51,150,32,16
7404,3,37.48,99738.39,15.06,54431892.00,90,4,48,0,0,16
7405,3,37.75,99743.60,15.09,54431892.00,90,4,49,0,0,16
7405,3,37.95,99743.63,15.10,54431892.00,90,4,50,0,0,16
7416,4,37.73,99801.64,14.05,46413596.00,90,4,48,0,0,16
7416,4,37.98,99799.51,14.09,46413596.00,90,4,49,0,0,16
7416,4,38.18,99801.87,14.09,46413596.00,90,4,50,0,0,16
7417,5,37.46,99815.02,14.46,30869524.00,90,4,48,0,0,16
7417,5,37.74,99818.51,14.50,30869524.00,90,4,49,0,0,16
7418,5,37.94,99818.80,14.52,30869524.00,90,4,50,0,0,16
7419,6,37.42,99811.76,14.46,27716642.00,90,4,48,0,0,16
7419,6,37.68,99811.23,14.49,27716642.00,90,4,49,0,0,16
7419,6,37.87,99812.66,14.50,27716642.00,90,4,50,0,0,16
7420,7,37.25,99796.81,14.60,38280372.00,90,4,48,0,0,16
7420,7,37.50,99796.48,14.63,38280372.00,90,4,49,0,0,16
7420,7,37.69,99798.41,14.66,38280372.00,90,4,50,0,0,16
Unknown command. Available commands: START, STOP, SEC_num (e.g., SEC_5000), GETHEAT
