Attempting to load dynamic configuration from SD card...
---- SD Card Config File Contents ----
{
  "configHeader": {
    "dateCreated_ISO": "2024-07-26T16:25:55.290Z",
    "appVersion": "2.3.2",
    "boardType": "board_8",
    "boardMode": "burn_in",
    "boardLayout": "grouped"
  },
  "configBody": {
    "heaterProfiles": [
      {
        "id": "heater_354",
        "timeBase": 140,
        "temperatureTimeVectors": [
          [
            320,
            5
          ],
          [
            100,
            2
          ],
          [
            100,
            10
          ],
          [
            100,
            30
          ],
          [
            200,
            5
          ],
          [
            200,
            5
          ],
          [
            200,
            5
          ],
          [
            320,
            5
          ],
          [
            320,
            5
          ],
          [
            320,
            5
          ]
        ]
      }
    ],
    "dutyCycleProfiles": [
      {
        "id": "duty_5_10",
        "numberScanningCycles": 5,
        "numberSleepingCycles": 10
      }
    ],
    "sensorConfigurations": [
      {
        "sensorIndex": 0,
        "heaterProfile": "heater_354",
        "dutyCycleProfile": "duty_5_10"
      },
      {
        "sensorIndex": 1,
        "heaterProfile": "heater_354",
        "dutyCycleProfile": "duty_5_10"
      },
      {
        "sensorIndex": 2,
        "heaterProfile": "heater_354",
        "dutyCycleProfile": "duty_5_10"
      },
      {
        "sensorIndex": 3,
        "heaterProfile": "heater_354",
        "dutyCycleProfile": "duty_5_10"
      },
      {
        "sensorIndex": 4,
        "heaterProfile": "heater_354",
        "dutyCycleProfile": "duty_5_10"
      },
      {
        "sensorIndex": 5,
        "heaterProfile": "heater_354",
        "dutyCycleProfile": "duty_5_10"
      },
      {
        "sensorIndex": 6,
        "heaterProfile": "heater_354",
        "dutyCycleProfile": "duty_5_10"
      },
      {
        "sensorIndex": 7,
        "heaterProfile": "heater_354",
        "dutyCycleProfile": "duty_5_10"
      }
    ]
  }
}
---- End of Config File ----
Loaded heater config: heater_354
Loaded duty cycle profile: duty_5_10
Sensor config loaded: Sensor 0, Heater Profile: heater_354, Duty Cycle: duty_5_10
Sensor config loaded: Sensor 1, Heater Profile: heater_354, Duty Cycle: duty_5_10
Sensor config loaded: Sensor 2, Heater Profile: heater_354, Duty Cycle: duty_5_10
Sensor config loaded: Sensor 3, Heater Profile: heater_354, Duty Cycle: duty_5_10
Sensor config loaded: Sensor 4, Heater Profile: heater_354, Duty Cycle: duty_5_10
Sensor config loaded: Sensor 5, Heater Profile: heater_354, Duty Cycle: duty_5_10
Sensor config loaded: Sensor 6, Heater Profile: heater_354, Duty Cycle: duty_5_10
Sensor config loaded: Sensor 7, Heater Profile: heater_354, Duty Cycle: duty_5_10
Dynamic configuration loaded from SD card.
Sensor duty cycles initialized (all use 'duty_1').
Sensor 0: BME68X: OK.
Sensor 1: BME68X: OK.
Sensor 2: BME68X: OK.
Sensor 3: BME68X: OK.
Sensor 4: BME68X: OK.
Sensor 5: BME68X: OK.
Sensor 6: BME68X: OK.
Sensor 7: BME68X: OK.
Assigning sensor configurations dynamically...
Sensor 0 assigned heater profile heater_354
Sensor 0 assigned duty cycle profile duty_5_10
Sensor 1 assigned heater profile heater_354
Sensor 1 assigned duty cycle profile duty_5_10
Sensor 2 assigned heater profile heater_354
Sensor 2 assigned duty cycle profile duty_5_10
Sensor 3 assigned heater profile heater_354
Sensor 3 assigned duty cycle profile duty_5_10
Sensor 4 assigned heater profile heater_354
Sensor 4 assigned duty cycle profile duty_5_10
Sensor 5 assigned heater profile heater_354
Sensor 5 assigned duty cycle profile duty_5_10
Sensor 6 assigned heater profile heater_354
Sensor 6 assigned duty cycle profile duty_5_10
Sensor 7 assigned heater profile heater_354
Sensor 7 assigned duty cycle profile duty_5_10
All BME68X sensors initialized
135514,1,1,20.51,100034.49,25.91,6400000.00,128,15,20.73,100032.56,25.55,6400000.00,128,15,20.93,100033.74,25.79,6400000.00,128,15,21.49,100011.48,25.70,6400000.00,128,15,22.20,100097.59,24.53,6400000.00,128,15,21.67,100118.94,24.93,6400000.00,128,15,21.98,100123.46,25.30,6400000.00,128,15,21.78,100103.88,25.54,6400000.00,128,15
Retrieving heater profiles from sensors...
Sensor 1: Heater Profile:
  Step 1: Temp = 320°C, Duration = 5 ms
  Step 2: Temp = 100°C, Duration = 2 ms
  Step 3: Temp = 100°C, Duration = 10 ms
  Step 4: Temp = 100°C, Duration = 30 ms
  Step 5: Temp = 200°C, Duration = 5 ms
  Step 6: Temp = 200°C, Duration = 5 ms
  Step 7: Temp = 200°C, Duration = 5 ms
  Step 8: Temp = 320°C, Duration = 5 ms
  Step 9: Temp = 320°C, Duration = 5 ms
  Step 10: Temp = 320°C, Duration = 5 ms
Heater profile retrieved for sensor 0
Sensor 2: Heater Profile:
  Step 1: Temp = 320°C, Duration = 5 ms
  Step 2: Temp = 100°C, Duration = 2 ms
  Step 3: Temp = 100°C, Duration = 10 ms
  Step 4: Temp = 100°C, Duration = 30 ms
  Step 5: Temp = 200°C, Duration = 5 ms
  Step 6: Temp = 200°C, Duration = 5 ms
  Step 7: Temp = 200°C, Duration = 5 ms
  Step 8: Temp = 320°C, Duration = 5 ms
  Step 9: Temp = 320°C, Duration = 5 ms
  Step 10: Temp = 320°C, Duration = 5 ms
Heater profile retrieved for sensor 1
Sensor 3: Heater Profile:
  Step 1: Temp = 320°C, Duration = 5 ms
  Step 2: Temp = 100°C, Duration = 2 ms
  Step 3: Temp = 100°C, Duration = 10 ms
  Step 4: Temp = 100°C, Duration = 30 ms
  Step 5: Temp = 200°C, Duration = 5 ms
  Step 6: Temp = 200°C, Duration = 5 ms
  Step 7: Temp = 200°C, Duration = 5 ms
  Step 8: Temp = 320°C, Duration = 5 ms
  Step 9: Temp = 320°C, Duration = 5 ms
  Step 10: Temp = 320°C, Duration = 5 ms
Heater profile retrieved for sensor 2
Sensor 4: Heater Profile:
  Step 1: Temp = 320°C, Duration = 5 ms
  Step 2: Temp = 100°C, Duration = 2 ms
  Step 3: Temp = 100°C, Duration = 10 ms
  Step 4: Temp = 100°C, Duration = 30 ms
  Step 5: Temp = 200°C, Duration = 5 ms
  Step 6: Temp = 200°C, Duration = 5 ms
  Step 7: Temp = 200°C, Duration = 5 ms
  Step 8: Temp = 320°C, Duration = 5 ms
  Step 9: Temp = 320°C, Duration = 5 ms
  Step 10: Temp = 320°C, Duration = 5 ms
Heater profile retrieved for sensor 3
Sensor 5: Heater Profile:
  Step 1: Temp = 320°C, Duration = 5 ms
  Step 2: Temp = 100°C, Duration = 2 ms
  Step 3: Temp = 100°C, Duration = 10 ms
  Step 4: Temp = 100°C, Duration = 30 ms
  Step 5: Temp = 200°C, Duration = 5 ms
  Step 6: Temp = 200°C, Duration = 5 ms
  Step 7: Temp = 200°C, Duration = 5 ms
  Step 8: Temp = 320°C, Duration = 5 ms
  Step 9: Temp = 320°C, Duration = 5 ms
  Step 10: Temp = 320°C, Duration = 5 ms
Heater profile retrieved for sensor 4
Sensor 6: Heater Profile:
  Step 1: Temp = 320°C, Duration = 5 ms
  Step 2: Temp = 100°C, Duration = 2 ms
  Step 3: Temp = 100°C, Duration = 10 ms
  Step 4: Temp = 100°C, Duration = 30 ms
  Step 5: Temp = 200°C, Duration = 5 ms
  Step 6: Temp = 200°C, Duration = 5 ms
  Step 7: Temp = 200°C, Duration = 5 ms
  Step 8: Temp = 320°C, Duration = 5 ms
  Step 9: Temp = 320°C, Duration = 5 ms
  Step 10: Temp = 320°C, Duration = 5 ms
Heater profile retrieved for sensor 5
Sensor 7: Heater Profile:
  Step 1: Temp = 320°C, Duration = 5 ms
  Step 2: Temp = 100°C, Duration = 2 ms
  Step 3: Temp = 100°C, Duration = 10 ms
  Step 4: Temp = 100°C, Duration = 30 ms
  Step 5: Temp = 200°C, Duration = 5 ms
  Step 6: Temp = 200°C, Duration = 5 ms
  Step 7: Temp = 200°C, Duration = 5 ms
  Step 8: Temp = 320°C, Duration = 5 ms
  Step 9: Temp = 320°C, Duration = 5 ms
  Step 10: Temp = 320°C, Duration = 5 ms
Heater profile retrieved for sensor 6
Sensor 8: Heater Profile:
  Step 1: Temp = 320°C, Duration = 5 ms
  Step 2: Temp = 100°C, Duration = 2 ms
  Step 3: Temp = 100°C, Duration = 10 ms
  Step 4: Temp = 100°C, Duration = 30 ms
  Step 5: Temp = 200°C, Duration = 5 ms
  Step 6: Temp = 200°C, Duration = 5 ms
  Step 7: Temp = 200°C, Duration = 5 ms
  Step 8: Temp = 320°C, Duration = 5 ms
  Step 9: Temp = 320°C, Duration = 5 ms
  Step 10: Temp = 320°C, Duration = 5 ms
Heater profile retrieved for sensor 7
Heater profiles retrieval complete.
Retrieving duty cycle assignments for sensors...
Sensor 0: Duty Cycle Profile: duty_5_10 (Scanning: 5, Sleeping: 10)
Sensor 1: Duty Cycle Profile: duty_5_10 (Scanning: 5, Sleeping: 10)
Sensor 2: Duty Cycle Profile: duty_5_10 (Scanning: 5, Sleeping: 10)
Sensor 3: Duty Cycle Profile: duty_5_10 (Scanning: 5, Sleeping: 10)
Sensor 4: Duty Cycle Profile: duty_5_10 (Scanning: 5, Sleeping: 10)
Sensor 5: Duty Cycle Profile: duty_5_10 (Scanning: 5, Sleeping: 10)
Sensor 6: Duty Cycle Profile: duty_5_10 (Scanning: 5, Sleeping: 10)
Sensor 7: Duty Cycle Profile: duty_5_10 (Scanning: 5, Sleeping: 10)
Duty cycle assignments retrieval complete.
WARNING: Unknown command received - s
Available commands: START, STOP, SEC_num (e.g., SEC_5), GETHEAT, GETDUTY
