[INFO] Data collection STARTED.
12331,1,0,31.24,713.72,100.00,400000.00,50.00,32.08,704.96,100.00,400000.00,50.00,31.65,753.21,100.00,329048.84,50.00,30.10,764.31,100.00,400000.00,50.00,30.01,842.93,100.00,400000.00,50.00,30.66,806.43,100.00,400000.00,50.00,31.23,746.95,100.00,400000.00,50.00,30.89,799.12,100.00,435004.25,50.00
13659,1,0,31.24,713.72,100.00,400000.00,50.00,32.08,704.96,100.00,400000.00,50.00,31.65,753.21,100.00,329048.84,50.00,30.10,764.31,100.00,400000.00,50.00,30.01,842.93,100.00,400000.00,50.00,30.66,806.43,100.00,400000.00,50.00,31.23,746.95,100.00,400000.00,50.00,30.89,799.12,100.00,435004.25,50.00
14724,1,0,31.24,713.72,100.00,400000.00,50.00,32.08,704.96,100.00,400000.00,50.00,31.65,753.21,100.00,329048.84,50.00,30.10,764.31,100.00,400000.00,50.00,30.01,842.93,100.00,400000.00,50.00,30.66,806.43,100.00,400000.00,50.00,31.23,746.95,100.00,400000.00,50.00,30.89,799.12,100.00,435004.25,50.00
15840,1,0,31.24,713.72,100.00,400000.00,50.00,32.08,704.96,100.00,400000.00,50.00,31.65,753.21,100.00,329048.84,50.00,30.10,764.31,100.00,400000.00,50.00,30.01,842.93,100.00,400000.00,50.00,30.66,806.43,100.00,400000.00,50.00,31.23,746.95,100.00,400000.00,50.00,30.89,799.12,100.00,435004.25,50.00
[INFO] STOP command received.

[INFO] Data collection stopped. Closing JSON/data stream...
[INFO] Sensor Status Report:
Sensor 0:
  BSEC Status: OK
  BME68x Status: OK
Sensor 1:
  BSEC Status: OK
  BME68x Status: OK
Sensor 2:
  BSEC Status: OK
  BME68x Status: OK
Sensor 3:
  BSEC Status: OK
  BME68x Status: OK
Sensor 4:
  BSEC Status: OK
  BME68x Status: OK
Sensor 5:
  BSEC Status: OK
  BME68x Status: OK
Sensor 6:
  BSEC Status: OK
  BME68x Status: OK
Sensor 7:
  BSEC Status: OK
  BME68x Status: OK
[INFO] Sensor Status Report Complete.
[INFO] Data collection STARTED.
26102,1,0,31.24,713.72,100.00,400000.00,50.00,32.08,704.96,100.00,400000.00,50.00,31.65,753.21,100.00,329048.84,50.00,30.10,764.31,100.00,400000.00,50.00,30.01,842.93,100.00,400000.00,50.00,30.66,806.43,100.00,400000.00,50.00,31.23,746.95,100.00,400000.00,50.00,30.89,799.12,100.00,435004.25,50.00
[WARN] Unknown command: sport
Available commands: START, STOP, SEC_[ms], GETHEAT, GETDUTY, REPORT
27770,1,0,31.24,713.72,100.00,400000.00,50.00,32.08,704.96,100.00,400000.00,50.00,31.65,753.21,100.00,329048.84,50.00,30.10,764.31,100.00,400000.00,50.00,30.01,842.93,100.00,400000.00,50.00,30.66,806.43,100.00,400000.00,50.00,31.23,746.95,100.00,400000.00,50.00,30.89,799.12,100.00,435004.25,50.00
29277,1,0,31.24,713.72,100.00,400000.00,50.00,32.08,704.96,100.00,400000.00,50.00,31.65,753.21,100.00,329048.84,50.00,30.10,764.31,100.00,400000.00,50.00,30.01,842.93,100.00,400000.00,50.00,30.66,806.43,100.00,400000.00,50.00,31.23,746.95,100.00,400000.00,50.00,30.89,799.12,100.00,435004.25,50.00
30288,1,0,31.24,713.72,100.00,400000.00,50.00,32.08,704.96,100.00,400000.00,50.00,31.65,753.21,100.00,329048.84,50.00,30.10,764.31,100.00,400000.00,50.00,30.01,842.93,100.00,400000.00,50.00,30.66,806.43,100.00,400000.00,50.00,31.23,746.95,100.00,400000.00,50.00,30.89,799.12,100.00,435004.25,50.00
[WARN] Unknown command: re[p
Available commands: START, STOP, SEC_[ms], GETHEAT, GETDUTY, REPORT
[INFO] Sensor Status Report:
Sensor 0:
  BSEC Status: OK
  BME68x Status: OK
Sensor 1:
  BSEC Status: OK
  BME68x Status: OK
Sensor 2:
  BSEC Status: OK
  BME68x Status: OK
Sensor 3:
  BSEC Status: OK
  BME68x Status: OK
Sensor 4:
  BSEC Status: OK
  BME68x Status: OK
Sensor 5:
  BSEC Status: OK
  BME68x Status: OK
Sensor 6:
  BSEC Status: OK
  BME68x Status: OK
Sensor 7:
  BSEC Status: OK
  BME68x Status: OK
[INFO] Sensor Status Report Complete.
32723,1,0,31.24,713.72,100.00,400000.00,50.00,32.08,704.96,100.00,400000.00,50.00,31.65,753.21,100.00,329048.84,50.00,30.10,764.31,100.00,400000.00,50.00,30.01,842.93,100.00,400000.00,50.00,30.66,806.43,100.00,400000.00,50.00,31.23,746.95,100.00,400000.00,50.00,30.89,799.12,100.00,435004.25,50.00
33839,1,0,31.24,713.72,100.00,400000.00,50.00,32.08,704.96,100.00,400000.00,50.00,31.65,753.21,100.00,329048.84,50.00,30.10,764.31,100.00,400000.00,50.00,30.01,842.93,100.00,400000.00,50.00,30.66,806.43,100.00,400000.00,50.00,31.23,746.95,100.00,400000.00,50.00,30.89,799.12,100.00,435004.25,50.00
35446,1,0,31.24,713.72,100.00,400000.00,50.00,32.08,704.96,100.00,400000.00,50.00,31.65,753.21,100.00,329048.84,50.00,30.10,764.31,100.00,400000.00,50.00,30.01,842.93,100.00,400000.00,50.00,30.66,806.43,100.00,400000.00,50.00,31.23,746.95,100.00,400000.00,50.00,30.89,799.12,100.00,435004.25,50.00
[WARN] Unknown command: reoprt
Available commands: START, STOP, SEC_[ms], GETHEAT, GETDUTY, REPORT
38360,1,0,31.24,713.72,100.00,400000.00,50.00,32.08,704.96,100.00,400000.00,50.00,31.65,753.21,100.00,329048.84,50.00,30.10,764.31,100.00,400000.00,50.00,30.01,842.93,100.00,400000.00,50.00,30.66,806.43,100.00,400000.00,50.00,31.23,746.95,100.00,400000.00,50.00,30.89,799.12,100.00,435004.25,50.00
[INFO] Sensor Status Report:
Sensor 0:
  BSEC Status: OK
  BME68x Status: OK
Sensor 1:
  BSEC Status: OK
  BME68x Status: OK
Sensor 2:
  BSEC Status: OK
  BME68x Status: OK
Sensor 3:
  BSEC Status: OK
  BME68x Status: OK
Sensor 4:
  BSEC Status: OK
  BME68x Status: OK
Sensor 5:
  BSEC Status: OK
  BME68x Status: OK
Sensor 6:
  BSEC Status: BSEC: Warning (100).
  BME68x Status: OK
Sensor 7:
  BSEC Status: OK
  BME68x Status: OK
[INFO] Sensor Status Report Complete.
[INFO] Sensor Status Report:
Sensor 0:
  BSEC Status: OK
  BME68x Status: OK
Sensor 1:
  BSEC Status: OK
  BME68x Status: OK
Sensor 2:
  BSEC Status: OK
  BME68x Status: OK
Sensor 3:
  BSEC Status: OK
  BME68x Status: OK
Sensor 4:
  BSEC Status: OK
  BME68x Status: OK
Sensor 5:
  BSEC Status: OK
  BME68x Status: OK
Sensor 6:
  BSEC Status: BSEC: Warning (100).
  BME68x Status: OK
Sensor 7:
  BSEC Status: BSEC: Warning (100).
  BME68x Status: OK
[INFO] Sensor Status Report Complete.
41575,1,0,31.24,713.72,100.00,400000.00,50.00,32.08,704.96,100.00,400000.00,50.00,31.65,753.21,100.00,329048.84,50.00,30.10,764.31,100.00,400000.00,50.00,30.01,842.93,100.00,400000.00,50.00,30.66,806.43,100.00,400000.00,50.00,31.23,746.95,100.00,400000.00,50.00,30.89,799.12,100.00,435004.25,50.00
42607,1,0,31.24,713.72,100.00,400000.00,50.00,32.08,704.96,100.00,400000.00,50.00,31.65,753.21,100.00,329048.84,50.00,30.10,764.31,100.00,400000.00,50.00,30.01,842.93,100.00,400000.00,50.00,30.66,806.43,100.00,400000.00,50.00,31.23,746.95,100.00,400000.00,50.00,30.89,799.12,100.00,435004.25,50.00
44693,1,0,31.24,713.72,100.00,400000.00,50.00,32.08,704.96,100.00,400000.00,50.00,31.65,753.21,100.00,329048.84,50.00,30.10,764.31,100.00,400000.00,50.00,30.01,842.93,100.00,400000.00,50.00,30.66,806.43,100.00,400000.00,50.00,31.23,746.95,100.00,400000.00,50.00,30.89,799.12,100.00,435004.25,50.00
45747,1,0,31.24,713.72,100.00,400000.00,50.00,32.08,704.96,100.00,400000.00,50.00,31.65,753.21,100.00,329048.84,50.00,30.10,764.31,100.00,400000.00,50.00,30.01,842.93,100.00,400000.00,50.00,30.66,806.43,100.00,400000.00,50.00,31.23,746.95,100.00,400000.00,50.00,30.89,799.12,100.00,435004.25,50.00
46863,1,0,31.24,713.72,100.00,400000.00,50.00,32.08,704.96,100.00,400000.00,50.00,31.65,753.21,100.00,329048.84,50.00,30.10,764.31,100.00,400000.00,50.00,30.01,842.93,100.00,400000.00,50.00,30.66,806.43,100.00,400000.00,50.00,31.23,746.95,100.00,400000.00,50.00,30.89,799.12,100.00,435004.25,50.00
48054,1,0,31.24,713.72,100.00,400000.00,50.00,32.08,704.96,100.00,400000.00,50.00,31.65,753.21,100.00,329048.84,50.00,30.10,764.31,100.00,400000.00,50.00,30.01,842.93,100.00,400000.00,50.00,30.66,806.43,100.00,400000.00,50.00,31.23,746.95,100.00,400000.00,50.00,30.89,799.12,100.00,435004.25,50.00
49202,1,0,31.24,713.72,100.00,400000.00,50.00,32.08,704.96,100.00,400000.00,50.00,31.65,753.21,100.00,329048.84,50.00,30.10,764.31,100.00,400000.00,50.00,30.01,842.93,100.00,400000.00,50.00,30.66,806.43,100.00,400000.00,50.00,31.23,746.95,100.00,400000.00,50.00,30.89,799.12,100.00,435004.25,50.00
50318,1,0,31.24,713.72,100.00,400000.00,50.00,32.08,704.96,100.00,400000.00,50.00,31.65,753.21,100.00,329048.84,50.00,30.10,764.31,100.00,400000.00,50.00,30.01,842.93,100.00,400000.00,50.00,30.66,806.43,100.00,400000.00,50.00,31.23,746.95,100.00,400000.00,50.00,30.89,799.12,100.00,435004.25,50.00
51351,1,0,31.24,713.72,100.00,400000.00,50.00,32.08,704.96,100.00,400000.00,50.00,31.65,753.21,100.00,329048.84,50.00,30.10,764.31,100.00,400000.00,50.00,30.01,842.93,100.00,400000.00,50.00,30.66,806.43,100.00,400000.00,50.00,31.23,746.95,100.00,400000.00,50.00,30.89,799.12,100.00,435004.25,50.00
52520,1,0,31.24,713.72,100.00,400000.00,50.00,32.08,704.96,100.00,400000.00,50.00,31.65,753.21,100.00,329048.84,50.00,30.10,764.31,100.00,400000.00,50.00,30.01,842.93,100.00,400000.00,50.00,30.66,806.43,100.00,400000.00,50.00,31.23,746.95,100.00,400000.00,50.00,30.89,799.12,100.00,435004.25,50.00
54048,1,0,31.24,713.72,100.00,400000.00,50.00,32.08,704.96,100.00,400000.00,50.00,31.65,753.21,100.00,329048.84,50.00,30.10,764.31,100.00,400000.00,50.00,30.01,842.93,100.00,400000.00,50.00,30.66,806.43,100.00,400000.00,50.00,31.23,746.95,100.00,400000.00,50.00,30.89,799.12,100.00,435004.25,50.00
55102,1,0,31.24,713.72,100.00,400000.00,50.00,32.08,704.96,100.00,400000.00,50.00,31.65,753.21,100.00,329048.84,50.00,30.10,764.31,100.00,400000.00,50.00,30.01,842.93,100.00,400000.00,50.00,30.66,806.43,100.00,400000.00,50.00,31.23,746.95,100.00,400000.00,50.00,30.89,799.12,100.00,435004.25,50.00
56218,1,0,31.24,713.72,100.00,400000.00,50.00,32.08,704.96,100.00,400000.00,50.00,31.65,753.21,100.00,329048.84,50.00,30.10,764.31,100.00,400000.00,50.00,30.01,842.93,100.00,400000.00,50.00,30.66,806.43,100.00,400000.00,50.00,31.23,746.95,100.00,400000.00,50.00,30.89,799.12,100.00,435004.25,50.00
57424,1,0,31.24,713.72,100.00,400000.00,50.00,32.08,704.96,100.00,400000.00,50.00,31.65,753.21,100.00,329048.84,50.00,30.10,764.31,100.00,400000.00,50.00,30.01,842.93,100.00,400000.00,50.00,30.66,806.43,100.00,400000.00,50.00,31.23,746.95,100.00,400000.00,50.00,30.89,799.12,100.00,435004.25,50.00
58583,1,0,31.24,713.72,100.00,400000.00,50.00,32.08,704.96,100.00,400000.00,50.00,31.65,753.21,100.00,329048.84,50.00,30.10,764.31,100.00,400000.00,50.00,30.01,842.93,100.00,400000.00,50.00,30.66,806.43,100.00,400000.00,50.00,31.23,746.95,100.00,400000.00,50.00,30.89,799.12,100.00,435004.25,50.00
59699,1,0,31.24,713.72,100.00,400000.00,50.00,32.08,704.96,100.00,400000.00,50.00,31.65,753.21,100.00,329048.84,50.00,30.10,764.31,100.00,400000.00,50.00,30.01,842.93,100.00,400000.00,50.00,30.66,806.43,100.00,400000.00,50.00,31.23,746.95,100.00,400000.00,50.00,30.89,799.12,100.00,435004.25,50.00
60753,1,0,31.24,713.72,100.00,400000.00,50.00,32.08,704.96,100.00,400000.00,50.00,31.65,753.21,100.00,329048.84,50.00,30.10,764.31,100.00,400000.00,50.00,30.01,842.93,100.00,400000.00,50.00,30.66,806.43,100.00,400000.00,50.00,31.23,746.95,100.00,400000.00,50.00,30.89,799.12,100.00,435004.25,50.00
62839,1,0,31.24,713.72,100.00,400000.00,50.00,32.08,704.96,100.00,400000.00,50.00,31.65,753.21,100.00,329048.84,50.00,30.10,764.31,100.00,400000.00,50.00,30.01,842.93,100.00,400000.00,50.00,30.66,806.43,100.00,400000.00,50.00,31.23,746.95,100.00,400000.00,50.00,30.89,799.12,100.00,435004.25,50.00
63882,1,0,31.24,713.72,100.00,400000.00,50.00,32.08,704.96,100.00,400000.00,50.00,31.65,753.21,100.00,329048.84,50.00,30.10,764.31,100.00,400000.00,50.00,30.01,842.93,100.00,400000.00,50.00,30.66,806.43,100.00,400000.00,50.00,31.23,746.95,100.00,400000.00,50.00,30.89,799.12,100.00,435004.25,50.00
65030,1,0,31.24,713.72,100.00,400000.00,50.00,32.08,704.96,100.00,400000.00,50.00,31.65,753.21,100.00,329048.84,50.00,30.10,764.31,100.00,400000.00,50.00,30.01,842.93,100.00,400000.00,50.00,30.66,806.43,100.00,400000.00,50.00,31.23,746.95,100.00,400000.00,50.00,30.89,799.12,100.00,435004.25,50.00
66558,1,0,31.24,713.72,100.00,400000.00,50.00,32.08,704.96,100.00,400000.00,50.00,31.65,753.21,100.00,329048.84,50.00,30.10,764.31,100.00,400000.00,50.00,30.01,842.93,100.00,400000.00,50.00,30.66,806.43,100.00,400000.00,50.00,31.23,746.95,100.00,400000.00,50.00,30.89,799.12,100.00,435004.25,50.00
67591,1,0,31.24,713.72,100.00,400000.00,50.00,32.08,704.96,100.00,400000.00,50.00,31.65,753.21,100.00,329048.84,50.00,30.10,764.31,100.00,400000.00,50.00,30.01,842.93,100.00,400000.00,50.00,30.66,806.43,100.00,400000.00,50.00,31.23,746.95,100.00,400000.00,50.00,30.89,799.12,100.00,435004.25,50.00
68707,1,0,31.24,713.72,100.00,400000.00,50.00,32.08,704.96,100.00,400000.00,50.00,31.65,753.21,100.00,329048.84,50.00,30.10,764.31,100.00,400000.00,50.00,30.01,842.93,100.00,400000.00,50.00,30.66,806.43,100.00,400000.00,50.00,31.23,746.95,100.00,400000.00,50.00,30.89,799.12,100.00,435004.25,50.00
69971,1,0,31.24,713.72,100.00,400000.00,50.00,32.08,704.96,100.00,400000.00,50.00,31.65,753.21,100.00,329048.84,50.00,30.10,764.31,100.00,400000.00,50.00,30.01,842.93,100.00,400000.00,50.00,30.66,806.43,100.00,400000.00,50.00,31.23,746.95,100.00,400000.00,50.00,30.89,799.12,100.00,435004.25,50.00
71130,1,0,31.24,713.72,100.00,400000.00,50.00,32.08,704.96,100.00,400000.00,50.00,31.65,753.21,100.00,329048.84,50.00,30.10,764.31,100.00,400000.00,50.00,30.01,842.93,100.00,400000.00,50.00,30.66,806.43,100.00,400000.00,50.00,31.23,746.95,100.00,400000.00,50.00,30.89,799.12,100.00,435004.25,50.00
72246,1,0,31.24,713.72,100.00,400000.00,50.00,32.08,704.96,100.00,400000.00,50.00,31.65,753.21,100.00,329048.84,50.00,30.10,764.31,100.00,400000.00,50.00,30.01,842.93,100.00,400000.00,50.00,30.66,806.43,100.00,400000.00,50.00,31.23,746.95,100.00,400000.00,50.00,30.89,799.12,100.00,435004.25,50.00
73274,1,0,31.24,713.72,100.00,400000.00,50.00,32.08,704.96,100.00,400000.00,50.00,31.65,753.21,100.00,329048.84,50.00,30.10,764.31,100.00,400000.00,50.00,30.01,842.93,100.00,400000.00,50.00,30.66,806.43,100.00,400000.00,50.00,31.23,746.95,100.00,400000.00,50.00,30.89,799.12,100.00,435004.25,50.00
74443,1,0,31.24,713.72,100.00,400000.00,50.00,32.08,704.96,100.00,400000.00,50.00,31.65,753.21,100.00,329048.84,50.00,30.10,764.31,100.00,400000.00,50.00,30.01,842.93,100.00,400000.00,50.00,30.66,806.43,100.00,400000.00,50.00,31.23,746.95,100.00,400000.00,50.00,30.89,799.12,100.00,435004.25,50.00
75971,1,0,31.24,713.72,100.00,400000.00,50.00,32.08,704.96,100.00,400000.00,50.00,31.65,753.21,100.00,329048.84,50.00,30.10,764.31,100.00,400000.00,50.00,30.01,842.93,100.00,400000.00,50.00,30.66,806.43,100.00,400000.00,50.00,31.23,746.95,100.00,400000.00,50.00,30.89,799.12,100.00,435004.25,50.00
77025,1,0,31.24,713.72,100.00,400000.00,50.00,32.08,704.96,100.00,400000.00,50.00,31.65,753.21,100.00,329048.84,50.00,30.10,764.31,100.00,400000.00,50.00,30.01,842.93,100.00,400000.00,50.00,30.66,806.43,100.00,400000.00,50.00,31.23,746.95,100.00,400000.00,50.00,30.89,799.12,100.00,435004.25,50.00
78141,1,0,31.24,713.72,100.00,400000.00,50.00,32.08,704.96,100.00,400000.00,50.00,31.65,753.21,100.00,329048.84,50.00,30.10,764.31,100.00,400000.00,50.00,30.01,842.93,100.00,400000.00,50.00,30.66,806.43,100.00,400000.00,50.00,31.23,746.95,100.00,400000.00,50.00,30.89,799.12,100.00,435004.25,50.00
79332,1,0,31.24,713.72,100.00,400000.00,50.00,32.08,704.96,100.00,400000.00,50.00,31.65,753.21,100.00,329048.84,50.00,30.10,764.31,100.00,400000.00,50.00,30.01,842.93,100.00,400000.00,50.00,30.66,806.43,100.00,400000.00,50.00,31.23,746.95,100.00,400000.00,50.00,30.89,799.12,100.00,435004.25,50.00
80480,1,0,31.24,713.72,100.00,400000.00,50.00,32.08,704.96,100.00,400000.00,50.00,31.65,753.21,100.00,329048.84,50.00,30.10,764.31,100.00,400000.00,50.00,30.01,842.93,100.00,400000.00,50.00,30.66,806.43,100.00,400000.00,50.00,31.23,746.95,100.00,400000.00,50.00,30.89,799.12,100.00,435004.25,50.00
81596,1,0,31.24,713.72,100.00,400000.00,50.00,32.08,704.96,100.00,400000.00,50.00,31.65,753.21,100.00,329048.84,50.00,30.10,764.31,100.00,400000.00,50.00,30.01,842.93,100.00,400000.00,50.00,30.66,806.43,100.00,400000.00,50.00,31.23,746.95,100.00,400000.00,50.00,30.89,799.12,100.00,435004.25,50.00
82671,1,0,31.24,713.72,100.00,400000.00,50.00,32.08,704.96,100.00,400000.00,50.00,31.65,753.21,100.00,329048.84,50.00,30.10,764.31,100.00,400000.00,50.00,30.01,842.93,100.00,400000.00,50.00,30.66,806.43,100.00,400000.00,50.00,31.23,746.95,100.00,400000.00,50.00,30.89,799.12,100.00,435004.25,50.00
83840,1,0,31.24,713.72,100.00,400000.00,50.00,32.08,704.96,100.00,400000.00,50.00,31.65,753.21,100.00,329048.84,50.00,30.10,764.31,100.00,400000.00,50.00,30.01,842.93,100.00,400000.00,50.00,30.66,806.43,100.00,400000.00,50.00,31.23,746.95,100.00,400000.00,50.00,30.89,799.12,100.00,435004.25,50.00
85321,1,0,31.24,713.72,100.00,400000.00,50.00,32.08,704.96,100.00,400000.00,50.00,31.65,753.21,100.00,329048.84,50.00,30.10,764.31,100.00,400000.00,50.00,30.01,842.93,100.00,400000.00,50.00,30.66,806.43,100.00,400000.00,50.00,31.23,746.95,100.00,400000.00,50.00,30.89,799.12,100.00,435004.25,50.00
86374,1,0,31.24,713.72,100.00,400000.00,50.00,32.08,704.96,100.00,400000.00,50.00,31.65,753.21,100.00,329048.84,50.00,30.10,764.31,100.00,400000.00,50.00,30.01,842.93,100.00,400000.00,50.00,30.66,806.43,100.00,400000.00,50.00,31.23,746.95,100.00,400000.00,50.00,30.89,799.12,100.00,435004.25,50.00
87490,1,0,31.24,713.72,100.00,400000.00,50.00,32.08,704.96,100.00,400000.00,50.00,31.65,753.21,100.00,329048.84,50.00,30.10,764.31,100.00,400000.00,50.00,30.01,842.93,100.00,400000.00,50.00,30.66,806.43,100.00,400000.00,50.00,31.23,746.95,100.00,400000.00,50.00,30.89,799.12,100.00,435004.25,50.00
88697,1,0,31.24,713.72,100.00,400000.00,50.00,32.08,704.96,100.00,400000.00,50.00,31.65,753.21,100.00,329048.84,50.00,30.10,764.31,100.00,400000.00,50.00,30.01,842.93,100.00,400000.00,50.00,30.66,806.43,100.00,400000.00,50.00,31.23,746.95,100.00,400000.00,50.00,30.89,799.12,100.00,435004.25,50.00
89856,1,0,31.24,713.72,100.00,400000.00,50.00,32.08,704.96,100.00,400000.00,50.00,31.65,753.21,100.00,329048.84,50.00,30.10,764.31,100.00,400000.00,50.00,30.01,842.93,100.00,400000.00,50.00,30.66,806.43,100.00,400000.00,50.00,31.23,746.95,100.00,400000.00,50.00,30.89,799.12,100.00,435004.25,50.00
90972,1,0,31.24,713.72,100.00,400000.00,50.00,32.08,704.96,100.00,400000.00,50.00,31.65,753.21,100.00,329048.84,50.00,30.10,764.31,100.00,400000.00,50.00,30.01,842.93,100.00,400000.00,50.00,30.66,806.43,100.00,400000.00,50.00,31.23,746.95,100.00,400000.00,50.00,30.89,799.12,100.00,435004.25,50.00
93005,1,0,31.24,713.72,100.00,400000.00,50.00,32.08,704.96,100.00,400000.00,50.00,31.65,753.21,100.00,329048.84,50.00,30.10,764.31,100.00,400000.00,50.00,30.01,842.93,100.00,400000.00,50.00,30.66,806.43,100.00,400000.00,50.00,31.23,746.95,100.00,400000.00,50.00,30.89,799.12,100.00,435004.25,50.00
95108,1,0,31.24,713.72,100.00,400000.00,50.00,32.08,704.96,100.00,400000.00,50.00,31.65,753.21,100.00,329048.84,50.00,30.10,764.31,100.00,400000.00,50.00,30.01,842.93,100.00,400000.00,50.00,30.66,806.43,100.00,400000.00,50.00,31.23,746.95,100.00,400000.00,50.00,30.89,799.12,100.00,435004.25,50.00
96256,1,0,31.24,713.72,100.00,400000.00,50.00,32.08,704.96,100.00,400000.00,50.00,31.65,753.21,100.00,329048.84,50.00,30.10,764.31,100.00,400000.00,50.00,30.01,842.93,100.00,400000.00,50.00,30.66,806.43,100.00,400000.00,50.00,31.23,746.95,100.00,400000.00,50.00,30.89,799.12,100.00,435004.25,50.00
97783,1,0,31.24,713.72,100.00,400000.00,50.00,32.08,704.96,100.00,400000.00,50.00,31.65,753.21,100.00,329048.84,50.00,30.10,764.31,100.00,400000.00,50.00,30.01,842.93,100.00,400000.00,50.00,30.66,806.43,100.00,400000.00,50.00,31.23,746.95,100.00,400000.00,50.00,30.89,799.12,100.00,435004.25,50.00
98816,1,0,31.24,713.72,100.00,400000.00,50.00,32.08,704.96,100.00,400000.00,50.00,31.65,753.21,100.00,329048.84,50.00,30.10,764.31,100.00,400000.00,50.00,30.01,842.93,100.00,400000.00,50.00,30.66,806.43,100.00,400000.00,50.00,31.23,746.95,100.00,400000.00,50.00,30.89,799.12,100.00,435004.25,50.00
99932,1,0,31.24,713.72,100.00,400000.00,50.00,32.08,704.96,100.00,400000.00,50.00,31.65,753.21,100.00,329048.84,50.00,30.10,764.31,100.00,400000.00,50.00,30.01,842.93,100.00,400000.00,50.00,30.66,806.43,100.00,400000.00,50.00,31.23,746.95,100.00,400000.00,50.00,30.89,799.12,100.00,435004.25,50.00
101197,1,0,31.24,713.72,100.00,400000.00,50.00,32.08,704.96,100.00,400000.00,50.00,31.65,753.21,100.00,329048.84,50.00,30.10,764.31,100.00,400000.00,50.00,30.01,842.93,100.00,400000.00,50.00,30.66,806.43,100.00,400000.00,50.00,31.23,746.95,100.00,400000.00,50.00,30.89,799.12,100.00,435004.25,50.00
102356,1,0,31.24,713.72,100.00,400000.00,50.00,32.08,704.96,100.00,400000.00,50.00,31.65,753.21,100.00,329048.84,50.00,30.10,764.31,100.00,400000.00,50.00,30.01,842.93,100.00,400000.00,50.00,30.66,806.43,100.00,400000.00,50.00,31.23,746.95,100.00,400000.00,50.00,30.89,799.12,100.00,435004.25,50.00
103472,1,0,31.24,713.72,100.00,400000.00,50.00,32.08,704.96,100.00,400000.00,50.00,31.65,753.21,100.00,329048.84,50.00,30.10,764.31,100.00,400000.00,50.00,30.01,842.93,100.00,400000.00,50.00,30.66,806.43,100.00,400000.00,50.00,31.23,746.95,100.00,400000.00,50.00,30.89,799.12,100.00,435004.25,50.00
104499,1,0,31.24,713.72,100.00,400000.00,50.00,32.08,704.96,100.00,400000.00,50.00,31.65,753.21,100.00,329048.84,50.00,30.10,764.31,100.00,400000.00,50.00,30.01,842.93,100.00,400000.00,50.00,30.66,806.43,100.00,400000.00,50.00,31.23,746.95,100.00,400000.00,50.00,30.89,799.12,100.00,435004.25,50.00
105669,1,0,31.24,713.72,100.00,400000.00,50.00,32.08,704.96,100.00,400000.00,50.00,31.65,753.21,100.00,329048.84,50.00,30.10,764.31,100.00,400000.00,50.00,30.01,842.93,100.00,400000.00,50.00,30.66,806.43,100.00,400000.00,50.00,31.23,746.95,100.00,400000.00,50.00,30.89,799.12,100.00,435004.25,50.00
107196,1,0,31.24,713.72,100.00,400000.00,50.00,32.08,704.96,100.00,400000.00,50.00,31.65,753.21,100.00,329048.84,50.00,30.10,764.31,100.00,400000.00,50.00,30.01,842.93,100.00,400000.00,50.00,30.66,806.43,100.00,400000.00,50.00,31.23,746.95,100.00,400000.00,50.00,30.89,799.12,100.00,435004.25,50.00
108250,1,0,31.24,713.72,100.00,400000.00,50.00,32.08,704.96,100.00,400000.00,50.00,31.65,753.21,100.00,329048.84,50.00,30.10,764.31,100.00,400000.00,50.00,30.01,842.93,100.00,400000.00,50.00,30.66,806.43,100.00,400000.00,50.00,31.23,746.95,100.00,400000.00,50.00,30.89,799.12,100.00,435004.25,50.00
109366,1,0,31.24,713.72,100.00,400000.00,50.00,32.08,704.96,100.00,400000.00,50.00,31.65,753.21,100.00,329048.84,50.00,30.10,764.31,100.00,400000.00,50.00,30.01,842.93,100.00,400000.00,50.00,30.66,806.43,100.00,400000.00,50.00,31.23,746.95,100.00,400000.00,50.00,30.89,799.12,100.00,435004.25,50.00
110557,1,0,31.24,713.72,100.00,400000.00,50.00,32.08,704.96,100.00,400000.00,50.00,31.65,753.21,100.00,329048.84,50.00,30.10,764.31,100.00,400000.00,50.00,30.01,842.93,100.00,400000.00,50.00,30.66,806.43,100.00,400000.00,50.00,31.23,746.95,100.00,400000.00,50.00,30.89,799.12,100.00,435004.25,50.00
111705,1,0,31.24,713.72,100.00,400000.00,50.00,32.08,704.96,100.00,400000.00,50.00,31.65,753.21,100.00,329048.84,50.00,30.10,764.31,100.00,400000.00,50.00,30.01,842.93,100.00,400000.00,50.00,30.66,806.43,100.00,400000.00,50.00,31.23,746.95,100.00,400000.00,50.00,30.89,799.12,100.00,435004.25,50.00
112821,1,0,31.24,713.72,100.00,400000.00,50.00,32.08,704.96,100.00,400000.00,50.00,31.65,753.21,100.00,329048.84,50.00,30.10,764.31,100.00,400000.00,50.00,30.01,842.93,100.00,400000.00,50.00,30.66,806.43,100.00,400000.00,50.00,31.23,746.95,100.00,400000.00,50.00,30.89,799.12,100.00,435004.25,50.00
113896,1,0,31.24,713.72,100.00,400000.00,50.00,32.08,704.96,100.00,400000.00,50.00,31.65,753.21,100.00,329048.84,50.00,30.10,764.31,100.00,400000.00,50.00,30.01,842.93,100.00,400000.00,50.00,30.66,806.43,100.00,400000.00,50.00,31.23,746.95,100.00,400000.00,50.00,30.89,799.12,100.00,435004.25,50.00
115066,1,0,31.24,713.72,100.00,400000.00,50.00,32.08,704.96,100.00,400000.00,50.00,31.65,753.21,100.00,329048.84,50.00,30.10,764.31,100.00,400000.00,50.00,30.01,842.93,100.00,400000.00,50.00,30.66,806.43,100.00,400000.00,50.00,31.23,746.95,100.00,400000.00,50.00,30.89,799.12,100.00,435004.25,50.00
116514,1,0,31.24,713.72,100.00,400000.00,50.00,32.08,704.96,100.00,400000.00,50.00,31.65,753.21,100.00,329048.84,50.00,30.10,764.31,100.00,400000.00,50.00,30.01,842.93,100.00,400000.00,50.00,30.66,806.43,100.00,400000.00,50.00,31.23,746.95,100.00,400000.00,50.00,30.89,799.12,100.00,435004.25,50.00
117568,1,0,31.24,713.72,100.00,400000.00,50.00,32.08,704.96,100.00,400000.00,50.00,31.65,753.21,100.00,329048.84,50.00,30.10,764.31,100.00,400000.00,50.00,30.01,842.93,100.00,400000.00,50.00,30.66,806.43,100.00,400000.00,50.00,31.23,746.95,100.00,400000.00,50.00,30.89,799.12,100.00,435004.25,50.00
118684,1,0,31.24,713.72,100.00,400000.00,50.00,32.08,704.96,100.00,400000.00,50.00,31.65,753.21,100.00,329048.84,50.00,30.10,764.31,100.00,400000.00,50.00,30.01,842.93,100.00,400000.00,50.00,30.66,806.43,100.00,400000.00,50.00,31.23,746.95,100.00,400000.00,50.00,30.89,799.12,100.00,435004.25,50.00
119891,1,0,31.24,713.72,100.00,400000.00,50.00,32.08,704.96,100.00,400000.00,50.00,31.65,753.21,100.00,329048.84,50.00,30.10,764.31,100.00,400000.00,50.00,30.01,842.93,100.00,400000.00,50.00,30.66,806.43,100.00,400000.00,50.00,31.23,746.95,100.00,400000.00,50.00,30.89,799.12,100.00,435004.25,50.00
121050,1,0,31.24,713.72,100.00,400000.00,50.00,32.08,704.96,100.00,400000.00,50.00,31.65,753.21,100.00,329048.84,50.00,30.10,764.31,100.00,400000.00,50.00,30.01,842.93,100.00,400000.00,50.00,30.66,806.43,100.00,400000.00,50.00,31.23,746.95,100.00,400000.00,50.00,30.89,799.12,100.00,435004.25,50.00
122166,1,0,31.24,713.72,100.00,400000.00,50.00,32.08,704.96,100.00,400000.00,50.00,31.65,753.21,100.00,329048.84,50.00,30.10,764.31,100.00,400000.00,50.00,30.01,842.93,100.00,400000.00,50.00,30.66,806.43,100.00,400000.00,50.00,31.23,746.95,100.00,400000.00,50.00,30.89,799.12,100.00,435004.25,50.00
124199,1,0,31.24,713.72,100.00,400000.00,50.00,32.08,704.96,100.00,400000.00,50.00,31.65,753.21,100.00,329048.84,50.00,30.10,764.31,100.00,400000.00,50.00,30.01,842.93,100.00,400000.00,50.00,30.66,806.43,100.00,400000.00,50.00,31.23,746.95,100.00,400000.00,50.00,30.89,799.12,100.00,435004.25,50.00
126259,1,0,31.24,713.72,100.00,400000.00,50.00,32.08,704.96,100.00,400000.00,50.00,31.65,753.21,100.00,329048.84,50.00,30.10,764.31,100.00,400000.00,50.00,30.01,842.93,100.00,400000.00,50.00,30.66,806.43,100.00,400000.00,50.00,31.23,746.95,100.00,400000.00,50.00,30.89,799.12,100.00,435004.25,50.00
127408,1,0,31.24,713.72,100.00,400000.00,50.00,32.08,704.96,100.00,400000.00,50.00,31.65,753.21,100.00,329048.84,50.00,30.10,764.31,100.00,400000.00,50.00,30.01,842.93,100.00,400000.00,50.00,30.66,806.43,100.00,400000.00,50.00,31.23,746.95,100.00,400000.00,50.00,30.89,799.12,100.00,435004.25,50.00
128582,1,0,31.24,713.72,100.00,400000.00,50.00,32.08,704.96,100.00,400000.00,50.00,31.65,753.21,100.00,329048.84,50.00,30.10,764.31,100.00,400000.00,50.00,30.01,842.93,100.00,400000.00,50.00,30.66,806.43,100.00,400000.00,50.00,31.23,746.95,100.00,400000.00,50.00,30.89,799.12,100.00,435004.25,50.00
129752,1,0,31.24,713.72,100.00,400000.00,50.00,32.08,704.96,100.00,400000.00,50.00,31.65,753.21,100.00,329048.84,50.00,30.10,764.31,100.00,400000.00,50.00,30.01,842.93,100.00,400000.00,50.00,30.66,806.43,100.00,400000.00,50.00,31.23,746.95,100.00,400000.00,50.00,30.89,799.12,100.00,435004.25,50.00
130763,1,0,31.24,713.72,100.00,400000.00,50.00,32.08,704.96,100.00,400000.00,50.00,31.65,753.21,100.00,329048.84,50.00,30.10,764.31,100.00,400000.00,50.00,30.01,842.93,100.00,400000.00,50.00,30.66,806.43,100.00,400000.00,50.00,31.23,746.95,100.00,400000.00,50.00,30.89,799.12,100.00,435004.25,50.00
132190,1,0,31.24,713.72,100.00,400000.00,50.00,32.08,704.96,100.00,400000.00,50.00,31.65,753.21,100.00,329048.84,50.00,30.10,764.31,100.00,400000.00,50.00,30.01,842.93,100.00,400000.00,50.00,30.66,806.43,100.00,400000.00,50.00,31.23,746.95,100.00,400000.00,50.00,30.89,799.12,100.00,435004.25,50.00
133233,1,0,31.24,713.72,100.00,400000.00,50.00,32.08,704.96,100.00,400000.00,50.00,31.65,753.21,100.00,329048.84,50.00,30.10,764.31,100.00,400000.00,50.00,30.01,842.93,100.00,400000.00,50.00,30.66,806.43,100.00,400000.00,50.00,31.23,746.95,100.00,400000.00,50.00,30.89,799.12,100.00,435004.25,50.00
134349,1,0,31.24,713.72,100.00,400000.00,50.00,32.08,704.96,100.00,400000.00,50.00,31.65,753.21,100.00,329048.84,50.00,30.10,764.31,100.00,400000.00,50.00,30.01,842.93,100.00,400000.00,50.00,30.66,806.43,100.00,400000.00,50.00,31.23,746.95,100.00,400000.00,50.00,30.89,799.12,100.00,435004.25,50.00
135604,1,0,31.24,713.72,100.00,400000.00,50.00,32.08,704.96,100.00,400000.00,50.00,31.65,753.21,100.00,329048.84,50.00,30.10,764.31,100.00,400000.00,50.00,30.01,842.93,100.00,400000.00,50.00,30.66,806.43,100.00,400000.00,50.00,31.23,746.95,100.00,400000.00,50.00,30.89,799.12,100.00,435004.25,50.00
136752,1,0,31.24,713.72,100.00,400000.00,50.00,32.08,704.96,100.00,400000.00,50.00,31.65,753.21,100.00,329048.84,50.00,30.10,764.31,100.00,400000.00,50.00,30.01,842.93,100.00,400000.00,50.00,30.66,806.43,100.00,400000.00,50.00,31.23,746.95,100.00,400000.00,50.00,30.89,799.12,100.00,435004.25,50.00
137926,1,0,31.24,713.72,100.00,400000.00,50.00,32.08,704.96,100.00,400000.00,50.00,31.65,753.21,100.00,329048.84,50.00,30.10,764.31,100.00,400000.00,50.00,30.01,842.93,100.00,400000.00,50.00,30.66,806.43,100.00,400000.00,50.00,31.23,746.95,100.00,400000.00,50.00,30.89,799.12,100.00,435004.25,50.00
139080,1,0,31.24,713.72,100.00,400000.00,50.00,32.08,704.96,100.00,400000.00,50.00,31.65,753.21,100.00,329048.84,50.00,30.10,764.31,100.00,400000.00,50.00,30.01,842.93,100.00,400000.00,50.00,30.66,806.43,100.00,400000.00,50.00,31.23,746.95,100.00,400000.00,50.00,30.89,799.12,100.00,435004.25,50.00
140091,1,0,31.24,713.72,100.00,400000.00,50.00,32.08,704.96,100.00,400000.00,50.00,31.65,753.21,100.00,329048.84,50.00,30.10,764.31,100.00,400000.00,50.00,30.01,842.93,100.00,400000.00,50.00,30.66,806.43,100.00,400000.00,50.00,31.23,746.95,100.00,400000.00,50.00,30.89,799.12,100.00,435004.25,50.00
141677,1,0,31.24,713.72,100.00,400000.00,50.00,32.08,704.96,100.00,400000.00,50.00,31.65,753.21,100.00,329048.84,50.00,30.10,764.31,100.00,400000.00,50.00,30.01,842.93,100.00,400000.00,50.00,30.66,806.43,100.00,400000.00,50.00,31.23,746.95,100.00,400000.00,50.00,30.89,799.12,100.00,435004.25,50.00
142841,1,0,31.24,713.72,100.00,400000.00,50.00,32.08,704.96,100.00,400000.00,50.00,31.65,753.21,100.00,329048.84,50.00,30.10,764.31,100.00,400000.00,50.00,30.01,842.93,100.00,400000.00,50.00,30.66,806.43,100.00,400000.00,50.00,31.23,746.95,100.00,400000.00,50.00,30.89,799.12,100.00,435004.25,50.00
143957,1,0,31.24,713.72,100.00,400000.00,50.00,32.08,704.96,100.00,400000.00,50.00,31.65,753.21,100.00,329048.84,50.00,30.10,764.31,100.00,400000.00,50.00,30.01,842.93,100.00,400000.00,50.00,30.66,806.43,100.00,400000.00,50.00,31.23,746.95,100.00,400000.00,50.00,30.89,799.12,100.00,435004.25,50.00
145038,1,0,31.24,713.72,100.00,400000.00,50.00,32.08,704.96,100.00,400000.00,50.00,31.65,753.21,100.00,329048.84,50.00,30.10,764.31,100.00,400000.00,50.00,30.01,842.93,100.00,400000.00,50.00,30.66,806.43,100.00,400000.00,50.00,31.23,746.95,100.00,400000.00,50.00,30.89,799.12,100.00,435004.25,50.00
146196,1,0,31.24,713.72,100.00,400000.00,50.00,32.08,704.96,100.00,400000.00,50.00,31.65,753.21,100.00,329048.84,50.00,30.10,764.31,100.00,400000.00,50.00,30.01,842.93,100.00,400000.00,50.00,30.66,806.43,100.00,400000.00,50.00,31.23,746.95,100.00,400000.00,50.00,30.89,799.12,100.00,435004.25,50.00
147371,1,0,31.24,713.72,100.00,400000.00,50.00,32.08,704.96,100.00,400000.00,50.00,31.65,753.21,100.00,329048.84,50.00,30.10,764.31,100.00,400000.00,50.00,30.01,842.93,100.00,400000.00,50.00,30.66,806.43,100.00,400000.00,50.00,31.23,746.95,100.00,400000.00,50.00,30.89,799.12,100.00,435004.25,50.00
148562,1,0,31.24,713.72,100.00,400000.00,50.00,32.08,704.96,100.00,400000.00,50.00,31.65,753.21,100.00,329048.84,50.00,30.10,764.31,100.00,400000.00,50.00,30.01,842.93,100.00,400000.00,50.00,30.66,806.43,100.00,400000.00,50.00,31.23,746.95,100.00,400000.00,50.00,30.89,799.12,100.00,435004.25,50.00
149573,1,0,31.24,713.72,100.00,400000.00,50.00,32.08,704.96,100.00,400000.00,50.00,31.65,753.21,100.00,329048.84,50.00,30.10,764.31,100.00,400000.00,50.00,30.01,842.93,100.00,400000.00,50.00,30.66,806.43,100.00,400000.00,50.00,31.23,746.95,100.00,400000.00,50.00,30.89,799.12,100.00,435004.25,50.00
151038,1,0,31.24,713.72,100.00,400000.00,50.00,32.08,704.96,100.00,400000.00,50.00,31.65,753.21,100.00,329048.84,50.00,30.10,764.31,100.00,400000.00,50.00,30.01,842.93,100.00,400000.00,50.00,30.66,806.43,100.00,400000.00,50.00,31.23,746.95,100.00,400000.00,50.00,30.89,799.12,100.00,435004.25,50.00
152070,1,0,31.24,713.72,100.00,400000.00,50.00,32.08,704.96,100.00,400000.00,50.00,31.65,753.21,100.00,329048.84,50.00,30.10,764.31,100.00,400000.00,50.00,30.01,842.93,100.00,400000.00,50.00,30.66,806.43,100.00,400000.00,50.00,31.23,746.95,100.00,400000.00,50.00,30.89,799.12,100.00,435004.25,50.00
153186,1,0,31.24,713.72,100.00,400000.00,50.00,32.08,704.96,100.00,400000.00,50.00,31.65,753.21,100.00,329048.84,50.00,30.10,764.31,100.00,400000.00,50.00,30.01,842.93,100.00,400000.00,50.00,30.66,806.43,100.00,400000.00,50.00,31.23,746.95,100.00,400000.00,50.00,30.89,799.12,100.00,435004.25,50.00
154356,1,0,31.24,713.72,100.00,400000.00,50.00,32.08,704.96,100.00,400000.00,50.00,31.65,753.21,100.00,329048.84,50.00,30.10,764.31,100.00,400000.00,50.00,30.01,842.93,100.00,400000.00,50.00,30.66,806.43,100.00,400000.00,50.00,31.23,746.95,100.00,400000.00,50.00,30.89,799.12,100.00,435004.25,50.00
155514,1,0,31.24,713.72,100.00,400000.00,50.00,32.08,704.96,100.00,400000.00,50.00,31.65,753.21,100.00,329048.84,50.00,30.10,764.31,100.00,400000.00,50.00,30.01,842.93,100.00,400000.00,50.00,30.66,806.43,100.00,400000.00,50.00,31.23,746.95,100.00,400000.00,50.00,30.89,799.12,100.00,435004.25,50.00
157854,1,0,31.24,713.72,100.00,400000.00,50.00,32.08,704.96,100.00,400000.00,50.00,31.65,753.21,100.00,329048.84,50.00,30.10,764.31,100.00,400000.00,50.00,30.01,842.93,100.00,400000.00,50.00,30.66,806.43,100.00,400000.00,50.00,31.23,746.95,100.00,400000.00,50.00,30.89,799.12,100.00,435004.25,50.00
158865,1,0,31.24,713.72,100.00,400000.00,50.00,32.08,704.96,100.00,400000.00,50.00,31.65,753.21,100.00,329048.84,50.00,30.10,764.31,100.00,400000.00,50.00,30.01,842.93,100.00,400000.00,50.00,30.66,806.43,100.00,400000.00,50.00,31.23,746.95,100.00,400000.00,50.00,30.89,799.12,100.00,435004.25,50.00
160229,1,0,31.24,713.72,100.00,400000.00,50.00,32.08,704.96,100.00,400000.00,50.00,31.65,753.21,100.00,329048.84,50.00,30.10,764.31,100.00,400000.00,50.00,30.01,842.93,100.00,400000.00,50.00,30.66,806.43,100.00,400000.00,50.00,31.23,746.95,100.00,400000.00,50.00,30.89,799.12,100.00,435004.25,50.00
161283,1,0,31.24,713.72,100.00,400000.00,50.00,32.08,704.96,100.00,400000.00,50.00,31.65,753.21,100.00,329048.84,50.00,30.10,764.31,100.00,400000.00,50.00,30.01,842.93,100.00,400000.00,50.00,30.66,806.43,100.00,400000.00,50.00,31.23,746.95,100.00,400000.00,50.00,30.89,799.12,100.00,435004.25,50.00
162399,1,0,31.24,713.72,100.00,400000.00,50.00,32.08,704.96,100.00,400000.00,50.00,31.65,753.21,100.00,329048.84,50.00,30.10,764.31,100.00,400000.00,50.00,30.01,842.93,100.00,400000.00,50.00,30.66,806.43,100.00,400000.00,50.00,31.23,746.95,100.00,400000.00,50.00,30.89,799.12,100.00,435004.25,50.00
163427,1,0,31.24,713.72,100.00,400000.00,50.00,32.08,704.96,100.00,400000.00,50.00,31.65,753.21,100.00,329048.84,50.00,30.10,764.31,100.00,400000.00,50.00,30.01,842.93,100.00,400000.00,50.00,30.66,806.43,100.00,400000.00,50.00,31.23,746.95,100.00,400000.00,50.00,30.89,799.12,100.00,435004.25,50.00
164459,1,0,31.24,713.72,100.00,400000.00,50.00,32.08,704.96,100.00,400000.00,50.00,31.65,753.21,100.00,329048.84,50.00,30.10,764.31,100.00,400000.00,50.00,30.01,842.93,100.00,400000.00,50.00,30.66,806.43,100.00,400000.00,50.00,31.23,746.95,100.00,400000.00,50.00,30.89,799.12,100.00,435004.25,50.00
165576,1,0,31.24,713.72,100.00,400000.00,50.00,32.08,704.96,100.00,400000.00,50.00,31.65,753.21,100.00,329048.84,50.00,30.10,764.31,100.00,400000.00,50.00,30.01,842.93,100.00,400000.00,50.00,30.66,806.43,100.00,400000.00,50.00,31.23,746.95,100.00,400000.00,50.00,30.89,799.12,100.00,435004.25,50.00
166603,1,0,31.24,713.72,100.00,400000.00,50.00,32.08,704.96,100.00,400000.00,50.00,31.65,753.21,100.00,329048.84,50.00,30.10,764.31,100.00,400000.00,50.00,30.01,842.93,100.00,400000.00,50.00,30.66,806.43,100.00,400000.00,50.00,31.23,746.95,100.00,400000.00,50.00,30.89,799.12,100.00,435004.25,50.00
167635,1,0,31.24,713.72,100.00,400000.00,50.00,32.08,704.96,100.00,400000.00,50.00,31.65,753.21,100.00,329048.84,50.00,30.10,764.31,100.00,400000.00,50.00,30.01,842.93,100.00,400000.00,50.00,30.66,806.43,100.00,400000.00,50.00,31.23,746.95,100.00,400000.00,50.00,30.89,799.12,100.00,435004.25,50.00
168751,1,0,31.24,713.72,100.00,400000.00,50.00,32.08,704.96,100.00,400000.00,50.00,31.65,753.21,100.00,329048.84,50.00,30.10,764.31,100.00,400000.00,50.00,30.01,842.93,100.00,400000.00,50.00,30.66,806.43,100.00,400000.00,50.00,31.23,746.95,100.00,400000.00,50.00,30.89,799.12,100.00,435004.25,50.00
169953,1,0,31.24,713.72,100.00,400000.00,50.00,32.08,704.96,100.00,400000.00,50.00,31.65,753.21,100.00,329048.84,50.00,30.10,764.31,100.00,400000.00,50.00,30.01,842.93,100.00,400000.00,50.00,30.66,806.43,100.00,400000.00,50.00,31.23,746.95,100.00,400000.00,50.00,30.89,799.12,100.00,435004.25,50.00
171091,1,0,31.24,713.72,100.00,400000.00,50.00,32.08,704.96,100.00,400000.00,50.00,31.65,753.21,100.00,329048.84,50.00,30.10,764.31,100.00,400000.00,50.00,30.01,842.93,100.00,400000.00,50.00,30.66,806.43,100.00,400000.00,50.00,31.23,746.95,100.00,400000.00,50.00,30.89,799.12,100.00,435004.25,50.00
172724,1,0,31.24,713.72,100.00,400000.00,50.00,32.08,704.96,100.00,400000.00,50.00,31.65,753.21,100.00,329048.84,50.00,30.10,764.31,100.00,400000.00,50.00,30.01,842.93,100.00,400000.00,50.00,30.66,806.43,100.00,400000.00,50.00,31.23,746.95,100.00,400000.00,50.00,30.89,799.12,100.00,435004.25,50.00
173788,1,0,31.24,713.72,100.00,400000.00,50.00,32.08,704.96,100.00,400000.00,50.00,31.65,753.21,100.00,329048.84,50.00,30.10,764.31,100.00,400000.00,50.00,30.01,842.93,100.00,400000.00,50.00,30.66,806.43,100.00,400000.00,50.00,31.23,746.95,100.00,400000.00,50.00,30.89,799.12,100.00,435004.25,50.00
174904,1,0,31.24,713.72,100.00,400000.00,50.00,32.08,704.96,100.00,400000.00,50.00,31.65,753.21,100.00,329048.84,50.00,30.10,764.31,100.00,400000.00,50.00,30.01,842.93,100.00,400000.00,50.00,30.66,806.43,100.00,400000.00,50.00,31.23,746.95,100.00,400000.00,50.00,30.89,799.12,100.00,435004.25,50.00
175932,1,0,31.24,713.72,100.00,400000.00,50.00,32.08,704.96,100.00,400000.00,50.00,31.65,753.21,100.00,329048.84,50.00,30.10,764.31,100.00,400000.00,50.00,30.01,842.93,100.00,400000.00,50.00,30.66,806.43,100.00,400000.00,50.00,31.23,746.95,100.00,400000.00,50.00,30.89,799.12,100.00,435004.25,50.00
177070,1,0,31.24,713.72,100.00,400000.00,50.00,32.08,704.96,100.00,400000.00,50.00,31.65,753.21,100.00,329048.84,50.00,30.10,764.31,100.00,400000.00,50.00,30.01,842.93,100.00,400000.00,50.00,30.66,806.43,100.00,400000.00,50.00,31.23,746.95,100.00,400000.00,50.00,30.89,799.12,100.00,435004.25,50.00
178244,1,0,31.24,713.72,100.00,400000.00,50.00,32.08,704.96,100.00,400000.00,50.00,31.65,753.21,100.00,329048.84,50.00,30.10,764.31,100.00,400000.00,50.00,30.01,842.93,100.00,400000.00,50.00,30.66,806.43,100.00,400000.00,50.00,31.23,746.95,100.00,400000.00,50.00,30.89,799.12,100.00,435004.25,50.00
180378,1,0,31.24,713.72,100.00,400000.00,50.00,32.08,704.96,100.00,400000.00,50.00,31.65,753.21,100.00,329048.84,50.00,30.10,764.31,100.00,400000.00,50.00,30.01,842.93,100.00,400000.00,50.00,30.66,806.43,100.00,400000.00,50.00,31.23,746.95,100.00,400000.00,50.00,30.89,799.12,100.00,435004.25,50.00
182559,1,0,31.24,713.72,100.00,400000.00,50.00,32.08,704.96,100.00,400000.00,50.00,31.65,753.21,100.00,329048.84,50.00,30.10,764.31,100.00,400000.00,50.00,30.01,842.93,100.00,400000.00,50.00,30.66,806.43,100.00,400000.00,50.00,31.23,746.95,100.00,400000.00,50.00,30.89,799.12,100.00,435004.25,50.00
183560,1,0,31.24,713.72,100.00,400000.00,50.00,32.08,704.96,100.00,400000.00,50.00,31.65,753.21,100.00,329048.84,50.00,30.10,764.31,100.00,400000.00,50.00,30.01,842.93,100.00,400000.00,50.00,30.66,806.43,100.00,400000.00,50.00,31.23,746.95,100.00,400000.00,50.00,30.89,799.12,100.00,435004.25,50.00
184967,1,0,31.24,713.72,100.00,400000.00,50.00,32.08,704.96,100.00,400000.00,50.00,31.65,753.21,100.00,329048.84,50.00,30.10,764.31,100.00,400000.00,50.00,30.01,842.93,100.00,400000.00,50.00,30.66,806.43,100.00,400000.00,50.00,31.23,746.95,100.00,400000.00,50.00,30.89,799.12,100.00,435004.25,50.00
186094,1,0,31.24,713.72,100.00,400000.00,50.00,32.08,704.96,100.00,400000.00,50.00,31.65,753.21,100.00,329048.84,50.00,30.10,764.31,100.00,400000.00,50.00,30.01,842.93,100.00,400000.00,50.00,30.66,806.43,100.00,400000.00,50.00,31.23,746.95,100.00,400000.00,50.00,30.89,799.12,100.00,435004.25,50.00
187210,1,0,31.24,713.72,100.00,400000.00,50.00,32.08,704.96,100.00,400000.00,50.00,31.65,753.21,100.00,329048.84,50.00,30.10,764.31,100.00,400000.00,50.00,30.01,842.93,100.00,400000.00,50.00,30.66,806.43,100.00,400000.00,50.00,31.23,746.95,100.00,400000.00,50.00,30.89,799.12,100.00,435004.25,50.00
188390,1,0,31.24,713.72,100.00,400000.00,50.00,32.08,704.96,100.00,400000.00,50.00,31.65,753.21,100.00,329048.84,50.00,30.10,764.31,100.00,400000.00,50.00,30.01,842.93,100.00,400000.00,50.00,30.66,806.43,100.00,400000.00,50.00,31.23,746.95,100.00,400000.00,50.00,30.89,799.12,100.00,435004.25,50.00
189507,1,0,31.24,713.72,100.00,400000.00,50.00,32.08,704.96,100.00,400000.00,50.00,31.65,753.21,100.00,329048.84,50.00,30.10,764.31,100.00,400000.00,50.00,30.01,842.93,100.00,400000.00,50.00,30.66,806.43,100.00,400000.00,50.00,31.23,746.95,100.00,400000.00,50.00,30.89,799.12,100.00,435004.25,50.00
191093,1,0,31.24,713.72,100.00,400000.00,50.00,32.08,704.96,100.00,400000.00,50.00,31.65,753.21,100.00,329048.84,50.00,30.10,764.31,100.00,400000.00,50.00,30.01,842.93,100.00,400000.00,50.00,30.66,806.43,100.00,400000.00,50.00,31.23,746.95,100.00,400000.00,50.00,30.89,799.12,100.00,435004.25,50.00
192289,1,0,31.24,713.72,100.00,400000.00,50.00,32.08,704.96,100.00,400000.00,50.00,31.65,753.21,100.00,329048.84,50.00,30.10,764.31,100.00,400000.00,50.00,30.01,842.93,100.00,400000.00,50.00,30.66,806.43,100.00,400000.00,50.00,31.23,746.95,100.00,400000.00,50.00,30.89,799.12,100.00,435004.25,50.00
193300,1,0,31.24,713.72,100.00,400000.00,50.00,32.08,704.96,100.00,400000.00,50.00,31.65,753.21,100.00,329048.84,50.00,30.10,764.31,100.00,400000.00,50.00,30.01,842.93,100.00,400000.00,50.00,30.66,806.43,100.00,400000.00,50.00,31.23,746.95,100.00,400000.00,50.00,30.89,799.12,100.00,435004.25,50.00
194359,1,0,31.24,713.72,100.00,400000.00,50.00,32.08,704.96,100.00,400000.00,50.00,31.65,753.21,100.00,329048.84,50.00,30.10,764.31,100.00,400000.00,50.00,30.01,842.93,100.00,400000.00,50.00,30.66,806.43,100.00,400000.00,50.00,31.23,746.95,100.00,400000.00,50.00,30.89,799.12,100.00,435004.25,50.00
195582,1,0,31.24,713.72,100.00,400000.00,50.00,32.08,704.96,100.00,400000.00,50.00,31.65,753.21,100.00,329048.84,50.00,30.10,764.31,100.00,400000.00,50.00,30.01,842.93,100.00,400000.00,50.00,30.66,806.43,100.00,400000.00,50.00,31.23,746.95,100.00,400000.00,50.00,30.89,799.12,100.00,435004.25,50.00
196587,1,0,31.24,713.72,100.00,400000.00,50.00,32.08,704.96,100.00,400000.00,50.00,31.65,753.21,100.00,329048.84,50.00,30.10,764.31,100.00,400000.00,50.00,30.01,842.93,100.00,400000.00,50.00,30.66,806.43,100.00,400000.00,50.00,31.23,746.95,100.00,400000.00,50.00,30.89,799.12,100.00,435004.25,50.00
197657,1,0,31.24,713.72,100.00,400000.00,50.00,32.08,704.96,100.00,400000.00,50.00,31.65,753.21,100.00,329048.84,50.00,30.10,764.31,100.00,400000.00,50.00,30.01,842.93,100.00,400000.00,50.00,30.66,806.43,100.00,400000.00,50.00,31.23,746.95,100.00,400000.00,50.00,30.89,799.12,100.00,435004.25,50.00
198774,1,0,31.24,713.72,100.00,400000.00,50.00,32.08,704.96,100.00,400000.00,50.00,31.65,753.21,100.00,329048.84,50.00,30.10,764.31,100.00,400000.00,50.00,30.01,842.93,100.00,400000.00,50.00,30.66,806.43,100.00,400000.00,50.00,31.23,746.95,100.00,400000.00,50.00,30.89,799.12,100.00,435004.25,50.00
200180,1,0,31.24,713.72,100.00,400000.00,50.00,32.08,704.96,100.00,400000.00,50.00,31.65,753.21,100.00,329048.84,50.00,30.10,764.31,100.00,400000.00,50.00,30.01,842.93,100.00,400000.00,50.00,30.66,806.43,100.00,400000.00,50.00,31.23,746.95,100.00,400000.00,50.00,30.89,799.12,100.00,435004.25,50.00
201397,1,0,31.24,713.72,100.00,400000.00,50.00,32.08,704.96,100.00,400000.00,50.00,31.65,753.21,100.00,329048.84,50.00,30.10,764.31,100.00,400000.00,50.00,30.01,842.93,100.00,400000.00,50.00,30.66,806.43,100.00,400000.00,50.00,31.23,746.95,100.00,400000.00,50.00,30.89,799.12,100.00,435004.25,50.00
202409,1,0,31.24,713.72,100.00,400000.00,50.00,32.08,704.96,100.00,400000.00,50.00,31.65,753.21,100.00,329048.84,50.00,30.10,764.31,100.00,400000.00,50.00,30.01,842.93,100.00,400000.00,50.00,30.66,806.43,100.00,400000.00,50.00,31.23,746.95,100.00,400000.00,50.00,30.89,799.12,100.00,435004.25,50.00
203499,1,0,31.24,713.72,100.00,400000.00,50.00,32.08,704.96,100.00,400000.00,50.00,31.65,753.21,100.00,329048.84,50.00,30.10,764.31,100.00,400000.00,50.00,30.01,842.93,100.00,400000.00,50.00,30.66,806.43,100.00,400000.00,50.00,31.23,746.95,100.00,400000.00,50.00,30.89,799.12,100.00,435004.25,50.00
204716,1,0,31.24,713.72,100.00,400000.00,50.00,32.08,704.96,100.00,400000.00,50.00,31.65,753.21,100.00,329048.84,50.00,30.10,764.31,100.00,400000.00,50.00,30.01,842.93,100.00,400000.00,50.00,30.66,806.43,100.00,400000.00,50.00,31.23,746.95,100.00,400000.00,50.00,30.89,799.12,100.00,435004.25,50.00
206929,1,0,31.24,713.72,100.00,400000.00,50.00,32.08,704.96,100.00,400000.00,50.00,31.65,753.21,100.00,329048.84,50.00,30.10,764.31,100.00,400000.00,50.00,30.01,842.93,100.00,400000.00,50.00,30.66,806.43,100.00,400000.00,50.00,31.23,746.95,100.00,400000.00,50.00,30.89,799.12,100.00,435004.25,50.00
208056,1,0,31.24,713.72,100.00,400000.00,50.00,32.08,704.96,100.00,400000.00,50.00,31.65,753.21,100.00,329048.84,50.00,30.10,764.31,100.00,400000.00,50.00,30.01,842.93,100.00,400000.00,50.00,30.66,806.43,100.00,400000.00,50.00,31.23,746.95,100.00,400000.00,50.00,30.89,799.12,100.00,435004.25,50.00
209395,1,0,31.24,713.72,100.00,400000.00,50.00,32.08,704.96,100.00,400000.00,50.00,31.65,753.21,100.00,329048.84,50.00,30.10,764.31,100.00,400000.00,50.00,30.01,842.93,100.00,400000.00,50.00,30.66,806.43,100.00,400000.00,50.00,31.23,746.95,100.00,400000.00,50.00,30.89,799.12,100.00,435004.25,50.00
210627,1,0,31.24,713.72,100.00,400000.00,50.00,32.08,704.96,100.00,400000.00,50.00,31.65,753.21,100.00,329048.84,50.00,30.10,764.31,100.00,400000.00,50.00,30.01,842.93,100.00,400000.00,50.00,30.66,806.43,100.00,400000.00,50.00,31.23,746.95,100.00,400000.00,50.00,30.89,799.12,100.00,435004.25,50.00
211638,1,0,31.24,713.72,100.00,400000.00,50.00,32.08,704.96,100.00,400000.00,50.00,31.65,753.21,100.00,329048.84,50.00,30.10,764.31,100.00,400000.00,50.00,30.01,842.93,100.00,400000.00,50.00,30.66,806.43,100.00,400000.00,50.00,31.23,746.95,100.00,400000.00,50.00,30.89,799.12,100.00,435004.25,50.00
212798,1,0,31.24,713.72,100.00,400000.00,50.00,32.08,704.96,100.00,400000.00,50.00,31.65,753.21,100.00,329048.84,50.00,30.10,764.31,100.00,400000.00,50.00,30.01,842.93,100.00,400000.00,50.00,30.66,806.43,100.00,400000.00,50.00,31.23,746.95,100.00,400000.00,50.00,30.89,799.12,100.00,435004.25,50.00
213941,1,0,31.24,713.72,100.00,400000.00,50.00,32.08,704.96,100.00,400000.00,50.00,31.65,753.21,100.00,329048.84,50.00,30.10,764.31,100.00,400000.00,50.00,30.01,842.93,100.00,400000.00,50.00,30.66,806.43,100.00,400000.00,50.00,31.23,746.95,100.00,400000.00,50.00,30.89,799.12,100.00,435004.25,50.00
214957,1,0,31.24,713.72,100.00,400000.00,50.00,32.08,704.96,100.00,400000.00,50.00,31.65,753.21,100.00,329048.84,50.00,30.10,764.31,100.00,400000.00,50.00,30.01,842.93,100.00,400000.00,50.00,30.66,806.43,100.00,400000.00,50.00,31.23,746.95,100.00,400000.00,50.00,30.89,799.12,100.00,435004.25,50.00
216095,1,0,31.24,713.72,100.00,400000.00,50.00,32.08,704.96,100.00,400000.00,50.00,31.65,753.21,100.00,329048.84,50.00,30.10,764.31,100.00,400000.00,50.00,30.01,842.93,100.00,400000.00,50.00,30.66,806.43,100.00,400000.00,50.00,31.23,746.95,100.00,400000.00,50.00,30.89,799.12,100.00,435004.25,50.00
217259,1,0,31.24,713.72,100.00,400000.00,50.00,32.08,704.96,100.00,400000.00,50.00,31.65,753.21,100.00,329048.84,50.00,30.10,764.31,100.00,400000.00,50.00,30.01,842.93,100.00,400000.00,50.00,30.66,806.43,100.00,400000.00,50.00,31.23,746.95,100.00,400000.00,50.00,30.89,799.12,100.00,435004.25,50.00
218349,1,0,31.24,713.72,100.00,400000.00,50.00,32.08,704.96,100.00,400000.00,50.00,31.65,753.21,100.00,329048.84,50.00,30.10,764.31,100.00,400000.00,50.00,30.01,842.93,100.00,400000.00,50.00,30.66,806.43,100.00,400000.00,50.00,31.23,746.95,100.00,400000.00,50.00,30.89,799.12,100.00,435004.25,50.00
219514,1,0,31.24,713.72,100.00,400000.00,50.00,32.08,704.96,100.00,400000.00,50.00,31.65,753.21,100.00,329048.84,50.00,30.10,764.31,100.00,400000.00,50.00,30.01,842.93,100.00,400000.00,50.00,30.66,806.43,100.00,400000.00,50.00,31.23,746.95,100.00,400000.00,50.00,30.89,799.12,100.00,435004.25,50.00
220599,1,0,31.24,713.72,100.00,400000.00,50.00,32.08,704.96,100.00,400000.00,50.00,31.65,753.21,100.00,329048.84,50.00,30.10,764.31,100.00,400000.00,50.00,30.01,842.93,100.00,400000.00,50.00,30.66,806.43,100.00,400000.00,50.00,31.23,746.95,100.00,400000.00,50.00,30.89,799.12,100.00,435004.25,50.00
221900,1,0,31.24,713.72,100.00,400000.00,50.00,32.08,704.96,100.00,400000.00,50.00,31.65,753.21,100.00,329048.84,50.00,30.10,764.31,100.00,400000.00,50.00,30.01,842.93,100.00,400000.00,50.00,30.66,806.43,100.00,400000.00,50.00,31.23,746.95,100.00,400000.00,50.00,30.89,799.12,100.00,435004.25,50.00
223002,1,0,31.24,713.72,100.00,400000.00,50.00,32.08,704.96,100.00,400000.00,50.00,31.65,753.21,100.00,329048.84,50.00,30.10,764.31,100.00,400000.00,50.00,30.01,842.93,100.00,400000.00,50.00,30.66,806.43,100.00,400000.00,50.00,31.23,746.95,100.00,400000.00,50.00,30.89,799.12,100.00,435004.25,50.00
