DEBUG: Received command - start
DEBUG: CMD_START received.
DEBUG: Data collection started.
TimeStamp(ms),Label_Tag,HeaterProfile_ID,Sensor1_Temperature(deg C),Sensor1_Pressure(Pa),Sensor1_Humidity(%),Sensor1_GasResistance(ohm),Sensor1_Status,Sensor1_GasIndex,Sensor2_Temperature(deg C),Sensor2_Pressure(Pa),Sensor2_Humidity(%),Sensor2_GasResistance(ohm),Sensor2_Status,Sensor2_GasIndex,Sensor3_Temperature(deg C),Sensor3_Pressure(Pa),Sensor3_Humidity(%),Sensor3_GasResistance(ohm),Sensor3_Status,Sensor3_GasIndex,Sensor4_Temperature(deg C),Sensor4_Pressure(Pa),Sensor4_Humidity(%),Sensor4_GasResistance(ohm),Sensor4_Status,Sensor4_GasIndex,Sensor5_Temperature(deg C),Sensor5_Pressure(Pa),Sensor5_Humidity(%),Sensor5_GasResistance(ohm),Sensor5_Status,Sensor5_GasIndex,Sensor6_Temperature(deg C),Sensor6_Pressure(Pa),Sensor6_Humidity(%),Sensor6_GasResistance(ohm),Sensor6_Status,Sensor6_GasIndex,Sensor7_Temperature(deg C),Sensor7_Pressure(Pa),Sensor7_Humidity(%),Sensor7_GasResistance(ohm),Sensor7_Status,Sensor7_GasIndex,Sensor8_Temperature(deg C),Sensor8_Pressure(Pa),Sensor8_Humidity(%),Sensor8_GasResistance(ohm),Sensor8_Status,Sensor8_GasIndex
DEBUG: Header sent.
DEBUG: Collecting data at 5110 ms
DEBUG: Fetched data from sensor 0
DEBUG: First measurement for sensor 0. Initializing lastMeasindex.
DEBUG: Sensor 0 measurement index updated to 32
DEBUG: Sensor 0 data appended to line.
DEBUG: Sensor 0 measurement index updated to 33
DEBUG: Sensor 0 data appended to line.
DEBUG: Sensor 0 measurement index updated to 34
DEBUG: Sensor 0 data appended to line.
DEBUG: Fetched data from sensor 1
WARNING: Sensor 1 skipped measurements. DIFF:32, MI:32, LMI:0, Status:144
DEBUG: Sensor 1 measurement index updated to 32
DEBUG: Sensor 1 data appended to line.
DEBUG: Sensor 1 measurement index updated to 33
DEBUG: Sensor 1 data appended to line.
DEBUG: Sensor 1 measurement index updated to 34
DEBUG: Sensor 1 data appended to line.
DEBUG: Fetched data from sensor 2
WARNING: Sensor 2 skipped measurements. DIFF:32, MI:32, LMI:0, Status:144
DEBUG: Sensor 2 measurement index updated to 32
DEBUG: Sensor 2 data appended to line.
DEBUG: Sensor 2 measurement index updated to 33
DEBUG: Sensor 2 data appended to line.
DEBUG: Sensor 2 measurement index updated to 34
DEBUG: Sensor 2 data appended to line.
DEBUG: Fetched data from sensor 3
WARNING: Sensor 3 skipped measurements. DIFF:32, MI:32, LMI:0, Status:144
DEBUG: Sensor 3 measurement index updated to 32
DEBUG: Sensor 3 data appended to line.
DEBUG: Sensor 3 measurement index updated to 33
DEBUG: Sensor 3 data appended to line.
DEBUG: Sensor 3 measurement index updated to 34
DEBUG: Sensor 3 data appended to line.
DEBUG: Fetched data from sensor 4
WARNING: Sensor 4 skipped measurements. DIFF:32, MI:32, LMI:0, Status:144
DEBUG: Sensor 4 measurement index updated to 32
DEBUG: Sensor 4 data appended to line.
DEBUG: Sensor 4 measurement index updated to 33
DEBUG: Sensor 4 data appended to line.
DEBUG: Sensor 4 measurement index updated to 34
DEBUG: Sensor 4 data appended to line.
DEBUG: Fetched data from sensor 5
WARNING: Sensor 5 skipped measurements. DIFF:32, MI:32, LMI:0, Status:144
DEBUG: Sensor 5 measurement index updated to 32
DEBUG: Sensor 5 data appended to line.
DEBUG: Sensor 5 measurement index updated to 33
DEBUG: Sensor 5 data appended to line.
DEBUG: Sensor 5 measurement index updated to 34
DEBUG: Sensor 5 data appended to line.
DEBUG: Fetched data from sensor 6
WARNING: Sensor 6 skipped measurements. DIFF:33, MI:33, LMI:0, Status:144
DEBUG: Sensor 6 measurement index updated to 33
DEBUG: Sensor 6 data appended to line.
DEBUG: Sensor 6 measurement index updated to 34
DEBUG: Sensor 6 data appended to line.
DEBUG: Sensor 6 measurement index updated to 35
DEBUG: Sensor 6 data appended to line.
DEBUG: Fetched data from sensor 7
WARNING: Sensor 7 skipped measurements. DIFF:33, MI:33, LMI:0, Status:144
DEBUG: Sensor 7 measurement index updated to 33
DEBUG: Sensor 7 data appended to line.
DEBUG: Sensor 7 measurement index updated to 34
DEBUG: Sensor 7 data appended to line.
DEBUG: Sensor 7 measurement index updated to 35
DEBUG: Sensor 7 data appended to line.
5110,1,0,33.69,100325.44,14.59,38997916.00,144,3,33.68,100323.56,14.59,38997916.00,144,3,33.68,100325.34,14.61,38997916.00,144,3,33.71,100309.13,14.50,44206408.00,144,3,33.71,100310.25,14.49,44206408.00,144,3,33.71,100308.59,14.51,44206408.00,144,3,35.05,100318.15,14.01,34018168.00,144,3,35.05,100319.70,13.98,34018168.00,144,3,35.04,100319.95,13.99,34018168.00,144,3,35.27,100296.98,13.60,71839960.00,144,3,35.27,100296.58,13.59,71839960.00,144,3,35.26,100295.95,13.59,71839960.00,144,3,36.79,100360.82,12.09,52915624.00,144,3,36.79,100360.23,12.10,52915624.00,144,3,36.78,100358.59,12.09,52915624.00,144,3,36.59,100383.98,12.49,45542740.00,144,3,36.59,100383.08,12.48,45542740.00,144,3,36.58,100382.48,12.48,45542740.00,144,3,37.01,100376.63,12.12,37395720.00,144,3,37.01,100377.17,12.11,37395720.00,144,3,37.00,100376.93,12.12,37395720.00,144,3,36.93,100360.38,12.27,50675432.00,144,3,36.93,100359.80,12.25,50675432.00,144,3,36.93,100360.71,12.28,50675432.00,144,3
DEBUG: Data line sent.
DEBUG: Collecting data at 6110 ms
DEBUG: Fetched data from sensor 0
WARNING: Sensor 0 skipped measurements. DIFF:5, MI:39, LMI:34, Status:144
DEBUG: Sensor 0 measurement index updated to 39
DEBUG: Sensor 0 data appended to line.
DEBUG: Sensor 0 measurement index updated to 40
DEBUG: Sensor 0 data appended to line.
DEBUG: Sensor 0 measurement index updated to 41
DEBUG: Sensor 0 data appended to line.
DEBUG: Fetched data from sensor 1
WARNING: Sensor 1 skipped measurements. DIFF:5, MI:39, LMI:34, Status:144
DEBUG: Sensor 1 measurement index updated to 39
DEBUG: Sensor 1 data appended to line.
DEBUG: Sensor 1 measurement index updated to 40
DEBUG: Sensor 1 data appended to line.
DEBUG: Sensor 1 measurement index updated to 41
DEBUG: Sensor 1 data appended to line.
DEBUG: Fetched data from sensor 2
WARNING: Sensor 2 skipped measurements. DIFF:6, MI:40, LMI:34, Status:144
DEBUG: Sensor 2 measurement index updated to 40
DEBUG: Sensor 2 data appended to line.
DEBUG: Sensor 2 measurement index updated to 41
DEBUG: Sensor 2 data appended to line.
DEBUG: Sensor 2 measurement index updated to 42
DEBUG: Sensor 2 data appended to line.
DEBUG: Fetched data from sensor 3
WARNING: Sensor 3 skipped measurements. DIFF:6, MI:40, LMI:34, Status:144
DEBUG: Sensor 3 measurement index updated to 40
DEBUG: Sensor 3 data appended to line.
DEBUG: Sensor 3 measurement index updated to 41
DEBUG: Sensor 3 data appended to line.
DEBUG: Sensor 3 measurement index updated to 42
DEBUG: Sensor 3 data appended to line.
DEBUG: Fetched data from sensor 4
WARNING: Sensor 4 skipped measurements. DIFF:5, MI:39, LMI:34, Status:144
DEBUG: Sensor 4 measurement index updated to 39
DEBUG: Sensor 4 data appended to line.
DEBUG: Sensor 4 measurement index updated to 40
DEBUG: Sensor 4 data appended to line.
DEBUG: Sensor 4 measurement index updated to 41
DEBUG: Sensor 4 data appended to line.
DEBUG: Fetched data from sensor 5
WARNING: Sensor 5 skipped measurements. DIFF:6, MI:40, LMI:34, Status:144
DEBUG: Sensor 5 measurement index updated to 40
DEBUG: Sensor 5 data appended to line.
DEBUG: Sensor 5 measurement index updated to 41
DEBUG: Sensor 5 data appended to line.
DEBUG: Sensor 5 measurement index updated to 42
DEBUG: Sensor 5 data appended to line.
DEBUG: Fetched data from sensor 6
WARNING: Sensor 6 skipped measurements. DIFF:5, MI:40, LMI:35, Status:144
DEBUG: Sensor 6 measurement index updated to 40
DEBUG: Sensor 6 data appended to line.
DEBUG: Sensor 6 measurement index updated to 41
DEBUG: Sensor 6 data appended to line.
DEBUG: Sensor 6 measurement index updated to 42
DEBUG: Sensor 6 data appended to line.
DEBUG: Fetched data from sensor 7
WARNING: Sensor 7 skipped measurements. DIFF:5, MI:40, LMI:35, Status:144
DEBUG: Sensor 7 measurement index updated to 40
DEBUG: Sensor 7 data appended to line.
DEBUG: Sensor 7 measurement index updated to 41
DEBUG: Sensor 7 data appended to line.
DEBUG: Sensor 7 measurement index updated to 42
DEBUG: Sensor 7 data appended to line.
6110,1,0,33.69,100324.85,14.61,38997916.00,144,3,33.68,100324.80,14.62,38997916.00,144,3,33.68,100325.16,14.62,38997916.00,144,3,33.69,100309.70,14.51,44206408.00,144,3,33.68,100308.98,14.51,44206408.00,144,3,33.68,100309.41,14.53,44206408.00,144,3,35.00,100315.83,14.02,34018168.00,144,3,35.01,100318.78,14.03,34018168.00,144,3,35.00,100317.88,14.02,34018168.00,144,3,35.21,100293.96,13.61,71839960.00,144,3,35.21,100295.59,13.63,71839960.00,144,3,35.20,100297.26,13.62,71839960.00,144,3,36.76,100358.52,12.08,52915624.00,144,3,36.74,100357.30,12.11,52915624.00,144,3,36.75,100358.77,12.11,52915624.00,144,3,36.55,100383.02,12.49,45542740.00,144,3,36.55,100384.28,12.51,45542740.00,144,3,36.55,100382.80,12.49,45542740.00,144,3,36.97,100375.23,12.12,37395720.00,144,3,36.97,100375.58,12.14,37395720.00,144,3,36.97,100375.77,12.13,37395720.00,144,3,36.90,100358.59,12.28,50675432.00,144,3,36.90,100360.32,12.26,50675432.00,144,3,36.90,100360.65,12.29,50675432.00,144,3
DEBUG: Data line sent.
DEBUG: Received command - strip
WARNING: Unknown command received - strip
Unknown command. Available commands: START, STOP, SEC_num (e.g., SEC_5), GETHEAT
DEBUG: Collecting data at 7623 ms
DEBUG: Fetched data from sensor 0
WARNING: Sensor 0 skipped measurements. DIFF:9, MI:50, LMI:41, Status:144
DEBUG: Sensor 0 measurement index updated to 50
DEBUG: Sensor 0 data appended to line.
DEBUG: Sensor 0 measurement index updated to 51
DEBUG: Sensor 0 data appended to line.
DEBUG: Sensor 0 measurement index updated to 52
DEBUG: Sensor 0 data appended to line.
DEBUG: Fetched data from sensor 1
WARNING: Sensor 1 skipped measurements. DIFF:9, MI:50, LMI:41, Status:144
DEBUG: Sensor 1 measurement index updated to 50
DEBUG: Sensor 1 data appended to line.
DEBUG: Sensor 1 measurement index updated to 51
DEBUG: Sensor 1 data appended to line.
DEBUG: Sensor 1 measurement index updated to 52
DEBUG: Sensor 1 data appended to line.
DEBUG: Fetched data from sensor 2
WARNING: Sensor 2 skipped measurements. DIFF:9, MI:51, LMI:42, Status:176
DEBUG: Sensor 2 measurement index updated to 51
DEBUG: Sensor 2 data appended to line.
DEBUG: Sensor 2 measurement index updated to 52
DEBUG: Sensor 2 data appended to line.
DEBUG: Sensor 2 measurement index updated to 53
DEBUG: Sensor 2 data appended to line.
DEBUG: Fetched data from sensor 3
WARNING: Sensor 3 skipped measurements. DIFF:8, MI:50, LMI:42, Status:144
DEBUG: Sensor 3 measurement index updated to 50
DEBUG: Sensor 3 data appended to line.
DEBUG: Sensor 3 measurement index updated to 51
DEBUG: Sensor 3 data appended to line.
DEBUG: Sensor 3 measurement index updated to 52
DEBUG: Sensor 3 data appended to line.
DEBUG: Fetched data from sensor 4
WARNING: Sensor 4 skipped measurements. DIFF:9, MI:50, LMI:41, Status:144
DEBUG: Sensor 4 measurement index updated to 50
DEBUG: Sensor 4 data appended to line.
DEBUG: Sensor 4 measurement index updated to 51
DEBUG: Sensor 4 data appended to line.
DEBUG: Sensor 4 measurement index updated to 52
DEBUG: Sensor 4 data appended to line.
DEBUG: Fetched data from sensor 5
WARNING: Sensor 5 skipped measurements. DIFF:8, MI:50, LMI:42, Status:144
DEBUG: Sensor 5 measurement index updated to 50
DEBUG: Sensor 5 data appended to line.
DEBUG: Sensor 5 measurement index updated to 51
DEBUG: Sensor 5 data appended to line.
DEBUG: Sensor 5 measurement index updated to 52
DEBUG: Sensor 5 data appended to line.
DEBUG: Fetched data from sensor 6
WARNING: Sensor 6 skipped measurements. DIFF:9, MI:51, LMI:42, Status:176
DEBUG: Sensor 6 measurement index updated to 51
DEBUG: Sensor 6 data appended to line.
DEBUG: Sensor 6 measurement index updated to 52
DEBUG: Sensor 6 data appended to line.
DEBUG: Sensor 6 measurement index updated to 53
DEBUG: Sensor 6 data appended to line.
DEBUG: Fetched data from sensor 7
WARNING: Sensor 7 skipped measurements. DIFF:9, MI:51, LMI:42, Status:176
DEBUG: Sensor 7 measurement index updated to 51
DEBUG: Sensor 7 data appended to line.
DEBUG: Sensor 7 measurement index updated to 52
DEBUG: Sensor 7 data appended to line.
DEBUG: Sensor 7 measurement index updated to 53
DEBUG: Sensor 7 data appended to line.
7623,1,0,34.03,100322.66,14.68,37914956.00,144,4,34.16,100324.10,14.69,3088407.25,176,4,34.24,100324.40,14.69,3088407.25,144,5,34.00,100306.01,14.60,38928424.00,144,4,34.13,100307.15,14.60,2223066.50,176,4,34.23,100305.59,14.61,2223066.50,144,5,35.45,100315.02,14.08,1763616.75,176,4,35.55,100314.51,14.10,1763616.75,144,5,35.62,100315.37,14.13,1763616.75,144,5,35.56,100293.09,13.70,63076036.00,144,4,35.69,100290.28,13.73,3183832.00,176,4,35.80,100289.67,13.73,3183832.00,144,5,37.13,100359.05,12.18,46911956.00,144,4,37.28,100359.72,12.19,2782608.75,176,4,37.38,100359.70,12.19,2782608.75,144,5,36.95,100377.42,12.58,36735428.00,144,4,37.10,100378.84,12.58,1725721.50,176,4,37.21,100383.27,12.60,1725721.50,144,5,37.48,100374.09,12.21,2008827.87,176,4,37.58,100374.55,12.22,2008827.87,144,5,37.66,100373.38,12.23,2008827.87,144,5,37.41,100359.38,12.37,2617252.50,176,4,37.51,100357.59,12.39,2617252.50,144,5,37.58,100359.42,12.39,2617252.50,144,5
DEBUG: Data line sent.
DEBUG: Received command - stop
DEBUG: CMD_STOP received.
DEBUG: Data collection stopped.
