TimeStamp(ms),Label_Tag,HeaterProfile_ID,Sensor1_Temperature(deg C),Sensor1_Pressure(Pa),Sensor1_Humidity(%),Sensor1_GasResistance(ohm),Sensor1_Status,Sensor1_GasIndex,Sensor2_Temperature(deg C),Sensor2_Pressure(Pa),Sensor2_Humidity(%),Sensor2_GasResistance(ohm),Sensor2_Status,Sensor2_GasIndex,Sensor3_Temperature(deg C),Sensor3_Pressure(Pa),Sensor3_Humidity(%),Sensor3_GasResistance(ohm),Sensor3_Status,Sensor3_GasIndex,Sensor4_Temperature(deg C),Sensor4_Pressure(Pa),Sensor4_Humidity(%),Sensor4_GasResistance(ohm),Sensor4_Status,Sensor4_GasIndex,Sensor5_Temperature(deg C),Sensor5_Pressure(Pa),Sensor5_Humidity(%),Sensor5_GasResistance(ohm),Sensor5_Status,Sensor5_GasIndex,Sensor6_Temperature(deg C),Sensor6_Pressure(Pa),Sensor6_Humidity(%),Sensor6_GasResistance(ohm),Sensor6_Status,Sensor6_GasIndex,Sensor7_Temperature(deg C),Sensor7_Pressure(Pa),Sensor7_Humidity(%),Sensor7_GasResistance(ohm),Sensor7_Status,Sensor7_GasIndex,Sensor8_Temperature(deg C),Sensor8_Pressure(Pa),Sensor8_Humidity(%),Sensor8_GasResistance(ohm),Sensor8_Status,Sensor8_GasIndex
4112,1,1,31.24,71371.65,100.00,12516425.00,a0,0,32.08,70496.16,100.00,11096512.00,a0,0,31.65,75320.61,100.00,8673372.00,a0,0,30.10,76431.05,100.00,17291820.00,a0,0,30.01,84293.11,100.00,13301400.00,a0,0,30.66,80643.12,100.00,8564558.00,a0,0,31.23,74695.17,100.00,10101110.00,a0,0,30.89,79911.91,100.00,12181413.00,a0,0
5112,1,1,32.34,99706.99,22.34,12416825.00,a0,0,32.42,99688.06,22.52,10995973.00,a0,0,33.02,99691.95,21.98,8605042.00,a0,0,33.37,99669.12,21.69,17129116.00,a0,0,34.32,99729.23,19.97,13181014.00,a0,0,34.17,99739.49,20.42,8432321.00,a0,0,34.28,99740.38,20.39,9999390.00,a0,0,34.19,99730.24,20.43,11881073.00,a0,0
6112,1,1,,,,,,,,,,,,,,,,,,,,,,,,,,,,,,,,,,,,,,,,,,,,,,,,
7112,1,1,,,,,,,,,,,,,,,,,,,,,,,,,,,,,,,,,,,,,,,,,,,,,,,,
8112,1,1,,,,,,,,,,,,,,,,,,,,,,,,,,,,,,,,,,,,,,,,,,,,,,,,
9112,1,1,32.31,99707.23,22.40,12270361.00,a0,1,32.43,99688.48,22.54,10800264.00,a0,1,33.00,99693.48,22.00,8445361.00,a0,1,33.36,99669.25,21.72,16929992.00,a0,1,34.33,99729.01,19.97,12931334.00,a0,1,34.18,99742.27,20.42,8247672.00,a0,1,34.25,99738.73,20.39,9784413.00,a0,1,34.18,99731.80,20.44,11652916.00,a0,1
10112,1,1,,,,,,,,,,,,,,,,,,,,,,,,,,,,,,,,,,,,,,,,,,,,,,,,
11112,1,1,32.30,99707.68,22.52,11291523.00,a0,2,32.39,99690.13,22.59,10694517.00,a0,2,32.98,99693.48,22.07,8380562.50,a0,2,33.35,99671.36,21.75,16812724.00,a0,2,34.33,99729.37,19.97,12802500.00,a0,2,34.17,99742.94,20.41,8100865.50,a0,2,34.25,99741.98,20.37,9536671.00,a0,2,34.15,99731.76,20.47,11256613.00,a0,2
12112,1,1,32.64,99712.91,22.55,11085250.00,b0,3,32.41,99692.65,22.63,10611399.00,a0,3,32.98,99695.09,22.08,8354921.00,a0,3,33.34,99673.34,21.77,16761125.00,a0,3,34.34,99733.45,19.96,12765095.00,a0,3,34.21,99742.48,20.43,8076904.00,a0,3,34.26,99743.02,20.39,9586893.00,a0,3,34.27,99734.62,20.48,11245024.00,a0,3
13112,1,1,32.64,99712.20,22.57,10951872.00,b0,4,32.40,99692.19,22.71,10560103.00,a0,4,32.97,99696.24,22.16,8285208.50,a0,4,33.32,99676.23,21.87,16684318.00,a0,4,,,,,,,,,,,,,34.24,99744.67,20.45,9511756.00,a0,4,,,,,,
14112,1,1,,,,,,,,,,,,,,,,,,,,,,,,,34.32,99730.17,20.03,12646854.00,a0,4,34.21,99744.84,20.50,7924546.50,a0,4,,,,,,,34.25,99736.40,20.54,11085250.00,a0,4
15112,1,1,32.68,99711.70,22.77,8053084.50,b0,5,32.42,99693.41,23.03,7428701.00,b0,5,32.99,99696.59,22.50,5692842.50,b0,5,33.34,99676.37,22.24,11778577.00,b0,5,,,,,,,,,,,,,,,,,,,,,,,,
16112,1,1,,,,,,,,,,,,,,,,,,,,,,,,,34.34,99732.89,20.54,9680355.00,b0,5,34.24,99746.11,21.00,5746755.50,b0,5,34.25,99742.76,20.83,7373537.50,b0,5,34.28,99735.34,20.93,7941832.50,b0,5
17112,1,1,,,,,,,33.26,99691.38,23.36,10310887.00,a0,0,33.85,99701.56,22.87,8082881.00,a0,0,,,,,,,,,,,,,,,,,,,,,,,,,,,,,,
18112,1,1,33.27,99709.18,22.96,11628105.00,a0,0,,,,,,,,,,,,,34.17,99676.75,22.56,16274149.00,a0,0,35.04,99732.90,20.91,12353629.00,a0,0,34.96,99746.53,21.38,7805621.50,a0,0,34.97,99744.40,21.20,9293250.00,a0,0,35.01,99733.30,21.29,11029283.00,a0,0
19112,1,1,,,,,,,,,,,,,,,,,,,,,,,,,,,,,,,,,,,,,,,,,,,,,,,,
20112,1,1,,,,,,,,,,,,,,,,,,,,,,,,,,,,,,,,,,,,,,,,,,,,,,,,
21112,1,1,,,,,,,,,,,,,33.05,99693.30,22.61,7988298.50,a0,1,,,,,,,,,,,,,,,,,,,,,,,,,,,,,,
22112,1,1,32.41,99709.27,22.78,11529909.00,a0,1,32.49,99692.52,23.03,10148033.00,a0,1,,,,,,,33.43,99675.84,22.29,16165762.00,a0,1,34.38,99732.08,20.65,12195013.00,a0,1,34.24,99744.69,21.12,7663236.50,a0,1,34.28,99741.71,20.96,9145409.00,a0,1,34.20,99733.78,21.01,10875539.00,a0,1
23112,1,1,,,,,,,,,,,,,,,,,,,,,,,,,,,,,,,,,,,,,,,,,,,,,,,,
24112,2,1,32.30,99710.77,22.75,10642416.00,b0,2,32.39,99694.04,22.96,10119827.00,a0,2,32.94,99696.37,22.43,7947611.00,a0,2,33.30,99677.38,22.10,16129953.00,a0,2,34.28,99736.74,20.33,12134049.00,a0,2,34.13,99748.02,20.81,7489828.50,a0,2,34.22,99744.74,20.71,9024511.00,a0,2,34.09,99734.65,20.79,10580562.00,a0,2
25112,2,1,32.66,99715.76,23.10,10642416.00,b0,3,32.39,99696.05,23.20,9999390.00,a0,3,32.96,99698.10,22.67,7811204.00,a0,3,33.31,99680.99,22.49,16000000.00,a0,3,34.25,99738.44,20.50,11894011.00,a0,3,34.16,99749.10,20.94,7418610.00,a0,3,34.17,99745.12,20.77,8935915.00,a0,3,34.15,99736.24,20.84,10489117.00,b0,3
26112,2,1,32.76,99714.41,24.50,10757715.00,b0,4,32.46,99696.30,24.57,9872853.00,a0,4,33.12,99705.53,24.65,7572914.50,a0,4,33.43,99678.22,25.10,15757634.00,a0,4,,,,,,,34.18,99750.16,21.37,7438819.50,a0,4,34.19,99746.15,21.04,8921318.00,a0,4,34.18,99737.08,21.12,10379474.00,a0,4
27112,2,1,,,,,,,,,,,,,,,,,,,,,,,,,34.27,99739.63,20.98,11816805.00,a0,4,,,,,,,,,,,,,,,,,,
28112,2,1,32.81,99713.27,25.90,7609846.50,b0,5,32.46,99696.84,25.75,6907251.50,b0,5,33.16,99705.25,27.39,5229492.50,b0,5,33.41,99681.09,27.89,11007054.00,b0,5,,,,,,,34.20,99749.81,21.68,5342028.00,b0,5,34.16,99747.23,21.20,6881142.50,b0,5,34.14,99735.99,21.28,7338858.00,b0,5
29112,2,1,,,,,,,,,,,,,,,,,,,,,,,,,34.30,99739.10,21.29,9168439.00,b0,5,,,,,,,,,,,,,,,,,,
30112,2,1,33.61,99718.73,27.29,10853925.00,a0,0,33.41,99696.27,26.23,9553353.00,a0,0,34.11,99706.74,29.83,7217621.00,a0,0,34.31,99679.46,29.38,15219693.00,a0,0,,,,,,,,,,,,,34.87,99748.67,21.24,8735804.00,a0,0,34.92,99738.55,21.27,10379474.00,a0,0
31112,2,1,,,,,,,,,,,,,,,,,,,,,,,,,35.07,99739.09,22.07,11505618.00,a0,0,35.00,99754.02,22.31,7212855.00,a0,0,,,,,,,,,,,,
32112,2,1,,,,,,,,,,,,,,,,,,,,,,,,,,,,,,,,,,,,,,,,,,,,,,,,
33112,2,1,,,,,,,,,,,,,,,,,,,,,,,,,,,,,,,,,,,,,,,,,,,,,,,,
34112,2,1,,,,,,,32.73,99702.48,26.38,9340935.00,a0,1,33.45,99709.90,31.50,6749330.50,a0,1,33.66,99684.04,30.38,14827149.00,a0,1,,,,,,,,,,,,,34.14,99750.39,21.08,8551148.00,a0,1,34.06,99740.26,21.10,10204921.00,a0,1
35112,2,1,32.91,99717.63,28.28,10601100.00,a0,1,,,,,,,,,,,,,,,,,,,34.39,99739.16,22.36,11245024.00,a0,1,34.25,99753.62,22.51,7040825.00,a0,1,,,,,,,,,,,,
36112,3,1,,,,,,,32.82,99701.34,26.76,9191585.00,a0,2,33.57,99712.46,34.33,6574639.00,a0,2,33.75,99686.09,32.87,14599243.00,a0,2,,,,,,,,,,,,,34.08,99749.22,21.21,8432321.00,a0,2,33.96,99739.02,21.22,9810778.00,a0,2
37112,3,1,33.02,99718.63,29.14,10310887.00,a0,2,,,,,,,,,,,,,,,,,,,34.35,99743.13,22.29,11119104.00,a0,2,34.21,99753.81,22.50,6881142.50,a0,2,,,,,,,,,,,,
38112,3,1,33.27,99717.70,28.42,10063882.00,b0,3,32.87,99701.08,26.35,9145409.00,a0,3,33.67,99711.30,34.59,6416291.50,a0,3,33.82,99683.60,33.82,14397188.00,a0,3,34.35,99741.83,22.30,11062795.00,a0,3,34.23,99750.02,22.45,6808227.50,a0,3,34.10,99748.29,21.32,8361316.50,a0,3,34.05,99739.12,21.24,9890733.00,a0,3
39112,3,1,33.27,99715.93,27.99,9981115.00,a0,4,32.89,99697.53,26.06,9069471.00,a0,4,33.78,99712.48,35.01,6283413.00,a0,4,33.89,99686.32,34.82,14145478.00,a0,4,34.32,99740.47,22.12,10995973.00,a0,4,34.20,99752.17,22.25,6761865.50,a0,4,34.11,99747.62,21.24,8329435.50,a0,4,34.04,99736.52,21.12,9570093.00,b0,4
40112,3,1,,,,,,,,,,,,,,,,,,,,,,,,,,,,,,,,,,,,,,,,,,,,,,,,
41112,3,1,33.32,99717.14,27.52,7217621.00,b0,5,32.92,99697.97,25.75,6504168.50,b0,5,33.79,99710.54,35.45,4428108.00,b0,5,33.92,99685.73,35.74,10157471.00,b0,5,,,,,,,34.23,99750.20,22.07,4883457.50,b0,5,34.09,99747.29,21.15,6423838.50,b0,5,34.09,99737.08,21.03,6863846.00,b0,5
42112,4,1,,,,,,,,,,,,,,,,,,,,,,,,,34.34,99737.94,21.93,8557848.00,b0,5,,,,,,,,,,,,,,,,,,
43112,4,1,34.02,99718.55,26.88,10129212.00,a0,0,33.77,99694.96,25.33,8827586.00,a0,0,34.65,99709.53,35.38,5876614.00,a0,0,34.76,99684.48,35.48,13624948.00,a0,0,,,,,,,35.08,99754.57,21.92,6590507.00,a0,0,34.81,99745.88,20.93,8149216.50,a0,0,34.81,99736.38,20.85,9706161.00,a0,0
44112,4,1,,,,,,,,,,,,,,,,,,,,,,,,,35.12,99738.24,21.66,10694517.00,a0,0,,,,,,,,,,,,,,,,,,
45112,4,1,,,,,,,,,,,,,,,,,,,,,,,,,,,,,,,,,,,,,,,,,,,,,,,,
46112,1,1,,,,,,,,,,,,,,,,,,,,,,,,,,,,,,,,,,,,,,,,,,,,,,,,
47112,1,1,33.23,99713.59,26.13,9981115.00,a0,1,33.06,99696.77,24.80,8687169.00,a0,1,34.01,99706.88,34.66,5645761.50,a0,1,34.12,99686.07,35.25,13236922.00,a0,1,,,,,,,,,,,,,34.09,99745.12,20.81,8017617.00,a0,1,33.95,99734.04,20.67,9570093.00,a0,1
48112,1,1,,,,,,,,,,,,,,,,,,,,,,,,,34.45,99734.70,21.30,10539723.00,a0,1,34.33,99750.44,21.64,6473330.50,a0,1,,,,,,,,,,,,
49112,1,1,,,,,,,33.04,99698.30,24.89,8537780.00,a0,2,33.91,99710.83,32.65,5531397.50,a0,2,34.04,99684.63,33.97,13016087.00,a0,2,,,,,,,,,,,,,34.03,99747.23,21.28,7930300.00,a0,2,33.86,99732.91,21.20,8987383.00,b0,2
50112,1,1,33.18,99714.77,25.58,9570093.00,a0,2,,,,,,,,,,,,,,,,,,,34.38,99734.52,21.62,10448980.00,a0,2,34.24,99750.50,21.85,6290651.00,a0,2,,,,,,,,,,,,
51112,1,1,33.37,99715.79,25.80,9570093.00,a0,3,33.04,99699.54,25.49,8458441.00,a0,3,33.79,99709.54,32.11,5475936.00,a0,3,33.96,99684.71,33.14,12893173.00,a0,3,34.37,99737.37,21.77,10359785.00,a0,3,34.31,99749.52,21.90,6294276.00,a0,3,34.06,99747.12,21.52,7844864.50,a0,3,34.08,99736.09,21.37,9176141.00,a0,3
52112,1,1,33.37,99713.66,25.63,9486972.00,a0,4,33.04,99697.10,25.53,8412837.00,a0,4,33.76,99705.41,30.90,5432360.50,a0,4,33.95,99683.52,31.57,12810008.00,a0,4,34.36,99735.73,21.73,10310887.00,a0,4,34.27,99748.51,21.82,6229658.00,a0,4,34.04,99745.82,21.53,7695632.00,a0,4,34.01,99736.65,21.29,9069471.00,a0,4
53112,1,1,,,,,,,,,,,,,,,,,,,,,,,,,,,,,,,,,,,,,,,,,,,,,,,,
54112,1,1,33.32,99714.26,25.33,6795520.50,b0,5,32.99,99695.98,25.36,6053574.50,b0,5,33.72,99708.45,29.58,3936569.00,b0,5,33.92,99682.37,29.99,9168439.00,b0,5,34.34,99733.59,21.60,8000000.00,b0,5,34.25,99749.12,21.70,4512255.50,b0,5,34.05,99745.01,21.48,5902017.50,b0,5,34.07,99735.21,21.26,6416291.50,b0,5
55112,1,1,,,,,,,,,,,,,,,,,,,,,,,,,,,,,,,,,,,,,,,,,,,,,,,,
56112,1,1,33.93,99714.44,24.94,9578486.00,a0,0,33.74,99695.36,25.10,8210473.50,a0,0,34.50,99702.88,27.93,5274951.50,a0,0,34.67,99679.49,28.11,12473544.00,a0,0,35.07,99734.03,21.55,10054618.00,a0,0,35.03,99748.27,21.67,6094104.50,a0,0,34.80,99743.99,21.59,7604548.50,a0,0,34.79,99733.28,21.39,9054435.00,a0,0
57112,1,1,,,,,,,,,,,,,,,,,,,,,,,,,,,,,,,,,,,,,,,,,,,,,,,,
58112,1,1,,,,,,,,,,,,,,,,,,,,,,,,,,,,,,,,,,,,,,,,,,,,,,,,
59112,1,1,,,,,,,,,,,,,,,,,,,,,,,,,,,,,,,,,,,,,,,,,,,,,,,,
60112,1,1,33.05,99711.20,24.41,9503480.00,a0,1,32.94,99693.30,24.64,8094861.50,a0,1,33.68,99701.51,26.55,5214513.00,a0,1,33.90,99679.63,26.56,12360619.00,a0,1,,,,,,,34.26,99746.85,21.55,5895646.00,a0,1,34.08,99741.21,21.60,7448965.50,a0,1,33.97,99731.63,21.43,8877811.00,a0,1
61112,1,1,,,,,,,,,,,,,,,,,,,,,,,,,34.39,99732.23,21.39,9908679.00,a0,1,,,,,,,,,,,,,,,,,,
