Dynamic assignment: Failed to assign heater profile for sensor 0
Sensor 0 assigned duty cycle profile duty_5_10
ERROR: Setting heater profile failed for sensor.
Dynamic assignment: Failed to assign heater profile for sensor 1
Sensor 1 assigned duty cycle profile duty_5_10
ERROR: Setting heater profile failed for sensor.
Dynamic assignment: Failed to assign heater profile for sensor 2
Sensor 2 assigned duty cycle profile duty_5_10
ERROR: Setting heater profile failed for sensor.
Dynamic assignment: Failed to assign heater profile for sensor 3
Sensor 3 assigned duty cycle profile duty_5_10
ERROR: Setting heater profile failed for sensor.
ets Jul 29 2019 12:21:46

rst:0x1 (POWERON_RESET),boot:0x13 (SPI_FAST_FLASH_BOOT)
configsip: 0, SPIWP:0xee
clk_drv:0x00,q_drv:0x00,d_drv:0x00,cs0_drv:0x00,hd_drv:0x00,wp_drv:0x00
mode:DIO, clock div:1
load:0x3fff0030,len:1184
load:0x40078000,len:13260
load:0x40080400,len:3028
entry 0x400805e4
Attempting to load dynamic configuration from SD card...
---- SD Card Config File Contents ----
{
  "configHeader": {
    "dateCreated_ISO": "2024-07-26T16:25:55.290Z",
    "appVersion": "2.3.2",
    "boardType": "board_8",
    "boardMode": "burn_in",
    "boardLayout": "grouped"
  },
  "configBody": {
    "heaterProfiles": [
      {
        "id": "heater_354",
        "timeBase": 140,
        "temperatureTimeVectors": [
          [
            320,
            5
          ],
          [
            100,
            2
          ],
          [
            100,
            10
          ],
          [
            100,
            30
          ],
          [
            200,
            5
          ],
          [
            200,
            5
          ],
          [
            200,
            5
          ],
          [
            320,
            5
          ],
          [
            320,
            5
          ],
          [
            320,
            5
          ]
        ]
      }
    ],
    "dutyCycleProfiles": [
      {
        "id": "duty_5_10",
        "numberScanningCycles": 5,
        "numberSleepingCycles": 10
      }
    ],
    "sensorConfigurations": [
      {
        "sensorIndex": 0,
        "heaterProfile": "heater_354",
        "dutyCycleProfile": "duty_5_10"
      },
      {
        "sensorIndex": 1,
        "heaterProfile": "heater_354",
        "dutyCycleProfile": "duty_5_10"
      },
      {
        "sensorIndex": 2,
        "heaterProfile": "heater_354",
        "dutyCycleProfile": "duty_5_10"
      },
      {
        "sensorIndex": 3,
        "heaterProfile": "heater_354",
        "dutyCycleProfile": "duty_5_10"
      },
      {
        "sensorIndex": 4,
        "heaterProfile": "heater_354",
        "dutyCycleProfile": "duty_5_10"
      },
      {
        "sensorIndex": 5,
        "heaterProfile": "heater_354",
        "dutyCycleProfile": "duty_5_10"
      },
      {
        "sensorIndex": 6,
        "heaterProfile": "heater_354",
        "dutyCycleProfile": "duty_5_10"
      },
      {
        "sensorIndex": 7,
        "heaterProfile": "heater_354",
        "dutyCycleProfile": "duty_5_10"
      }
    ]
  }
}
---- End of Config File ----
Loaded heater config: heater_354
Loaded duty cycle profile: duty_5_10
Sensor config loaded: Sensor 0, Heater Profile: heater_354, Duty Cycle: duty_5_10
Sensor config loaded: Sensor 1, Heater Profile: heater_354, Duty Cycle: duty_5_10
Sensor config loaded: Sensor 2, Heater Profile: heater_354, Duty Cycle: duty_5_10
Sensor config loaded: Sensor 3, Heater Profile: heater_354, Duty Cycle: duty_5_10
Sensor config loaded: Sensor 4, Heater Profile: heater_354, Duty Cycle: duty_5_10
Sensor config loaded: Sensor 5, Heater Profile: heater_354, Duty Cycle: duty_5_10
Sensor config loaded: Sensor 6, Heater Profile: heater_354, Duty Cycle: duty_5_10
Sensor config loaded: Sensor 7, Heater Profile: heater_354, Duty Cycle: duty_5_10
Dynamic configuration loaded from SD card.
Sensor duty cycles initialized (all use 'duty_1').
Assigning sensor configurations dynamically...
ERROR: Setting heater profile failed for sensor.
Dynamic assignment: Failed to assign heater profile for sensor 0
Sensor 0 assigned duty cycle profile duty_5_10
ERROR: Setting heater profile failed for sensor.
Dynamic assignment: Failed to assign heater profile for sensor 1
Sensor 1 assigned duty cycle profile duty_5_10
ERROR: Setting heater profile failed for sensor.
Dynamic assignment: Failed to assign heater profile for sensor 2
Sensor 2 assigned duty cycle profile duty_5_10
ERROR: Setting heater profile failed for sensor.
Dynamic assignment: Failed to assign heater profile for sensor 3
Sensor 3 assigned duty cycle profile duty_5_10
ERROR: Setting heater profile failed for sensor.
Dynamic assignment: Failed to assign heater profile for sensor 4
Sensor 4 assigned duty cycle profile duty_5_10
ERROR: Setting heater profile failed for sensor.
Dynamic assignment: Failed to assign heater profile for sensor 5
Sensor 5 assigned duty cycle profile duty_5_10
ERROR: Setting heater profile failed for sensor.
Dynamic assignment: Failed to assign heater profile for sensor 6
Sensor 6 assigned duty cycle profile duty_5_10
ERROR: Setting heater profile failed for sensor.
Dynamic assignment: Failed to assign heater profile for sensor 7
Sensor 7 assigned duty cycle profile duty_5_10
Sensor 0: BME68X: OK.
Sensor 1: BME68X: OK.
Sensor 2: BME68X: OK.
Sensor 3: BME68X: OK.
Sensor 4: BME68X: OK.
Sensor 5: BME68X: OK.
Sensor 6: BME68X: OK.
Sensor 7: BME68X: OK.
All BME68X sensors initialized
WARNING: Unknown command received - v
Available commands: START, STOP, SEC_num (e.g., SEC_5), GETHEAT
WARNING: Unknown command received - st
Available commands: START, STOP, SEC_num (e.g., SEC_5), GETHEAT
130662,1,1,20.43,100077.27,22.77,6400000.00,128,15,20.52,100074.20,22.80,6400000.00,128,15,20.50,100072.75,22.73,6400000.00,128,15,20.88,100053.58,22.58,6400000.00,128,15,20.29,100134.54,22.33,6400000.00,128,15,20.03,100157.04,22.74,6400000.00,128,15,19.54,100157.90,23.47,6400000.00,128,15,19.56,100140.17,23.57,6400000.00,128,15
131662,1,1,20.42,100076.38,22.78,6400000.00,128,15,20.53,100076.59,22.80,6400000.00,128,15,20.51,100073.10,22.75,6400000.00,128,15,20.88,100056.97,22.58,6400000.00,128,15,20.29,100133.98,22.37,6400000.00,128,15,20.03,100154.54,22.75,6400000.00,128,15,19.54,100157.37,23.48,6400000.00,128,15,19.58,100141.13,23.50,6400000.00,128,15
132662,1,1,20.43,100077.45,22.78,6400000.00,128,15,20.54,100074.94,22.81,6400000.00,128,15,20.51,100074.35,22.76,6400000.00,128,15,20.89,100053.99,22.61,6400000.00,128,15,20.29,100133.80,22.38,6400000.00,128,15,20.04,100157.08,22.74,6400000.00,128,15,19.55,100158.53,23.46,6400000.00,128,15,19.58,100140.89,23.51,6400000.00,128,15
133662,1,1,20.44,100076.82,22.77,6400000.00,128,15,20.55,100076.09,22.81,6400000.00,128,15,20.52,100073.69,22.76,6400000.00,128,15,20.90,100054.37,22.62,6400000.00,128,15,20.31,100136.04,22.40,6400000.00,128,15,20.05,100156.25,22.75,6400000.00,128,15,19.54,100155.92,23.51,6400000.00,128,15,19.58,100139.13,23.52,6400000.00,128,15
134662,1,1,20.43,100076.27,22.78,6400000.00,128,15,20.54,100075.98,22.84,6400000.00,128,15,20.52,100074.27,22.76,6400000.00,128,15,20.89,100053.81,22.61,6400000.00,128,15,20.30,100135.30,22.42,6400000.00,128,15,20.04,100156.29,22.76,6400000.00,128,15,19.53,100157.95,23.50,6400000.00,128,15,19.58,100141.37,23.53,6400000.00,128,15
135662,1,1,20.42,100076.97,22.81,6400000.00,128,15,20.52,100074.77,22.84,6400000.00,128,15,20.51,100075.05,22.78,6400000.00,128,15,20.86,100054.19,22.62,6400000.00,128,15,20.28,100133.05,22.41,6400000.00,128,15,20.03,100157.21,22.77,6400000.00,128,15,19.51,100157.20,23.50,6400000.00,128,15,19.56,100140.25,23.54,6400000.00,128,15
136662,1,1,20.43,100076.88,22.80,6400000.00,128,15,20.51,100075.40,22.83,6400000.00,128,15,20.50,100073.04,22.77,6400000.00,128,15,20.85,100054.83,22.62,6400000.00,128,15,20.25,100134.30,22.41,6400000.00,128,15,20.02,100155.45,22.78,6400000.00,128,15,19.47,100155.65,23.50,6400000.00,128,15,19.54,100138.92,23.54,6400000.00,128,15
137662,1,1,20.42,100075.64,22.79,6400000.00,128,15,20.51,100074.16,22.86,6400000.00,128,15,20.50,100073.66,22.78,6400000.00,128,15,20.85,100053.31,22.63,6400000.00,128,15,20.23,100132.62,22.41,6400000.00,128,15,19.99,100155.93,22.78,6400000.00,128,15,19.47,100157.77,23.50,6400000.00,128,15,19.52,100138.27,23.54,6400000.00,128,15
138662,1,1,20.41,100076.26,22.80,6400000.00,128,15,20.51,100074.74,22.84,6400000.00,128,15,20.49,100074.34,22.77,6400000.00,128,15,20.86,100056.16,22.63,6400000.00,128,15,20.23,100132.62,22.40,6400000.00,128,15,19.98,100156.57,22.77,6400000.00,128,15,19.47,100159.08,23.53,6400000.00,128,15,19.52,100139.91,23.54,6400000.00,128,15
139662,1,1,20.42,100077.48,22.80,6400000.00,128,15,20.49,100075.72,22.83,6400000.00,128,15,20.49,100072.37,22.76,6400000.00,128,15,20.84,100053.92,22.62,6400000.00,128,15,20.23,100133.35,22.41,6400000.00,128,15,19.98,100155.66,22.76,6400000.00,128,15,19.47,100159.33,23.51,6400000.00,128,15,19.50,100139.33,23.54,6400000.00,128,15
140662,1,1,20.42,100075.73,22.80,6400000.00,128,15,20.51,100074.39,22.84,6400000.00,128,15,20.49,100073.59,22.77,6400000.00,128,15,20.84,100055.43,22.62,6400000.00,128,15,20.23,100135.18,22.41,6400000.00,128,15,19.97,100156.39,22.76,6400000.00,128,15,19.46,100159.40,23.52,6400000.00,128,15,19.50,100140.16,23.54,6400000.00,128,15
141662,1,1,20.41,100076.79,22.78,6400000.00,128,15,20.50,100075.51,22.82,6400000.00,128,15,20.48,100073.21,22.77,6400000.00,128,15,20.84,100056.70,22.62,6400000.00,128,15,20.22,100132.78,22.40,6400000.00,128,15,19.97,100157.41,22.77,6400000.00,128,15,19.45,100158.02,23.51,6400000.00,128,15,19.48,100138.57,23.35,6400000.00,128,15
142662,1,1,20.41,100078.47,22.76,6400000.00,128,15,20.51,100076.08,22.83,6400000.00,128,15,20.48,100074.15,22.74,6400000.00,128,15,20.84,100055.39,22.62,6400000.00,128,15,20.22,100134.79,22.41,6400000.00,128,15,19.97,100155.65,22.76,6400000.00,128,15,19.44,100156.34,23.51,6400000.00,128,15,19.49,100141.06,23.53,6400000.00,128,15
143662,1,1,20.41,100077.48,22.77,6400000.00,128,15,20.50,100077.09,22.81,6400000.00,128,15,20.48,100074.37,22.74,6400000.00,128,15,20.84,100056.11,22.61,6400000.00,128,15,20.21,100134.79,22.41,6400000.00,128,15,19.96,100157.60,22.77,6400000.00,128,15,19.44,100158.67,23.52,6400000.00,128,15,19.47,100140.07,23.52,6400000.00,128,15
144662,1,1,20.41,100078.98,22.75,6400000.00,128,15,20.50,100077.36,22.80,6400000.00,128,15,20.47,100073.22,22.72,6400000.00,128,15,20.83,100055.21,22.59,6400000.00,128,15,20.20,100133.30,22.40,6400000.00,128,15,19.94,100158.26,22.75,6400000.00,128,15,19.42,100156.92,23.51,6400000.00,128,15,19.46,100140.92,23.53,6400000.00,128,15
145662,1,1,20.40,100077.07,22.73,6400000.00,128,15,20.49,100075.58,22.80,6400000.00,128,15,20.47,100074.98,22.70,6400000.00,128,15,20.82,100055.90,22.58,6400000.00,128,15,20.19,100134.20,22.41,6400000.00,128,15,19.93,100156.89,22.76,6400000.00,128,15,19.42,100157.97,23.53,6400000.00,128,15,19.45,100138.57,23.55,6400000.00,128,15
146662,1,1,20.41,100077.77,22.73,6400000.00,128,15,20.50,100075.45,22.80,6400000.00,128,15,20.47,100073.37,22.71,6400000.00,128,15,20.83,100055.23,22.58,6400000.00,128,15,20.19,100136.23,22.41,6400000.00,128,15,19.94,100157.16,22.76,6400000.00,128,15,19.41,100158.76,23.54,6400000.00,128,15,19.45,100139.80,23.56,6400000.00,128,15
147662,1,1,20.40,100076.31,22.72,6400000.00,128,15,20.48,100075.31,22.79,6400000.00,128,15,20.47,100074.45,22.70,6400000.00,128,15,20.81,100055.52,22.57,6400000.00,128,15,20.16,100135.45,22.41,6400000.00,128,15,19.92,100157.09,22.76,6400000.00,128,15,19.39,100159.01,23.52,6400000.00,128,15,19.44,100138.58,23.55,6400000.00,128,15
148662,1,1,20.40,100076.48,22.72,6400000.00,128,15,20.48,100075.76,22.81,6400000.00,128,15,20.47,100074.52,22.71,6400000.00,128,15,20.82,100056.81,22.58,6400000.00,128,15,20.17,100135.27,22.42,6400000.00,128,15,19.93,100157.52,22.77,6400000.00,128,15,19.39,100158.12,23.53,6400000.00,128,15,19.44,100139.46,23.55,6400000.00,128,15
Retrieving heater profiles from sensors...
Sensor 1: Heater Profile:
  Step 1: Temp = 320°C, Duration = 5 ms
  Step 2: Temp = 100°C, Duration = 2 ms
  Step 3: Temp = 100°C, Duration = 10 ms
  Step 4: Temp = 100°C, Duration = 30 ms
  Step 5: Temp = 200°C, Duration = 5 ms
  Step 6: Temp = 200°C, Duration = 5 ms
  Step 7: Temp = 200°C, Duration = 5 ms
  Step 8: Temp = 320°C, Duration = 5 ms
  Step 9: Temp = 320°C, Duration = 5 ms
  Step 10: Temp = 320°C, Duration = 5 ms
Heater profile retrieved for sensor 0
Sensor 2: Heater Profile:
  Step 1: Temp = 320°C, Duration = 5 ms
  Step 2: Temp = 100°C, Duration = 2 ms
  Step 3: Temp = 100°C, Duration = 10 ms
  Step 4: Temp = 100°C, Duration = 30 ms
  Step 5: Temp = 200°C, Duration = 5 ms
  Step 6: Temp = 200°C, Duration = 5 ms
  Step 7: Temp = 200°C, Duration = 5 ms
  Step 8: Temp = 320°C, Duration = 5 ms
  Step 9: Temp = 320°C, Duration = 5 ms
  Step 10: Temp = 320°C, Duration = 5 ms
Heater profile retrieved for sensor 1
Sensor 3: Heater Profile:
  Step 1: Temp = 320°C, Duration = 5 ms
  Step 2: Temp = 100°C, Duration = 2 ms
  Step 3: Temp = 100°C, Duration = 10 ms
  Step 4: Temp = 100°C, Duration = 30 ms
  Step 5: Temp = 200°C, Duration = 5 ms
  Step 6: Temp = 200°C, Duration = 5 ms
  Step 7: Temp = 200°C, Duration = 5 ms
  Step 8: Temp = 320°C, Duration = 5 ms
  Step 9: Temp = 320°C, Duration = 5 ms
  Step 10: Temp = 320°C, Duration = 5 ms
Heater profile retrieved for sensor 2
Sensor 4: Heater Profile:
  Step 1: Temp = 320°C, Duration = 5 ms
  Step 2: Temp = 100°C, Duration = 2 ms
  Step 3: Temp = 100°C, Duration = 10 ms
  Step 4: Temp = 100°C, Duration = 30 ms
  Step 5: Temp = 200°C, Duration = 5 ms
  Step 6: Temp = 200°C, Duration = 5 ms
  Step 7: Temp = 200°C, Duration = 5 ms
  Step 8: Temp = 320°C, Duration = 5 ms
  Step 9: Temp = 320°C, Duration = 5 ms
  Step 10: Temp = 320°C, Duration = 5 ms
Heater profile retrieved for sensor 3
Sensor 5: Heater Profile:
  Step 1: Temp = 320°C, Duration = 5 ms
  Step 2: Temp = 100°C, Duration = 2 ms
  Step 3: Temp = 100°C, Duration = 10 ms
  Step 4: Temp = 100°C, Duration = 30 ms
  Step 5: Temp = 200°C, Duration = 5 ms
  Step 6: Temp = 200°C, Duration = 5 ms
  Step 7: Temp = 200°C, Duration = 5 ms
  Step 8: Temp = 320°C, Duration = 5 ms
  Step 9: Temp = 320°C, Duration = 5 ms
  Step 10: Temp = 320°C, Duration = 5 ms
Heater profile retrieved for sensor 4
Sensor 6: Heater Profile:
  Step 1: Temp = 320°C, Duration = 5 ms
  Step 2: Temp = 100°C, Duration = 2 ms
  Step 3: Temp = 100°C, Duration = 10 ms
  Step 4: Temp = 100°C, Duration = 30 ms
  Step 5: Temp = 200°C, Duration = 5 ms
  Step 6: Temp = 200°C, Duration = 5 ms
  Step 7: Temp = 200°C, Duration = 5 ms
  Step 8: Temp = 320°C, Duration = 5 ms
  Step 9: Temp = 320°C, Duration = 5 ms
  Step 10: Temp = 320°C, Duration = 5 ms
Heater profile retrieved for sensor 5
Sensor 7: Heater Profile:
  Step 1: Temp = 320°C, Duration = 5 ms
  Step 2: Temp = 100°C, Duration = 2 ms
  Step 3: Temp = 100°C, Duration = 10 ms
  Step 4: Temp = 100°C, Duration = 30 ms
  Step 5: Temp = 200°C, Duration = 5 ms
  Step 6: Temp = 200°C, Duration = 5 ms
  Step 7: Temp = 200°C, Duration = 5 ms
  Step 8: Temp = 320°C, Duration = 5 ms
  Step 9: Temp = 320°C, Duration = 5 ms
  Step 10: Temp = 320°C, Duration = 5 ms
Heater profile retrieved for sensor 6
Sensor 8: Heater Profile:
  Step 1: Temp = 320°C, Duration = 5 ms
  Step 2: Temp = 100°C, Duration = 2 ms
  Step 3: Temp = 100°C, Duration = 10 ms
  Step 4: Temp = 100°C, Duration = 30 ms
  Step 5: Temp = 200°C, Duration = 5 ms
  Step 6: Temp = 200°C, Duration = 5 ms
  Step 7: Temp = 200°C, Duration = 5 ms
  Step 8: Temp = 320°C, Duration = 5 ms
  Step 9: Temp = 320°C, Duration = 5 ms
  Step 10: Temp = 320°C, Duration = 5 ms
Heater profile retrieved for sensor 7
Heater profiles retrieval complete.
