WARNING: Unknown command received - REPORT
Available commands: START, STOP, SEC_num (e.g., SEC_5), GETHEAT, GETDUTY, START_CONFIG_UPLOAD, STATUS_REPORT
---- Sensor Status Report ----
Sensor 0: OK.
Sensor 1: OK.
Sensor 2: OK.
Sensor 3: OK.
Sensor 4: OK.
Sensor 5: OK.
Sensor 6: OK.
Sensor 7: OK.
---- End of Sensor Report ----
Data interval set to 1000 ms
33286,1,1,26.30,100196.98,28.23,6400000.00,101,15,26.51,100193.67,28.23,6400000.00,101,15,27.06,100205.48,27.61,6400000.00,101,15,27.50,100181.70,27.37,6400000.00,101,15,28.78,100262.04,25.02,6400000.00,101,15,28.55,100277.37,25.60,6400000.00,101,15,28.68,100273.97,25.50,6400000.00,101,15,28.68,100260.09,25.72,6400000.00,101,15
34286,1,1,26.78,100197.70,28.45,2292109.75,1001011,6,26.89,100198.87,28.39,1834714.50,1001111,6,27.35,100209.92,27.82,179397.34,1101100,7,27.75,100183.29,27.54,400000.00,1101010,7,29.02,100261.72,25.16,400000.00,1101011,7,28.74,100281.55,25.73,400000.00,1101011,7,28.93,100274.83,25.64,400000.00,1110010,8,28.87,100259.28,25.86,401962.72,1110000,8
35286,1,1,27.01,100200.16,28.42,2098360.75,1001011,6,27.12,100196.25,28.36,1649617.37,1001111,6,27.57,100206.73,27.80,1600000.00,1001111,6,27.98,100185.01,27.50,2919458.25,1001101,6,29.26,100266.17,25.11,3810232.50,1001101,6,28.95,100281.89,25.71,2686782.50,1001110,6,29.17,100278.23,25.61,2131113.50,1010011,6,29.11,100263.88,25.83,4607424.00,1010010,6
36286,1,1,27.09,100197.90,28.34,1968284.50,1001011,5,27.23,100198.09,28.30,1533795.12,1001111,6,27.67,100207.59,27.73,1600000.00,1001111,5,28.09,100181.59,27.43,2737968.00,1001101,5,29.36,100259.41,25.03,2913229.00,1001101,5,29.09,100281.90,25.62,2448296.50,1001110,6,29.28,100277.64,25.53,1934813.37,1010011,5,29.21,100262.31,25.75,4174267.50,1010010,6
---- Sensor Status Report ----
Sensor 0: OK.
Sensor 1: OK.
Sensor 2: OK.
Sensor 3: OK.
Sensor 4: OK.
Sensor 5: OK.
Sensor 6: OK.
Sensor 7: OK.
---- End of Sensor Report ----
48867,1,1,27.43,100199.24,27.37,1059767.12,110011,3,27.63,100191.17,27.30,387365.25,1001111,4,28.15,100209.63,26.75,411410.22,1001111,6,28.52,100183.37,26.40,684492.00,1001101,4,29.75,100258.25,24.11,1040386.06,1001101,4,29.47,100276.33,24.72,428183.16,1001110,4,29.71,100279.07,24.56,363765.53,1010011,6,29.66,100262.91,24.81,506679.87,1010010,5
49867,1,1,27.53,100199.80,27.34,462093.88,1001011,6,27.70,100191.91,27.24,400000.00,1001111,6,28.17,100207.98,26.72,400000.00,1001111,6,28.62,100188.16,26.36,617611.56,1001101,6,29.80,100258.87,24.07,695652.19,1001101,5,29.54,100280.36,24.69,399531.81,1001110,5,29.72,100277.90,24.49,312195.13,1010011,6,29.67,100264.73,24.77,446381.88,1010010,6
50867,1,1,27.55,100201.59,27.30,420016.41,1001011,6,27.72,100193.24,27.22,359550.56,1001111,6,28.16,100206.98,26.66,400000.00,1001111,5,28.62,100186.70,26.32,557127.31,1001101,6,29.84,100261.94,24.04,631319.37,1001101,6,29.57,100280.63,24.65,348536.41,1001110,6,29.76,100280.45,24.48,280624.84,1010011,6,29.69,100260.98,24.73,407724.47,1010010,6
51867,1,1,27.55,100201.41,27.26,376470.59,1001011,5,27.73,100196.08,27.18,312480.94,1001111,5,28.20,100210.88,26.63,349249.66,1001111,6,28.62,100186.55,26.28,507810.56,1001101,5,29.85,100261.16,24.00,567784.88,1001101,6,29.58,100281.64,24.59,296725.59,1001110,6,29.78,100280.66,24.44,263713.62,1010011,6,29.72,100261.96,24.68,386706.94,1010010,6
52867,1,1,27.59,100202.91,27.20,356918.78,1001011,6,27.75,100194.05,27.12,272123.31,1001111,5,28.23,100212.22,26.58,306586.81,1001111,6,28.66,100186.53,26.23,451698.28,1001101,6,29.86,100259.10,23.95,515090.53,1001101,5,29.59,100280.16,24.57,279475.97,1001110,5,29.81,100279.81,24.39,248906.17,1010011,6,29.75,100262.50,24.64,361071.94,1010010,6
63867,1,1,27.68,100202.13,26.87,1367612.75,110011,2,27.84,100197.05,26.79,878404.44,110110,3,28.32,100206.70,26.24,164524.42,1001111,4,28.75,100187.80,25.91,1631872.50,110100,3,29.96,100261.07,23.65,1718120.75,110100,3,29.69,100278.80,24.24,1273235.87,110101,3,29.93,100275.41,24.05,214630.06,1010011,4,29.88,100260.34,24.32,335517.69,1010010,4
64867,1,1,27.74,100201.72,26.86,210916.58,1001011,6,27.91,100194.55,26.77,180345.19,1001111,6,28.39,100212.77,26.22,165803.11,1001111,6,28.81,100188.12,25.90,268695.88,1001101,5,30.02,100262.21,23.64,294422.09,1001101,5,29.76,100279.41,24.23,235510.58,1001110,6,29.99,100281.30,24.05,215851.61,1010011,6,29.94,100262.91,24.30,338848.44,1010010,6
65867,1,1,27.75,100201.85,26.83,210526.31,1001011,5,27.94,100198.20,26.74,180345.19,1001111,6,28.41,100212.71,26.20,166125.89,1001111,6,28.84,100188.78,25.86,269331.94,1001101,6,30.04,100261.78,23.59,295697.38,1001101,6,29.77,100278.77,24.20,235999.08,1001110,5,29.99,100279.30,24.02,216811.34,1010011,5,29.95,100264.39,24.29,343278.59,1010010,6
66867,1,1,27.78,100202.39,26.80,211570.25,1001011,6,27.94,100194.89,26.72,176247.84,1001111,5,28.42,100210.53,26.16,166125.89,1001111,5,28.85,100190.02,25.84,270184.69,1001101,6,30.06,100262.10,23.58,294930.87,1001101,5,29.80,100280.32,24.18,236982.19,1001110,6,30.03,100281.96,24.00,218057.92,1010011,6,29.97,100264.57,24.27,344665.09,1010010,5
67867,1,1,27.79,100199.48,26.79,211046.98,1001011,5,27.98,100196.23,26.70,181689.14,1001111,6,28.46,100208.29,26.15,167101.83,1001111,6,28.87,100187.41,25.82,269331.94,1001101,5,30.07,100258.90,23.57,296467.88,1001101,6,29.82,100279.43,24.15,238139.53,1001110,6,30.04,100280.31,23.98,220167.70,1010011,6,29.99,100265.06,24.24,347826.09,1010010,6
78867,1,1,27.90,100199.83,26.58,1405628.00,110011,2,28.05,100197.34,26.51,934306.56,110110,3,28.56,100207.23,25.96,172856.17,1001111,4,28.96,100186.42,25.63,1703118.50,110100,3,30.18,100259.54,23.39,2284439.50,110100,2,29.92,100280.63,23.98,1817617.00,110101,2,30.00,100277.38,23.79,237807.70,1010011,4,29.96,100259.05,24.05,401018.22,1010010,4
79867,1,1,27.94,100201.29,26.58,218057.92,1001011,6,28.11,100196.12,26.48,186249.55,1001111,6,28.61,100212.40,25.94,174446.34,1001111,6,29.02,100190.91,25.62,281087.03,1001101,6,30.23,100259.60,23.38,306037.06,1001101,6,29.96,100279.20,23.98,257934.52,1001110,6,30.07,100278.95,23.77,239812.64,1010011,6,30.02,100260.98,24.03,403626.34,1010010,6
80867,1,1,27.95,100202.56,26.55,218616.56,1001011,6,28.11,100195.87,26.48,188755.77,1001111,6,28.61,100211.69,25.93,175342.47,1001111,6,29.00,100186.49,25.62,280855.72,1001101,5,30.21,100258.52,23.37,307138.56,1001101,5,29.95,100280.37,23.93,258912.77,1001110,6,30.09,100281.09,23.77,241509.44,1010011,6,30.03,100263.38,24.03,408212.09,1010010,6
81867,1,1,27.94,100200.45,26.54,219459.92,1001011,5,28.11,100196.47,26.46,189594.52,1001111,5,28.60,100210.63,25.90,175703.50,1001111,5,29.01,100189.65,25.59,282951.09,1001101,6,30.22,100259.80,23.36,309927.38,1001101,6,29.94,100278.71,23.93,260493.52,1001110,5,30.10,100279.96,23.78,243230.41,1010011,6,30.04,100262.48,24.01,410667.75,1010010,6
82867,1,1,27.96,100201.70,26.51,220737.23,1001011,6,28.12,100195.66,26.44,190760.06,1001111,6,28.62,100210.88,25.88,176430.05,1001111,6,29.03,100188.57,25.57,284840.06,1001101,6,30.22,100259.62,23.34,309365.56,1001101,6,29.94,100279.79,23.93,262901.16,1001110,6,30.10,100280.29,23.76,244800.37,1010011,6,30.03,100262.80,24.02,413153.12,1010010,6
93867,1,1,27.97,100197.80,26.37,1539849.62,110011,2,28.14,100196.27,26.30,1034082.31,110110,3,28.62,100206.63,25.75,187066.13,1001111,4,29.05,100188.42,25.46,2428698.50,110100,2,30.24,100260.65,23.23,2459321.50,110100,2,29.90,100278.15,23.82,1580856.75,110101,3,30.15,100276.45,23.69,259306.16,1010011,4,30.07,100257.02,23.94,439768.09,1010010,4
94867,1,1,28.02,100202.70,26.37,232939.03,1001011,6,28.20,100198.16,26.29,205210.42,1001111,6,28.68,100213.45,25.74,189489.27,1001111,6,29.09,100188.38,25.44,302511.09,1001101,6,30.26,100259.48,23.24,327784.91,1001101,5,29.96,100277.49,23.83,280394.31,1001110,5,30.18,100280.23,23.69,260692.47,1010011,6,30.11,100260.83,23.91,442906.56,1010010,6
95867,1,1,28.02,100201.93,26.35,233896.75,1001011,5,28.20,100196.58,26.27,205829.14,1001111,6,28.67,100210.97,25.74,190334.58,1001111,6,29.10,100187.52,25.44,304399.53,1001101,6,30.27,100260.23,23.23,330322.59,1001101,6,29.98,100280.16,23.83,282951.09,1001110,6,30.20,100281.09,23.67,260891.72,1010011,5,30.13,100259.76,23.92,444637.44,1010010,6
96867,1,1,28.02,100201.16,26.34,234057.14,1001011,6,28.20,100194.34,26.26,206826.91,1001111,5,28.68,100211.33,25.75,191187.45,1001111,5,29.10,100187.89,25.41,304671.22,1001101,5,30.29,100259.60,23.22,331606.22,1001101,6,30.00,100279.13,23.81,284602.56,1001110,6,30.20,100280.18,23.68,263306.75,1010011,6,30.13,100257.03,23.92,446966.38,1010010,5
97867,1,1,28.01,100201.83,26.32,235836.02,1001011,6,28.20,100197.29,26.25,208596.45,1001111,6,28.67,100211.63,25.72,192264.36,1001111,6,29.10,100189.94,25.40,306862.44,1001101,6,30.31,100260.86,23.22,331928.69,1001101,5,30.01,100279.77,23.81,286033.53,1001110,5,30.19,100279.24,23.64,263917.53,1010011,6,30.12,100259.23,23.90,449024.34,1010010,6
108867,1,1,28.01,100199.08,26.28,1639711.75,110011,2,28.18,100194.49,26.17,1131804.37,110110,3,28.68,100205.45,25.67,201455.83,1001111,4,29.10,100188.30,25.34,1995615.12,110100,3,30.32,100259.53,23.16,2627325.25,110100,2,30.01,100277.24,23.75,1710586.75,110101,3,30.24,100275.30,23.60,276085.19,1010011,4,30.17,100254.43,23.84,470696.41,1010010,4
109867,1,1,28.06,100201.65,26.29,246035.56,1001011,5,28.25,100196.94,26.18,220594.58,1001111,6,28.73,100210.92,25.66,202291.58,1001111,6,29.15,100188.80,25.35,321305.31,1001101,5,30.36,100260.53,23.16,348536.41,1001101,6,30.08,100277.20,23.76,301708.91,1001110,6,30.30,100277.37,23.60,277431.59,1010011,6,30.24,100261.02,23.83,475284.28,1010010,6
110867,1,1,28.07,100202.82,26.29,246925.48,1001011,6,28.25,100197.46,26.18,221309.70,1001111,6,28.74,100212.02,25.67,203255.27,1001111,6,29.16,100189.20,25.36,322824.72,1001101,6,30.38,100261.02,23.16,348536.41,1001101,6,30.09,100277.53,23.76,302243.22,1001110,5,30.32,100277.12,23.59,278336.50,1010011,6,30.26,100260.85,23.85,475615.41,1010010,6
WARNING: Unknown command received - configu
Available commands: START, STOP, SEC_num (e.g., SEC_5), GETHEAT, GETDUTY, START_CONFIG_UPLOAD, STATUS_REPORT
WARNING: Unknown command received - sy
Available commands: START, STOP, SEC_num (e.g., SEC_5), GETHEAT, GETDUTY, START_CONFIG_UPLOAD, STATUS_REPORT
Enter JSON config data. End with a single line 'END_CONFIG_UPLOAD'.
Config file updated successfully.
Attempting to load dynamic configuration from SD card...
---- SD Card Config File Contents ----
{
  "configHeader": {
    "dateCreated_ISO": "2024-07-12T18:24:41.240Z",
    "appVersion": "2.3.2",
    "boardType": "board_8",
    "boardMode": "heater_profile_exploration",
    "boardLayout": "grouped"
  },
  "configBody": {
    "heaterProfiles": [
      {
        "id": "heater_354",
        "timeBase": 140,
        "temperatureTimeVectors": [
          [
            320,
            5
          ],
          [
            100,
            2
          ],
          [
            100,
            10
          ],
          [
            100,
            30
          ],
          [
            200,
            5
          ],
          [
            200,
            5
          ],
          [
            200,
            5
          ],
          [
            320,
            5
          ],
          [
            320,
            5
          ],
          [
            320,
            5
          ]
        ]
      },
      {
        "id": "heater_301",
        "timeBase": 140,
        "temperatureTimeVectors": [
          [
            100,
            2
          ],
          [
            100,
            41
          ],
          [
            200,
            2
          ],
          [
            200,
            14
          ],
          [
            200,
            14
          ],
          [
            200,
            14
          ],
          [
            320,
            2
          ],
          [
            320,
            14
          ],
          [
            320,
            14
          ],
          [
            320,
            14
          ]
        ]
      },
      {
        "id": "heater_411",
        "timeBase": 140,
        "temperatureTimeVectors": [
          [
            100,
            43
          ],
          [
            320,
            2
          ],
          [
            170,
            43
          ],
          [
            320,
            2
          ],
          [
            240,
            2
          ],
          [
            240,
            20
          ],
          [
            240,
            21
          ],
          [
            320,
            2
          ],
          [
            320,
            20
          ],
          [
            320,
            21
          ]
        ]
      },
      {
        "id": "heater_501",
        "timeBase": 140,
        "temperatureTimeVectors": [
          [
            210,
            24
          ],
          [
            265,
            2
          ],
          [
            265,
            22
          ],
          [
            320,
            2
          ],
          [
            320,
            22
          ],
          [
            265,
            24
          ],
          [
            210,
            24
          ],
          [
            155,
            24
          ],
          [
            100,
            24
          ],
          [
            155,
            24
          ]
        ]
      }
    ],
    "dutyCycleProfiles": [
      {
        "id": "duty_1",
        "numberScanningCycles": 1,
        "numberSleepingCycles": 0
      }
    ],
    "sensorConfigurations": [
      {
        "sensorIndex": 0,
        "heaterProfile": "heater_354",
        "dutyCycleProfile": "duty_1"
      },
      {
        "sensorIndex": 1,
        "heaterProfile": "heater_354",
        "dutyCycleProfile": "duty_1"
      },
      {
        "sensorIndex": 2,
        "heaterProfile": "heater_301",
        "dutyCycleProfile": "duty_1"
      },
      {
        "sensorIndex": 3,
        "heaterProfile": "heater_301",
        "dutyCycleProfile": "duty_1"
      },
      {
        "sensorIndex": 4,
        "heaterProfile": "heater_411",
        "dutyCycleProfile": "duty_1"
      },
      {
        "sensorIndex": 5,
        "heaterProfile": "heater_411",
        "dutyCycleProfile": "duty_1"
      },
      {
        "sensorIndex": 6,
        "heaterProfile": "heater_501",
        "dutyCycleProfile": "duty_1"
      },
      {
        "sensorIndex": 7,
        "heaterProfile": "heater_501",
        "dutyCycleProfile": "duty_1"
      }
    ]
  }
}
---- End of Config File ----
Loaded heater config: heater_354
Loaded heater config: heater_301
Loaded heater config: heater_411
Loaded heater config: heater_501
Loaded duty cycle profile: duty_1
Sensor config loaded: Sensor 0, Heater Profile: heater_354, Duty Cycle: duty_1
Sensor config loaded: Sensor 1, Heater Profile: heater_354, Duty Cycle: duty_1
Sensor config loaded: Sensor 2, Heater Profile: heater_301, Duty Cycle: duty_1
Sensor config loaded: Sensor 3, Heater Profile: heater_301, Duty Cycle: duty_1
Sensor config loaded: Sensor 4, Heater Profile: heater_411, Duty Cycle: duty_1
Sensor config loaded: Sensor 5, Heater Profile: heater_411, Duty Cycle: duty_1
Sensor config loaded: Sensor 6, Heater Profile: heater_501, Duty Cycle: duty_1
Sensor config loaded: Sensor 7, Heater Profile: heater_501, Duty Cycle: duty_1
Dynamic configuration loaded from SD card.
Attempting to load dynamic configuration from SD card...
---- SD Card Config File Contents ----
{
  "configHeader": {
    "dateCreated_ISO": "2024-07-12T18:24:41.240Z",
    "appVersion": "2.3.2",
    "boardType": "board_8",
    "boardMode": "heater_profile_exploration",
    "boardLayout": "grouped"
  },
  "configBody": {
    "heaterProfiles": [
      {
        "id": "heater_354",
        "timeBase": 140,
        "temperatureTimeVectors": [
          [
            320,
            5
          ],
          [
            100,
            2
          ],
          [
            100,
            10
          ],
          [
            100,
            30
          ],
          [
            200,
            5
          ],
          [
            200,
            5
          ],
          [
            200,
            5
          ],
          [
            320,
            5
          ],
          [
            320,
            5
          ],
          [
            320,
            5
          ]
        ]
      },
      {
        "id": "heater_301",
        "timeBase": 140,
        "temperatureTimeVectors": [
          [
            100,
            2
          ],
          [
            100,
            41
          ],
          [
            200,
            2
          ],
          [
            200,
            14
          ],
          [
            200,
            14
          ],
          [
            200,
            14
          ],
          [
            320,
            2
          ],
          [
            320,
            14
          ],
          [
            320,
            14
          ],
          [
            320,
            14
          ]
        ]
      },
      {
        "id": "heater_411",
        "timeBase": 140,
        "temperatureTimeVectors": [
          [
            100,
            43
          ],
          [
            320,
            2
          ],
          [
            170,
            43
          ],
          [
            320,
            2
          ],
          [
            240,
            2
          ],
          [
            240,
            20
          ],
          [
            240,
            21
          ],
          [
            320,
            2
          ],
          [
            320,
            20
          ],
          [
            320,
            21
          ]
        ]
      },
      {
        "id": "heater_501",
        "timeBase": 140,
        "temperatureTimeVectors": [
          [
            210,
            24
          ],
          [
            265,
            2
          ],
          [
            265,
            22
          ],
          [
            320,
            2
          ],
          [
            320,
            22
          ],
          [
            265,
            24
          ],
          [
            210,
            24
          ],
          [
            155,
            24
          ],
          [
            100,
            24
          ],
          [
            155,
            24
          ]
        ]
      }
    ],
    "dutyCycleProfiles": [
      {
        "id": "duty_1",
        "numberScanningCycles": 1,
        "numberSleepingCycles": 0
      }
    ],
    "sensorConfigurations": [
      {
        "sensorIndex": 0,
        "heaterProfile": "heater_354",
        "dutyCycleProfile": "duty_1"
      },
      {
        "sensorIndex": 1,
        "heaterProfile": "heater_354",
        "dutyCycleProfile": "duty_1"
      },
      {
        "sensorIndex": 2,
        "heaterProfile": "heater_301",
        "dutyCycleProfile": "duty_1"
      },
      {
        "sensorIndex": 3,
        "heaterProfile": "heater_301",
        "dutyCycleProfile": "duty_1"
      },
      {
        "sensorIndex": 4,
        "heaterProfile": "heater_411",
        "dutyCycleProfile": "duty_1"
      },
      {
        "sensorIndex": 5,
        "heaterProfile": "heater_411",
        "dutyCycleProfile": "duty_1"
      },
      {
        "sensorIndex": 6,
        "heaterProfile": "heater_501",
        "dutyCycleProfile": "duty_1"
      },
      {
        "sensorIndex": 7,
        "heaterProfile": "heater_501",
        "dutyCycleProfile": "duty_1"
      }
    ]
  }
}
---- End of Config File ----
Loaded heater config: heater_354
Loaded heater config: heater_301
Loaded heater config: heater_411
Loaded heater config: heater_501
Loaded duty cycle profile: duty_1
Sensor config loaded: Sensor 0, Heater Profile: heater_354, Duty Cycle: duty_1
Sensor config loaded: Sensor 1, Heater Profile: heater_354, Duty Cycle: duty_1
Sensor config loaded: Sensor 2, Heater Profile: heater_301, Duty Cycle: duty_1
Sensor config loaded: Sensor 3, Heater Profile: heater_301, Duty Cycle: duty_1
Sensor config loaded: Sensor 4, Heater Profile: heater_411, Duty Cycle: duty_1
Sensor config loaded: Sensor 5, Heater Profile: heater_411, Duty Cycle: duty_1
Sensor config loaded: Sensor 6, Heater Profile: heater_501, Duty Cycle: duty_1
Sensor config loaded: Sensor 7, Heater Profile: heater_501, Duty Cycle: duty_1
Dynamic configuration loaded from SD card.
Sensor duty cycles initialized (all use 'duty_1').
Sensor 0: BME68X: OK.
Sensor 1: BME68X: OK.
Sensor 2: BME68X: OK.
Sensor 3: BME68X: OK.
Sensor 4: BME68X: OK.
Sensor 5: BME68X: OK.
Sensor 6: BME68X: OK.
Sensor 7: BME68X: OK.
Assigning sensor configurations dynamically...
Sensor 0 assigned heater profile heater_354
Sensor 0 assigned duty cycle profile duty_1
Sensor 1 assigned heater profile heater_354
Sensor 1 assigned duty cycle profile duty_1
Sensor 2 assigned heater profile heater_301
Sensor 2 assigned duty cycle profile duty_1
Sensor 3 assigned heater profile heater_301
Sensor 3 assigned duty cycle profile duty_1
Sensor 4 assigned heater profile heater_411
Sensor 4 assigned duty cycle profile duty_1
Sensor 5 assigned heater profile heater_411
Sensor 5 assigned duty cycle profile duty_1
Sensor 6 assigned heater profile heater_501
Sensor 6 assigned duty cycle profile duty_1
Sensor 7 assigned heater profile heater_501
Sensor 7 assigned duty cycle profile duty_1
All BME68X sensors initialized
