Dynamic assignment: Failed to assign heater profile for sensor 0
Sensor 0 assigned duty cycle profile duty_5_10
ERROR: Setting heater profile failed for sensor. Error code: -1 - BME68X: Null pointer error.
Dynamic assignment: Failed to assign heater profile for sensor 1
Sensor 1 assigned duty cycle profile duty_5_10
ERROR: Setting heater profile failed for sensor. Error code: -1 - BME68X: Null pointer error.
Dynamic assignment: Failed to assign heater profile for sensor 2
Sensor 2 assigned duty cycle profile duty_5_10
ERROR: Setting heater profile failed for sensor. Error code: -1 - BME68X: Null pointer error.
Dynamic assignment: Failed to assign heater profile for sensor 3
Sensor 3 assigned duty cycle profile duty_5_10
ERROR: Setting heater profile failed for sensor. Error code: -1 - BME68X: Null pointer error.
Dynamic assignment: Failed to assign heater profile for sensor 4
Sensor 4 assigned duty cycle profile duty_5_10
ERROR: Setting heater profile failed for sensor. Error code: -1 - BME68X: Null pointer error.
Dynamic assignment: Failed to assign heater profile for sensor 5
Sensor 5 assigned duty cycle profile duty_5_10
ERROR: Setting heater profile failed for sensor. Error code: -1 - BME68X: Null pointer error.
Dynamic assignment: Failed to assign heater profile for sensor 6
Sensor 6 assigned duty cycle profile duty_5_10
ERROR: Setting heater profile failed for sensor. Error code: -1 - BME68X: Null pointer error.
Dynamic assignment: Failed to assign heater profile for sensor 7
Sensor 7 assigned duty cycle profile duty_5_10
Sensor 0: BME68X: OK.
Sensor 1: BME68X: OK.
Sensor 2: BME68X: OK.
Sensor 3: BME68X: OK.
Sensor 4: BME68X: OK.
Sensor 5: BME68X: OK.
Sensor 6: BME68X: OK.
Sensor 7: BME68X: OK.
All BME68X sensors initialized
