ets Jul 29 2019 12:21:46

rst:0x1 (POWERON_RESET),boot:0x13 (SPI_FAST_FLASH_BOOT)
configsip: 0, SPIWP:0xee
clk_drv:0x00,q_drv:0x00,d_drv:0x00,cs0_drv:0x00,hd_drv:0x00,wp_drv:0x00
mode:DIO, clock div:1
load:0x3fff0030,len:1184
load:0x40078000,len:13260
load:0x40080400,len:3028
entry 0x400805e4
Attempting to load dynamic configuration...
E (170) SPIFFS: mount failed, -10025
Config file empty. Using hardcoded configuration.
Hardcoded heater profiles initialized.
Hardcoded duty cycle profiles initialized.
Sensor duty cycles initialized (all use 'duty_1').
Sensor 0: BME68X: OK.
Sensor 1: BME68X: OK.
Sensor 2: BME68X: OK.
Sensor 3: BME68X: OK.
Sensor 4: BME68X: OK.
Sensor 5: BME68X: OK.
Sensor 6: BME68X: OK.
Sensor 7: BME68X: OK.
All BME68X sensors initialized
