Unknown command. Available commands: START, STOP, SEC_num (e.g., SEC_5000), GETHEAT
TimeStamp(ms),Label_Tag,HeaterProfile_ID,Sensor1_Temperature(deg C),Sensor1_Pressure(Pa),Sensor1_Humidity(%),Sensor1_GasResistance(ohm),Sensor1_Status,Sensor1_GasIndex,Sensor2_Temperature(deg C),Sensor2_Pressure(Pa),Sensor2_Humidity(%),Sensor2_GasResistance(ohm),Sensor2_Status,Sensor2_GasIndex,Sensor3_Temperature(deg C),Sensor3_Pressure(Pa),Sensor3_Humidity(%),Sensor3_GasResistance(ohm),Sensor3_Status,Sensor3_GasIndex,Sensor4_Temperature(deg C),Sensor4_Pressure(Pa),Sensor4_Humidity(%),Sensor4_GasResistance(ohm),Sensor4_Status,Sensor4_GasIndex,Sensor5_Temperature(deg C),Sensor5_Pressure(Pa),Sensor5_Humidity(%),Sensor5_GasResistance(ohm),Sensor5_Status,Sensor5_GasIndex,Sensor6_Temperature(deg C),Sensor6_Pressure(Pa),Sensor6_Humidity(%),Sensor6_GasResistance(ohm),Sensor6_Status,Sensor6_GasIndex,Sensor7_Temperature(deg C),Sensor7_Pressure(Pa),Sensor7_Humidity(%),Sensor7_GasResistance(ohm),Sensor7_Status,Sensor7_GasIndex,Sensor8_Temperature(deg C),Sensor8_Pressure(Pa),Sensor8_Humidity(%),Sensor8_GasResistance(ohm),Sensor8_Status,Sensor8_GasIndex
11394,1,1,0,38.28,99769.39,15.96,324667.09,90,0,77,186,0,16
11395,1,1,0,38.30,99770.25,15.94,324667.09,90,0,78,186,0,16
11395,1,1,0,38.31,99771.17,15.93,324667.09,90,0,79,186,0,16
11396,1,1,1,38.35,99751.87,15.91,310209.03,90,0,77,183,0,16
11396,1,1,1,38.36,99750.33,15.91,310209.03,90,0,78,183,0,16
11396,1,1,1,38.38,99752.30,15.91,310209.03,90,0,79,183,0,16
11397,1,1,2,39.26,99767.19,15.52,228113.17,90,0,77,186,0,16
11397,1,1,2,39.28,99765.89,15.50,228113.17,90,0,78,186,0,16
11397,1,1,2,39.31,99769.62,15.51,228113.17,90,0,79,186,0,16
11398,1,1,3,39.50,99744.30,15.18,365322.87,90,0,77,186,0,16
11398,1,1,3,39.51,99742.50,15.18,365322.87,90,0,78,186,0,16
11399,1,1,3,39.53,99743.53,15.18,365322.87,90,0,79,186,0,16
11400,1,1,4,39.88,99803.23,14.05,311057.09,90,0,77,189,0,16
11400,1,1,4,39.91,99803.19,14.04,311057.09,90,0,78,189,0,16
11400,1,1,4,39.92,99803.68,14.03,311057.09,90,0,79,189,0,16
11401,1,1,5,39.72,99819.25,14.46,296210.59,90,0,77,181,0,16
11401,1,1,5,39.73,99818.79,14.46,296210.59,90,0,78,181,0,16
11401,1,1,5,39.75,99819.09,14.44,296210.59,90,0,79,181,0,16
11402,1,1,6,39.61,99814.34,14.37,276981.34,90,0,77,174,0,16
11402,1,1,6,39.63,99815.52,14.36,276981.34,90,0,78,174,0,16
11403,1,1,6,39.65,99814.67,14.36,276981.34,90,0,79,174,0,16
11403,1,1,7,39.44,99799.55,14.50,352860.09,90,0,77,176,0,16
11404,1,1,7,39.46,99798.53,14.51,352860.09,90,0,78,176,0,16
11404,1,1,7,39.47,99798.31,14.49,352860.09,90,0,79,176,0,16
11534,1,1,0,38.33,99773.07,15.95,324667.09,90,0,80,186,0,16
11535,1,1,1,38.40,99751.38,15.91,310209.03,90,0,80,183,0,16
11536,1,1,2,39.31,99766.84,15.50,228113.17,90,0,80,186,0,16
11537,1,1,3,39.55,99744.36,15.18,365322.87,90,0,80,186,0,16
11538,1,1,4,39.94,99802.60,14.03,311057.09,90,0,80,189,0,16
11539,1,1,5,39.76,99820.23,14.44,296210.59,90,0,80,181,0,16
11540,1,1,6,39.66,99814.77,14.35,276981.34,90,0,80,174,0,16
11541,1,1,7,39.48,99796.39,14.49,352860.09,90,0,80,176,0,16
11674,1,1,0,38.34,99770.64,15.95,338177.00,b0,0,81,186,32,16
11675,1,1,1,38.41,99752.52,15.90,330642.56,b0,0,81,183,32,16
11676,1,1,2,39.33,99766.21,15.50,244976.08,b0,0,81,186,32,16
11677,1,1,3,39.58,99743.70,15.20,393392.25,b0,0,81,186,32,16
11678,1,1,4,39.95,99802.86,14.02,329366.34,b0,0,81,189,32,16
11679,1,1,5,39.78,99821.03,14.43,315659.69,b0,0,81,181,32,16
11680,1,1,6,39.67,99813.88,14.35,293409.75,b0,0,81,174,32,16
11681,1,1,7,39.49,99798.85,14.49,381520.13,b0,0,81,175,32,16
11814,1,1,0,38.17,99777.05,15.93,338177.00,90,1,82,100,0,16
11815,1,1,1,38.25,99755.94,15.88,330642.56,90,1,82,98,0,16
11816,1,1,2,39.16,99770.89,15.49,244976.08,90,1,82,102,0,16
11817,1,1,3,39.41,99750.34,15.14,393392.25,90,1,82,99,0,16
11818,1,1,4,39.79,99808.13,14.01,329366.34,90,1,82,102,0,16
11819,1,1,5,39.58,99824.56,14.39,315659.69,90,1,82,96,0,16
11820,1,1,6,39.50,99820.99,14.32,293409.75,90,1,82,95,0,16
11821,1,1,7,39.32,99806.09,14.46,381520.13,90,1,82,95,0,16
11954,1,1,0,37.86,99775.66,15.88,45542740.00,b0,1,83,101,32,16
11955,1,1,1,37.95,99759.91,15.85,50267304.00,b0,1,83,99,32,16
11956,1,1,2,38.87,99768.20,15.46,36551032.00,a0,1,83,102,32,0
11957,1,1,3,39.11,99750.20,15.11,75633008.00,b0,1,83,99,32,16
11958,1,1,4,39.47,99808.14,13.97,59389216.00,b0,1,83,101,32,16
11959,1,1,5,39.25,99822.81,14.37,54636100.00,b0,1,83,96,32,16
11960,1,1,6,39.18,99824.58,14.30,43763608.00,b0,1,83,94,32,16
11961,1,1,7,39.00,99802.81,14.43,56802600.00,b0,1,83,95,32,16
12094,1,1,0,37.60,99776.55,15.86,45542740.00,90,2,84,102,0,16
12095,1,1,1,37.71,99757.84,15.84,50267304.00,90,2,84,100,0,16
12096,1,1,2,38.63,99768.04,15.42,36551032.00,80,2,84,103,0,0
12097,1,1,3,38.85,99744.77,15.09,75633008.00,90,2,84,100,0,16
12098,1,1,4,39.21,99806.56,13.95,59389216.00,90,2,84,102,0,16
12099,1,1,5,39.00,99825.05,14.36,54636100.00,90,2,84,97,0,16
12100,1,1,6,38.94,99819.48,14.27,43763608.00,90,2,84,95,0,16
12101,1,1,7,38.76,99807.19,14.40,56802600.00,90,2,84,96,0,16
12234,1,1,0,37.43,99777.06,15.86,45542740.00,90,2,85,102,0,16
12235,1,1,1,37.54,99759.38,15.80,50267304.00,90,2,85,100,0,16
12236,1,1,2,38.45,99766.29,15.40,36551032.00,80,2,85,103,0,0
12237,1,1,3,38.67,99748.46,15.10,75633008.00,90,2,85,100,0,16
12238,1,1,4,39.03,99804.91,13.93,59389216.00,90,2,85,102,0,16
12239,1,1,5,38.80,99821.95,14.33,54636100.00,90,2,85,97,0,16
12240,1,1,6,38.75,99820.34,14.25,43763608.00,90,2,85,95,0,16
12241,1,1,7,38.57,99805.36,14.38,56802600.00,90,2,85,96,0,16
12374,1,1,0,37.28,99774.73,15.83,45542740.00,90,2,86,102,0,16
12375,1,1,1,37.40,99758.44,15.80,50267304.00,90,2,86,100,0,16
12376,1,1,2,38.31,99766.01,15.40,36551032.00,80,2,86,103,0,0
12377,1,1,3,38.52,99745.34,15.07,75633008.00,90,2,86,100,0,16
12378,1,1,4,38.89,99805.20,13.93,59389216.00,90,2,86,102,0,16
12379,1,1,5,38.65,99821.68,14.31,54636100.00,90,2,86,97,0,16
12380,1,1,6,38.61,99819.24,14.24,43763608.00,90,2,86,95,0,16
12381,1,1,7,38.43,99803.92,14.38,56802600.00,90,2,86,96,0,16
12514,1,1,0,37.17,99771.94,15.80,45542740.00,90,2,87,102,0,16
12515,1,1,1,37.29,99756.98,15.79,50267304.00,90,2,87,100,0,16
12516,1,1,2,38.20,99763.88,15.38,36551032.00,80,2,87,103,0,0
12517,1,1,3,38.41,99745.23,15.07,75633008.00,90,2,87,100,0,16
12518,1,1,4,38.78,99803.57,13.93,59389216.00,90,2,87,102,0,16
12519,1,1,5,38.54,99825.42,14.29,54636100.00,90,2,87,97,0,16
12520,1,1,6,38.49,99816.79,14.23,43763608.00,90,2,87,95,0,16
12521,1,1,7,38.33,99801.03,14.36,56802600.00,90,2,87,96,0,16
12654,1,1,0,37.08,99772.16,15.80,45542740.00,90,2,88,102,0,16
12655,1,1,1,37.20,99756.03,15.79,50267304.00,90,2,88,100,0,16
12656,1,1,2,38.11,99764.87,15.37,36551032.00,80,2,88,103,0,0
12657,1,1,3,38.32,99743.89,15.06,75633008.00,90,2,88,100,0,16
12658,1,1,4,38.69,99804.38,13.91,59389216.00,90,2,88,102,0,16
12659,1,1,5,38.46,99824.78,14.31,54636100.00,90,2,88,97,0,16
12660,1,1,6,38.40,99815.55,14.23,43763608.00,90,2,88,95,0,16
12661,1,1,7,38.24,99802.38,14.37,56802600.00,90,2,88,96,0,16
12794,1,1,0,37.01,99773.14,15.80,45542740.00,90,2,89,102,0,16
12795,1,1,1,37.13,99755.20,15.78,50267304.00,90,2,89,100,0,16
12796,1,1,2,38.04,99764.28,15.39,36551032.00,80,2,89,103,0,0
12797,1,1,3,38.25,99745.27,15.04,75633008.00,90,2,89,100,0,16
12798,1,1,4,38.62,99803.95,13.91,59389216.00,90,2,89,102,0,16
12799,1,1,5,38.38,99823.78,14.29,54636100.00,90,2,89,97,0,16
12800,1,1,6,38.34,99814.83,14.24,43763608.00,90,2,89,95,0,16
12801,1,1,7,38.17,99802.41,14.36,56802600.00,90,2,89,96,0,16
12934,1,1,0,36.95,99772.63,15.81,45542740.00,90,2,90,102,0,16
12935,1,1,1,37.08,99756.34,15.78,50267304.00,90,2,90,100,0,16
12936,1,1,2,37.97,99763.07,15.36,36551032.00,80,2,90,103,0,0
12937,1,1,3,38.20,99744.44,15.04,75633008.00,90,2,90,100,0,16
12938,1,1,4,38.57,99803.36,13.91,59389216.00,90,2,90,102,0,16
12939,1,1,5,38.33,99823.84,14.29,54636100.00,90,2,90,97,0,16
12940,1,1,6,38.28,99815.64,14.23,43763608.00,90,2,90,95,0,16
12941,1,1,7,38.12,99802.33,14.34,56802600.00,90,2,90,96,0,16
13074,1,1,0,36.90,99773.72,15.80,45542740.00,90,2,91,102,0,16
13075,1,1,1,37.03,99756.02,15.77,50267304.00,90,2,91,100,0,16
13076,1,1,2,37.91,99761.77,15.37,36551032.00,80,2,91,103,0,0
13077,1,1,3,38.15,99744.95,15.04,75633008.00,90,2,91,100,0,16
13078,1,1,4,38.53,99803.71,13.93,59389216.00,90,2,91,102,0,16
13079,1,1,5,38.28,99822.47,14.30,54636100.00,90,2,91,97,0,16
13080,1,1,6,38.22,99815.34,14.24,43763608.00,90,2,91,95,0,16
13081,1,1,7,38.07,99799.87,14.35,56802600.00,90,2,91,96,0,16
13214,1,1,0,36.86,99775.02,15.80,45542740.00,90,2,92,102,0,16
13215,1,1,1,36.99,99755.23,15.77,50267304.00,90,2,92,100,0,16
13216,1,1,2,37.87,99763.70,15.42,36551032.00,80,2,92,103,0,0
13217,1,1,3,38.10,99746.05,15.06,75633008.00,90,2,92,100,0,16
13218,1,1,4,38.49,99806.03,13.92,59389216.00,90,2,92,102,0,16
13219,1,1,5,38.24,99821.88,14.31,54636100.00,90,2,92,97,0,16
13220,1,1,6,38.19,99815.16,14.23,43763608.00,90,2,92,95,0,16
13221,1,1,7,38.04,99802.76,14.38,56802600.00,90,2,92,96,0,16
13354,1,1,0,36.83,99772.93,15.81,44028216.00,a0,2,93,102,32,0
13355,1,1,1,36.95,99754.52,15.78,44161724.00,a0,2,93,100,32,0
13356,1,1,2,37.83,99762.00,15.33,32331524.00,b0,2,93,103,32,16
13357,1,1,3,38.06,99745.49,15.04,69663568.00,b0,2,93,100,32,16
13358,1,1,4,38.46,99806.66,13.92,55398140.00,b0,2,93,102,32,16
13359,1,1,5,38.21,99820.39,14.30,46611664.00,b0,2,93,97,32,16
13360,1,1,6,38.16,99814.61,14.25,38997916.00,b0,2,93,95,32,16
13361,1,1,7,38.00,99801.96,14.37,52597112.00,b0,2,93,96,32,16
13494,1,1,0,36.80,99772.62,15.81,44028216.00,80,3,94,102,0,0
13495,1,1,1,36.92,99755.03,15.79,44161724.00,80,3,94,100,0,0
13496,1,1,2,37.79,99766.40,15.27,32331524.00,90,3,94,103,0,16
13497,1,1,3,38.02,99743.80,15.05,69663568.00,90,3,94,100,0,16
13498,1,1,4,38.41,99803.39,13.93,55398140.00,90,3,94,102,0,16
13499,1,1,5,38.18,99822.58,14.31,46611664.00,90,3,94,97,0,16
13500,1,1,6,38.13,99814.45,14.26,38997916.00,90,3,94,95,0,16
13501,1,1,7,37.98,99801.68,14.37,52597112.00,90,3,94,96,0,16
13634,1,1,0,36.77,99773.66,15.80,44028216.00,80,3,95,102,0,0
13635,1,1,1,36.90,99756.23,15.77,44161724.00,80,3,95,100,0,0
13636,1,1,2,37.76,99765.65,15.41,32331524.00,90,3,95,103,0,16
13637,1,1,3,37.99,99744.02,15.05,69663568.00,90,3,95,100,0,16
13638,1,1,4,38.39,99804.68,13.93,55398140.00,90,3,95,102,0,16
13639,1,1,5,38.14,99821.44,14.31,46611664.00,90,3,95,97,0,16
13640,1,1,6,38.10,99814.84,14.25,38997916.00,90,3,95,95,0,16
13641,1,1,7,37.95,99800.96,14.38,52597112.00,90,3,95,96,0,16
13774,1,1,0,36.76,99773.95,15.81,44028216.00,80,3,96,102,0,0
13775,1,1,1,36.89,99756.41,15.81,44161724.00,80,3,96,100,0,0
13776,1,1,2,37.74,99769.58,15.35,32331524.00,90,3,96,103,0,16
13777,1,1,3,37.97,99744.29,15.05,69663568.00,90,3,96,100,0,16
13778,1,1,4,38.36,99806.04,13.94,55398140.00,90,3,96,102,0,16
13779,1,1,5,38.10,99820.53,14.32,46611664.00,90,3,96,97,0,16
13780,1,1,6,38.07,99815.23,14.26,38997916.00,90,3,96,95,0,16
13781,1,1,7,37.91,99800.16,14.38,52597112.00,90,3,96,96,0,16
13914,1,1,0,36.75,99774.08,15.81,44028216.00,80,3,97,102,0,0
13915,1,1,1,36.87,99757.13,15.82,44161724.00,80,3,97,100,0,0
13916,1,1,2,37.71,99764.89,15.34,32331524.00,90,3,97,103,0,16
13917,1,1,3,37.94,99741.52,15.07,69663568.00,90,3,97,100,0,16
13918,1,1,4,38.34,99806.22,13.96,55398140.00,90,3,97,102,0,16
13919,1,1,5,38.07,99822.52,14.32,46611664.00,90,3,97,97,0,16
13920,1,1,6,38.05,99815.48,14.26,38997916.00,90,3,97,95,0,16
13921,1,1,7,37.90,99802.50,14.38,52597112.00,90,3,97,96,0,16
14054,1,1,0,36.73,99774.05,15.82,44028216.00,80,3,98,102,0,0
14055,1,1,1,36.86,99754.37,15.93,44161724.00,80,3,98,100,0,0
14056,1,1,2,37.70,99767.29,15.38,32331524.00,90,3,98,103,0,16
14056,1,1,2,37.68,99765.89,15.38,32331524.00,90,3,99,103,0,16
14057,1,1,3,37.92,99742.92,15.07,69663568.00,90,3,98,100,0,16
14058,1,1,4,38.31,99803.81,13.95,55398140.00,90,3,98,102,0,16
14059,1,1,5,38.05,99823.64,14.33,46611664.00,90,3,98,97,0,16
14060,1,1,6,38.02,99814.95,14.28,38997916.00,90,3,98,95,0,16
14061,1,1,7,37.87,99801.77,14.39,52597112.00,90,3,98,96,0,16
14194,1,1,0,36.72,99773.70,15.84,44028216.00,80,3,99,102,0,0
14195,1,1,1,36.84,99756.09,15.66,44161724.00,80,3,99,100,0,0
14196,1,1,2,37.67,99766.59,15.38,32331524.00,90,3,100,103,0,16
14197,1,1,3,37.89,99740.38,15.06,69663568.00,90,3,99,100,0,16
14198,1,1,4,38.28,99801.93,13.96,55398140.00,90,3,99,102,0,16
14199,1,1,5,38.02,99822.22,14.34,46611664.00,90,3,99,97,0,16
14200,1,1,6,37.99,99813.70,14.27,38997916.00,90,3,99,95,0,16
14201,1,1,7,37.83,99799.23,14.41,52597112.00,90,3,99,96,0,16
14334,1,1,0,36.71,99774.20,15.84,44028216.00,80,3,100,102,0,0
14335,1,1,1,36.83,99753.75,15.88,44161724.00,80,3,100,100,0,0
14336,1,1,2,37.65,99767.38,15.40,32331524.00,90,3,101,103,0,16
14337,1,1,3,37.87,99740.66,15.07,69663568.00,90,3,100,100,0,16
14338,1,1,4,38.26,99802.24,13.97,55398140.00,90,3,100,102,0,16
14339,1,1,5,38.01,99823.57,14.36,46611664.00,90,3,100,97,0,16
14340,1,1,6,37.98,99816.03,14.28,38997916.00,90,3,100,95,0,16
14341,1,1,7,37.83,99798.59,14.41,52597112.00,90,3,100,96,0,16
14474,1,1,0,36.70,99773.47,15.82,44028216.00,80,3,101,102,0,0
14475,1,1,1,36.82,99755.15,15.76,44161724.00,80,3,101,100,0,0
14476,1,1,2,37.63,99763.73,15.39,32331524.00,90,3,102,103,0,16
14477,1,1,3,37.87,99743.26,15.09,69663568.00,90,3,101,100,0,16
14478,1,1,4,38.25,99803.47,13.98,55398140.00,90,3,101,102,0,16
14479,1,1,5,37.99,99821.81,14.35,46611664.00,90,3,101,97,0,16
14480,1,1,6,37.97,99814.67,14.30,38997916.00,90,3,101,95,0,16
14481,1,1,7,37.81,99801.34,14.41,52597112.00,90,3,101,96,0,16
14614,1,1,0,36.69,99773.52,15.83,44028216.00,80,3,102,102,0,0
14615,1,1,1,36.80,99754.36,15.71,44161724.00,80,3,102,100,0,0
14616,1,1,2,37.61,99763.46,15.40,32331524.00,90,3,103,103,0,16
14617,1,1,3,37.86,99743.58,15.11,69663568.00,90,3,102,100,0,16
14618,1,1,4,38.22,99802.87,13.98,55398140.00,90,3,102,102,0,16
14619,1,1,5,37.97,99821.53,14.35,46611664.00,90,3,102,97,0,16
14620,1,1,6,37.95,99816.60,14.30,38997916.00,90,3,102,95,0,16
14621,1,1,7,37.80,99800.79,14.43,52597112.00,90,3,102,96,0,16
14754,1,1,0,36.68,99772.68,15.83,44028216.00,80,3,103,102,0,0
14755,1,1,1,36.80,99755.84,15.90,44161724.00,80,3,103,100,0,0
14756,1,1,2,37.61,99766.59,15.40,32331524.00,90,3,104,103,0,16
14757,1,1,3,37.84,99741.79,15.09,69663568.00,90,3,103,100,0,16
14758,1,1,4,38.21,99800.88,13.97,55398140.00,90,3,103,102,0,16
14759,1,1,5,37.96,99821.81,14.36,46611664.00,90,3,103,97,0,16
14760,1,1,6,37.94,99815.61,14.30,38997916.00,90,3,103,95,0,16
14761,1,1,7,37.78,99799.14,14.41,52597112.00,90,3,103,96,0,16
14894,1,1,0,36.67,99775.85,15.84,44028216.00,80,3,104,102,0,0
14895,1,1,1,36.78,99754.75,15.81,44161724.00,80,3,104,100,0,0
14896,1,1,2,37.59,99763.34,15.41,32331524.00,90,3,105,103,0,16
14897,1,1,3,37.82,99740.97,15.09,69663568.00,90,3,104,100,0,16
14898,1,1,4,38.20,99802.68,14.00,55398140.00,90,3,104,102,0,16
14899,1,1,5,37.95,99822.48,14.36,46611664.00,90,3,104,97,0,16
14900,1,1,6,37.92,99814.43,14.31,38997916.00,90,3,104,95,0,16
14901,1,1,7,37.78,99800.16,14.44,52597112.00,90,3,104,96,0,16
15034,1,1,0,36.66,99774.00,15.84,44028216.00,80,3,105,102,0,0
15035,1,1,1,36.76,99753.23,15.83,44161724.00,80,3,105,100,0,0
15035,1,1,1,36.76,99754.44,15.85,44161724.00,80,3,106,100,0,0
15036,1,1,2,37.58,99763.69,15.42,32331524.00,90,3,106,103,0,16
15037,1,1,3,37.81,99742.05,15.10,69663568.00,90,3,105,100,0,16
15038,1,1,4,38.18,99801.28,14.00,55398140.00,90,3,105,102,0,16
15039,1,1,5,37.93,99820.36,14.37,46611664.00,90,3,105,97,0,16
15040,1,1,6,37.91,99812.90,14.33,38997916.00,90,3,105,95,0,16
15041,1,1,7,37.75,99798.41,14.45,52597112.00,90,3,105,96,0,16
15174,1,1,0,36.66,99772.39,15.85,44028216.00,80,3,106,102,0,0
15175,1,1,1,36.75,99754.30,15.83,44161724.00,80,3,107,100,0,0
15176,1,1,2,37.57,99763.36,15.41,32331524.00,90,3,107,103,0,16
15177,1,1,3,37.80,99741.59,15.12,69663568.00,90,3,106,100,0,16
15178,1,1,4,38.18,99802.46,13.99,55398140.00,90,3,106,102,0,16
15179,1,1,5,37.92,99820.88,14.37,46611664.00,90,3,106,97,0,16
15180,1,1,6,37.91,99815.42,14.34,38997916.00,90,3,106,95,0,16
15181,1,1,7,37.75,99798.88,14.47,52597112.00,90,3,106,96,0,16
15314,1,1,0,36.64,99774.33,15.85,44028216.00,80,3,107,102,0,0
15315,1,1,1,36.73,99755.02,15.84,44161724.00,80,3,108,100,0,0
15316,1,1,2,37.56,99761.83,15.42,32331524.00,90,3,108,103,0,16
15317,1,1,3,37.79,99743.47,15.11,69663568.00,90,3,107,100,0,16
15318,1,1,4,38.16,99801.42,13.99,55398140.00,90,3,107,102,0,16
15319,1,1,5,37.91,99821.01,14.39,46611664.00,90,3,107,97,0,16
15320,1,1,6,37.89,99813.32,14.38,38997916.00,90,3,107,95,0,16
15321,1,1,7,37.73,99799.46,14.46,52597112.00,90,3,107,96,0,16
TimeStamp(ms),Label_Tag,HeaterProfile_ID,Sensor1_Temperature(deg C),Sensor1_Pressure(Pa),Sensor1_Humidity(%),Sensor1_GasResistance(ohm),Sensor1_Status,Sensor1_GasIndex,Sensor2_Temperature(deg C),Sensor2_Pressure(Pa),Sensor2_Humidity(%),Sensor2_GasResistance(ohm),Sensor2_Status,Sensor2_GasIndex,Sensor3_Temperature(deg C),Sensor3_Pressure(Pa),Sensor3_Humidity(%),Sensor3_GasResistance(ohm),Sensor3_Status,Sensor3_GasIndex,Sensor4_Temperature(deg C),Sensor4_Pressure(Pa),Sensor4_Humidity(%),Sensor4_GasResistance(ohm),Sensor4_Status,Sensor4_GasIndex,Sensor5_Temperature(deg C),Sensor5_Pressure(Pa),Sensor5_Humidity(%),Sensor5_GasResistance(ohm),Sensor5_Status,Sensor5_GasIndex,Sensor6_Temperature(deg C),Sensor6_Pressure(Pa),Sensor6_Humidity(%),Sensor6_GasResistance(ohm),Sensor6_Status,Sensor6_GasIndex,Sensor7_Temperature(deg C),Sensor7_Pressure(Pa),Sensor7_Humidity(%),Sensor7_GasResistance(ohm),Sensor7_Status,Sensor7_GasIndex,Sensor8_Temperature(deg C),Sensor8_Pressure(Pa),Sensor8_Humidity(%),Sensor8_GasResistance(ohm),Sensor8_Status,Sensor8_GasIndex
27161,1,1,0,36.68,99778.21,15.51,47063556.00,90,3,190,102,0,16
27161,1,1,0,36.68,99777.72,15.51,47063556.00,90,3,191,102,0,16
27162,1,1,0,36.68,99779.61,15.51,47063556.00,90,3,192,102,0,16
27163,1,1,1,36.78,99759.63,15.43,49752136.00,90,3,191,100,0,16
27163,1,1,1,36.76,99759.51,15.44,49752136.00,90,3,192,100,0,16
27163,1,1,1,36.77,99760.86,15.45,49752136.00,90,3,193,100,0,16
27164,1,1,2,37.59,99771.66,15.06,35685272.00,90,3,191,103,0,16
27164,1,1,2,37.58,99770.76,15.07,35685272.00,90,3,192,103,0,16
27164,1,1,2,37.58,99773.77,15.07,35685272.00,90,3,193,103,0,16
27165,1,1,3,37.79,99746.46,14.71,76027840.00,90,3,190,100,0,16
27165,1,1,3,37.79,99746.41,14.71,76027840.00,90,3,191,100,0,16
27166,1,1,3,37.79,99748.66,14.71,76027840.00,90,3,192,100,0,16
27166,1,1,4,38.14,99806.70,13.67,60124772.00,90,3,190,102,0,16
27167,1,1,4,38.12,99806.99,13.67,60124772.00,90,3,191,102,0,16
27167,1,1,4,38.12,99807.77,13.68,60124772.00,90,3,192,102,0,16
27168,1,1,5,37.89,99827.41,14.08,51940560.00,90,3,190,97,0,16
27168,1,1,5,37.89,99827.41,14.08,51940560.00,90,3,191,97,0,16
27168,1,1,5,37.88,99827.16,14.08,51940560.00,90,3,192,97,0,16
27169,1,1,6,37.89,99819.01,14.02,42528228.00,90,3,191,95,0,16
27169,1,1,6,37.88,99818.95,14.03,42528228.00,90,3,192,95,0,16
27169,1,1,6,37.88,99821.17,14.02,42528228.00,90,3,193,95,0,16
27170,1,1,7,37.73,99806.27,14.15,57324296.00,90,3,191,96,0,16
27170,1,1,7,37.71,99804.24,14.16,57324296.00,90,3,192,96,0,16
27171,1,1,7,37.72,99806.70,14.17,57324296.00,90,3,193,96,0,16
27301,1,1,0,36.68,99780.80,15.52,47063556.00,90,3,193,102,0,16
27302,1,1,1,36.76,99761.34,15.44,49752136.00,90,3,194,100,0,16
27303,1,1,2,37.57,99772.37,15.09,35685272.00,90,3,194,103,0,16
27304,1,1,3,37.78,99750.12,14.81,76027840.00,90,3,193,100,0,16
27305,1,1,4,38.11,99806.35,13.70,60124772.00,90,3,193,102,0,16
27306,1,1,5,37.88,99828.62,14.08,51940560.00,90,3,193,97,0,16
27307,1,1,6,37.88,99823.02,14.02,42528228.00,90,3,194,95,0,16
27308,1,1,7,37.71,99805.15,14.16,57324296.00,90,3,194,96,0,16
27441,1,1,0,36.67,99780.55,15.52,47063556.00,90,3,194,102,0,16
27442,1,1,1,36.76,99761.34,15.46,49752136.00,90,3,195,100,0,16
27443,1,1,2,37.57,99771.86,15.08,35685272.00,90,3,195,103,0,16
27444,1,1,3,37.77,99749.34,14.73,76027840.00,90,3,194,100,0,16
27445,1,1,4,38.11,99807.68,13.71,60124772.00,90,3,194,102,0,16
27446,1,1,5,37.87,99829.46,14.10,51940560.00,90,3,194,97,0,16
27447,1,1,6,37.87,99820.02,14.02,42528228.00,90,3,195,95,0,16
27448,1,1,7,37.71,99805.33,14.17,57324296.00,90,3,195,96,0,16
27581,1,1,0,36.67,99780.42,15.52,47063556.00,90,3,195,102,0,16
27582,1,1,1,36.75,99762.52,15.45,49752136.00,90,3,196,100,0,16
27583,1,1,2,37.55,99771.27,15.08,35685272.00,90,3,196,103,0,16
27584,1,1,3,37.77,99747.81,14.75,76027840.00,90,3,195,100,0,16
27585,1,1,4,38.10,99808.89,13.70,60124772.00,90,3,195,102,0,16
27586,1,1,5,37.85,99827.38,14.09,51940560.00,90,3,195,97,0,16
27587,1,1,6,37.86,99820.70,14.04,42528228.00,90,3,196,95,0,16
27588,1,1,7,37.70,99806.84,14.17,57324296.00,90,3,196,96,0,16
27721,1,1,0,36.66,99780.55,15.53,47063556.00,90,3,196,102,0,16
27722,1,1,1,36.74,99761.42,15.44,49752136.00,90,3,197,100,0,16
27723,1,1,2,37.56,99771.48,15.08,35685272.00,90,3,197,103,0,16
27724,1,1,3,37.76,99749.09,14.75,76027840.00,90,3,196,100,0,16
27724,1,1,3,37.75,99749.26,14.73,76027840.00,90,3,197,100,0,16
27725,1,1,4,38.09,99807.81,13.69,60124772.00,90,3,196,102,0,16
27726,1,1,5,37.85,99828.59,14.09,51940560.00,90,3,196,97,0,16
27727,1,1,6,37.85,99821.57,14.04,42528228.00,90,3,197,95,0,16
27728,1,1,7,37.69,99806.94,14.18,57324296.00,90,3,197,96,0,16
27861,1,1,0,36.67,99780.78,15.54,47063556.00,90,3,197,102,0,16
27862,1,1,1,36.74,99761.38,15.46,49752136.00,90,3,198,100,0,16
27863,1,1,2,37.55,99772.70,15.08,35685272.00,90,3,198,103,0,16
27864,1,1,3,37.75,99749.78,14.73,76027840.00,90,3,198,100,0,16
27865,1,1,4,38.08,99808.61,13.72,60124772.00,90,3,197,102,0,16
27866,1,1,5,37.84,99828.94,14.10,51940560.00,90,3,197,97,0,16
27867,1,1,6,37.85,99823.04,14.04,42528228.00,90,3,198,95,0,16
27868,1,1,7,37.68,99806.62,14.19,57324296.00,90,3,198,96,0,16
28001,1,1,0,36.67,99780.99,15.52,47063556.00,90,3,198,102,0,16
28002,1,1,1,36.75,99762.02,15.46,49752136.00,90,3,199,100,0,16
28003,1,1,2,37.55,99773.01,15.09,35685272.00,90,3,199,103,0,16
28004,1,1,3,37.74,99749.95,14.75,76027840.00,90,3,199,100,0,16
28005,1,1,4,38.08,99807.90,13.70,60124772.00,90,3,198,102,0,16
28006,1,1,5,37.83,99829.40,14.09,51940560.00,90,3,198,97,0,16
28007,1,1,6,37.84,99822.42,14.05,42528228.00,90,3,199,95,0,16
28008,1,1,7,37.67,99804.66,14.17,57324296.00,90,3,199,96,0,16
28141,1,1,0,36.66,99779.80,15.53,47063556.00,90,3,199,102,0,16
28142,1,1,1,36.74,99764.17,15.46,41360680.00,b0,3,200,100,32,16
28143,1,1,2,37.55,99773.54,15.09,29614098.00,b0,3,200,103,32,16
28144,1,1,3,37.74,99750.87,14.75,64999752.00,b0,3,200,100,32,16
28145,1,1,4,38.07,99808.53,13.72,60124772.00,90,3,199,102,0,16
28146,1,1,5,37.82,99829.72,14.11,51940560.00,90,3,199,97,0,16
28147,1,1,6,37.83,99823.83,14.05,35224940.00,a0,3,200,95,32,0
28148,1,1,7,37.66,99808.30,14.18,48889220.00,b0,3,200,96,32,16
28281,1,1,0,36.67,99780.78,15.53,44386048.00,a0,3,200,102,32,0
28282,1,1,1,36.85,99762.40,15.46,41360680.00,90,4,201,148,0,16
28283,1,1,2,37.64,99769.30,15.12,29614098.00,90,4,201,150,0,16
28284,1,1,3,37.84,99747.07,14.77,64999752.00,90,4,201,150,0,16
28285,1,1,4,38.07,99809.09,13.70,53238016.00,b0,3,200,102,32,16
28286,1,1,5,37.82,99829.14,14.12,39670704.00,b0,3,200,97,32,16
28287,1,1,6,37.93,99820.20,14.06,35224940.00,80,4,201,139,0,0
28288,1,1,7,37.76,99804.84,14.20,48889220.00,90,4,201,141,0,16
28421,1,1,0,36.76,99778.36,15.56,44386048.00,80,4,201,149,0,0
28422,1,1,1,37.04,99760.91,15.49,41360680.00,90,4,202,148,0,16
28423,1,1,2,37.84,99771.28,15.12,29614098.00,90,4,202,150,0,16
28424,1,1,3,38.06,99749.95,14.79,64999752.00,90,4,202,150,0,16
28425,1,1,4,38.19,99806.93,13.74,53238016.00,90,4,201,152,0,16
28426,1,1,5,37.94,99826.97,14.13,39670704.00,90,4,201,146,0,16
28427,1,1,6,38.14,99821.53,14.08,35224940.00,80,4,202,139,0,0
28428,1,1,7,37.97,99806.68,14.22,48889220.00,90,4,202,141,0,16
28561,1,1,0,36.96,99782.09,15.58,44386048.00,80,4,202,149,0,0
28562,1,1,1,37.20,99761.62,15.52,41360680.00,90,4,203,148,0,16
28563,1,1,2,38.00,99770.74,15.13,29614098.00,90,4,203,150,0,16
28564,1,1,3,38.22,99749.81,14.80,64999752.00,90,4,203,150,0,16
28565,1,1,4,38.40,99809.52,13.76,53238016.00,90,4,202,152,0,16
28566,1,1,5,38.15,99825.89,14.14,39670704.00,90,4,202,146,0,16
28567,1,1,6,38.31,99823.01,14.11,35224940.00,80,4,203,139,0,0
28568,1,1,7,38.12,99807.60,14.24,48889220.00,90,4,203,141,0,16
28701,1,1,0,37.12,99779.49,15.58,44386048.00,80,4,203,149,0,0
28702,1,1,1,37.31,99763.24,15.53,41360680.00,90,4,204,148,0,16
28703,1,1,2,38.10,99772.09,15.14,29614098.00,90,4,204,150,0,16
28704,1,1,3,38.35,99753.95,14.80,64999752.00,90,4,204,150,0,16
28705,1,1,4,38.56,99810.47,13.76,53238016.00,90,4,203,152,0,16
28706,1,1,5,38.33,99827.62,14.17,39670704.00,90,4,203,146,0,16
28707,1,1,6,38.43,99824.57,14.12,35224940.00,80,4,204,139,0,0
28708,1,1,7,38.24,99809.34,14.24,48889220.00,90,4,204,141,0,16
28841,1,1,0,37.23,99780.94,15.58,44386048.00,80,4,204,149,0,0
28842,1,1,1,37.39,99762.91,15.53,2134445.00,b0,4,205,148,32,16
28843,1,1,2,38.18,99770.49,15.15,1689420.50,b0,4,205,150,32,16
28844,1,1,3,38.44,99752.09,14.82,3090154.75,b0,4,205,150,32,16
28845,1,1,4,38.68,99813.91,13.77,53238016.00,90,4,204,152,0,16
28846,1,1,5,38.45,99832.69,14.17,39670704.00,90,4,204,146,0,16
28847,1,1,6,38.50,99824.03,14.12,2013271.12,b0,4,205,140,32,16
28848,1,1,7,38.31,99807.88,14.24,2671014.00,b0,4,205,141,32,16
28981,1,1,0,37.30,99780.26,15.61,3165378.75,b0,4,205,150,32,16
28982,1,1,1,37.46,99765.53,15.54,2134445.00,90,5,206,147,0,16
28983,1,1,2,38.24,99769.05,15.16,1689420.50,90,5,206,149,0,16
28984,1,1,3,38.50,99752.39,14.82,3090154.75,90,5,206,150,0,16
28985,1,1,4,38.76,99812.55,13.79,2870357.50,b0,4,205,152,32,16
28986,1,1,5,38.53,99829.88,14.19,1742237.37,b0,4,205,146,32,16
28987,1,1,6,38.56,99824.52,14.13,2013271.12,90,5,206,139,0,16
28988,1,1,7,38.37,99807.16,14.27,2671014.00,90,5,206,140,0,16
29121,1,1,0,37.37,99780.05,15.61,3165378.75,90,5,206,149,0,16
29122,1,1,1,37.51,99765.82,15.53,2134445.00,90,5,207,147,0,16
29123,1,1,2,38.30,99770.84,15.15,1689420.50,90,5,207,149,0,16
29124,1,1,3,38.55,99754.31,14.81,3090154.75,90,5,207,150,0,16
29125,1,1,4,38.84,99812.75,13.79,2870357.50,90,5,206,152,0,16
29126,1,1,5,38.60,99831.01,14.20,1742237.37,90,5,206,146,0,16
29127,1,1,6,38.61,99825.52,14.12,2013271.12,90,5,207,139,0,16
29128,1,1,7,38.42,99807.53,14.27,2671014.00,90,5,207,140,0,16
29261,1,1,0,37.41,99783.20,15.59,3165378.75,90,5,207,149,0,16
29262,1,1,1,37.56,99766.23,15.55,2134445.00,90,5,208,147,0,16
29263,1,1,2,38.34,99774.09,15.16,1689420.50,90,5,208,149,0,16
29264,1,1,3,38.61,99756.63,14.82,3090154.75,90,5,208,150,0,16
29265,1,1,4,38.89,99812.41,13.80,2870357.50,90,5,207,152,0,16
29266,1,1,5,38.65,99830.37,14.19,1742237.37,90,5,207,146,0,16
29267,1,1,6,38.64,99826.62,14.12,2013271.12,90,5,208,139,0,16
29268,1,1,7,38.46,99809.43,14.26,2671014.00,90,5,208,140,0,16
