Data interval set to 5000 ms
Data interval set to 100 ms
TimeStamp(ms),Label_Tag,HeaterProfile_ID,Sensor1_Temperature(deg C),Sensor1_Pressure(Pa),Sensor1_Humidity(%),Sensor1_GasResistance(ohm),Sensor1_Status,Sensor1_GasIndex,Sensor2_Temperature(deg C),Sensor2_Pressure(Pa),Sensor2_Humidity(%),Sensor2_GasResistance(ohm),Sensor2_Status,Sensor2_GasIndex,Sensor3_Temperature(deg C),Sensor3_Pressure(Pa),Sensor3_Humidity(%),Sensor3_GasResistance(ohm),Sensor3_Status,Sensor3_GasIndex,Sensor4_Temperature(deg C),Sensor4_Pressure(Pa),Sensor4_Humidity(%),Sensor4_GasResistance(ohm),Sensor4_Status,Sensor4_GasIndex,Sensor5_Temperature(deg C),Sensor5_Pressure(Pa),Sensor5_Humidity(%),Sensor5_GasResistance(ohm),Sensor5_Status,Sensor5_GasIndex,Sensor6_Temperature(deg C),Sensor6_Pressure(Pa),Sensor6_Humidity(%),Sensor6_GasResistance(ohm),Sensor6_Status,Sensor6_GasIndex,Sensor7_Temperature(deg C),Sensor7_Pressure(Pa),Sensor7_Humidity(%),Sensor7_GasResistance(ohm),Sensor7_Status,Sensor7_GasIndex,Sensor8_Temperature(deg C),Sensor8_Pressure(Pa),Sensor8_Humidity(%),Sensor8_GasResistance(ohm),Sensor8_Status,Sensor8_GasIndex
11552,1,0,31.47,100425.96,13.53,5229492.50,176,6,31.47,100404.97,13.53,3652251.50,176,6,32.91,100411.42,13.00,251103.48,176,6,33.20,100391.61,12.63,413653.81,176,6,35.38,100449.77,10.92,2054162.50,176,6,35.15,100464.23,11.28,1473911.50,176,6,35.67,100461.48,11.03,1941692.37,176,6,35.59,100450.13,11.17,2392523.25,176,6
11752,1,0,31.78,100426.87,13.58,444927.22,176,9,31.77,100404.45,13.56,379189.03,176,9,33.20,100410.78,13.04,273212.38,176,9,33.49,100391.49,12.65,447552.44,176,9,35.50,100451.81,10.95,432249.91,176,9,35.28,100467.44,11.30,353591.16,176,9,35.25,100465.17,10.99,7118835.50,176,9,35.18,100456.16,11.14,9009623.00,176,9
11952,1,0,31.86,100427.48,13.57,451399.59,176,0,31.85,100406.02,13.58,393392.25,176,0,33.26,100411.69,13.05,45829372.00,176,0,33.56,100394.05,12.66,98034408.00,176,0,35.54,100452.73,11.03,101448920.00,176,0,35.32,100465.26,11.31,71254144.00,176,0,35.18,100459.73,10.99,1780869.62,176,0,35.10,100448.38,11.14,2243154.50,176,0
12152,1,0,31.91,100424.69,13.60,80734216.00,176,1,31.91,100405.73,13.59,69442120.00,176,1,33.02,100414.77,13.02,44612660.00,176,1,33.32,100395.73,12.65,98144512.00,176,1,35.28,100454.75,10.93,433622.69,176,1,35.04,100468.59,11.28,351769.16,176,1,35.25,100459.50,11.00,555314.56,176,1,35.17,100449.26,11.14,751697.56,176,1
12352,1,0,31.67,100426.43,13.57,80141856.00,176,2,31.68,100406.63,13.56,68036336.00,176,2,32.77,100414.20,13.03,2861334.25,176,2,33.05,100397.30,12.63,5031941.00,176,2,35.29,100447.55,10.93,11433357.00,176,2,35.07,100463.57,11.29,8892266.00,176,2,35.37,100460.09,11.00,546862.50,176,2,35.28,100449.05,11.16,744186.06,176,2
12552,1,0,31.43,100430.42,13.54,80215424.00,176,3,31.43,100407.99,13.55,66993100.00,176,3,32.83,100409.79,13.03,2673629.25,176,4,33.05,100392.91,12.63,4949849.00,176,3,35.28,100452.32,10.92,432523.75,176,3,35.03,100466.29,11.30,350325.00,176,3,35.47,100460.47,11.00,226598.81,176,3,35.38,100449.16,11.17,295697.38,176,3
12752,1,0,31.27,100427.77,13.55,5342028.00,176,4,31.26,100405.37,13.54,3877869.75,176,4,32.87,100410.91,13.04,2632390.75,176,5,33.12,100390.10,12.65,4861721.00,176,4,35.33,100446.01,10.94,2127792.25,176,4,35.10,100462.36,11.30,1630897.87,176,4,35.56,100459.72,11.05,240150.09,176,4,35.47,100447.78,11.18,310491.22,176,4
WARNING: Unknown command received - sec
Unknown command. Available commands: START, STOP, SEC_num (e.g., SEC_5), GETHEAT
14127,1,0,31.84,100426.29,13.64,450505.94,176,0,31.84,100404.26,13.63,394757.12,176,0,33.24,100409.64,13.10,46217208.00,176,0,33.49,100391.85,12.69,451698.28,176,9,35.49,100449.20,10.98,433622.69,176,9,35.27,100465.56,11.34,355432.16,176,9,35.18,100460.04,11.04,1794916.75,176,0,35.09,100450.26,11.18,2239475.00,176,0
14327,1,0,31.42,100429.09,13.62,79921952.00,176,3,31.46,100409.24,13.60,67199176.00,176,3,32.77,100408.45,13.06,2771312.50,176,3,33.06,100393.88,12.67,5074016.50,176,2,35.30,100447.13,10.97,11505618.00,176,2,35.07,100463.24,11.32,8892266.00,176,2,35.47,100461.20,11.07,227051.00,176,3,35.37,100448.20,11.22,295697.38,176,3
14527,1,0,31.26,100430.40,13.60,5295410.50,176,4,31.28,100407.51,13.59,3883384.75,176,4,32.83,100407.17,13.07,2702738.25,176,4,33.15,100391.04,12.68,4896593.00,176,4,35.28,100450.04,10.97,433898.31,176,3,35.04,100465.29,11.33,352132.06,176,3,35.57,100458.26,11.09,241509.44,176,4,35.47,100449.44,11.22,309646.22,176,4
14727,1,0,31.32,100424.40,13.62,5264781.50,176,5,31.35,100402.95,13.61,3755214.25,176,5,32.87,100409.71,13.09,2647705.25,176,5,33.19,100390.41,12.67,4755878.00,176,5,35.35,100449.16,10.97,2136114.75,176,4,35.12,100464.14,11.35,1636763.25,176,4,35.65,100460.02,11.10,623250.13,176,5,35.56,100447.77,11.23,827307.62,176,5
WARNING: Unknown command received - seetop
Unknown command. Available commands: START, STOP, SEC_num (e.g., SEC_5), GETHEAT
16178,1,0,31.81,100426.16,13.67,451399.59,176,0,31.83,100402.96,13.66,397053.13,176,0,33.01,100412.50,13.11,45447988.00,176,1,33.56,100390.13,12.73,100979968.00,176,0,35.54,100449.34,11.00,102400000.00,176,0,35.32,100463.41,11.37,71604480.00,176,0,35.18,100457.53,11.06,1784360.75,176,0,35.10,100450.58,11.20,2232152.50,176,0
16378,1,0,31.38,100427.15,13.63,79921952.00,176,3,31.42,100403.73,13.64,65388876.00,176,3,32.82,100409.61,13.10,2727030.75,176,4,33.07,100390.41,12.70,5022685.50,176,3,35.28,100449.88,10.98,434727.22,176,3,35.02,100461.90,11.33,353225.25,176,3,35.47,100456.60,11.08,227202.13,176,3,35.36,100447.30,11.24,298281.38,176,3
16578,1,0,31.22,100426.05,13.64,5347258.50,176,4,31.31,100401.10,13.62,3773376.25,176,5,32.86,100408.20,13.12,2678875.00,176,5,33.14,100388.35,12.70,4936426.50,176,4,35.34,100444.70,10.98,2146188.00,176,4,35.09,100459.79,11.35,1646633.12,176,4,35.56,100456.01,11.10,241851.67,176,4,35.46,100446.16,11.25,313341.50,176,4
Data interval set to 2000 ms
