19725,1,0,22.49,102105.02,31.46,465878.06,176,2,22.49,102085.37,31.80,114209.23,160,4,22.98,102113.18,30.84,23791.82,176,8,23.29,102092.88,30.78,363830.16,160,6,23.59,102163.62,29.86,54444.92,176,9,23.33,102185.15,30.36,39900.25,176,9,23.74,102186.80,30.20,42440.32,160,3,23.77,102165.00,30.18,90844.57,176,2
20725,1,0,22.54,102103.19,31.43,461781.28,176,1,22.53,102091.92,31.78,252777.09,176,3,23.05,102112.45,30.81,52696.58,160,6,23.34,102095.78,30.74,271474.03,176,4,23.67,102165.90,29.82,166287.75,176,6,23.45,102188.52,30.32,119654.13,176,5,23.85,102187.42,30.11,269119.59,176,9,23.81,102158.45,30.10,1313662.62,176,8
21725,1,0,22.58,102102.26,31.39,465560.34,176,1,22.56,102091.26,31.82,254094.30,176,3,23.07,102110.69,30.78,113374.66,176,4,23.37,102092.02,30.81,800000.00,160,2,23.81,102172.05,29.88,524590.19,176,2,23.53,102190.34,30.30,365714.28,176,2,23.82,102183.32,30.21,117108.88,176,6,23.81,102165.27,30.08,43389.83,176,4
22725,1,0,22.62,102103.44,31.37,470372.06,176,1,22.60,102089.45,31.85,256000.00,176,3,23.11,102108.20,30.75,143256.86,160,2,23.40,102095.57,30.83,50723.20,176,9,23.72,102165.49,29.92,55471.29,176,9,23.50,102190.70,30.27,40544.82,176,8,23.91,102189.25,30.28,54340.90,176,2,23.88,102159.61,30.07,200863.08,176,0
23725,1,0,22.69,102105.59,31.40,84460.57,160,0,22.65,102089.66,31.88,256577.30,176,3,23.17,102106.41,30.77,641403.06,176,0,23.43,102094.04,30.90,50393.70,176,8,23.87,102169.11,29.97,166449.94,176,5,23.59,102188.62,30.31,120244.25,176,5,23.98,102187.06,30.39,669718.75,176,8,23.87,102153.90,30.11,202291.58,176,6
24725,1,0,22.77,102106.40,31.49,80935.82,160,0,22.74,102091.07,32.02,257545.27,176,3,23.20,102107.84,30.93,24251.61,176,8,23.51,102093.13,31.14,275416.91,176,5,23.96,102171.79,30.19,524590.19,176,2,23.69,102188.97,30.54,359929.69,176,2,23.98,102189.41,30.55,27274.66,176,4,23.95,102154.15,30.30,383448.78,160,3
25725,1,0,22.86,102111.13,31.92,77341.39,160,0,22.83,102093.76,32.48,316537.88,176,2,23.31,102114.83,31.33,52373.16,160,6,23.62,102099.23,31.65,273870.03,176,3,23.96,102174.38,30.56,54514.48,176,8,23.68,102191.46,30.88,39457.46,176,8,24.12,102190.54,30.98,86779.66,160,1,24.08,102163.08,30.71,494925.09,176,9
26725,1,0,22.96,102107.29,32.68,46817.85,160,0,22.90,102091.00,33.34,318903.78,176,2,23.39,102112.66,32.10,108612.64,176,4,23.69,102100.41,32.53,1745578.50,176,1,24.05,102171.50,31.28,165161.30,176,5,23.78,102190.33,31.59,117350.45,176,5,24.16,102182.74,31.58,276532.53,176,7,24.05,102159.59,31.38,94273.62,176,5
Button1 pressed: labelTag incremented to 2
27725,2,0,23.12,102107.88,33.67,45181.79,160,0,23.01,102093.20,34.46,316831.69,176,2,23.65,102110.56,33.17,121442.13,160,2,24.07,102099.88,33.96,49174.03,176,9,24.13,102168.02,31.98,363830.16,160,1,23.86,102183.89,32.32,376678.31,160,1,24.22,102186.02,32.20,42695.13,160,3,24.22,102160.34,32.11,376678.31,160,1
28725,2,0,23.28,102108.52,35.06,44661.55,160,9,23.12,102093.95,35.96,315659.69,176,2,24.06,102115.95,34.98,531120.31,176,0,24.86,102104.39,36.82,45519.20,176,7,24.15,102170.10,32.76,363830.16,160,7,23.86,102188.59,33.05,379821.97,160,7,24.34,102187.20,32.90,266389.19,176,9,24.28,102161.51,32.85,497449.59,176,7
29725,2,0,23.47,102109.42,36.97,42609.86,160,9,23.25,102093.48,37.78,400000.00,176,1,24.31,102116.55,37.58,19093.08,176,8,25.09,102103.89,40.51,227656.73,176,5,24.34,102175.29,33.83,364802.28,160,4,24.04,102192.83,33.91,377302.88,160,4,24.37,102187.55,33.69,116628.70,176,6,24.36,102167.88,33.76,43214.04,176,4
30725,2,0,23.64,102110.29,39.17,41290.32,160,9,23.37,102094.42,39.83,400000.00,160,1,24.50,102120.64,40.48,24700.89,160,6,25.20,102100.55,44.10,673684.19,160,2,24.37,102166.69,35.22,363830.16,160,1,24.10,102187.83,34.79,50000.00,160,1,24.52,102192.15,34.59,52085.45,176,2,24.52,102165.21,34.64,186249.55,176,0
Button1 pressed: labelTag incremented to 3
31725,3,0,23.80,102112.16,41.04,40125.39,160,9,23.50,102095.66,41.73,400000.00,160,1,24.68,102122.68,43.33,69697.80,176,4,25.47,102103.38,47.69,2684141.50,160,0,24.39,102165.82,36.72,363830.16,160,7,24.13,102188.51,35.92,47814.72,160,7,24.62,102191.43,35.66,636617.94,176,8,24.60,102160.88,35.75,185843.92,176,6
Button1 pressed: labelTag incremented to 4
32725,4,0,23.97,102111.65,42.44,38917.61,160,8,23.63,102098.82,43.13,400000.00,160,1,24.83,102116.08,45.97,100000.00,160,2,25.61,102104.60,51.03,42609.86,176,8,24.62,102175.70,38.54,363830.16,160,4,24.34,102196.94,37.53,111231.80,160,4,24.67,102195.42,36.93,25822.07,176,4,24.79,102165.72,37.25,81166.77,176,2
33725,4,0,24.15,102113.61,43.43,38117.93,160,8,23.77,102096.63,43.97,400000.00,160,1,25.05,102119.86,48.22,428990.38,176,0,25.90,102108.40,54.12,618731.13,160,6,24.60,102169.92,40.11,1707378.12,176,0,24.34,102190.96,38.98,976400.50,176,0,24.82,102191.55,38.42,77835.21,160,1,24.95,102166.40,38.89,1141265.00,176,8
Button1 pressed: labelTag incremented to 5
34725,5,0,24.33,102117.08,44.23,36488.03,160,7,23.91,102094.21,44.46,31318.82,160,0,25.13,102124.48,50.22,17952.31,176,8,25.95,102107.18,56.76,211308.30,176,4,24.72,102170.42,41.79,363830.16,160,7,24.46,102193.05,40.59,44991.21,160,7,24.91,102191.53,39.69,246925.48,176,7,25.05,102170.50,40.44,39275.85,176,4
35725,5,0,24.47,102117.59,44.82,35486.55,160,7,24.04,102095.83,44.70,30274.36,160,0,25.06,102122.66,51.67,25376.69,160,6,25.61,102103.05,58.55,640801.00,160,2,24.92,102173.91,43.47,363830.16,160,3,24.66,102193.35,42.16,43611.59,160,3,25.02,102196.44,40.98,38220.36,160,3,25.26,102165.88,42.09,100000.00,160,1
Button2 pressed: labelTag decremented to 4
36725,4,0,24.63,102116.41,45.28,34096.96,160,7,24.20,102095.91,44.78,29277.22,160,0,25.11,102124.70,52.43,76577.92,176,4,25.58,102104.07,59.72,2647705.25,160,0,24.94,102175.81,44.95,50156.74,176,9,24.68,102196.75,43.59,33117.72,176,9,25.20,102198.86,42.31,224070.02,176,9,25.38,102169.33,43.40,414155.72,176,7
37725,4,0,24.73,102115.02,45.76,89982.42,160,6,24.32,102094.63,45.15,28082.49,160,0,25.17,102121.16,52.96,97227.50,160,2,25.58,102106.55,60.60,43790.62,176,8,25.10,102178.98,46.41,363830.16,160,7,24.83,102197.20,45.06,44382.80,160,7,25.26,102196.88,43.57,103163.41,176,6,25.50,102172.66,44.58,47716.68,160,3
Button2 pressed: labelTag decremented to 3
38725,3,0,24.84,102116.80,45.92,90459.37,160,6,24.45,102096.11,45.39,26896.41,160,0,25.25,102123.78,53.17,494566.53,176,0,25.65,102106.16,61.35,663212.44,160,6,25.30,102172.26,47.37,363830.16,160,3,25.03,102196.65,46.10,44521.74,160,3,25.47,102200.45,44.65,45812.46,176,2,25.69,102170.34,45.50,401253.91,176,9
39725,3,0,25.01,102119.04,45.97,90077.41,160,6,24.61,102100.38,45.62,25775.27,160,0,25.33,102126.95,53.20,19765.29,176,8,25.69,102108.45,61.85,230578.70,176,4,25.45,102173.55,48.11,50513.02,176,9,25.66,102193.58,47.04,32812.10,176,9,25.63,102198.61,45.54,564031.94,176,8,25.77,102172.66,46.23,81012.66,176,5
Button2 pressed: labelTag decremented to 2
Button1 pressed: labelTag incremented to 3
40725,3,0,25.15,102117.46,46.46,89510.49,160,5,24.74,102099.95,46.00,24615.38,160,0,25.46,102122.45,53.42,26811.90,160,6,25.77,102107.05,62.13,1441238.62,176,1,26.09,102181.45,49.57,133090.72,176,6,26.71,102198.31,48.81,76923.08,176,6,25.78,102206.48,46.60,24033.04,176,4,26.07,102178.91,47.46,71991.00,176,2
41725,3,0,25.30,102114.98,47.35,88765.60,160,5,24.86,102101.06,46.46,24404.20,160,9,25.56,102124.01,53.82,78696.59,176,4,25.83,102109.41,62.39,45960.50,176,9,26.87,102177.89,51.87,663212.44,160,3,27.73,102198.59,51.12,40777.32,160,3,26.01,102197.62,48.26,62454.26,160,1,26.26,102171.43,49.23,860142.81,176,8
42725,3,0,25.47,102117.06,48.39,88215.02,160,5,25.02,102101.44,47.06,24681.84,160,9,25.67,102125.35,54.33,378348.41,176,1,25.96,102112.71,62.54,44849.34,176,7,27.01,102181.66,53.94,44802.24,176,9,27.95,102201.62,52.76,29018.36,176,9,26.13,102197.16,49.95,192916.36,176,7,26.33,102174.57,51.23,34707.16,176,4
43725,3,0,25.58,102114.58,49.21,87761.40,160,4,25.17,102103.59,47.68,23054.76,160,9,25.76,102125.13,54.86,19728.73,176,9,26.05,102107.45,62.61,239476.14,176,5,27.29,102180.62,56.17,119822.14,176,6,28.22,102198.42,54.20,72603.52,176,6,26.16,102199.44,51.35,34963.12,160,3,26.45,102171.80,52.90,136170.22,176,0
44725,3,0,25.77,102115.16,50.11,86779.66,160,4,25.31,102101.05,48.38,22214.51,160,9,25.90,102125.63,55.41,19405.70,176,8,26.22,102112.47,62.74,238805.97,176,3,27.83,102184.35,58.18,326218.53,176,2,28.61,102201.65,55.29,193902.67,176,2,26.39,102202.80,52.22,186861.31,176,9,26.60,102173.22,53.96,142420.03,176,6
Button2 pressed: labelTag decremented to 2
Button1 pressed: labelTag incremented to 3
45725,3,0,25.94,102117.41,51.26,85992.61,160,4,25.46,102102.95,49.31,21390.38,160,9,26.05,102126.30,55.96,76372.31,176,5,26.35,102112.08,62.97,1541588.25,176,1,28.03,102184.60,59.91,41612.48,176,8,28.75,102172.17,56.13,28400.27,176,9,26.45,102201.19,53.07,42953.02,176,5,26.81,102174.60,55.16,50000.00,160,3
46725,3,0,26.07,102120.61,52.45,349965.81,176,3,25.61,102101.83,50.36,20867.30,160,8,26.21,102131.28,56.68,74310.59,176,3,26.46,102114.24,63.33,46209.39,176,8,28.25,102188.58,61.57,111888.11,176,5,29.00,102199.23,56.74,70156.21,176,5,26.71,102204.48,54.16,40506.33,176,2,27.05,102175.44,56.41,293915.03,176,9
Button2 pressed: labelTag decremented to 2
Button1 pressed: labelTag incremented to 3
47725,3,0,26.19,102122.20,53.64,347472.00,176,3,25.74,102103.78,51.35,20846.91,160,8,26.33,102132.89,57.39,352132.06,176,1,26.62,102114.76,63.70,691424.69,160,6,28.46,102190.48,62.98,311909.84,176,2,29.20,102194.73,57.14,192481.20,176,2,26.89,102201.81,55.25,442332.63,176,8,27.11,102176.33,57.65,67173.97,176,5
Button2 pressed: labelTag decremented to 2
Button1 pressed: labelTag incremented to 3
48725,3,0,26.32,102123.74,54.45,348536.41,176,3,25.87,102102.93,51.97,20908.20,160,8,26.40,102127.91,57.97,19476.57,176,9,26.72,102116.83,63.96,240997.88,176,4,28.53,102192.58,64.07,40699.52,176,8,29.26,102190.42,57.45,27880.64,176,8,26.95,102206.41,56.29,22191.40,176,4,27.35,102176.61,58.80,100000.00,160,1
49725,3,0,26.47,102123.26,54.95,402199.53,176,2,26.02,102102.14,52.16,21011.16,160,8,26.57,102134.24,58.32,18940.52,176,7,26.87,102112.48,64.07,704991.37,160,2,28.78,102195.98,65.12,109028.96,176,5,29.45,102188.48,57.70,70156.21,176,5,27.12,102203.21,57.10,61553.26,160,1,27.46,102174.71,59.60,307138.56,176,7
Button1 pressed: labelTag incremented to 4
Button2 pressed: labelTag decremented to 3
50725,3,0,26.61,102123.91,55.45,399843.81,176,2,26.16,102102.88,52.39,20545.75,160,7,26.69,102132.40,58.65,77906.27,176,5,27.04,102116.28,64.17,3578073.75,160,0,28.87,102187.30,65.94,526613.50,160,1,29.58,102174.61,57.87,41816.40,160,1,27.22,102202.35,57.75,84210.52,176,6,27.63,102182.56,60.42,34124.23,176,4
Button1 pressed: labelTag incremented to 4
Button2 pressed: labelTag decremented to 3
51725,3,0,26.70,102124.51,55.98,399609.75,176,2,26.27,102103.48,52.69,20625.20,160,7,26.82,102133.53,58.98,77481.84,176,3,27.13,102115.27,64.33,46715.33,176,8,28.93,102188.66,66.57,542948.06,160,7,29.64,102166.59,57.98,41980.98,160,7,27.37,102205.35,58.58,33220.87,160,3,27.81,102181.45,61.25,125091.62,176,0
52725,3,0,26.83,102122.90,56.24,456531.44,176,1,26.41,102104.80,52.70,20725.39,160,7,26.94,102132.20,59.15,377511.53,176,1,27.27,102113.58,64.45,701369.88,160,6,29.11,102191.41,67.18,529472.62,160,4,29.84,102178.71,58.09,100000.00,160,4,27.56,102210.99,59.41,168921.14,176,9,27.92,102178.02,61.95,130346.23,176,6
Button2 pressed: labelTag decremented to 2
Button1 pressed: labelTag incremented to 3
53725,3,0,26.93,102121.51,56.16,458987.00,176,1,26.53,102104.16,52.35,20765.74,160,7,27.03,102130.22,59.22,19838.81,176,9,27.36,102114.52,64.34,255043.59,176,4,29.13,102184.71,67.59,1055670.12,176,0,29.83,102160.02,58.13,631903.75,176,0,27.57,102205.50,60.13,41131.11,176,5,28.10,102180.40,62.64,64192.58,176,2
Both buttons pressed => switching heater assignments to index 1
Heater profile heater_501 set successfully (index 3).
Heater profile heater_501 set successfully (index 3).
Heater profile heater_354 set successfully (index 0).
Heater profile heater_354 set successfully (index 0).
Heater profile heater_301 set successfully (index 1).
Heater profile heater_301 set successfully (index 1).
Heater profile heater_411 set successfully (index 2).
Heater profile heater_411 set successfully (index 2).
54725,3,1,27.18,102121.26,55.97,41612.48,160,5,26.73,102100.37,51.93,36834.53,160,5,27.00,102134.46,59.18,9478.67,160,6,27.35,102116.85,64.12,45812.46,160,6,29.21,102191.84,68.04,45812.46,160,5,29.90,102176.55,58.18,2532303.00,160,4,27.84,102208.21,60.81,33117.72,160,3,28.25,102182.53,63.26,96132.18,160,4
55725,3,1,27.67,102121.09,55.27,50000.00,160,1,27.27,102103.59,51.27,50000.00,160,1,26.94,102132.14,58.97,12105.16,160,6,27.27,102116.05,63.71,61068.70,160,6,29.15,102190.13,68.37,102852.55,160,2,29.78,102189.05,58.27,131958.77,160,2,27.74,102212.67,61.22,459914.66,176,0,28.20,102184.74,63.67,785426.62,176,0
Button1 pressed: labelTag incremented to 4
Button2 pressed: labelTag decremented to 3
56725,3,1,27.83,102117.41,54.39,156527.06,176,7,27.44,102104.17,50.53,113299.41,176,7,27.04,102131.41,58.55,23791.82,160,6,27.35,102112.61,63.35,291904.22,176,5,29.16,102186.41,68.73,645039.37,176,0,29.83,102198.92,58.41,713091.94,176,0,27.84,102208.09,61.37,33693.08,160,7,28.33,102179.83,63.86,50000.00,160,7
Button1 pressed: labelTag incremented to 4
Button2 pressed: labelTag decremented to 3
57725,3,1,27.98,102122.67,54.09,22739.38,160,3,27.58,102104.59,50.34,22739.38,160,3,27.16,102132.38,58.38,33324.66,160,6,27.48,102115.80,63.28,286273.41,176,5,29.22,102191.66,69.06,35694.37,176,8,29.88,102190.59,58.54,27084.21,176,8,28.04,102209.48,61.28,35814.21,160,3,28.53,102177.51,63.94,50000.00,160,3
Button1 pressed: labelTag incremented to 4
Button2 pressed: labelTag decremented to 3
58725,3,1,28.14,102122.25,54.24,154963.69,176,9,27.75,102103.98,50.47,108612.64,176,9,27.26,102133.67,58.44,44198.89,160,6,27.59,102116.65,63.39,282716.72,176,5,29.34,102191.38,69.38,105785.13,160,6,30.01,102187.75,58.70,108268.13,176,5,28.09,102211.08,61.35,440335.41,176,0,28.60,102181.37,64.10,745812.06,176,0
Button1 pressed: labelTag incremented to 4
Button2 pressed: labelTag decremented to 3
59725,3,1,28.15,102124.43,54.48,33746.37,176,5,27.78,102103.93,50.55,27205.10,176,5,27.35,102133.15,58.56,89604.48,160,5,27.69,102116.76,63.59,279475.97,176,5,29.42,102194.20,69.60,435004.25,160,4,30.12,102193.21,58.81,116152.45,176,3,28.19,102212.98,61.48,30955.26,160,7,28.72,102180.71,64.33,50000.00,160,7
Button1 pressed: labelTag incremented to 4
Button2 pressed: labelTag decremented to 3
60725,3,1,28.30,102126.17,54.52,50000.00,160,1,27.96,102107.47,50.30,27807.95,176,2,27.44,102134.83,58.62,95273.54,160,5,27.74,102115.09,63.69,278563.66,176,4,29.48,102191.63,69.79,884092.38,176,1,30.18,102195.26,58.89,567784.88,176,1,28.36,102209.71,61.70,33015.22,160,3,28.89,102180.04,64.62,50000.00,160,3
61725,3,1,28.34,102122.44,54.08,168255.02,176,7,28.04,102103.77,49.87,111159.36,176,7,27.52,102131.95,58.50,98518.38,160,5,27.73,102111.27,63.47,281783.16,176,4,29.22,102192.41,69.72,44290.66,176,9,29.76,102219.55,58.83,28027.15,176,9,28.29,102213.59,61.76,23104.69,176,9,28.80,102182.42,64.78,35398.23,176,9
WARNING: Unknown command received - stop'
Unknown command. Available commands: START, STOP, SEC_num (e.g., SEC_5), GETHEAT
