WARNING: Unknown command received - start\
Unknown command. Available commands: START, STOP, SEC_num (e.g., SEC_5), GETHEAT
WARNING: Unknown command received - 
Unknown command. Available commands: START, STOP, SEC_num (e.g., SEC_5), GETHEAT
TimeStamp(ms),Label_Tag,HeaterProfile_ID,Sensor1_Temperature(deg C),Sensor1_Pressure(Pa),Sensor1_Humidity(%),Sensor1_GasResistance(ohm),Sensor1_Status,Sensor1_GasIndex,Sensor2_Temperature(deg C),Sensor2_Pressure(Pa),Sensor2_Humidity(%),Sensor2_GasResistance(ohm),Sensor2_Status,Sensor2_GasIndex,Sensor3_Temperature(deg C),Sensor3_Pressure(Pa),Sensor3_Humidity(%),Sensor3_GasResistance(ohm),Sensor3_Status,Sensor3_GasIndex,Sensor4_Temperature(deg C),Sensor4_Pressure(Pa),Sensor4_Humidity(%),Sensor4_GasResistance(ohm),Sensor4_Status,Sensor4_GasIndex,Sensor5_Temperature(deg C),Sensor5_Pressure(Pa),Sensor5_Humidity(%),Sensor5_GasResistance(ohm),Sensor5_Status,Sensor5_GasIndex,Sensor6_Temperature(deg C),Sensor6_Pressure(Pa),Sensor6_Humidity(%),Sensor6_GasResistance(ohm),Sensor6_Status,Sensor6_GasIndex,Sensor7_Temperature(deg C),Sensor7_Pressure(Pa),Sensor7_Humidity(%),Sensor7_GasResistance(ohm),Sensor7_Status,Sensor7_GasIndex,Sensor8_Temperature(deg C),Sensor8_Pressure(Pa),Sensor8_Humidity(%),Sensor8_GasResistance(ohm),Sensor8_Status,Sensor8_GasIndex
28282,1,0,26.62,100342.92,18.06,400000.00,160,0,26.70,100321.78,18.02,7657864.00,176,2,27.56,100328.54,17.38,538663.88,160,4,28.00,100305.03,16.98,400000.00,160,0,30.06,100371.07,14.82,400000.00,160,9,29.75,100389.19,15.29,232304.91,160,0,30.24,100383.25,14.89,4453384.00,176,3,30.11,100374.09,15.07,6582563.50,176,3
29282,1,0,26.62,100340.28,18.10,400000.00,160,0,26.69,100318.81,18.06,7641791.00,176,2,27.56,100328.01,17.44,537815.12,160,4,27.99,100302.76,17.03,400000.00,160,0,30.06,100371.61,14.87,400000.00,160,9,29.75,100386.14,15.35,211701.47,160,9,30.25,100382.97,14.94,4399570.50,176,3,30.14,100370.92,15.14,9017061.00,176,2
30282,1,0,26.62,100341.10,18.10,400000.00,160,0,26.68,100320.49,18.07,7609846.50,176,2,27.56,100325.96,17.43,535704.94,160,4,28.00,100304.99,17.07,400000.00,160,0,30.06,100370.48,14.88,400000.00,160,8,29.75,100386.45,15.35,168255.02,160,9,30.24,100382.89,14.95,4446133.00,176,3,30.13,100370.77,15.16,9046935.00,176,2
31282,1,0,26.63,100340.55,18.11,400000.00,160,9,26.68,100318.73,18.08,10621718.00,176,1,27.56,100332.13,17.44,3642507.75,176,3,27.99,100305.30,17.08,400000.00,160,0,30.05,100370.12,14.87,400000.00,160,8,29.74,100386.92,15.36,152608.05,160,9,30.24,100380.15,14.94,6135180.50,176,2,30.12,100370.64,15.16,9114882.00,176,2
32282,1,0,26.65,100340.89,18.12,400000.00,160,9,26.71,100320.67,18.08,10580562.00,176,1,27.57,100332.07,17.45,3632816.00,176,3,28.01,100305.27,17.08,400000.00,160,0,30.07,100371.22,14.88,400000.00,160,8,29.76,100386.74,15.34,137044.97,160,9,30.23,100379.55,14.94,6159398.50,176,2,30.13,100371.55,15.15,9099695.00,176,2
33282,1,0,26.64,100339.62,18.12,400000.00,160,9,26.70,100320.41,18.09,10509301.00,176,1,27.57,100330.07,17.46,3632816.00,176,3,28.00,100303.23,17.08,366499.66,160,9,30.08,100369.69,14.86,400000.00,160,7,29.77,100385.05,15.34,124543.91,160,8,30.23,100378.45,14.93,6194329.00,176,2,30.13,100369.27,15.14,9160749.00,176,2
34282,1,0,26.64,100341.42,18.11,400000.00,160,8,26.69,100323.52,18.08,10519422.00,176,1,27.56,100331.65,17.43,3623175.50,176,3,28.01,100303.84,17.07,337508.25,160,9,30.08,100370.46,14.86,400000.00,160,7,29.76,100387.77,15.31,118491.09,160,8,30.22,100379.27,14.92,6226107.00,176,2,30.12,100370.28,15.15,9168439.00,176,2
ERROR: Invalid data interval received.
Data interval set to 100000 ms
Data interval set to 100000 ms
ERROR: Invalid data interval received.
WARNING: Unknown command received - 0
Unknown command. Available commands: START, STOP, SEC_num (e.g., SEC_5), GETHEAT
ERROR: Invalid data interval received.
ERROR: Invalid data interval received.
WARNING: Unknown command received - SEC
Unknown command. Available commands: START, STOP, SEC_num (e.g., SEC_5), GETHEAT
WARNING: Unknown command received - _
Unknown command. Available commands: START, STOP, SEC_num (e.g., SEC_5), GETHEAT
