TimeStamp(ms),Label_Tag,HeaterProfile_ID,Sensor1_Temperature(deg C),Sensor1_Pressure(Pa),Sensor1_Humidity(%),Sensor1_GasResistance(ohm),Sensor1_Status,Sensor1_GasIndex,Sensor2_Temperature(deg C),Sensor2_Pressure(Pa),Sensor2_Humidity(%),Sensor2_GasResistance(ohm),Sensor2_Status,Sensor2_GasIndex,Sensor3_Temperature(deg C),Sensor3_Pressure(Pa),Sensor3_Humidity(%),Sensor3_GasResistance(ohm),Sensor3_Status,Sensor3_GasIndex,Sensor4_Temperature(deg C),Sensor4_Pressure(Pa),Sensor4_Humidity(%),Sensor4_GasResistance(ohm),Sensor4_Status,Sensor4_GasIndex,Sensor5_Temperature(deg C),Sensor5_Pressure(Pa),Sensor5_Humidity(%),Sensor5_GasResistance(ohm),Sensor5_Status,Sensor5_GasIndex,Sensor6_Temperature(deg C),Sensor6_Pressure(Pa),Sensor6_Humidity(%),Sensor6_GasResistance(ohm),Sensor6_Status,Sensor6_GasIndex,Sensor7_Temperature(deg C),Sensor7_Pressure(Pa),Sensor7_Humidity(%),Sensor7_GasResistance(ohm),Sensor7_Status,Sensor7_GasIndex,Sensor8_Temperature(deg C),Sensor8_Pressure(Pa),Sensor8_Humidity(%),Sensor8_GasResistance(ohm),Sensor8_Status,Sensor8_GasIndex
4645,1,1,,,,,,,,,,,,,,,,,,,,,,,,,,,,,,,,,,,,,,,,,,,,,,,,
5645,1,1,,,,,,,,,,,,,,,,,,,,,,,,,,,,,,,,,,,,,,,,,,,,,,,,
TimeStamp(ms),Label_Tag,HeaterProfile_ID,Sensor1_Temperature(deg C),Sensor1_Pressure(Pa),Sensor1_Humidity(%),Sensor1_GasResistance(ohm),Sensor1_Status,Sensor1_GasIndex,Sensor2_Temperature(deg C),Sensor2_Pressure(Pa),Sensor2_Humidity(%),Sensor2_GasResistance(ohm),Sensor2_Status,Sensor2_GasIndex,Sensor3_Temperature(deg C),Sensor3_Pressure(Pa),Sensor3_Humidity(%),Sensor3_GasResistance(ohm),Sensor3_Status,Sensor3_GasIndex,Sensor4_Temperature(deg C),Sensor4_Pressure(Pa),Sensor4_Humidity(%),Sensor4_GasResistance(ohm),Sensor4_Status,Sensor4_GasIndex,Sensor5_Temperature(deg C),Sensor5_Pressure(Pa),Sensor5_Humidity(%),Sensor5_GasResistance(ohm),Sensor5_Status,Sensor5_GasIndex,Sensor6_Temperature(deg C),Sensor6_Pressure(Pa),Sensor6_Humidity(%),Sensor6_GasResistance(ohm),Sensor6_Status,Sensor6_GasIndex,Sensor7_Temperature(deg C),Sensor7_Pressure(Pa),Sensor7_Humidity(%),Sensor7_GasResistance(ohm),Sensor7_Status,Sensor7_GasIndex,Sensor8_Temperature(deg C),Sensor8_Pressure(Pa),Sensor8_Humidity(%),Sensor8_GasResistance(ohm),Sensor8_Status,Sensor8_GasIndex
10905,1,1,41.35,99720.96,16.81,88234264.00,a0,1,41.41,99704.14,16.89,102400000.00,a0,1,42.48,99706.71,16.26,102400000.00,a0,1,42.72,99690.29,15.96,102400000.00,a0,1,43.07,99738.06,14.84,102400000.00,a0,1,42.95,99753.49,15.19,102400000.00,a0,1,43.07,99754.81,15.17,102400000.00,a0,1,42.85,99740.82,15.25,102400000.00,a0,1
11905,1,1,,,,,,,,,,,,,,,,,,,,,,,,,,,,,,,,,,,,,,,,,,,,,,,,
12905,1,1,41.34,99723.06,17.08,73656648.00,a0,1,41.38,99703.51,17.15,102400000.00,a0,1,42.48,99708.59,16.58,102400000.00,a0,1,42.72,99692.37,16.29,102400000.00,a0,1,43.10,99739.84,15.21,102400000.00,a0,1,42.97,99754.84,15.56,102400000.00,a0,1,43.03,99753.03,15.54,102400000.00,a0,1,42.84,99740.60,15.65,102400000.00,a0,1
13905,1,1,,,,,,,,,,,,,,,,,,,,,,,,,,,,,,,,,,,,,,,,,,,,,,,,
14905,1,1,,,,,,,,,,,,,,,,,,,,,,,,,,,,,,,,,,,,,,,,,,,,,,,,
15905,1,1,41.37,99719.89,17.21,78065512.00,a0,1,41.41,99702.26,17.26,102400000.00,a0,1,42.53,99706.77,16.70,102400000.00,a0,1,42.78,99692.14,16.36,102400000.00,a0,1,42.25,99747.55,15.18,300381.34,b0,0,42.09,99759.54,15.52,346062.84,b0,0,43.16,99752.70,15.64,102400000.00,a0,1,42.02,99748.34,15.60,381094.16,b0,0
16905,1,1,,,,,,,,,,,,,,,,,,,,,,,,,43.03,99744.46,15.25,102400000.00,a0,2,,,,,,,,,,,,,,,,,,
17905,1,1,,,,,,,,,,,,,,,,,,,,,,,,,,,,,,,,,,,,,,,,,,,,,,,,
18905,1,1,40.60,99730.43,17.11,344665.09,b0,0,40.64,99711.20,17.16,419500.22,b0,0,41.77,99719.25,16.60,296467.88,b0,0,,,,,,,,,,,,,,,,,,,,,,,,,,,,,,
19905,1,1,41.26,99731.21,16.63,87177920.00,a0,2,41.28,99709.87,16.69,102400000.00,a0,2,42.45,99715.07,16.17,102400000.00,a0,2,42.84,99690.77,15.79,102400000.00,a0,1,43.31,99740.88,14.74,102400000.00,a0,1,43.19,99749.79,15.12,102400000.00,a0,1,43.31,99754.09,15.08,102400000.00,a0,1,43.12,99738.36,15.19,102400000.00,a0,1
Unknown command. Available commands: START, STOP, SEC_num (e.g., SEC_5000), GETHEAT
22162,1,1,40.63,99729.84,16.56,342246.00,b0,0,41.48,99701.47,16.50,102400000.00,a0,1,41.84,99717.52,16.10,290414.06,b0,0,42.08,99697.23,15.68,423402.94,b0,0,,,,,,,,,,,,,42.48,99758.25,14.99,311057.09,b0,0,42.33,99745.65,15.08,404104.19,b0,0
23162,1,1,,,,,,,,,,,,,,,,,,,42.75,99695.84,15.59,102400000.00,a0,2,43.42,99741.55,14.49,102400000.00,a0,1,43.28,99750.66,14.84,102400000.00,a0,1,,,,,,,43.08,99745.62,14.84,76160368.00,a0,2
24162,1,1,,,,,,,,,,,,,,,,,,,,,,,,,,,,,,,,,,,,,,,,,,,,,,,,
ets Jul 29 2019 12:21:46

rst:0x1 (POWERON_RESET),boot:0x13 (SPI_FAST_FLASH_BOOT)
configsip: 0, SPIWP:0xee
clk_drv:0x00,q_drv:0x00,d_drv:0x00,cs0_drv:0x00,hd_drv:0x00,wp_drv:0x00
mode:DIO, clock div:1
load:0x3fff0030,len:1184
load:0x40078000,len:13260
load:0x40080400,len:3028
entry 0x400805e4
All BME68X sensors initialized
TimeStamp(ms),Label_Tag,HeaterProfile_ID,Sensor1_Temperature(deg C),Sensor1_Pressure(Pa),Sensor1_Humidity(%),Sensor1_GasResistance(ohm),Sensor1_Status,Sensor1_GasIndex,Sensor2_Temperature(deg C),Sensor2_Pressure(Pa),Sensor2_Humidity(%),Sensor2_GasResistance(ohm),Sensor2_Status,Sensor2_GasIndex,Sensor3_Temperature(deg C),Sensor3_Pressure(Pa),Sensor3_Humidity(%),Sensor3_GasResistance(ohm),Sensor3_Status,Sensor3_GasIndex,Sensor4_Temperature(deg C),Sensor4_Pressure(Pa),Sensor4_Humidity(%),Sensor4_GasResistance(ohm),Sensor4_Status,Sensor4_GasIndex,Sensor5_Temperature(deg C),Sensor5_Pressure(Pa),Sensor5_Humidity(%),Sensor5_GasResistance(ohm),Sensor5_Status,Sensor5_GasIndex,Sensor6_Temperature(deg C),Sensor6_Pressure(Pa),Sensor6_Humidity(%),Sensor6_GasResistance(ohm),Sensor6_Status,Sensor6_GasIndex,Sensor7_Temperature(deg C),Sensor7_Pressure(Pa),Sensor7_Humidity(%),Sensor7_GasResistance(ohm),Sensor7_Status,Sensor7_GasIndex,Sensor8_Temperature(deg C),Sensor8_Pressure(Pa),Sensor8_Humidity(%),Sensor8_GasResistance(ohm),Sensor8_Status,Sensor8_GasIndex
3003,1,1,,,,,,,,,,,,,,,,,,,,,,,,,,,,,,,,,,,,,,,,,,,,,,,,
4003,1,1,,,,,,,,,,,,,,,,,,,,,,,,,,,,,,,,,,,,,,,,,,,,,,,,
5003,1,1,,,,,,,,,,,,,,,,,,,,,,,,,,,,,,,,,,,,,,,,,,,,,,,,
6003,1,1,,,,,,,,,,,,,,,,,,,,,,,,,,,,,,,,,,,,,,,,,,,,,,,,
7003,1,1,41.71,99723.20,18.09,102400000.00,a0,1,41.85,99705.38,18.09,102400000.00,a0,1,42.83,99711.22,17.57,102400000.00,a0,1,43.13,99693.36,17.01,102400000.00,a0,1,43.64,99740.88,15.26,102400000.00,a0,1,43.51,99752.52,15.56,102400000.00,a0,1,43.56,99754.66,15.21,102400000.00,a0,1,43.34,99737.83,15.23,102400000.00,a0,1
8003,1,1,,,,,,,,,,,,,,,,,,,,,,,,,,,,,,,,,,,,,,,,,,,,,,,,
9003,1,1,,,,,,,,,,,,,,,,,,,,,,,,,,,,,,,,,,,,,,,,,,,,,,,,
10003,1,1,41.76,99723.47,16.99,102400000.00,a0,1,41.93,99702.88,16.98,102400000.00,a0,1,42.84,99709.98,16.52,102400000.00,a0,1,43.17,99692.53,15.99,102400000.00,a0,1,43.68,99741.85,14.61,102400000.00,a0,1,43.52,99752.92,14.93,102400000.00,a0,1,43.64,99755.25,14.73,102400000.00,a0,1,43.42,99740.53,14.78,102400000.00,a0,1
11003,1,1,,,,,,,,,,,,,,,,,,,,,,,,,,,,,,,,,,,,,,,,,,,,,,,,
12003,1,1,,,,,,,,,,,,,,,,,,,,,,,,,,,,,,,,,,,,,,,,,,,,,,,,
13003,1,1,41.80,99723.62,16.41,102400000.00,a0,1,41.99,99705.64,16.39,102400000.00,a0,1,42.91,99711.33,15.97,102400000.00,a0,1,43.25,99692.51,15.49,102400000.00,a0,1,43.74,99742.00,14.21,102400000.00,a0,1,43.59,99753.00,14.59,102400000.00,a0,1,43.68,99753.72,14.44,102400000.00,a0,1,43.48,99738.38,14.52,102400000.00,a0,1
14003,1,1,,,,,,,,,,,,,,,,,,,,,,,,,,,,,,,,,,,,,,,,,,,,,,,,
15003,1,1,,,,,,,,,,,,,,,,,,,,,,,,,,,,,,,,,,,,,,,,,,,,,,,,
16003,1,1,41.85,99720.74,16.07,102400000.00,a0,1,42.07,99699.84,16.04,102400000.00,a0,1,42.96,99708.56,15.65,102400000.00,a0,1,43.30,99689.43,15.18,102400000.00,a0,1,43.83,99739.22,13.99,102400000.00,a0,1,43.65,99747.15,14.35,102400000.00,a0,1,43.77,99750.98,14.23,102400000.00,a0,1,43.55,99737.06,14.30,102400000.00,a0,1
17003,1,1,,,,,,,,,,,,,,,,,,,,,,,,,,,,,,,,,,,,,,,,,,,,,,,,
18003,1,1,,,,,,,,,,,,,,,,,,,,,,,,,,,,,,,,,,,,,,,,,,,,,,,,
19003,1,1,41.08,99729.66,15.98,387805.34,b0,0,42.14,99699.61,15.82,102400000.00,a0,1,42.19,99716.55,15.54,304399.53,b0,0,42.53,99694.32,15.08,460846.09,b0,0,,,,,,,,,,,,,42.93,99755.86,14.15,336510.03,b0,0,42.73,99742.75,14.24,434727.22,b0,0
20003,1,1,,,,,,,,,,,,,,,,,,,,,,,,,43.86,99736.81,13.80,102400000.00,a0,1,43.66,99744.80,14.06,102400000.00,a0,1,,,,,,,43.40,99740.34,14.12,102400000.00,a0,2
21003,1,1,,,,,,,,,,,,,,,,,,,,,,,,,,,,,,,,,,,,,,,,,,,,,,,,
