Retrieving heater profiles from sensors...
Sensor 1: Heater Profile:
  Step 1: Temp = 8784°C, Duration = 3 ms
  Step 2: Temp = 16379°C, Duration = 0 ms
  Step 3: Temp = 33704°C, Duration = 0 ms
  Step 4: Temp = 14102°C, Duration = 0 ms
  Step 5: Temp = 0°C, Duration = 0 ms
  Step 6: Temp = 0°C, Duration = 0 ms
  Step 7: Temp = 5292°C, Duration = 0 ms
  Step 8: Temp = 0°C, Duration = 0 ms
  Step 9: Temp = 40768°C, Duration = 7380 ms
  Step 10: Temp = 0°C, Duration = 2044 ms
Heater profile retrieved for sensor 0
Sensor 2: Heater Profile:
  Step 1: Temp = 8784°C, Duration = 3 ms
  Step 2: Temp = 16379°C, Duration = 0 ms
  Step 3: Temp = 33704°C, Duration = 0 ms
  Step 4: Temp = 14102°C, Duration = 0 ms
  Step 5: Temp = 0°C, Duration = 0 ms
  Step 6: Temp = 0°C, Duration = 0 ms
  Step 7: Temp = 5292°C, Duration = 0 ms
  Step 8: Temp = 0°C, Duration = 0 ms
  Step 9: Temp = 40768°C, Duration = 7380 ms
  Step 10: Temp = 0°C, Duration = 2044 ms
Heater profile retrieved for sensor 1
Sensor 3: Heater Profile:
  Step 1: Temp = 8784°C, Duration = 3 ms
  Step 2: Temp = 16379°C, Duration = 0 ms
  Step 3: Temp = 33704°C, Duration = 0 ms
  Step 4: Temp = 14102°C, Duration = 0 ms
  Step 5: Temp = 0°C, Duration = 0 ms
  Step 6: Temp = 0°C, Duration = 0 ms
  Step 7: Temp = 5292°C, Duration = 0 ms
  Step 8: Temp = 0°C, Duration = 0 ms
  Step 9: Temp = 40768°C, Duration = 7380 ms
  Step 10: Temp = 0°C, Duration = 2044 ms
Heater profile retrieved for sensor 2
Sensor 4: Heater Profile:
  Step 1: Temp = 8784°C, Duration = 3 ms
  Step 2: Temp = 16379°C, Duration = 0 ms
  Step 3: Temp = 33704°C, Duration = 0 ms
  Step 4: Temp = 14102°C, Duration = 0 ms
  Step 5: Temp = 0°C, Duration = 0 ms
  Step 6: Temp = 0°C, Duration = 0 ms
  Step 7: Temp = 5292°C, Duration = 0 ms
  Step 8: Temp = 0°C, Duration = 0 ms
  Step 9: Temp = 40768°C, Duration = 7380 ms
  Step 10: Temp = 0°C, Duration = 2044 ms
Heater profile retrieved for sensor 3
Sensor 5: Heater Profile:
  Step 1: Temp = 8784°C, Duration = 3 ms
  Step 2: Temp = 16379°C, Duration = 0 ms
  Step 3: Temp = 33704°C, Duration = 0 ms
  Step 4: Temp = 14102°C, Duration = 0 ms
  Step 5: Temp = 0°C, Duration = 0 ms
  Step 6: Temp = 0°C, Duration = 0 ms
  Step 7: Temp = 5292°C, Duration = 0 ms
  Step 8: Temp = 0°C, Duration = 0 ms
  Step 9: Temp = 40768°C, Duration = 7380 ms
  Step 10: Temp = 0°C, Duration = 2044 ms
Heater profile retrieved for sensor 4
Sensor 6: Heater Profile:
  Step 1: Temp = 8784°C, Duration = 3 ms
  Step 2: Temp = 16379°C, Duration = 0 ms
  Step 3: Temp = 33704°C, Duration = 0 ms
  Step 4: Temp = 14102°C, Duration = 0 ms
  Step 5: Temp = 0°C, Duration = 0 ms
  Step 6: Temp = 0°C, Duration = 0 ms
  Step 7: Temp = 5292°C, Duration = 0 ms
  Step 8: Temp = 0°C, Duration = 0 ms
  Step 9: Temp = 40768°C, Duration = 7380 ms
  Step 10: Temp = 0°C, Duration = 2044 ms
Heater profile retrieved for sensor 5
Sensor 7: Heater Profile:
  Step 1: Temp = 8784°C, Duration = 3 ms
  Step 2: Temp = 16379°C, Duration = 0 ms
  Step 3: Temp = 33704°C, Duration = 0 ms
  Step 4: Temp = 14102°C, Duration = 0 ms
  Step 5: Temp = 0°C, Duration = 0 ms
  Step 6: Temp = 0°C, Duration = 0 ms
  Step 7: Temp = 5292°C, Duration = 0 ms
  Step 8: Temp = 0°C, Duration = 0 ms
  Step 9: Temp = 40768°C, Duration = 7380 ms
  Step 10: Temp = 0°C, Duration = 2044 ms
Heater profile retrieved for sensor 6
Sensor 8: Heater Profile:
  Step 1: Temp = 8784°C, Duration = 3 ms
  Step 2: Temp = 16379°C, Duration = 0 ms
  Step 3: Temp = 33704°C, Duration = 0 ms
  Step 4: Temp = 14102°C, Duration = 0 ms
  Step 5: Temp = 0°C, Duration = 0 ms
  Step 6: Temp = 0°C, Duration = 0 ms
  Step 7: Temp = 5292°C, Duration = 0 ms
  Step 8: Temp = 0°C, Duration = 0 ms
  Step 9: Temp = 40768°C, Duration = 7380 ms
  Step 10: Temp = 0°C, Duration = 2044 ms
Heater profile retrieved for sensor 7
Heater profiles retrieval complete.
