TimeStamp(ms),Label_Tag,HeaterProfile_ID,Sensor1_Temperature(deg C),Sensor1_Pressure(Pa),Sensor1_Humidity(%),Sensor1_GasResistance(ohm),Sensor1_Status,Sensor1_GasIndex,Sensor2_Temperature(deg C),Sensor2_Pressure(Pa),Sensor2_Humidity(%),Sensor2_GasResistance(ohm),Sensor2_Status,Sensor2_GasIndex,Sensor3_Temperature(deg C),Sensor3_Pressure(Pa),Sensor3_Humidity(%),Sensor3_GasResistance(ohm),Sensor3_Status,Sensor3_GasIndex,Sensor4_Temperature(deg C),Sensor4_Pressure(Pa),Sensor4_Humidity(%),Sensor4_GasResistance(ohm),Sensor4_Status,Sensor4_GasIndex,Sensor5_Temperature(deg C),Sensor5_Pressure(Pa),Sensor5_Humidity(%),Sensor5_GasResistance(ohm),Sensor5_Status,Sensor5_GasIndex,Sensor6_Temperature(deg C),Sensor6_Pressure(Pa),Sensor6_Humidity(%),Sensor6_GasResistance(ohm),Sensor6_Status,Sensor6_GasIndex,Sensor7_Temperature(deg C),Sensor7_Pressure(Pa),Sensor7_Humidity(%),Sensor7_GasResistance(ohm),Sensor7_Status,Sensor7_GasIndex,Sensor8_Temperature(deg C),Sensor8_Pressure(Pa),Sensor8_Humidity(%),Sensor8_GasResistance(ohm),Sensor8_Status,Sensor8_GasIndex
Skip I:0, DIFF:51, MI:51, LMI:0, S:176
Skip I:1, DIFF:51, MI:51, LMI:0, S:176
Skip I:2, DIFF:51, MI:51, LMI:0, S:176
Skip I:3, DIFF:51, MI:51, LMI:0, S:176
Skip I:4, DIFF:51, MI:51, LMI:0, S:176
Skip I:5, DIFF:51, MI:51, LMI:0, S:176
Skip I:6, DIFF:51, MI:51, LMI:0, S:176
Skip I:7, DIFF:51, MI:51, LMI:0, S:176
7774,1,0,38.11,99800.70,14.67,3380932.75,176,4,38.22,99800.95,14.67,3380932.75,144,5,38.30,99802.15,14.69,3380932.75,144,5,38.20,99782.17,14.65,1897174.62,176,4,38.32,99783.88,14.66,1897174.62,144,5,38.39,99781.09,14.66,1897174.62,144,5,39.27,99791.54,14.23,1414364.62,176,4,39.37,99794.45,14.24,1414364.62,144,5,39.46,99794.55,14.25,1414364.62,144,5,39.52,99771.42,13.86,2846421.25,176,4,39.62,99772.03,13.89,2846421.25,144,5,39.71,99774.45,13.88,2846421.25,144,5,40.27,99823.24,12.68,3109508.50,176,4,40.38,99823.16,12.70,3109508.50,144,5,40.45,99824.27,12.71,3109508.50,144,5,40.08,99834.18,13.13,1626042.12,176,4,40.20,99836.97,13.14,1626042.12,144,5,40.28,99838.63,13.14,1626042.12,144,5,40.06,99833.84,13.09,1429169.62,176,4,40.16,99834.66,13.10,1429169.62,144,5,40.24,99835.01,13.11,1429169.62,144,5,39.94,99822.43,13.19,2007351.12,176,4,40.03,99822.36,13.20,2007351.12,144,5,40.11,99822.69,13.21,2007351.12,144,5
Skip I:0, DIFF:5, MI:58, LMI:53, S:144
Skip I:1, DIFF:5, MI:58, LMI:53, S:144
Skip I:2, DIFF:5, MI:58, LMI:53, S:144
Skip I:3, DIFF:5, MI:58, LMI:53, S:144
Skip I:4, DIFF:5, MI:58, LMI:53, S:144
Skip I:5, DIFF:5, MI:58, LMI:53, S:144
Skip I:6, DIFF:5, MI:58, LMI:53, S:144
Skip I:7, DIFF:5, MI:58, LMI:53, S:144
8774,1,0,38.53,99801.16,14.73,3291281.75,144,6,38.56,99803.31,14.72,3291281.75,144,6,38.58,99802.46,14.72,3291281.75,144,6,38.63,99785.01,14.70,1743349.62,144,6,38.65,99786.23,14.70,1743349.62,144,6,38.67,99785.52,14.70,1743349.62,144,6,39.68,99793.69,14.26,1321290.37,144,6,39.71,99793.69,14.26,1321290.37,144,6,39.74,99794.91,14.26,1321290.37,144,6,39.92,99774.37,13.89,2676249.50,144,6,39.94,99771.99,13.89,2676249.50,144,6,39.97,99771.91,13.89,2676249.50,144,6,40.66,99826.50,12.72,2873377.75,144,6,40.68,99825.95,12.72,2873377.75,144,6,40.70,99826.72,12.71,2873377.75,144,6,40.52,99841.45,13.14,1435178.75,144,6,40.54,99840.45,13.14,1435178.75,144,6,40.56,99842.35,13.14,1435178.75,144,6,40.44,99835.88,13.10,1311139.62,144,6,40.47,99838.45,13.09,1311139.62,144,6,40.48,99836.66,13.09,1311139.62,144,6,40.32,99823.95,13.22,1863512.25,144,6,40.34,99824.21,13.21,1863512.25,144,6,40.37,99823.98,13.19,1863512.25,144,6
Skip I:0, DIFF:6, MI:66, LMI:60, S:176
Skip I:1, DIFF:6, MI:66, LMI:60, S:176
Skip I:2, DIFF:6, MI:66, LMI:60, S:176
Skip I:3, DIFF:5, MI:65, LMI:60, S:144
Skip I:4, DIFF:5, MI:65, LMI:60, S:144
Skip I:5, DIFF:5, MI:65, LMI:60, S:144
Skip I:6, DIFF:5, MI:65, LMI:60, S:144
Skip I:7, DIFF:5, MI:65, LMI:60, S:144
9774,1,0,38.86,99804.77,14.75,305762.91,176,7,38.96,99803.02,14.78,305762.91,144,8,39.05,99805.30,14.77,305762.91,144,8,38.94,99783.16,14.74,232939.03,176,7,39.03,99782.52,14.75,232939.03,144,8,39.11,99784.98,14.76,232939.03,144,8,40.01,99794.15,14.29,163892.45,176,7,40.11,99795.36,14.30,163892.45,144,8,40.19,99794.82,14.30,163892.45,144,8,40.10,99769.60,13.93,2518290.75,144,7,40.24,99771.66,13.93,292404.34,176,7,40.34,99773.54,13.95,292404.34,144,8,40.85,99824.32,12.73,2721594.75,144,7,40.99,99825.63,12.74,277206.28,176,7,41.09,99825.55,12.75,277206.28,144,8,40.72,99836.59,13.15,1296202.50,144,7,40.87,99838.36,13.16,209750.11,176,7,40.97,99841.41,13.17,209750.11,144,8,40.67,99835.27,13.11,1218684.87,144,7,40.81,99836.80,13.11,176612.62,176,7,40.91,99836.66,13.12,176612.62,144,8,40.55,99825.37,13.21,1748932.50,144,7,40.69,99826.73,13.22,244800.37,176,7,40.78,99826.62,13.23,244800.37,144,8
Skip I:0, DIFF:5, MI:73, LMI:68, S:144
Skip I:1, DIFF:5, MI:73, LMI:68, S:144
Skip I:2, DIFF:5, MI:73, LMI:68, S:144
Skip I:3, DIFF:6, MI:73, LMI:67, S:144
Skip I:4, DIFF:5, MI:72, LMI:67, S:144
Skip I:5, DIFF:5, MI:72, LMI:67, S:144
Skip I:6, DIFF:6, MI:73, LMI:67, S:144
Skip I:7, DIFF:6, MI:73, LMI:67, S:144
10774,1,0,39.28,99806.23,14.78,328099.97,144,9,39.30,99806.09,14.79,328099.97,144,9,39.33,99806.92,14.77,328099.97,144,9,39.36,99787.20,14.77,284365.47,144,9,39.39,99788.70,14.76,284365.47,144,9,39.42,99786.45,14.75,284365.47,144,9,40.44,99794.78,14.30,204595.41,144,9,40.47,99793.20,14.31,204595.41,144,9,40.50,99794.63,14.31,204595.41,144,9,40.69,99775.93,13.97,343278.59,144,9,40.73,99775.69,13.95,343278.59,144,9,40.75,99774.65,13.96,343278.59,144,9,41.38,99827.79,12.77,308248.03,144,9,41.42,99828.81,12.76,308248.03,144,9,41.45,99828.58,12.76,308248.03,144,9,41.25,99837.22,13.18,265560.16,144,9,41.29,99839.00,13.17,265560.16,144,9,41.32,99838.61,13.15,265560.16,144,9,41.21,99837.00,13.12,231674.20,144,9,41.25,99840.86,13.12,231674.20,144,9,41.27,99840.02,13.11,231674.20,144,9,41.08,99828.32,13.22,299327.69,144,9,41.10,99827.28,13.23,299327.69,144,9,41.13,99828.88,13.22,299327.69,144,9
Skip I:0, DIFF:5, MI:80, LMI:75, S:144
Skip I:1, DIFF:5, MI:80, LMI:75, S:144
Skip I:2, DIFF:5, MI:80, LMI:75, S:144
Skip I:3, DIFF:5, MI:80, LMI:75, S:144
Skip I:4, DIFF:5, MI:79, LMI:74, S:144
Skip I:5, DIFF:5, MI:79, LMI:74, S:144
Skip I:6, DIFF:5, MI:80, LMI:75, S:144
Skip I:7, DIFF:5, MI:80, LMI:75, S:144
11774,1,0,39.42,99808.30,14.76,350684.94,144,0,39.43,99808.15,14.76,363378.28,176,0,39.27,99812.78,14.73,363378.28,144,1,39.52,99790.20,14.72,316244.59,144,0,39.53,99788.27,14.74,339522.53,176,0,39.38,99796.05,14.71,339522.53,144,1,40.61,99795.41,14.31,228571.42,144,0,40.62,99795.09,14.28,244976.08,176,0,40.46,99799.75,14.26,244976.08,144,1,40.87,99777.70,13.95,384528.72,144,0,40.88,99776.81,13.92,408700.84,176,0,40.71,99782.24,13.91,408700.84,144,1,41.58,99830.32,12.75,331928.69,144,0,41.60,99829.58,12.76,331928.69,144,0,41.61,99828.89,12.76,350684.94,176,0,41.44,99839.88,13.15,295441.44,144,0,41.46,99839.59,13.15,295441.44,144,0,41.47,99839.27,13.15,318012.44,176,0,41.37,99840.09,13.07,263713.62,144,0,41.39,99841.45,13.08,284365.47,176,0,41.20,99846.24,13.06,284365.47,144,1,41.23,99827.58,13.21,342589.50,144,0,41.25,99829.58,13.19,368477.88,176,0,41.07,99835.13,13.17,368477.88,144,1
Skip I:0, DIFF:5, MI:87, LMI:82, S:144
Skip I:1, DIFF:5, MI:87, LMI:82, S:144
Skip I:2, DIFF:5, MI:87, LMI:82, S:144
Skip I:3, DIFF:5, MI:87, LMI:82, S:144
Skip I:4, DIFF:5, MI:86, LMI:81, S:144
Skip I:5, DIFF:6, MI:87, LMI:81, S:144
Skip I:6, DIFF:5, MI:87, LMI:82, S:144
Skip I:7, DIFF:5, MI:87, LMI:82, S:144
12774,1,0,38.30,99807.43,14.65,54296604.00,144,2,38.20,99804.66,14.65,54296604.00,144,2,38.15,99803.60,14.66,54296604.00,144,2,38.41,99788.00,14.63,51848100.00,144,2,38.33,99788.79,14.62,51848100.00,144,2,38.27,99787.59,14.62,51848100.00,144,2,39.48,99798.54,14.18,37109852.00,144,2,39.40,99799.42,14.16,37109852.00,144,2,39.32,99797.29,14.18,37109852.00,144,2,39.70,99778.36,13.82,80585304.00,144,2,39.61,99775.91,13.82,80585304.00,144,2,39.54,99774.32,13.83,80585304.00,144,2,40.51,99829.67,12.65,67044500.00,144,2,40.40,99829.23,12.64,67044500.00,144,2,40.31,99826.37,12.64,67044500.00,144,2,40.22,99842.87,13.02,54738776.00,144,2,40.11,99840.52,13.01,54738776.00,144,2,40.03,99840.66,13.02,54738776.00,144,2,40.15,99839.23,12.98,40107712.00,144,2,40.06,99840.49,12.96,40107712.00,144,2,39.98,99839.51,12.97,40107712.00,144,2,40.06,99830.10,13.09,55258012.00,144,2,39.95,99827.96,13.09,55258012.00,144,2,39.87,99825.68,13.09,55258012.00,144,2
