Unknown command. Available commands: START, STOP, SEC_num (e.g., SEC_5000), GETHEAT
Unknown command. Available commands: START, STOP, SEC_num (e.g., SEC_5000), GETHEAT
Unknown command. Available commands: START, STOP, SEC_num (e.g., SEC_5000), GETHEAT
TimeStamp(ms),Label_Tag,HeaterProfile_ID,Sensor1_Temperature(deg C),Sensor1_Pressure(Pa),Sensor1_Humidity(%),Sensor1_GasResistance(ohm),Sensor1_Status,Sensor1_GasIndex,Sensor2_Temperature(deg C),Sensor2_Pressure(Pa),Sensor2_Humidity(%),Sensor2_GasResistance(ohm),Sensor2_Status,Sensor2_GasIndex,Sensor3_Temperature(deg C),Sensor3_Pressure(Pa),Sensor3_Humidity(%),Sensor3_GasResistance(ohm),Sensor3_Status,Sensor3_GasIndex,Sensor4_Temperature(deg C),Sensor4_Pressure(Pa),Sensor4_Humidity(%),Sensor4_GasResistance(ohm),Sensor4_Status,Sensor4_GasIndex,Sensor5_Temperature(deg C),Sensor5_Pressure(Pa),Sensor5_Humidity(%),Sensor5_GasResistance(ohm),Sensor5_Status,Sensor5_GasIndex,Sensor6_Temperature(deg C),Sensor6_Pressure(Pa),Sensor6_Humidity(%),Sensor6_GasResistance(ohm),Sensor6_Status,Sensor6_GasIndex,Sensor7_Temperature(deg C),Sensor7_Pressure(Pa),Sensor7_Humidity(%),Sensor7_GasResistance(ohm),Sensor7_Status,Sensor7_GasIndex,Sensor8_Temperature(deg C),Sensor8_Pressure(Pa),Sensor8_Humidity(%),Sensor8_GasResistance(ohm),Sensor8_Status,Sensor8_GasIndex
8599,1,1,42.18,99696.55,14.80,207581.59,b0,3,42.07,99679.72,14.85,165001.61,b0,3,43.36,99690.15,14.32,135306.55,b0,2,43.43,99663.67,14.10,227960.81,b0,2,43.49,99713.09,13.33,267432.75,b0,1,43.53,99720.07,13.55,231046.94,b0,1,43.13,99721.97,13.77,193244.02,b0,1,43.05,99711.35,13.78,264531.12,b0,1
Unknown command. Available commands: START, STOP, SEC_num (e.g., SEC_5000), GETHEAT
10604,1,1,42.08,99695.50,14.86,194899.13,b0,0,41.98,99676.95,14.94,161565.16,b0,0,43.21,99690.16,14.37,123195.38,b0,3,43.30,99665.83,14.15,194565.84,b0,3,43.39,99715.88,13.36,263103.81,b0,1,43.41,99727.90,13.57,163421.64,b0,2,43.02,99728.13,13.79,149795.20,b0,2,42.92,99716.59,13.80,204595.41,b0,2
11604,1,1,42.04,99695.68,14.89,194012.89,b0,0,41.95,99679.98,14.94,161107.61,b0,0,43.15,99688.37,14.39,119990.63,b0,0,43.26,99670.84,14.15,192264.36,b0,3,43.35,99718.59,13.34,193463.06,b0,2,43.36,99726.80,13.57,163421.64,b0,2,42.95,99729.02,13.79,130445.86,b0,3,42.88,99719.89,13.82,203862.23,b0,2
12604,1,1,41.98,99696.75,14.89,286995.53,b0,1,41.90,99681.96,14.95,247283.27,b0,1,43.09,99692.27,14.40,119402.98,b0,0,43.19,99670.49,14.17,185440.06,b0,0,43.32,99718.90,13.35,191832.14,b0,2,43.30,99728.99,13.57,149271.14,b0,3,42.92,99730.74,13.79,130845.90,b0,3,42.81,99718.63,13.83,179964.84,b0,3
13604,1,1,41.90,99700.89,14.88,285077.94,b0,1,41.82,99680.91,14.95,248362.84,b0,1,43.03,99690.95,14.39,165803.11,b0,1,43.12,99669.76,14.17,182857.14,b0,0,43.24,99718.66,13.35,169592.58,b0,3,43.27,99727.77,13.58,150058.61,b0,3,42.88,99728.39,13.79,128869.88,b0,0,42.79,99714.95,13.84,176612.62,b0,0
14604,1,1,41.84,99700.59,14.88,282482.75,b0,1,41.77,99680.16,14.96,195121.95,b0,2,42.96,99689.71,14.41,165803.11,b0,1,43.05,99667.13,14.17,182466.14,b0,0,43.20,99720.23,13.37,168587.42,b0,3,43.21,99726.13,13.60,149271.14,b0,3,42.84,99726.98,13.79,128772.63,b0,0,42.77,99717.35,13.84,176430.05,b0,0
15604,1,1,41.82,99703.12,14.90,227960.81,b0,2,41.76,99684.68,14.97,194899.13,b0,2,42.91,99691.66,14.44,165481.58,b0,1,43.04,99668.25,14.17,279934.37,b0,1,43.17,99719.20,13.36,168089.30,b0,3,43.17,99724.71,13.61,148491.87,b0,0,42.81,99725.78,13.80,181495.92,b0,1,42.75,99716.63,13.86,260891.72,b0,1
16604,1,1,41.77,99705.18,14.91,226900.06,b0,2,41.69,99683.95,14.98,162953.53,b0,3,42.87,99692.45,14.47,134242.27,b0,2,43.00,99669.85,14.20,279019.06,b0,1,43.14,99718.93,13.37,164842.23,b0,0,43.16,99725.59,13.63,148362.80,b0,0,42.79,99729.05,13.82,182271.27,b0,1,42.74,99719.39,13.87,259898.48,b0,1
17604,1,1,41.69,99703.98,14.92,186861.31,b0,3,41.63,99686.68,15.00,162179.28,b0,3,42.82,99693.94,14.49,134031.41,b0,2,42.94,99671.23,14.22,220880.06,b0,2,43.09,99717.87,13.38,164683.17,b0,0,43.15,99728.26,13.66,230578.70,b0,1,42.74,99729.62,13.81,148880.48,b0,2,42.70,99718.58,13.88,196356.66,b0,2
18604,1,1,41.63,99703.91,14.94,186656.94,b0,3,41.57,99685.30,15.00,161412.36,b0,0,42.74,99691.73,14.53,121962.84,b0,3,42.90,99674.52,14.24,221023.09,b0,2,43.06,99717.75,13.39,163421.64,b0,0,43.12,99727.28,13.67,230578.70,b0,1,42.69,99730.00,13.84,129949.24,b0,3,42.66,99721.14,13.91,196131.02,b0,2
19604,1,1,41.57,99702.09,14.94,179964.84,b0,0,41.53,99684.70,15.02,160955.67,b0,0,42.68,99691.61,14.54,121615.20,b0,3,42.84,99671.54,14.25,220594.58,b0,2,43.03,99715.97,13.41,253716.55,b0,1,43.07,99729.29,13.66,230267.59,b0,1,42.65,99729.51,13.88,130246.76,b0,3,42.61,99719.05,13.92,177531.20,b0,3
20604,1,1,41.51,99698.31,14.97,179397.34,b0,0,41.51,99684.60,15.04,247821.88,b0,1,42.62,99690.33,14.57,118244.80,b0,0,42.78,99671.95,14.26,183249.83,b0,3,42.99,99715.72,13.42,253339.94,b0,1,43.04,99730.07,13.69,162488.09,b0,2,42.62,99729.43,13.86,128096.07,b0,0,42.58,99720.37,13.93,177531.20,b0,3
21604,1,1,41.40,99701.20,15.05,178459.39,b0,0,41.40,99681.72,15.09,246925.48,b0,1,42.51,99689.66,14.61,118081.18,b0,0,42.67,99672.62,14.32,180345.19,b0,3,42.94,99720.64,13.50,183644.19,b0,2,42.94,99736.84,13.81,160804.02,b0,2,42.56,99729.04,13.97,126108.37,b0,0,42.49,99718.19,14.10,173383.00,b0,0
22604,1,2,41.37,99700.98,15.29,102400000.00,a0,5,41.37,99689.20,15.41,102400000.00,a0,5,42.44,99692.50,15.00,100979968.00,a0,5,42.60,99672.05,14.86,102400000.00,a0,5,42.92,99722.32,13.98,102400000.00,a0,4,42.94,99733.73,14.33,101566832.00,a0,4,42.53,99730.07,14.38,77169264.00,a0,4,42.49,99721.27,14.60,102400000.00,a0,4
23604,1,2,41.00,99700.07,15.56,1275615.12,b0,3,40.99,99681.46,16.01,910626.94,b0,3,42.06,99687.87,15.53,681077.50,b0,3,42.16,99666.18,15.97,1100779.37,b0,3,42.44,99715.20,14.71,1426183.87,b0,2,42.44,99725.72,15.02,952558.13,b0,2,42.08,99724.58,14.93,916126.12,b0,2,42.01,99714.38,14.99,1285221.25,b0,2
24604,1,3,40.97,99704.88,15.77,2727030.75,b0,2,40.94,99685.45,16.65,1838420.12,b0,2,42.02,99693.14,15.98,1336814.62,b0,2,42.00,99670.83,17.67,2367630.00,b0,2,42.47,99722.15,15.27,2265486.75,b0,2,42.49,99731.16,15.62,1591916.00,b0,2,42.04,99723.71,15.27,681077.50,a0,1,41.99,99710.97,15.23,461469.12,a0,1
25604,1,3,40.85,99694.09,16.20,363830.16,a0,3,40.80,99674.34,17.55,363830.16,a0,3,41.86,99685.84,16.59,363830.16,a0,3,41.64,99659.76,19.43,363830.16,a0,3,42.31,99715.26,15.81,2355376.75,b0,2,42.31,99730.29,16.19,1570853.25,b0,2,41.95,99727.66,15.60,1317465.37,b0,2,41.89,99714.98,15.50,1979700.37,b0,2
26604,1,3,40.84,99693.46,16.69,363830.16,a0,3,40.82,99681.07,18.22,1000732.94,a0,4,41.85,99686.20,17.41,363830.16,a0,3,41.58,99660.54,20.99,363830.16,a0,3,42.30,99709.45,16.17,363830.16,a0,3,42.32,99722.68,16.53,648101.25,a0,3,41.91,99718.21,15.73,558951.94,a0,3,41.86,99709.47,15.54,697072.81,a0,3
27604,1,4,40.83,99695.30,17.00,363830.16,a0,7,40.68,99675.07,18.50,363830.16,a0,7,41.80,99684.99,18.05,363830.16,a0,7,41.35,99664.53,22.64,363830.16,a0,7,42.31,99713.21,16.48,363830.16,a0,7,42.28,99725.26,17.11,1901137.13,a0,6,41.87,99718.09,15.70,520589.72,a0,7,41.81,99710.74,15.55,2127792.25,a0,6
28604,1,4,40.76,99699.04,17.09,1332899.50,a0,4,40.51,99673.14,18.50,363830.16,a0,3,41.67,99684.33,18.42,363830.16,a0,3,41.10,99659.78,24.19,363830.16,a0,3,42.18,99709.81,16.84,363830.16,a0,3,42.16,99722.07,17.73,567784.88,a0,3,41.75,99714.69,15.65,488200.25,a0,3,41.69,99704.76,15.53,617611.56,a0,3
29604,1,1,40.81,99691.08,17.12,3578073.75,a0,1,40.58,99671.70,18.47,1969704.25,a0,1,41.79,99682.76,18.67,1202583.62,a0,1,41.11,99661.35,25.62,1956999.50,a0,1,42.25,99708.24,17.01,415163.19,a0,0,42.22,99719.22,18.08,179208.95,a0,0,41.85,99717.66,15.58,100254.55,a0,0,41.78,99707.86,15.49,152744.63,a0,0
30604,1,1,40.94,99696.16,17.09,177346.73,b0,2,40.70,99672.34,18.36,558951.94,a0,1,41.86,99683.84,18.82,344317.41,a0,1,41.34,99657.91,26.41,519796.97,a0,1,42.45,99708.70,17.13,415668.75,a0,1,42.41,99722.32,18.39,479962.50,a0,1,42.06,99717.12,15.52,330322.59,a0,1,41.95,99704.73,15.42,449319.88,a0,1
31604,1,1,40.94,99696.64,17.01,166125.89,b0,2,40.73,99676.92,18.13,127047.15,b0,2,41.85,99684.36,18.73,147592.97,a0,1,41.55,99663.47,25.41,128385.16,b0,2,42.40,99707.39,17.21,205457.47,a0,1,42.39,99723.87,18.32,194344.28,a0,1,42.08,99719.60,15.62,165001.61,a0,1,41.95,99707.13,15.48,212096.11,b0,1
32604,1,1,40.87,99696.02,17.08,166938.38,b0,2,40.62,99677.66,18.03,113224.23,b0,3,41.80,99688.37,18.57,89136.49,b0,2,41.59,99662.27,24.04,133090.72,b0,2,42.39,99710.41,17.09,175884.58,b0,1,42.37,99723.60,17.95,164049.98,b0,1,42.09,99721.13,15.73,106048.05,b0,2,41.96,99710.50,15.55,139281.83,b0,2
