Attempting to load dynamic configuration from SD card...
---- SD Card Config File Contents ----
{
  "configHeader": {
    "dateCreated_ISO": "2024-07-26T16:25:55.290Z",
    "appVersion": "2.3.2",
    "boardType": "board_8",
    "boardMode": "burn_in",
    "boardLayout": "grouped"
  },
  "configBody": {
    "heaterProfiles": [
      {
        "id": "heater_354",
        "timeBase": 140,
        "temperatureTimeVectors": [
          [
            320,
            5
          ],
          [
            100,
            2
          ],
          [
            100,
            10
          ],
          [
            100,
            30
          ],
          [
            200,
            5
          ],
          [
            200,
            5
          ],
          [
            200,
            5
          ],
          [
            320,
            5
          ],
          [
            320,
            5
          ],
          [
            320,
            5
          ]
        ]
      }
    ],
    "dutyCycleProfiles": [
      {
        "id": "duty_5_10",
        "numberScanningCycles": 5,
        "numberSleepingCycles": 10
      }
    ],
    "sensorConfigurations": [
      {
        "sensorIndex": 0,
        "heaterProfile": "heater_354",
        "dutyCycleProfile": "duty_5_10"
      },
      {
        "sensorIndex": 1,
        "heaterProfile": "heater_354",
        "dutyCycleProfile": "duty_5_10"
      },
      {
        "sensorIndex": 2,
        "heaterProfile": "heater_354",
        "dutyCycleProfile": "duty_5_10"
      },
      {
        "sensorIndex": 3,
        "heaterProfile": "heater_354",
        "dutyCycleProfile": "duty_5_10"
      },
      {
        "sensorIndex": 4,
        "heaterProfile": "heater_354",
        "dutyCycleProfile": "duty_5_10"
      },
      {
        "sensorIndex": 5,
        "heaterProfile": "heater_354",
        "dutyCycleProfile": "duty_5_10"
      },
      {
        "sensorIndex": 6,
        "heaterProfile": "heater_354",
        "dutyCycleProfile": "duty_5_10"
      },
      {
        "sensorIndex": 7,
        "heaterProfile": "heater_354",
        "dutyCycleProfile": "duty_5_10"
      }
    ]
  }
}
---- End of Config File ----
Loaded heater config: heater_354
Loaded duty cycle profile: duty_5_10
Sensor config loaded: Sensor 0, Heater Profile: heater_354, Duty Cycle: duty_5_10
Sensor config loaded: Sensor 1, Heater Profile: heater_354, Duty Cycle: duty_5_10
Sensor config loaded: Sensor 2, Heater Profile: heater_354, Duty Cycle: duty_5_10
Sensor config loaded: Sensor 3, Heater Profile: heater_354, Duty Cycle: duty_5_10
Sensor config loaded: Sensor 4, Heater Profile: heater_354, Duty Cycle: duty_5_10
Sensor config loaded: Sensor 5, Heater Profile: heater_354, Duty Cycle: duty_5_10
Sensor config loaded: Sensor 6, Heater Profile: heater_354, Duty Cycle: duty_5_10
Sensor config loaded: Sensor 7, Heater Profile: heater_354, Duty Cycle: duty_5_10
Dynamic configuration loaded from SD card.
Sensor duty cycles initialized (all use 'duty_1').
Sensor 0: BME68X: OK.
Sensor 1: BME68X: OK.
Sensor 2: BME68X: OK.
Sensor 3: BME68X: OK.
Sensor 4: BME68X: OK.
Sensor 5: BME68X: OK.
Sensor 6: BME68X: OK.
Sensor 7: BME68X: OK.
Assigning sensor configurations dynamically...
Sensor 0 assigned heater profile heater_354
Sensor 0 assigned duty cycle profile duty_5_10
Sensor 1 assigned heater profile heater_354
Sensor 1 assigned duty cycle profile duty_5_10
Sensor 2 assigned heater profile heater_354
Sensor 2 assigned duty cycle profile duty_5_10
Sensor 3 assigned heater profile heater_354
Sensor 3 assigned duty cycle profile duty_5_10
Sensor 4 assigned heater profile heater_354
Sensor 4 assigned duty cycle profile duty_5_10
Sensor 5 assigned heater profile heater_354
Sensor 5 assigned duty cycle profile duty_5_10
Sensor 6 assigned heater profile heater_354
Sensor 6 assigned duty cycle profile duty_5_10
Sensor 7 assigned heater profile heater_354
Sensor 7 assigned duty cycle profile duty_5_10
All BME68X sensors initialized
WARNING: Unknown command received - REPORT
Available commands: START, STOP, SEC_num (e.g., SEC_5), GETHEAT, GETDUTY
WARNING: Unknown command received - re
Available commands: START, STOP, SEC_num (e.g., SEC_5), GETHEAT, GETDUTY
WARNING: Unknown command received - port
Available commands: START, STOP, SEC_num (e.g., SEC_5), GETHEAT, GETDUTY
WARNING: Unknown command received - report
Available commands: START, STOP, SEC_num (e.g., SEC_5), GETHEAT, GETDUTY
