8602,1,1,23.18,99980.01,23.55,6400000.00,128,15,23.42,99985.42,23.27,6400000.00,128,15,23.64,99977.79,22.90,6400000.00,128,15,24.16,99960.84,22.43,6400000.00,128,15,25.43,100040.70,20.32,6400000.00,128,15,24.89,100064.61,21.02,6400000.00,128,15,25.24,100061.88,20.72,6400000.00,128,15,24.97,100043.95,21.11,6400000.00,128,15
9602,1,1,22.48,99978.91,24.10,4857397.00,160,6,22.78,99977.71,23.82,400000.00,160,7,23.06,99974.97,23.45,400000.00,160,7,23.66,99956.88,23.06,400000.00,160,7,25.05,100037.36,20.91,400000.00,160,7,24.54,100057.25,21.61,400000.00,160,7,24.93,100057.63,21.33,400000.00,160,8,24.70,100041.60,21.67,693532.00,160,8
10602,1,1,22.67,99980.27,24.16,4702640.50,160,6,22.97,99974.91,23.89,2861334.25,160,5,23.30,99973.89,23.50,2751763.50,160,6,23.89,99955.98,23.11,6400000.00,160,6,25.28,100038.47,20.96,6400000.00,160,6,24.75,100059.60,21.65,6400000.00,160,6,25.15,100061.28,21.37,4785046.50,160,6,24.92,100044.82,21.74,7255978.50,160,6
11602,1,1,22.77,99979.97,24.17,4591928.50,160,6,23.09,99977.45,23.90,2791141.50,160,6,23.40,99972.18,23.52,2697398.75,160,6,23.99,99954.72,23.14,6400000.00,160,5,25.38,100036.14,20.97,6400000.00,160,6,24.85,100060.12,21.66,6400000.00,160,6,25.24,100060.53,21.38,4591928.50,160,6,25.02,100046.06,21.75,6995730.00,160,6
22602,1,1,22.89,99980.63,24.00,2834602.00,176,2,23.28,99978.32,23.75,1358090.12,160,4,23.57,99970.91,23.38,1600000.00,160,4,24.21,99957.88,22.93,2782608.75,160,4,25.57,100040.39,20.77,5179892.50,176,2,25.02,100064.08,21.49,2488456.75,176,3,25.42,100056.77,21.17,1003675.56,160,4,25.21,100042.00,21.57,1720285.62,160,4
23602,1,1,22.97,99981.13,23.99,1730095.00,160,6,23.34,99980.78,23.74,1144134.12,160,5,23.63,99975.02,23.36,1362155.00,160,6,24.26,99959.30,22.91,2439547.25,160,5,25.63,100037.53,20.75,2925714.25,160,6,25.11,100061.22,21.48,1094601.87,160,5,25.50,100058.71,21.18,734576.75,160,6,25.28,100044.82,21.55,1568747.62,160,6
24602,1,1,22.96,99980.32,23.97,1483520.50,160,5,23.35,99982.05,23.71,743375.69,160,6,23.63,99975.55,23.33,1214349.25,160,6,24.26,99956.81,22.89,2061918.00,160,6,25.64,100039.39,20.73,2612245.00,160,6,25.12,100063.11,21.43,916126.12,160,6,25.51,100060.33,21.15,646873.00,160,6,25.30,100048.05,21.51,1186902.37,160,6
25602,1,1,22.98,99981.94,23.93,1358090.12,160,6,23.35,99981.52,23.69,661926.31,160,6,23.64,99974.23,23.33,1073938.12,160,6,24.27,99960.76,22.88,1740017.00,160,6,25.64,100039.22,20.71,2052618.37,160,5,25.12,100063.11,21.41,705720.19,160,6,25.53,100060.84,21.13,567313.00,160,6,25.29,100045.19,21.51,991287.50,160,5
26602,1,1,22.98,99981.81,23.93,1130866.87,160,6,23.37,99983.51,23.66,595521.94,160,6,23.65,99973.25,23.31,694944.00,160,6,24.30,99958.28,22.85,1501741.50,160,6,25.65,100040.48,20.70,1884084.62,160,6,25.12,100062.65,21.41,613724.88,160,5,25.52,100059.52,21.10,499634.06,160,6,25.30,100045.75,21.50,849968.87,160,6
37602,1,1,23.00,99980.83,23.78,2802600.00,176,2,23.37,99983.51,23.51,1650614.50,176,3,23.74,99975.09,23.16,293409.75,160,5,24.31,99959.34,22.70,3659593.50,176,3,25.66,100039.00,20.59,3911196.00,176,3,25.14,100064.47,21.27,2488456.75,176,3,25.64,100061.55,20.98,398909.22,160,5,25.36,100040.23,21.38,651814.12,160,4
38602,1,1,23.06,99981.16,23.77,407968.12,160,6,23.44,99982.26,23.52,295953.75,160,6,23.74,99974.70,23.15,286754.41,160,5,24.38,99960.32,22.68,550833.81,160,6,25.75,100040.56,20.57,641403.06,160,6,25.23,100064.05,21.26,422616.59,160,6,25.65,100062.24,20.98,399843.81,160,6,25.42,100046.23,21.35,651814.12,160,6
39602,1,1,23.06,99979.88,23.75,405544.56,160,5,23.46,99982.77,23.49,295953.75,160,6,23.76,99976.30,23.14,286033.53,160,6,24.38,99959.05,22.66,548179.87,160,5,25.75,100038.53,20.57,639600.25,160,5,25.23,100063.20,21.26,422878.38,160,6,25.64,100061.95,20.95,400078.12,160,5,25.42,100046.45,21.34,654313.12,160,6
40602,1,1,23.07,99980.52,23.75,405544.56,160,6,23.46,99983.14,23.48,295697.38,160,6,23.77,99977.20,23.13,286995.53,160,6,24.40,99959.22,22.65,549061.69,160,6,25.76,100039.26,20.55,639600.25,160,6,25.23,100061.96,21.25,421572.66,160,5,25.65,100062.03,20.95,401018.22,160,6,25.41,100045.18,21.33,656199.94,160,6
41602,1,1,23.07,99979.22,23.74,407968.12,160,6,23.45,99980.00,23.47,296210.59,160,5,23.77,99976.55,23.11,287237.03,160,6,24.40,99959.56,22.64,549061.69,160,6,25.77,100040.55,20.54,637212.19,160,6,25.25,100063.59,21.23,423402.94,160,6,25.66,100061.84,20.94,401018.22,160,6,25.43,100045.52,21.32,661285.12,160,6
52602,1,1,23.09,99977.70,23.65,2843457.25,176,2,23.46,99977.87,23.37,301708.91,160,4,23.81,99972.78,23.02,289429.06,160,5,24.38,99959.58,22.55,3701762.25,176,3,25.78,100040.54,20.44,5131224.50,176,2,25.22,100063.65,21.13,2563204.00,176,3,25.68,100063.99,20.82,416429.44,160,5,25.39,100040.40,21.22,688634.81,160,4
53602,1,1,23.15,99980.41,23.66,412653.62,160,6,23.51,99980.59,23.39,302779.41,160,6,23.82,99976.36,23.01,290414.06,160,6,24.45,99962.19,22.54,555314.56,160,6,25.82,100041.23,20.47,639600.25,160,5,25.29,100063.76,21.14,436394.63,160,6,25.68,100064.23,20.83,416683.62,160,6,25.44,100046.41,21.23,691424.69,160,6
54602,1,1,23.13,99975.81,23.64,414155.72,160,5,23.50,99982.45,23.38,303587.31,160,5,23.84,99976.49,23.00,290414.06,160,5,24.46,99960.11,22.53,557127.31,160,6,25.83,100041.04,20.44,642610.62,160,6,25.29,100063.41,21.13,435559.34,160,5,25.68,100063.87,20.81,418728.28,160,6,25.44,100046.31,21.23,694237.31,160,6
55602,1,1,23.14,99979.37,23.64,415415.81,160,6,23.51,99982.18,23.36,303857.56,160,6,23.83,99975.09,22.99,290909.09,160,6,24.45,99959.97,22.52,557582.38,160,5,25.83,100038.62,20.43,642610.62,160,6,25.30,100064.36,21.13,439768.09,160,6,25.69,100064.34,20.82,420533.87,160,5,25.43,100042.16,21.21,697785.38,160,5
56602,1,1,23.15,99979.02,23.62,417448.03,160,6,23.52,99982.62,23.35,305762.91,160,6,23.83,99977.60,22.99,291405.81,160,6,24.46,99963.59,22.52,559868.75,160,6,25.82,100040.48,20.42,642006.25,160,5,25.29,100065.70,21.13,439484.97,160,6,25.69,100063.41,20.81,421833.16,160,6,25.43,100046.23,21.21,698499.31,160,6
67602,1,1,23.15,99977.62,23.56,2957400.75,176,2,23.52,99983.78,23.28,1762478.50,176,3,23.89,99976.05,22.92,299590.41,160,5,24.45,99959.83,22.44,3886148.00,176,3,25.79,100040.53,20.35,4059464.75,176,3,25.25,100062.88,21.05,2702738.25,176,3,25.69,100062.72,20.76,435004.25,160,5,25.40,100040.26,21.15,719101.13,160,4
68602,1,1,23.22,99977.70,23.55,431976.38,160,6,23.59,99979.75,23.29,315951.87,160,6,23.91,99977.31,22.91,300117.22,160,6,24.52,99958.92,22.44,580334.38,160,6,25.86,100041.19,20.35,663857.37,160,6,25.32,100063.89,21.04,455921.63,160,5,25.69,100063.46,20.74,437793.94,160,6,25.45,100045.79,21.13,722143.87,160,6
69602,1,1,23.21,99976.84,23.54,430613.97,160,5,23.59,99982.05,23.27,317716.41,160,6,23.89,99976.13,22.90,300910.97,160,5,24.53,99961.16,22.45,581818.19,160,6,25.86,100040.44,20.34,661285.12,160,5,25.32,100061.99,21.05,458678.62,160,6,25.69,100063.26,20.74,437513.34,160,6,25.45,100046.95,21.14,722908.56,160,6
70602,1,1,23.22,99979.11,23.53,432797.97,160,6,23.60,99981.43,23.25,318012.44,160,6,23.90,99975.55,22.90,302243.22,160,5,24.53,99960.27,22.42,581818.19,160,6,25.85,100039.52,20.32,664503.56,160,6,25.32,100061.93,21.03,459914.66,160,6,25.69,100064.31,20.74,438637.81,160,6,25.45,100046.09,21.12,726756.56,160,6
71602,1,1,23.22,99978.58,23.51,433347.44,160,6,23.58,99980.45,23.23,318012.44,160,5,23.91,99977.50,22.86,302779.41,160,6,24.52,99960.58,22.42,584308.12,160,5,25.85,100038.97,20.31,664503.56,160,6,25.32,100062.51,21.03,459914.66,160,5,25.70,100063.66,20.73,439484.97,160,5,25.46,100046.02,21.11,726756.56,160,6
82602,1,1,23.22,99978.11,23.42,3111280.00,176,2,23.58,99976.34,23.16,326843.28,160,4,23.94,99977.18,22.82,311057.09,160,5,24.50,99958.27,22.33,599180.81,160,4,25.83,100040.11,20.25,5459513.50,176,2,25.29,100063.84,20.95,2822880.75,176,3,25.69,100061.29,20.68,449319.88,160,4,25.46,100043.40,21.05,742567.06,160,4
83602,1,1,23.27,99979.90,23.40,446381.88,160,6,23.62,99979.38,23.14,329684.47,160,6,23.95,99979.08,22.81,311057.09,160,6,24.54,99960.01,22.35,603417.81,160,5,25.89,100040.41,20.26,681757.69,160,5,25.36,100062.63,20.97,475284.28,160,6,25.75,100064.03,20.66,450505.94,160,6,25.52,100044.18,21.05,747445.25,160,6
84602,1,1,23.25,99980.14,23.40,446673.94,160,5,23.62,99979.95,23.13,329684.47,160,5,23.95,99978.49,22.79,312195.13,160,6,24.55,99961.05,22.33,601291.81,160,6,25.90,100039.66,20.26,687248.31,160,6,25.37,100061.51,20.96,477611.94,160,6,25.75,100064.47,20.66,451101.31,160,6,25.53,100046.80,21.05,749085.56,160,6
85602,1,1,23.26,99979.96,23.40,447552.44,160,6,23.63,99980.52,23.13,330642.56,160,6,23.95,99976.73,22.78,312767.25,160,5,24.56,99960.20,22.34,603417.81,160,6,25.90,100039.83,20.25,687940.88,160,6,25.37,100062.94,20.94,477946.31,160,5,25.76,100064.16,20.66,453800.13,160,6,25.52,100044.69,21.05,745812.06,160,5
86602,1,1,23.26,99980.60,23.40,449024.34,160,6,23.63,99981.48,23.13,331606.22,160,6,23.94,99977.59,22.78,313629.41,160,6,24.56,99961.66,22.32,605558.81,160,6,25.90,100041.70,20.24,687248.31,160,5,25.37,100064.17,20.93,477278.03,160,6,25.76,100061.67,20.65,453498.66,160,6,25.53,100046.80,21.03,702091.19,160,6
97602,1,1,23.23,99976.55,23.34,3213809.25,176,2,23.59,99979.12,23.08,1907778.25,176,3,23.97,99977.48,22.71,319800.13,160,5,24.53,99960.84,22.26,4180658.25,176,3,25.86,100039.52,20.17,4343584.50,176,3,25.33,100060.80,20.85,2931997.25,176,3,25.77,100062.48,20.57,461781.28,160,5,25.48,100040.60,20.97,714584.81,160,4
98602,1,1,23.29,99981.11,23.33,459914.66,160,6,23.66,99980.56,23.07,339860.59,160,6,23.98,99976.72,22.72,321911.34,160,6,24.60,99958.45,22.27,617053.31,160,6,25.91,100039.82,20.18,701369.88,160,6,25.38,100062.09,20.86,492426.06,160,6,25.76,100061.84,20.57,463663.13,160,5,25.51,100044.64,20.96,717589.37,160,6
99602,1,1,23.28,99978.96,23.33,460224.72,160,5,23.67,99983.09,23.07,341219.59,160,6,23.98,99977.31,22.69,321305.31,160,6,24.60,99961.06,22.26,618170.81,160,5,25.92,100041.65,20.16,704264.12,160,6,25.39,100060.82,20.86,491362.75,160,5,25.77,100064.64,20.56,463663.13,160,6,25.52,100044.27,20.98,716083.94,160,6
100602,1,1,23.28,99979.90,23.32,460846.09,160,6,23.66,99980.09,23.06,341219.59,160,6,23.97,99978.47,22.70,322215.22,160,5,24.60,99959.92,22.23,619854.75,160,6,25.93,100041.10,20.16,702814.00,160,5,25.40,100062.70,20.86,492071.12,160,6,25.77,100064.28,20.56,464293.81,160,6,25.52,100046.00,20.95,717589.37,160,6
101602,1,1,23.27,99979.96,23.32,462406.87,160,6,23.65,99980.57,23.03,340878.84,160,5,23.97,99978.41,22.68,322215.22,160,6,24.58,99959.92,22.23,620418.06,160,6,25.93,100040.35,20.15,705720.19,160,6,25.40,100062.91,20.85,493137.50,160,6,25.78,100062.99,20.57,464926.22,160,6,25.55,100044.67,20.96,719859.38,160,6
112602,1,1,23.24,99977.11,23.24,3317270.75,176,2,23.62,99976.47,22.97,349249.66,160,4,23.97,99977.08,22.62,329048.84,160,5,24.54,99959.69,22.17,4275574.00,176,3,25.89,100040.77,20.10,4457018.50,176,3,25.35,100062.16,20.80,3104206.25,176,3,25.81,100062.95,20.51,473635.53,160,5,25.51,100041.35,20.90,730645.75,160,4
113602,1,1,23.29,99981.18,23.25,471998.16,160,6,23.67,99983.51,22.98,349249.66,160,6,23.98,99979.00,22.64,329048.84,160,6,24.60,99960.15,22.18,631319.37,160,6,25.95,100039.95,20.09,717589.37,160,5,25.42,100063.11,20.80,503317.78,160,5,25.82,100063.44,20.50,476279.06,160,6,25.56,100043.87,20.91,754188.94,160,6
114602,1,1,23.28,99979.72,23.24,472324.72,160,5,23.66,99981.97,22.97,348892.69,160,5,23.98,99977.73,22.62,329048.84,160,6,24.60,99961.59,22.18,633663.38,160,6,25.95,100041.63,20.10,720619.31,160,6,25.42,100062.60,20.79,504806.50,160,6,25.82,100064.10,20.50,474293.66,160,5,25.56,100045.11,20.88,752111.63,160,6
115602,1,1,23.29,99980.59,23.24,472324.72,160,6,23.68,99983.72,22.99,350325.00,160,6,23.98,99977.49,22.62,329684.47,160,5,24.59,99959.67,22.18,633075.75,160,5,25.95,100040.15,20.10,720619.31,160,6,25.42,100064.53,20.79,505554.19,160,6,25.82,100065.03,20.51,476279.06,160,6,25.56,100045.02,20.88,754188.94,160,5
116602,1,1,23.29,99979.78,23.25,474293.66,160,6,23.68,99982.42,22.98,350325.00,160,6,23.99,99978.79,22.62,330642.56,160,6,24.61,99960.57,22.16,633663.38,160,6,25.96,100042.00,20.10,720619.31,160,5,25.41,100063.76,20.80,506304.09,160,5,25.82,100063.40,20.49,475284.28,160,6,25.56,100045.95,20.88,755440.81,160,6
127602,1,1,23.25,99976.53,23.24,3410491.25,176,2,23.62,99981.77,22.95,2032754.38,176,3,23.98,99977.31,22.62,335847.81,160,5,24.55,99960.85,22.14,4385439.00,176,3,25.91,100041.50,20.05,4572704.50,176,3,25.36,100062.63,20.78,3180124.25,176,3,25.83,100062.62,20.46,484389.78,160,5,25.52,100041.53,20.87,765607.50,160,4
128602,1,1,23.30,99979.77,23.23,480977.00,160,6,23.68,99980.80,22.96,380669.16,160,6,24.00,99977.28,22.59,336842.09,160,6,24.62,99960.87,22.17,643822.69,160,6,25.97,100042.52,20.07,731428.56,160,6,25.42,100063.96,20.76,518218.62,160,6,25.83,100062.77,20.45,484733.72,160,6,25.55,100046.21,20.86,766897.56,160,6
129602,1,1,23.30,99980.47,23.22,483018.88,160,5,23.69,99985.70,22.96,382589.19,160,6,24.00,99977.87,22.60,336842.09,160,6,24.63,99961.88,22.15,645039.37,160,6,25.97,100041.43,20.08,732999.31,160,5,25.42,100062.60,20.76,517041.16,160,6,25.81,100063.13,20.46,484389.78,160,6,25.55,100045.69,20.86,768624.50,160,6
130602,1,1,23.31,99981.11,23.22,485078.16,160,6,23.70,99982.66,22.96,380881.53,160,6,24.00,99978.11,22.60,337174.84,160,6,24.62,99959.82,22.15,645649.44,160,6,25.98,100043.08,20.05,732999.31,160,6,25.43,100061.24,20.77,515869.03,160,5,25.82,100063.56,20.46,484733.72,160,6,25.55,100042.19,20.86,769057.44,160,6
131602,1,1,23.31,99978.31,23.22,485768.50,160,6,23.69,99980.23,22.96,382589.19,160,5,23.99,99977.33,22.59,337508.25,160,5,24.61,99960.44,22.15,645649.44,160,5,25.98,100041.22,20.08,733787.19,160,6,25.43,100062.70,20.76,517825.53,160,6,25.82,100062.11,20.46,486807.69,160,5,25.56,100044.22,20.87,771665.44,160,6
142602,1,1,23.26,99977.74,23.18,3488926.75,176,2,23.64,99978.05,22.90,387145.56,160,4,24.01,99976.13,22.55,341903.19,160,5,24.59,99957.26,22.09,654940.81,160,4,25.96,100040.89,20.02,6142080.50,176,2,25.39,100062.46,20.72,3283366.75,176,3,25.86,100062.83,20.44,492426.06,160,5,25.57,100040.23,20.84,779596.50,160,4
143602,1,1,23.31,99979.94,23.19,493137.50,160,6,23.70,99983.02,22.90,390243.91,160,6,24.01,99978.46,22.56,342933.69,160,6,24.62,99959.45,22.11,657463.87,160,5,26.00,100042.12,20.02,745812.06,160,6,25.46,100064.13,20.74,524187.34,160,6,25.87,100062.73,20.43,481655.69,160,6,25.62,100043.11,20.85,783174.00,160,6
144602,1,1,23.30,99976.34,23.17,493493.97,160,5,23.68,99980.17,22.92,389131.69,160,5,24.01,99979.59,22.55,343624.16,160,6,24.63,99961.88,22.11,656831.31,160,6,26.00,100040.27,20.03,744186.06,160,6,25.45,100062.78,20.73,527020.06,160,5,25.87,100065.95,20.43,481995.75,160,6,25.62,100045.58,20.83,782276.56,160,6
145602,1,1,23.32,99979.93,23.19,492426.06,160,6,23.70,99983.84,22.91,389798.25,160,6,24.03,99979.43,22.55,343624.16,160,6,24.64,99960.19,22.11,658097.69,160,6,26.00,100041.76,20.03,745812.06,160,5,25.47,100064.45,20.74,527020.06,160,6,25.86,100062.24,20.43,480638.34,160,6,25.61,100042.80,20.83,783623.50,160,5
146602,1,1,23.33,99979.46,23.18,495284.16,160,6,23.71,99981.27,22.90,391138.28,160,6,24.03,99978.31,22.56,343970.44,160,6,24.64,99962.02,22.11,658097.69,160,6,26.00,100042.12,20.02,748264.50,160,6,25.47,100063.72,20.74,530295.19,160,6,25.86,100062.44,20.42,483018.88,160,6,25.62,100044.38,20.83,784073.50,160,6
157602,1,1,23.34,99978.82,23.15,3564063.50,176,2,23.71,99980.92,22.86,394529.00,160,4,24.03,99976.10,22.51,377302.88,160,4,24.63,99963.02,22.08,4580374.50,176,3,25.99,100042.52,19.99,4747609.50,176,3,25.45,100064.59,20.68,3337543.25,176,3,25.87,100058.35,20.39,498903.78,160,4,25.63,100042.25,20.77,793644.63,160,4
158602,1,1,23.39,99981.42,23.15,501101.06,160,6,23.74,99981.32,22.87,395672.34,160,5,24.09,99982.62,22.52,378558.22,160,6,24.67,99961.80,22.07,666449.75,160,6,26.03,100040.78,19.99,699931.63,160,5,25.50,100064.65,20.68,535284.88,160,5,25.90,100065.47,20.38,486460.81,160,6,25.66,100046.91,20.77,793183.56,160,6
159602,1,1,23.39,99981.70,23.13,501469.16,160,5,23.76,99983.71,22.87,396591.78,160,6,24.09,99983.45,22.53,379399.78,160,6,24.67,99961.83,22.08,665799.75,160,5,26.04,100043.37,19.99,698499.31,160,6,25.51,100063.48,20.67,535704.94,160,6,25.91,100066.60,20.38,488549.62,160,6,25.68,100048.81,20.77,794106.25,160,6
160602,1,1,23.39,99981.30,23.14,501101.06,160,6,23.76,99984.88,22.86,395901.81,160,6,24.09,99980.99,22.51,377720.41,160,6,24.68,99962.70,22.08,668407.31,160,6,26.04,100042.26,19.99,698499.31,160,6,25.51,100066.00,20.68,536125.62,160,6,25.91,100063.76,20.37,489249.88,160,6,25.67,100044.82,20.76,794568.38,160,6
161602,1,1,23.41,99982.51,23.14,500000.00,160,6,23.78,99983.93,22.86,397515.53,160,6,24.11,99981.38,22.51,379399.78,160,6,24.70,99961.18,22.07,668407.31,160,6,26.05,100036.88,19.98,700650.00,160,5,25.52,100064.45,20.67,536969.06,160,5,25.91,100064.65,20.37,488200.25,160,6,25.67,100047.22,20.74,795031.06,160,6
172602,1,1,23.46,99979.51,23.09,3604047.50,176,2,23.81,99986.84,22.83,2168343.00,176,3,24.11,99975.53,22.48,383018.50,160,4,24.71,99963.33,22.04,4654545.50,176,3,26.02,100042.10,19.98,4848772.00,176,3,25.49,100065.70,20.67,3393537.75,176,3,25.93,100061.46,20.38,507810.56,160,5,25.67,100042.75,20.74,802507.81,160,4
173602,1,1,23.51,99981.00,23.09,505928.84,160,6,23.86,99986.69,22.83,400547.62,160,6,24.17,99979.65,22.49,384962.41,160,6,24.76,99964.61,22.04,675684.56,160,6,26.06,100040.95,19.98,705720.19,160,6,25.53,100063.66,20.68,543380.19,160,6,25.94,100064.58,20.39,507810.56,160,5,25.72,100046.67,20.75,803925.44,160,6
174602,1,1,23.51,99979.78,23.09,507433.09,160,5,23.87,99983.78,22.83,401726.16,160,6,24.18,99979.95,22.47,383664.28,160,6,24.78,99963.72,22.04,675016.50,160,6,26.08,100039.99,19.99,707182.31,160,5,25.55,100063.39,20.68,543380.19,160,6,25.96,100064.23,20.38,495284.16,160,6,25.73,100047.47,20.76,804399.06,160,6
175602,1,1,23.53,99981.98,23.08,506304.09,160,6,23.89,99984.95,22.84,402436.62,160,6,24.19,99979.85,22.49,384962.41,160,6,24.78,99963.17,22.04,675016.50,160,5,26.09,100039.05,19.98,708650.50,160,6,25.56,100063.19,20.70,544680.88,160,5,25.97,100064.19,20.40,496364.53,160,6,25.74,100047.73,20.76,803925.44,160,5
176602,1,1,23.54,99980.27,23.09,507810.56,160,6,23.88,99982.98,22.83,401962.72,160,5,24.20,99979.58,22.48,385397.06,160,6,24.79,99962.76,22.04,677696.87,160,6,26.11,100039.02,19.99,706450.50,160,6,25.57,100065.99,20.71,542948.06,160,6,25.98,100064.30,20.40,495284.16,160,6,25.75,100049.02,20.78,801565.56,160,6
187602,1,1,23.49,99979.48,23.07,3662047.50,176,2,23.86,99980.26,22.82,406268.59,160,4,24.17,99977.02,22.47,388467.37,160,4,24.77,99964.17,22.05,4727063.00,176,3,26.10,100037.53,19.97,6412524.50,176,2,25.56,100064.72,20.68,3477817.75,176,3,26.00,100063.10,20.39,513154.59,160,5,25.73,100042.42,20.78,809166.31,160,4
188602,1,1,23.56,99981.61,23.07,511233.16,160,6,23.92,99983.75,22.81,405544.56,160,6,24.22,99978.56,22.47,388910.00,160,6,24.84,99965.68,22.05,683122.06,160,6,26.16,100040.07,20.00,710864.31,160,6,25.62,100065.52,20.70,549946.31,160,6,26.01,100062.44,20.39,502206.97,160,6,25.78,100048.13,20.77,811571.25,160,6
189602,1,1,23.54,99979.28,23.08,510468.59,160,5,23.93,99983.12,22.82,406752.72,160,5,24.22,99977.86,22.49,389353.63,160,6,24.84,99966.28,22.04,682439.19,160,6,26.16,100037.30,19.99,712347.81,160,6,25.63,100063.96,20.70,552617.38,160,5,26.01,100062.44,20.38,513154.59,160,5,25.79,100048.38,20.76,813021.06,160,6
190602,1,1,23.55,99980.22,23.09,511616.28,160,6,23.92,99984.80,22.81,407238.03,160,6,24.23,99978.94,22.48,390914.28,160,6,24.85,99963.74,22.05,684492.00,160,6,26.16,100038.40,19.98,713091.94,160,5,25.63,100065.95,20.69,553065.06,160,6,26.02,100063.81,20.40,501101.06,160,6,25.79,100046.16,20.76,812537.19,160,6
191602,1,1,23.56,99979.10,23.07,514314.41,160,6,23.93,99982.96,22.82,406510.53,160,6,24.23,99979.40,22.49,390243.91,160,6,24.84,99964.21,22.05,684492.00,160,5,26.17,100040.05,19.99,714584.81,160,6,25.63,100063.79,20.70,551724.13,160,6,26.02,100062.02,20.38,501101.06,160,6,25.79,100048.70,20.76,813505.44,160,6
202602,1,1,23.53,99978.25,23.09,3696751.00,176,2,23.90,99983.63,22.82,2219452.75,176,3,24.22,99975.76,22.49,392262.03,160,4,24.84,99962.01,22.03,687940.88,160,4,26.15,100038.79,19.98,4958838.00,176,3,25.62,100065.98,20.70,3497865.00,176,3,26.08,100065.60,20.42,517433.06,160,5,25.80,100044.30,20.78,813990.44,160,4
203602,1,1,23.59,99981.11,23.09,516649.84,160,6,23.97,99985.47,22.82,409436.22,160,6,24.28,99978.06,22.48,393165.69,160,6,24.89,99963.84,22.03,689330.19,160,5,26.21,100036.12,20.00,716083.94,160,5,25.68,100059.98,20.71,557582.38,160,5,26.09,100065.21,20.40,505928.84,160,6,25.85,100045.05,20.79,817891.38,160,6
204602,1,1,23.58,99978.62,23.09,517041.16,160,5,23.97,99982.83,22.83,412903.22,160,6,24.28,99977.77,22.48,393846.16,160,6,24.91,99964.58,22.04,688634.81,160,6,26.22,100039.05,20.00,719101.13,160,6,25.70,100060.13,20.71,558038.12,160,6,26.10,100062.94,20.41,504433.50,160,6,25.87,100047.30,20.79,818381.63,160,6
205602,1,1,23.60,99982.11,23.09,518612.31,160,6,23.99,99986.09,22.82,412155.38,160,6,24.29,99977.27,22.48,393846.16,160,6,24.91,99965.11,22.05,690026.94,160,6,26.24,100038.30,20.00,719859.38,160,6,25.70,100060.03,20.71,557127.31,160,6,26.11,100064.91,20.40,520193.03,160,5,25.87,100045.42,20.78,817401.69,160,5
206602,1,1,23.60,99981.88,23.10,517433.06,160,6,23.97,99982.08,22.82,410667.75,160,5,24.29,99978.37,22.48,394301.13,160,6,24.91,99962.02,22.04,692125.69,160,6,26.23,100035.52,20.01,719101.13,160,5,25.70,100060.01,20.72,557582.38,160,5,26.11,100063.38,20.41,506304.09,160,6,25.88,100047.29,20.77,818872.44,160,6
217602,1,1,23.55,99978.05,23.10,3729569.75,176,2,23.94,99978.66,22.84,413653.81,160,4,24.26,99974.52,22.50,393619.06,160,4,24.89,99963.27,22.04,4814575.50,176,3,26.21,100037.41,20.01,5013464.00,176,3,25.68,100061.18,20.73,3552471.75,176,3,26.14,100063.00,20.40,520987.03,160,5,25.86,100043.09,20.79,821335.50,160,4
218602,1,1,23.61,99981.86,23.12,522582.28,160,6,24.00,99983.38,22.83,415415.81,160,6,24.30,99976.34,22.51,397053.13,160,6,24.94,99962.36,22.03,696361.81,160,6,26.28,100038.62,20.00,722143.87,160,6,25.75,100060.98,20.72,560328.31,160,6,26.16,100062.33,20.42,508188.59,160,6,25.92,100047.95,20.81,821829.87,160,6
219602,1,1,23.60,99980.30,23.13,522982.63,160,5,23.99,99981.72,22.84,414407.13,160,5,24.31,99978.10,22.52,394757.12,160,6,24.94,99962.49,22.06,695652.19,160,5,26.28,100037.86,20.02,721380.75,160,5,25.76,100059.08,20.73,560788.62,160,6,26.17,100064.05,20.41,507056.19,160,6,25.93,100047.14,20.80,818872.44,160,6
220602,1,1,23.61,99981.51,23.13,521783.44,160,6,24.01,99983.80,22.85,414658.84,160,6,24.31,99979.05,22.50,395672.34,160,6,24.94,99962.54,22.06,696361.81,160,6,26.27,100037.49,20.01,722908.56,160,6,25.76,100059.99,20.73,560328.31,160,5,26.17,100064.66,20.42,507810.56,160,6,25.94,100047.58,20.80,821829.87,160,6
221602,1,1,23.61,99981.94,23.15,524993.56,160,6,24.00,99981.74,22.86,415415.81,160,6,24.31,99977.11,22.51,398211.16,160,6,24.93,99962.05,22.06,697072.81,160,6,26.27,100036.59,20.01,722143.87,160,6,25.75,100061.41,20.74,561249.69,160,6,26.15,100062.78,20.42,521384.94,160,5,25.92,100046.00,20.79,823813.37,160,6
232602,1,1,23.56,99977.70,23.20,3768169.25,176,2,23.94,99984.63,22.90,2256127.75,176,3,24.26,99973.35,22.56,398443.59,160,4,24.88,99963.56,22.11,4866053.00,176,3,26.24,100038.85,20.05,6590507.00,176,2,25.70,100060.57,20.76,3596926.50,176,3,26.14,100064.23,20.46,526613.50,160,5,25.87,100043.05,20.84,824808.69,160,4
233602,1,1,23.63,99981.86,23.21,525802.31,160,6,24.01,99982.78,22.92,417448.03,160,6,24.32,99978.00,22.56,400312.75,160,6,24.95,99962.99,22.12,701369.88,160,6,26.29,100038.96,20.06,725212.44,160,6,25.77,100061.71,20.79,565902.19,160,6,26.13,100064.74,20.46,511616.28,160,6,25.91,100046.44,20.85,827307.62,160,6
234602,1,1,23.61,99979.48,23.20,524590.19,160,5,24.00,99982.16,22.92,420016.41,160,6,24.32,99978.88,22.59,399843.81,160,6,24.94,99962.38,22.13,702091.19,160,6,26.29,100039.52,20.07,725983.69,160,6,25.78,100059.29,20.77,565902.19,160,5,26.14,100064.78,20.46,512769.16,160,6,25.92,100046.09,20.85,830326.37,160,6
235602,1,1,23.62,99977.32,23.22,524993.56,160,6,24.01,99981.95,22.93,418471.59,160,6,24.32,99975.55,22.58,400078.12,160,6,24.95,99961.88,22.13,701369.88,160,5,26.30,100037.46,20.09,726756.56,160,5,25.78,100058.45,20.78,564965.50,160,6,26.14,100060.87,20.48,512769.16,160,6,25.91,100043.33,20.87,831844.00,160,5
236602,1,1,23.63,99978.24,23.23,526207.63,160,6,24.01,99980.01,22.94,419500.22,160,5,24.34,99976.09,22.58,401018.22,160,6,24.97,99961.73,22.15,703538.31,160,6,26.30,100037.46,20.09,725983.69,160,6,25.78,100059.14,20.77,567784.88,160,6,26.13,100061.51,20.48,524993.56,160,5,25.91,100044.93,20.86,826806.62,160,6
247602,1,1,23.60,99976.11,23.27,3791715.00,176,2,23.98,99976.51,22.98,420016.41,160,4,24.30,99969.91,22.64,400078.12,160,4,24.91,99960.91,22.19,4909799.00,176,3,26.25,100035.87,20.14,5064606.00,176,3,25.73,100057.48,20.83,3637655.50,176,3,26.16,100059.48,20.53,527427.25,160,5,25.88,100037.73,20.93,831844.00,160,4
248602,1,1,23.66,99978.11,23.28,529062.25,160,6,24.04,99979.74,23.01,421572.66,160,6,24.37,99976.55,22.67,401253.91,160,6,24.98,99959.07,22.20,706450.50,160,6,26.31,100033.18,20.14,728307.25,160,5,25.79,100055.93,20.83,567313.00,160,5,26.16,100061.41,20.55,515869.03,160,6,25.91,100041.73,20.94,832858.88,160,6
249602,1,1,23.65,99977.41,23.28,530295.19,160,5,24.03,99979.95,23.00,420533.87,160,5,24.35,99975.65,22.66,403626.34,160,6,24.97,99961.00,22.21,709386.94,160,6,26.33,100035.76,20.15,729864.56,160,6,25.81,100056.43,20.84,571109.88,160,6,26.17,100061.22,20.55,515090.53,160,6,25.94,100045.45,20.93,835406.88,160,6
250602,1,1,23.66,99976.47,23.29,527835.06,160,6,24.03,99978.06,23.01,420016.41,160,6,24.36,99975.78,22.67,402199.53,160,6,24.97,99960.52,22.23,710124.81,160,6,26.33,100035.77,20.16,729085.06,160,6,25.80,100056.38,20.85,571109.88,160,6,26.16,100059.66,20.56,514702.19,160,6,25.93,100043.86,20.95,835406.88,160,6
251602,1,1,23.66,99978.45,23.31,529062.25,160,6,24.04,99978.09,23.02,420533.87,160,6,24.37,99974.21,22.67,400782.78,160,6,24.97,99960.15,22.21,708650.50,160,5,26.33,100034.46,20.14,729085.06,160,5,25.81,100055.95,20.85,568257.50,160,5,26.16,100058.95,20.57,529472.62,160,5,25.94,100043.95,20.94,836430.44,160,6
262602,1,1,23.66,99976.65,23.34,3810232.50,176,2,24.02,99979.16,23.05,2286352.25,176,3,24.37,99971.00,22.72,402436.62,160,4,24.98,99958.17,22.25,710864.31,160,4,26.31,100036.35,20.17,5083462.50,176,3,25.79,100058.02,20.88,3652251.50,176,3,26.18,100059.43,20.61,532778.37,160,5,25.89,100040.55,20.99,837970.56,160,4
263602,1,1,23.71,99979.02,23.35,532778.37,160,6,24.08,99977.34,23.06,422616.59,160,6,24.42,99974.88,22.72,404104.19,160,6,25.03,99958.88,22.26,713091.94,160,5,26.38,100037.53,20.18,729864.56,160,6,25.85,100057.08,20.88,572546.81,160,6,26.17,100061.19,20.62,519401.47,160,6,25.94,100042.89,20.97,836430.44,160,6
264602,1,1,23.71,99976.73,23.35,532778.37,160,5,24.09,99977.87,23.06,423928.78,160,6,24.43,99975.13,22.72,404343.53,160,6,25.03,99958.95,22.24,713837.56,160,6,26.37,100036.82,20.17,729864.56,160,5,25.86,100060.44,20.89,572546.81,160,6,26.18,100060.95,20.61,519401.47,160,6,25.95,100044.52,21.02,839516.31,160,6
265602,1,1,23.73,99977.87,23.35,532362.87,160,6,24.10,99977.72,23.06,422616.59,160,6,24.44,99976.77,22.73,405303.78,160,6,25.05,99962.23,22.25,714584.81,160,6,26.38,100036.24,20.17,755023.06,160,6,25.86,100058.46,20.88,573027.44,160,5,26.19,100062.46,20.62,519006.59,160,6,25.94,100043.50,20.99,837456.56,160,5
266602,1,1,23.73,99978.81,23.35,531533.88,160,6,24.09,99974.88,23.06,424720.03,160,5,24.43,99976.35,22.70,404583.16,160,6,25.03,99956.91,22.26,714584.81,160,5,26.38,100036.42,20.17,750458.06,160,6,25.86,100060.04,20.88,573508.81,160,6,26.19,100061.34,20.63,520193.03,160,6,25.95,100045.20,21.01,837970.56,160,6
277602,1,1,23.75,99976.53,23.34,3804923.25,176,2,24.12,99971.74,23.05,426577.78,160,4,24.44,99971.28,22.71,405303.78,160,4,25.06,99957.75,22.25,714584.81,160,4,26.36,100036.81,20.19,6675086.50,176,2,25.82,100057.12,20.90,3684281.50,176,3,26.19,100058.45,20.65,534446.75,160,4,25.94,100041.08,21.02,840032.81,160,4
278602,1,1,23.80,99977.43,23.33,533611.25,160,6,24.17,99976.58,23.06,425249.16,160,6,24.49,99975.04,22.70,404583.16,160,6,25.10,99959.26,22.23,715333.56,160,5,26.40,100036.77,20.17,751283.94,160,6,25.88,100058.02,20.88,576901.44,160,6,26.25,100062.81,20.64,522982.63,160,6,26.00,100044.23,21.03,840032.81,160,6
279602,1,1,23.79,99976.49,23.32,534028.69,160,5,24.16,99975.56,23.05,424720.03,160,5,24.49,99973.21,22.69,406268.59,160,6,25.11,99959.42,22.24,716083.94,160,6,26.41,100036.58,20.17,751283.94,160,6,25.88,100056.23,20.89,573991.06,160,5,26.26,100062.12,20.65,520193.03,160,6,26.00,100044.02,21.05,839516.31,160,6
280602,1,1,23.80,99978.13,23.32,533194.50,160,6,24.18,99977.93,23.05,423665.69,160,6,24.51,99974.88,22.70,406752.72,160,6,25.13,99960.86,22.25,716835.81,160,6,26.41,100036.21,20.18,729864.56,160,5,25.89,100058.12,20.89,577878.13,160,6,26.26,100062.90,20.65,522582.28,160,6,26.01,100043.44,21.02,840550.00,160,6
281602,1,1,23.81,99978.59,23.32,533611.25,160,6,24.18,99978.37,23.05,424720.03,160,6,24.52,99975.37,22.70,406995.22,160,6,25.13,99960.95,22.24,717589.37,160,6,26.42,100036.38,20.18,752941.19,160,6,25.90,100059.69,20.88,576414.31,160,6,26.27,100064.22,20.64,523785.16,160,6,26.02,100044.50,21.03,841586.19,160,6
292602,1,1,23.78,99978.44,23.32,3837002.25,176,2,24.16,99977.29,23.02,2325291.00,176,3,24.47,99970.85,22.69,406026.97,160,4,25.08,99959.09,22.23,5055230.00,176,3,26.38,100036.60,20.19,5145728.50,176,3,25.86,100057.09,20.90,3694250.25,176,3,26.25,100060.04,20.63,535704.94,160,4,26.01,100040.39,21.03,840032.81,160,4
293602,1,1,23.83,99979.73,23.30,534865.50,160,6,24.22,99979.03,23.03,426577.78,160,6,24.52,99974.43,22.70,406995.22,160,6,25.13,99958.56,22.24,720619.31,160,5,26.45,100034.48,20.18,750458.06,160,5,25.92,100055.62,20.90,577389.31,160,5,26.29,100062.14,20.62,521384.94,160,6,26.05,100043.15,21.01,842625.00,160,6
294602,1,1,23.83,99977.18,23.30,534028.69,160,5,24.22,99976.22,23.04,425779.62,160,6,24.54,99976.31,22.69,407481.09,160,6,25.16,99963.03,22.22,716083.94,160,6,26.45,100036.70,20.20,751697.56,160,6,25.92,100057.60,20.90,578367.69,160,6,26.30,100064.74,20.62,522582.28,160,6,26.05,100043.78,21.01,843145.31,160,6
295602,1,1,23.85,99978.97,23.33,534028.69,160,6,24.23,99976.47,23.04,427378.97,160,6,24.55,99975.47,22.70,407481.09,160,6,25.16,99960.54,22.26,718344.44,160,6,26.46,100035.58,20.20,752941.19,160,6,25.93,100058.20,20.91,579349.38,160,6,26.30,100062.95,20.61,522582.28,160,6,26.05,100044.80,21.03,839000.44,160,5
296602,1,1,23.85,99978.67,23.32,535704.94,160,6,24.22,99975.76,23.03,425779.62,160,5,24.55,99975.16,22.70,406752.72,160,6,25.16,99960.30,22.24,719101.13,160,6,26.45,100035.41,20.19,752526.19,160,5,25.92,100055.09,20.91,579349.38,160,5,26.29,100063.05,20.63,524187.34,160,6,26.05,100044.31,21.02,843145.31,160,6
307602,1,1,23.82,99977.82,23.30,3842401.50,176,2,24.21,99972.33,23.02,428990.38,160,4,24.54,99969.12,22.70,408700.84,160,4,25.15,99959.82,22.23,5050555.00,176,3,26.43,100037.30,20.19,5145728.50,176,3,25.90,100056.49,20.90,3739785.50,176,3,26.28,100057.72,20.64,538239.19,160,4,26.03,100037.85,21.02,844187.94,160,4
308602,1,1,23.88,99981.62,23.31,536969.06,160,6,24.27,99976.30,23.03,427111.56,160,6,24.60,99977.70,22.70,407238.03,160,6,25.20,99960.97,22.24,720619.31,160,6,26.50,100037.56,20.18,758799.56,160,6,25.97,100058.52,20.91,582811.63,160,6,26.33,100061.00,20.62,524187.34,160,6,26.08,100042.26,21.01,844187.94,160,6
309602,1,1,23.87,99977.55,23.32,536125.62,160,5,24.26,99976.10,23.03,427111.56,160,5,24.60,99976.70,22.71,409190.81,160,6,25.20,99959.47,22.24,722908.56,160,5,26.49,100037.02,20.20,752526.19,160,5,25.96,100058.06,20.88,581322.75,160,6,26.34,100061.92,20.63,525397.62,160,6,26.10,100044.60,21.03,847857.56,160,6
310602,1,1,23.87,99979.82,23.30,534028.69,160,6,24.26,99975.57,23.03,427378.97,160,6,24.60,99977.40,22.68,410667.75,160,6,25.21,99961.41,22.23,723674.94,160,6,26.50,100038.11,20.18,752941.19,160,6,25.97,100056.02,20.92,583309.63,160,5,26.33,100060.09,20.61,525397.62,160,6,26.10,100043.36,21.01,845233.19,160,6
311602,1,1,23.87,99978.77,23.32,538239.19,160,6,24.26,99976.05,23.02,428183.16,160,6,24.60,99976.63,22.69,408945.69,160,6,25.21,99959.00,22.23,722908.56,160,6,26.50,100033.84,20.18,757957.06,160,6,25.97,100058.20,20.90,584308.12,160,6,26.34,100060.72,20.63,526207.63,160,6,26.10,100041.80,21.01,845756.75,160,6
322602,1,1,23.86,99976.74,23.27,3858690.50,176,2,24.23,99975.48,22.99,2359447.00,176,3,24.56,99971.14,22.65,411906.69,160,4,25.16,99958.30,22.19,5088199.00,176,3,26.49,100034.79,20.17,6707881.50,176,2,25.95,100055.60,20.87,3783833.75,176,3,26.29,100055.99,20.60,540369.38,160,4,26.06,100037.97,20.99,846281.00,160,4
323602,1,1,23.92,99978.34,23.29,537815.12,160,6,24.30,99976.33,23.00,430342.50,160,6,24.63,99975.73,22.66,410914.94,160,6,25.23,99959.37,22.20,726756.56,160,6,26.53,100034.91,20.16,754605.75,160,6,26.02,100056.75,20.87,585812.38,160,6,26.33,100060.41,20.60,528652.56,160,6,26.11,100041.22,21.00,849440.06,160,6
324602,1,1,23.91,99976.18,23.28,540369.38,160,5,24.30,99976.96,23.01,430071.41,160,6,24.62,99974.73,22.66,411410.22,160,6,25.22,99959.90,22.21,726756.56,160,6,26.55,100034.15,20.16,752941.19,160,6,26.02,100055.15,20.88,583808.44,160,5,26.34,100060.30,20.62,526207.63,160,6,26.12,100042.38,21.00,849440.06,160,6
325602,1,1,23.90,99976.77,23.28,540369.38,160,6,24.30,99977.09,23.00,430342.50,160,6,24.62,99975.50,22.66,410914.94,160,6,25.23,99958.27,22.20,725983.69,160,5,26.53,100032.69,20.17,753772.56,160,5,26.02,100057.47,20.87,586315.50,160,6,26.34,100059.06,20.60,529062.25,160,6,26.11,100040.37,20.98,851559.25,160,5
326602,1,1,23.91,99979.45,23.27,541655.62,160,6,24.30,99977.42,22.99,431976.38,160,5,24.62,99975.79,22.66,412653.62,160,6,25.22,99957.52,22.20,728307.25,160,6,26.54,100034.16,20.17,755440.81,160,6,26.02,100055.83,20.86,586315.50,160,6,26.36,100060.04,20.60,527427.25,160,6,26.12,100042.20,20.99,850498.31,160,6
Retrieving heater profiles from sensors...
Sensor 1: Heater Profile:
  Step 1: Temp = 320°C, Duration = 5 ms
  Step 2: Temp = 100°C, Duration = 2 ms
  Step 3: Temp = 100°C, Duration = 10 ms
  Step 4: Temp = 100°C, Duration = 30 ms
  Step 5: Temp = 200°C, Duration = 5 ms
  Step 6: Temp = 200°C, Duration = 5 ms
  Step 7: Temp = 200°C, Duration = 5 ms
  Step 8: Temp = 320°C, Duration = 5 ms
  Step 9: Temp = 320°C, Duration = 5 ms
  Step 10: Temp = 320°C, Duration = 5 ms
Heater profile retrieved for sensor 0
Sensor 2: Heater Profile:
  Step 1: Temp = 320°C, Duration = 5 ms
  Step 2: Temp = 100°C, Duration = 2 ms
  Step 3: Temp = 100°C, Duration = 10 ms
  Step 4: Temp = 100°C, Duration = 30 ms
  Step 5: Temp = 200°C, Duration = 5 ms
  Step 6: Temp = 200°C, Duration = 5 ms
  Step 7: Temp = 200°C, Duration = 5 ms
  Step 8: Temp = 320°C, Duration = 5 ms
  Step 9: Temp = 320°C, Duration = 5 ms
  Step 10: Temp = 320°C, Duration = 5 ms
Heater profile retrieved for sensor 1
Sensor 3: Heater Profile:
  Step 1: Temp = 320°C, Duration = 5 ms
  Step 2: Temp = 100°C, Duration = 2 ms
  Step 3: Temp = 100°C, Duration = 10 ms
  Step 4: Temp = 100°C, Duration = 30 ms
  Step 5: Temp = 200°C, Duration = 5 ms
  Step 6: Temp = 200°C, Duration = 5 ms
  Step 7: Temp = 200°C, Duration = 5 ms
  Step 8: Temp = 320°C, Duration = 5 ms
  Step 9: Temp = 320°C, Duration = 5 ms
  Step 10: Temp = 320°C, Duration = 5 ms
Heater profile retrieved for sensor 2
Sensor 4: Heater Profile:
  Step 1: Temp = 320°C, Duration = 5 ms
  Step 2: Temp = 100°C, Duration = 2 ms
  Step 3: Temp = 100°C, Duration = 10 ms
  Step 4: Temp = 100°C, Duration = 30 ms
  Step 5: Temp = 200°C, Duration = 5 ms
  Step 6: Temp = 200°C, Duration = 5 ms
  Step 7: Temp = 200°C, Duration = 5 ms
  Step 8: Temp = 320°C, Duration = 5 ms
  Step 9: Temp = 320°C, Duration = 5 ms
  Step 10: Temp = 320°C, Duration = 5 ms
Heater profile retrieved for sensor 3
Sensor 5: Heater Profile:
  Step 1: Temp = 320°C, Duration = 5 ms
  Step 2: Temp = 100°C, Duration = 2 ms
  Step 3: Temp = 100°C, Duration = 10 ms
  Step 4: Temp = 100°C, Duration = 30 ms
  Step 5: Temp = 200°C, Duration = 5 ms
  Step 6: Temp = 200°C, Duration = 5 ms
  Step 7: Temp = 200°C, Duration = 5 ms
  Step 8: Temp = 320°C, Duration = 5 ms
  Step 9: Temp = 320°C, Duration = 5 ms
  Step 10: Temp = 320°C, Duration = 5 ms
Heater profile retrieved for sensor 4
Sensor 6: Heater Profile:
  Step 1: Temp = 320°C, Duration = 5 ms
  Step 2: Temp = 100°C, Duration = 2 ms
  Step 3: Temp = 100°C, Duration = 10 ms
  Step 4: Temp = 100°C, Duration = 30 ms
  Step 5: Temp = 200°C, Duration = 5 ms
  Step 6: Temp = 200°C, Duration = 5 ms
  Step 7: Temp = 200°C, Duration = 5 ms
  Step 8: Temp = 320°C, Duration = 5 ms
  Step 9: Temp = 320°C, Duration = 5 ms
  Step 10: Temp = 320°C, Duration = 5 ms
Heater profile retrieved for sensor 5
Sensor 7: Heater Profile:
  Step 1: Temp = 320°C, Duration = 5 ms
  Step 2: Temp = 100°C, Duration = 2 ms
  Step 3: Temp = 100°C, Duration = 10 ms
  Step 4: Temp = 100°C, Duration = 30 ms
  Step 5: Temp = 200°C, Duration = 5 ms
  Step 6: Temp = 200°C, Duration = 5 ms
  Step 7: Temp = 200°C, Duration = 5 ms
  Step 8: Temp = 320°C, Duration = 5 ms
  Step 9: Temp = 320°C, Duration = 5 ms
  Step 10: Temp = 320°C, Duration = 5 ms
Heater profile retrieved for sensor 6
Sensor 8: Heater Profile:
  Step 1: Temp = 320°C, Duration = 5 ms
  Step 2: Temp = 100°C, Duration = 2 ms
  Step 3: Temp = 100°C, Duration = 10 ms
  Step 4: Temp = 100°C, Duration = 30 ms
  Step 5: Temp = 200°C, Duration = 5 ms
  Step 6: Temp = 200°C, Duration = 5 ms
  Step 7: Temp = 200°C, Duration = 5 ms
  Step 8: Temp = 320°C, Duration = 5 ms
  Step 9: Temp = 320°C, Duration = 5 ms
  Step 10: Temp = 320°C, Duration = 5 ms
Heater profile retrieved for sensor 7
Heater profiles retrieval complete.
Retrieving duty cycle assignments for sensors...
Sensor 0: Duty Cycle Profile: duty_5_10 (Scanning: 5, Sleeping: 10)
Sensor 1: Duty Cycle Profile: duty_5_10 (Scanning: 5, Sleeping: 10)
Sensor 2: Duty Cycle Profile: duty_5_10 (Scanning: 5, Sleeping: 10)
Sensor 3: Duty Cycle Profile: duty_5_10 (Scanning: 5, Sleeping: 10)
Sensor 4: Duty Cycle Profile: duty_5_10 (Scanning: 5, Sleeping: 10)
Sensor 5: Duty Cycle Profile: duty_5_10 (Scanning: 5, Sleeping: 10)
Sensor 6: Duty Cycle Profile: duty_5_10 (Scanning: 5, Sleeping: 10)
Sensor 7: Duty Cycle Profile: duty_5_10 (Scanning: 5, Sleeping: 10)
Duty cycle assignments retrieval complete.
ERROR: Invalid data interval received.
Data interval set to 140 ms
Retrieving heater profiles from sensors...
Sensor 1: Heater Profile:
  Step 1: Temp = 320°C, Duration = 5 ms
  Step 2: Temp = 100°C, Duration = 2 ms
  Step 3: Temp = 100°C, Duration = 10 ms
  Step 4: Temp = 100°C, Duration = 30 ms
  Step 5: Temp = 200°C, Duration = 5 ms
  Step 6: Temp = 200°C, Duration = 5 ms
  Step 7: Temp = 200°C, Duration = 5 ms
  Step 8: Temp = 320°C, Duration = 5 ms
  Step 9: Temp = 320°C, Duration = 5 ms
  Step 10: Temp = 320°C, Duration = 5 ms
Heater profile retrieved for sensor 0
Sensor 2: Heater Profile:
  Step 1: Temp = 320°C, Duration = 5 ms
  Step 2: Temp = 100°C, Duration = 2 ms
  Step 3: Temp = 100°C, Duration = 10 ms
  Step 4: Temp = 100°C, Duration = 30 ms
  Step 5: Temp = 200°C, Duration = 5 ms
  Step 6: Temp = 200°C, Duration = 5 ms
  Step 7: Temp = 200°C, Duration = 5 ms
  Step 8: Temp = 320°C, Duration = 5 ms
  Step 9: Temp = 320°C, Duration = 5 ms
  Step 10: Temp = 320°C, Duration = 5 ms
Heater profile retrieved for sensor 1
Sensor 3: Heater Profile:
  Step 1: Temp = 320°C, Duration = 5 ms
  Step 2: Temp = 100°C, Duration = 2 ms
  Step 3: Temp = 100°C, Duration = 10 ms
  Step 4: Temp = 100°C, Duration = 30 ms
  Step 5: Temp = 200°C, Duration = 5 ms
  Step 6: Temp = 200°C, Duration = 5 ms
  Step 7: Temp = 200°C, Duration = 5 ms
  Step 8: Temp = 320°C, Duration = 5 ms
  Step 9: Temp = 320°C, Duration = 5 ms
  Step 10: Temp = 320°C, Duration = 5 ms
Heater profile retrieved for sensor 2
Sensor 4: Heater Profile:
  Step 1: Temp = 320°C, Duration = 5 ms
  Step 2: Temp = 100°C, Duration = 2 ms
  Step 3: Temp = 100°C, Duration = 10 ms
  Step 4: Temp = 100°C, Duration = 30 ms
  Step 5: Temp = 200°C, Duration = 5 ms
  Step 6: Temp = 200°C, Duration = 5 ms
  Step 7: Temp = 200°C, Duration = 5 ms
  Step 8: Temp = 320°C, Duration = 5 ms
  Step 9: Temp = 320°C, Duration = 5 ms
  Step 10: Temp = 320°C, Duration = 5 ms
Heater profile retrieved for sensor 3
Sensor 5: Heater Profile:
  Step 1: Temp = 320°C, Duration = 5 ms
  Step 2: Temp = 100°C, Duration = 2 ms
  Step 3: Temp = 100°C, Duration = 10 ms
  Step 4: Temp = 100°C, Duration = 30 ms
  Step 5: Temp = 200°C, Duration = 5 ms
  Step 6: Temp = 200°C, Duration = 5 ms
  Step 7: Temp = 200°C, Duration = 5 ms
  Step 8: Temp = 320°C, Duration = 5 ms
  Step 9: Temp = 320°C, Duration = 5 ms
  Step 10: Temp = 320°C, Duration = 5 ms
Heater profile retrieved for sensor 4
Sensor 6: Heater Profile:
  Step 1: Temp = 320°C, Duration = 5 ms
  Step 2: Temp = 100°C, Duration = 2 ms
  Step 3: Temp = 100°C, Duration = 10 ms
  Step 4: Temp = 100°C, Duration = 30 ms
  Step 5: Temp = 200°C, Duration = 5 ms
  Step 6: Temp = 200°C, Duration = 5 ms
  Step 7: Temp = 200°C, Duration = 5 ms
  Step 8: Temp = 320°C, Duration = 5 ms
  Step 9: Temp = 320°C, Duration = 5 ms
  Step 10: Temp = 320°C, Duration = 5 ms
Heater profile retrieved for sensor 5
Sensor 7: Heater Profile:
  Step 1: Temp = 320°C, Duration = 5 ms
  Step 2: Temp = 100°C, Duration = 2 ms
  Step 3: Temp = 100°C, Duration = 10 ms
  Step 4: Temp = 100°C, Duration = 30 ms
  Step 5: Temp = 200°C, Duration = 5 ms
  Step 6: Temp = 200°C, Duration = 5 ms
  Step 7: Temp = 200°C, Duration = 5 ms
  Step 8: Temp = 320°C, Duration = 5 ms
  Step 9: Temp = 320°C, Duration = 5 ms
  Step 10: Temp = 320°C, Duration = 5 ms
Heater profile retrieved for sensor 6
Sensor 8: Heater Profile:
  Step 1: Temp = 320°C, Duration = 5 ms
  Step 2: Temp = 100°C, Duration = 2 ms
  Step 3: Temp = 100°C, Duration = 10 ms
  Step 4: Temp = 100°C, Duration = 30 ms
  Step 5: Temp = 200°C, Duration = 5 ms
  Step 6: Temp = 200°C, Duration = 5 ms
  Step 7: Temp = 200°C, Duration = 5 ms
  Step 8: Temp = 320°C, Duration = 5 ms
  Step 9: Temp = 320°C, Duration = 5 ms
  Step 10: Temp = 320°C, Duration = 5 ms
Heater profile retrieved for sensor 7
Heater profiles retrieval complete.
WARNING: Unknown command received - start'
Available commands: START, STOP, SEC_num (e.g., SEC_5), GETHEAT, GETDUTY
WARNING: Unknown command received - d'
Available commands: START, STOP, SEC_num (e.g., SEC_5), GETHEAT, GETDUTY
364231,1,1,24.00,99979.08,23.23,95167.29,160,7,24.35,99975.34,22.93,6400000.00,160,1,24.66,99975.60,22.58,2257993.50,176,3,25.30,99957.81,22.13,120159.59,160,0,26.59,100033.89,20.12,128000.00,160,8,26.08,100053.87,20.83,105916.42,160,8,26.36,100054.97,20.57,550389.69,160,4,26.12,100042.02,20.95,5576582.50,176,3
364371,1,1,23.97,99976.36,23.19,95326.76,160,0,24.38,99976.05,22.94,86166.27,160,0,24.72,99973.58,22.60,417959.19,160,6,25.26,99958.64,22.07,5244558.50,176,3,26.55,100030.98,20.12,128385.16,160,0,26.03,100052.05,20.82,106312.29,160,0,26.39,100059.09,20.57,92720.03,160,0,26.18,100040.63,20.95,863952.75,160,6
364511,1,1,23.93,99974.77,23.19,95433.37,160,0,24.35,99977.86,22.94,85992.61,160,0,24.65,99972.78,22.57,73669.06,160,0,25.30,99956.52,22.13,119990.63,160,0,26.51,100032.91,20.12,127808.29,160,0,25.98,100053.23,20.80,106246.11,160,0,26.35,100059.87,20.59,92518.98,160,0,26.13,100042.38,20.95,153018.53,160,0
364651,1,1,23.90,99972.91,23.21,95380.03,160,0,24.31,99975.23,22.92,85733.42,160,0,24.62,99973.79,22.60,73860.36,160,0,25.26,99958.77,22.14,119822.14,160,0,26.48,100031.66,20.12,127808.29,160,0,25.96,100054.24,20.80,106511.34,160,0,26.31,100060.70,20.54,92619.39,160,0,26.09,100039.30,20.94,152608.05,160,0
364791,1,1,23.88,99977.42,23.19,95273.54,160,0,24.27,99973.25,22.92,85647.38,160,0,24.59,99973.06,22.59,73605.52,160,0,25.22,99957.67,22.12,120075.05,160,0,26.47,100032.40,20.13,128000.00,160,0,25.95,100054.88,20.82,106048.05,160,0,26.28,100059.83,20.57,92418.77,160,0,26.06,100040.76,20.94,152744.63,160,0
366331,1,1,24.01,99977.68,23.21,548620.44,160,6,24.37,99975.09,22.94,85561.50,160,7,24.71,99973.16,22.60,415922.00,160,6,25.32,99958.71,22.16,737752.19,160,6,26.59,100032.02,20.15,763894.06,160,6,26.09,100055.75,20.84,593451.19,160,6,26.38,100057.15,20.58,535704.94,160,6,26.17,100039.47,20.96,863406.44,160,6
366471,1,1,23.98,99976.88,23.21,97449.56,160,9,24.36,99977.71,22.93,86166.27,160,0,24.69,99974.30,22.58,74116.97,160,9,25.30,99957.60,22.14,119822.14,160,9,26.58,100034.47,20.12,128000.00,160,9,26.07,100055.52,20.83,105785.13,160,9,26.35,100057.95,20.70,92418.77,160,9,26.16,100041.99,20.97,152608.05,160,9
366611,1,1,23.94,99976.45,23.21,95380.03,160,0,24.32,99975.20,22.93,85733.42,160,0,24.64,99973.87,22.60,73860.36,160,0,25.25,99958.17,22.15,120159.59,160,0,26.54,100032.87,20.12,127904.07,160,0,26.03,100054.34,20.82,106048.05,160,0,26.32,100060.09,20.59,92418.77,160,0,26.11,100041.13,20.96,153431.22,160,0
366751,1,1,23.90,99975.19,23.22,95273.54,160,0,24.29,99974.00,22.94,85819.65,160,0,24.60,99974.01,22.60,73860.36,160,0,25.22,99957.49,22.13,119654.13,160,0,26.50,100035.33,20.13,128096.07,160,0,26.00,100054.71,20.82,105916.42,160,0,26.28,100058.75,20.58,92418.77,160,0,26.08,100040.71,20.96,152335.61,160,0
366891,1,1,23.88,99974.70,23.19,95433.37,160,0,24.25,99973.67,22.92,85906.04,160,0,24.58,99975.57,22.57,73732.72,160,0,25.20,99958.16,22.14,119822.14,160,0,26.48,100032.02,20.14,127331.51,160,0,25.96,100055.00,20.83,106113.99,160,0,26.26,100058.89,20.58,92619.39,160,0,26.06,100042.48,20.95,155245.61,160,0
368431,1,1,24.00,99978.68,23.22,550833.81,160,6,24.37,99977.20,22.94,85647.38,160,7,24.70,99973.08,22.60,414407.13,160,6,25.32,99958.65,22.16,738550.31,160,6,26.58,100032.98,20.15,128000.00,160,7,26.09,100056.64,20.83,595521.94,160,6,26.38,100059.37,20.60,89416.70,160,7,26.17,100041.07,20.96,861227.94,160,6
368571,1,1,23.98,99978.05,23.23,96676.73,160,9,24.36,99976.88,22.94,86079.35,160,0,24.69,99974.24,22.59,73988.44,160,9,25.30,99959.02,22.16,119990.63,160,9,26.57,100034.29,20.15,128192.29,160,0,26.06,100054.69,20.84,105982.20,160,9,26.36,100057.52,20.60,92518.98,160,0,26.15,100040.14,20.98,152471.70,160,9
368711,1,1,23.94,99978.54,23.22,95486.76,160,0,24.32,99976.20,22.93,86253.37,160,0,24.63,99974.57,22.59,73988.44,160,0,25.26,99958.59,22.15,120075.05,160,0,26.53,100034.17,20.13,127712.65,160,0,26.02,100056.25,20.82,106180.01,160,0,26.33,100057.62,20.59,92518.98,160,0,26.12,100041.23,21.07,152471.70,160,0
368851,1,1,23.91,99977.05,23.22,95273.54,160,0,24.28,99974.33,22.92,85819.65,160,0,24.59,99973.06,22.54,73860.36,160,0,25.23,99960.50,22.15,119822.14,160,0,26.49,100030.33,20.15,128385.16,160,0,25.98,100053.69,20.83,106378.55,160,0,26.29,100057.44,20.60,92318.79,160,0,26.08,100039.60,20.96,151928.78,160,0
368991,1,1,23.88,99975.56,23.21,95220.38,160,0,24.25,99972.97,22.93,85819.65,160,0,24.58,99975.04,22.61,73860.36,160,0,25.19,99957.15,22.13,119906.32,160,0,26.48,100031.47,20.14,128288.65,160,0,25.97,100055.60,20.83,105982.20,160,0,26.26,100059.95,20.58,92318.79,160,0,26.07,100041.23,20.99,152471.70,160,0
370531,1,1,24.00,99978.21,23.23,549061.69,160,6,24.38,99978.52,22.96,85647.38,160,7,24.70,99975.71,22.60,416429.44,160,6,25.32,99959.38,22.17,736955.75,160,6,26.58,100032.23,20.16,128000.00,160,7,26.09,100056.64,20.83,595521.94,160,6,26.41,100057.98,20.62,89604.48,160,7,26.19,100040.35,20.99,859601.25,160,6
370671,1,1,23.97,99978.77,23.21,97061.61,160,9,24.35,99974.70,22.94,85906.04,160,0,24.68,99974.52,22.60,73732.72,160,9,25.30,99958.86,22.16,119738.07,160,9,26.56,100031.91,20.15,128000.00,160,0,26.05,100054.27,20.85,105916.42,160,9,26.39,100057.61,20.61,92720.03,160,0,26.17,100040.66,20.99,152199.77,160,9
370811,1,1,23.93,99977.86,23.22,95380.03,160,0,24.31,99976.47,22.95,85992.61,160,0,24.62,99975.79,22.58,73732.72,160,0,25.25,99956.18,22.16,120075.05,160,0,26.53,100032.30,20.14,128096.07,160,0,26.01,100053.79,20.84,106312.29,160,0,26.35,100058.68,20.55,92619.39,160,0,26.13,100042.55,20.97,152471.70,160,0
370951,1,1,23.90,99977.41,23.23,95220.38,160,0,24.27,99973.91,22.92,85819.65,160,0,24.59,99974.28,22.55,73860.36,160,0,25.21,99956.66,22.14,119906.32,160,0,26.49,100031.45,20.13,128288.65,160,0,25.98,100057.00,20.84,105719.59,160,0,26.32,100058.10,20.61,92518.98,160,0,26.09,100041.54,20.97,152471.70,160,0
371091,1,1,23.86,99975.70,23.20,95061.27,160,0,24.24,99971.95,22.93,85992.61,160,0,24.56,99972.96,22.58,73924.34,160,0,25.19,99956.58,22.13,119990.63,160,0,26.46,100034.64,20.14,128000.00,160,0,25.94,100053.89,20.86,105785.13,160,0,26.29,100058.53,20.59,92418.77,160,0,26.07,100040.84,20.95,152199.77,160,0
372631,1,1,23.97,99977.00,23.23,94902.69,160,7,24.35,99976.57,22.96,85647.38,160,7,24.68,99975.21,22.61,416938.13,160,6,25.29,99959.69,22.17,737752.19,160,6,26.58,100032.63,20.16,765178.38,160,6,26.07,100057.12,20.84,596041.94,160,6,26.41,100059.15,20.62,89793.05,160,7,26.19,100040.30,21.00,857980.75,160,6
372771,1,1,23.95,99977.55,23.23,95593.73,160,0,24.33,99975.35,22.94,85992.61,160,0,24.66,99973.91,22.60,73860.36,160,9,25.27,99957.98,22.16,119570.30,160,9,26.56,100031.15,20.15,127712.65,160,9,26.04,100056.68,20.84,106113.99,160,9,26.39,100058.19,20.62,92720.03,160,0,26.18,100042.57,20.99,152471.70,160,9
372911,1,1,23.92,99976.98,23.23,95273.54,160,0,24.30,99976.21,22.95,86079.35,160,0,24.59,99973.42,22.61,73796.48,160,0,25.23,99957.75,22.16,119654.13,160,0,26.51,100033.10,20.14,128481.80,160,0,25.99,100055.39,20.83,105850.73,160,0,26.35,100058.27,20.59,92518.98,160,0,26.13,100042.51,20.98,152881.45,160,0
373051,1,1,23.87,99974.36,23.21,95273.54,160,0,24.27,99974.71,22.95,85819.65,160,0,24.56,99971.84,22.54,73732.72,160,0,25.20,99958.51,22.16,119990.63,160,0,26.47,100033.33,20.15,128000.00,160,0,25.97,100055.82,20.85,105982.20,160,0,26.32,100058.13,20.61,92619.39,160,0,26.09,100041.51,20.99,152471.70,160,0
373191,1,1,23.83,99976.29,23.22,95647.30,160,0,24.24,99975.37,22.93,85992.61,160,0,24.54,99971.81,22.60,73669.06,160,0,25.18,99957.00,22.15,119990.63,160,0,26.45,100032.81,20.14,128481.80,160,0,25.94,100053.39,20.83,106246.11,160,0,26.30,100059.84,20.63,92318.79,160,0,26.08,100042.22,20.98,152199.77,160,0
374731,1,1,23.96,99976.27,23.23,549503.62,160,6,24.35,99976.44,22.97,85819.65,160,7,24.67,99974.27,22.61,415922.00,160,6,25.29,99960.41,22.17,737752.19,160,6,26.58,100034.66,20.16,763894.06,160,6,26.06,100054.59,20.84,593967.50,160,6,26.42,100058.33,20.63,535704.94,160,6,26.21,100040.87,20.99,859601.25,160,6
374871,1,1,23.95,99977.95,23.24,97116.84,160,9,24.33,99974.58,22.96,85992.61,160,0,24.65,99974.12,22.62,73860.36,160,9,25.27,99958.15,22.16,119402.98,160,9,26.56,100035.05,20.16,128192.29,160,9,26.04,100055.79,20.84,105916.42,160,9,26.41,100057.27,20.63,92518.98,160,9,26.19,100042.03,21.00,152064.16,160,9
375011,1,1,23.91,99979.21,23.23,95433.37,160,0,24.30,99975.27,22.96,85992.61,160,0,24.59,99972.37,22.61,73860.36,160,0,25.23,99958.09,22.15,120159.59,160,0,26.52,100033.45,20.16,127712.65,160,0,26.01,100057.31,20.87,106444.91,160,0,26.36,100055.63,20.60,92820.88,160,0,26.14,100041.09,20.99,152744.63,160,0
375151,1,1,23.87,99978.24,23.24,95273.54,160,0,24.26,99974.48,22.94,86166.27,160,0,24.56,99970.45,22.64,73732.72,160,0,25.20,99957.24,22.16,120075.05,160,0,26.49,100033.68,20.16,128000.00,160,0,25.97,100056.91,20.85,105850.73,160,0,26.33,100060.43,20.60,92619.39,160,0,26.11,100039.98,20.97,152471.70,160,0
375291,1,1,23.85,99977.04,23.22,95167.29,160,0,24.24,99974.05,22.95,86079.35,160,0,24.54,99972.58,22.60,73732.72,160,0,25.18,99956.10,22.16,119822.14,160,0,26.46,100033.91,20.15,127808.29,160,0,25.94,100053.56,20.83,105916.42,160,0,26.30,100058.11,20.67,92518.98,160,0,26.08,100039.78,20.97,152608.05,160,0
376831,1,1,23.97,99977.46,23.26,549503.62,160,6,24.36,99977.18,22.98,85647.38,160,7,24.68,99974.88,22.64,416175.56,160,6,25.30,99958.67,22.18,738550.31,160,6,26.58,100032.99,20.17,768624.50,160,6,26.07,100056.09,20.86,105719.59,160,7,26.43,100055.02,20.62,535704.94,160,6,26.22,100042.59,20.99,859060.38,160,6
376971,1,1,23.95,99976.55,23.34,97282.92,160,9,24.33,99975.00,22.96,86253.37,160,0,24.66,99975.55,22.62,73796.48,160,9,25.28,99959.59,22.18,119738.07,160,9,26.57,100033.18,20.16,128000.00,160,9,26.05,100055.88,20.85,106577.85,160,0,26.43,100058.56,20.63,92418.77,160,9,26.21,100042.02,20.99,152471.70,160,9
377111,1,1,23.91,99978.86,23.25,95061.27,160,0,24.30,99976.50,22.98,86253.37,160,0,24.60,99975.30,22.61,73924.34,160,0,25.24,99959.13,22.18,119906.32,160,0,26.53,100031.58,20.17,128288.65,160,0,26.01,100054.71,20.85,106048.05,160,0,26.37,100057.91,20.62,92518.98,160,0,26.16,100043.20,20.98,152608.05,160,0
377251,1,1,23.88,99977.95,23.25,95433.37,160,0,24.26,99975.01,22.96,85992.61,160,0,24.57,99973.25,22.59,73860.36,160,0,25.21,99958.59,22.16,119906.32,160,0,26.50,100034.04,20.15,127904.07,160,0,25.98,100055.59,20.86,106113.99,160,0,26.34,100057.98,20.62,92318.79,160,0,26.13,100042.51,20.99,152064.16,160,0
377391,1,1,23.85,99977.98,23.24,95273.54,160,0,24.24,99973.82,22.95,86079.35,160,0,24.55,99971.89,22.61,73732.72,160,0,25.18,99957.81,22.17,119738.07,160,0,26.47,100033.33,20.16,128000.00,160,0,25.95,100054.13,20.85,106048.05,160,0,26.32,100057.91,20.62,92418.77,160,0,26.11,100041.75,20.96,152199.77,160,0
378931,1,1,23.95,99977.32,23.25,549503.62,160,6,24.34,99975.66,22.98,86079.35,160,7,24.67,99975.09,22.63,417448.03,160,6,25.29,99958.80,22.20,738550.31,160,6,26.59,100033.33,20.16,769057.44,160,6,26.07,100055.95,20.87,105785.13,160,7,26.44,100057.83,20.62,89698.67,160,7,26.23,100041.66,20.98,857980.75,160,6
379071,1,1,23.94,99978.26,23.24,97338.41,160,9,24.32,99974.98,22.96,86515.71,160,0,24.66,99974.72,22.63,73796.48,160,9,25.27,99958.60,22.18,119654.13,160,9,26.57,100032.45,20.18,127712.65,160,9,26.06,100056.68,20.86,106246.11,160,0,26.43,100058.56,20.62,92418.77,160,0,26.22,100040.91,21.00,152335.61,160,9
379211,1,1,23.89,99977.65,23.26,95486.76,160,0,24.29,99974.60,22.98,86340.64,160,0,24.59,99974.46,22.62,73860.36,160,0,25.24,99958.55,22.18,119654.13,160,0,26.53,100031.58,20.15,128481.80,160,0,26.02,100055.36,20.86,106777.89,160,0,26.39,100058.16,20.61,92720.03,160,0,26.16,100040.04,20.99,152471.70,160,0
379351,1,1,23.86,99977.80,23.25,95114.25,160,0,24.25,99973.50,22.95,86079.35,160,0,24.58,99974.97,22.58,73732.72,160,0,25.20,99958.90,22.17,119990.63,160,0,26.50,100032.74,20.16,128192.29,160,0,25.99,100054.43,20.86,106113.99,160,0,26.37,100059.96,20.60,92518.98,160,0,26.13,100039.41,20.98,152471.70,160,0
379491,1,1,23.84,99977.98,23.25,95380.03,160,0,24.23,99972.95,22.96,86428.09,160,0,24.54,99971.81,22.62,73605.52,160,0,25.18,99957.38,22.18,119906.32,160,0,26.46,100032.05,20.16,128578.60,160,0,25.95,100056.09,20.86,106511.34,160,0,26.31,100059.27,20.61,92418.77,160,0,26.12,100041.54,20.98,152335.61,160,0
381031,1,1,23.95,99978.20,23.25,95167.29,160,7,24.34,99973.73,22.99,85733.42,160,7,24.65,99972.15,22.63,416429.44,160,6,25.28,99957.94,22.19,738550.31,160,6,26.58,100031.32,20.16,763894.06,160,6,26.08,100054.26,20.86,597607.25,160,6,26.45,100057.20,20.62,89698.67,160,7,26.24,100041.34,20.99,859060.38,160,6
381171,1,1,23.93,99976.65,23.18,95433.37,160,0,24.33,99974.34,22.98,86340.64,160,0,24.65,99974.47,22.64,73732.72,160,9,25.27,99957.47,22.19,119990.63,160,9,26.57,100034.30,20.13,127904.07,160,9,26.06,100054.59,20.87,106378.55,160,9,26.43,100056.09,20.62,92720.03,160,0,26.23,100041.84,21.00,151658.77,160,9
381311,1,1,23.88,99975.15,23.26,95486.76,160,0,24.29,99977.17,22.98,86166.27,160,0,24.59,99972.70,22.63,73732.72,160,0,25.23,99957.96,22.17,120413.92,160,0,26.53,100032.88,20.16,128096.07,160,0,26.01,100055.53,20.87,106312.29,160,0,26.40,100058.81,20.57,93807.26,160,0,26.17,100040.84,20.98,152471.70,160,0
381451,1,1,23.85,99973.99,23.25,95326.76,160,0,24.26,99973.40,22.96,86079.35,160,0,24.55,99972.25,22.59,73860.36,160,0,25.20,99955.41,22.19,119990.63,160,0,26.50,100032.93,20.15,128288.65,160,0,25.98,100054.89,20.85,106180.01,160,0,26.36,100056.42,20.62,92619.39,160,0,26.15,100041.34,20.98,152335.61,160,0
381591,1,1,23.82,99975.73,23.25,95593.73,160,0,24.23,99971.73,22.98,86340.64,160,0,24.53,99971.27,22.62,73732.72,160,0,25.17,99956.43,22.18,119570.30,160,0,26.47,100032.59,20.16,128000.00,160,0,25.96,100055.36,20.84,106312.29,160,0,26.34,100056.35,20.60,92720.03,160,0,26.13,100041.18,20.98,152199.77,160,0
383131,1,1,23.94,99978.20,23.28,550833.81,160,6,24.34,99977.02,22.99,86166.27,160,7,24.66,99973.09,22.64,415163.19,160,6,25.28,99958.52,22.21,739350.19,160,6,26.59,100032.41,20.19,128000.00,160,7,26.09,100056.34,20.87,596562.75,160,6,26.46,100054.58,20.62,89887.64,160,7,26.26,100039.83,20.99,855829.50,160,6
383271,1,1,23.92,99976.18,23.27,97449.56,160,9,24.32,99976.61,22.97,86428.09,160,0,24.64,99973.12,22.65,73924.34,160,9,25.27,99957.78,22.19,119822.14,160,9,26.57,100032.05,20.17,128385.16,160,0,26.08,100055.98,20.86,106312.29,160,9,26.44,100057.83,20.61,93858.84,160,0,26.25,100040.14,20.99,152471.70,160,9
383411,1,1,23.88,99976.09,23.27,95593.73,160,0,24.28,99974.99,22.98,86253.37,160,0,24.58,99973.46,22.65,73732.72,160,0,25.23,99959.03,22.18,120075.05,160,0,26.53,100030.65,20.17,128096.07,160,0,26.03,100052.95,20.86,106711.13,160,0,26.40,100055.91,20.60,92619.39,160,0,26.19,100040.54,20.98,152199.77,160,0
383551,1,1,23.84,99975.65,23.27,95593.73,160,0,24.25,99974.78,22.98,86428.09,160,0,24.55,99971.42,22.58,74052.65,160,0,25.20,99956.85,22.18,119570.30,160,0,26.51,100031.80,20.20,128288.65,160,0,26.00,100054.41,20.86,106113.99,160,0,26.37,100058.16,20.61,93910.49,160,0,26.16,100040.04,20.97,151928.78,160,0
383691,1,1,23.83,99975.95,23.25,95380.03,160,0,24.22,99972.38,22.97,86428.09,160,0,24.53,99972.39,22.63,73796.48,160,0,25.17,99958.09,22.18,120075.05,160,0,26.48,100031.28,20.17,128385.16,160,0,25.97,100052.76,20.85,106511.34,160,0,26.34,100055.62,20.61,92518.98,160,0,26.14,100042.05,20.97,151793.66,160,0
385231,1,1,23.93,99976.65,23.28,549503.62,160,6,24.32,99975.66,22.99,86253.37,160,7,24.63,99974.17,22.66,418215.22,160,6,25.26,99958.77,22.19,736955.75,160,6,26.58,100032.06,20.18,128000.00,160,7,26.09,100055.83,20.86,597084.56,160,6,26.46,100055.48,20.61,536547.00,160,6,26.27,100042.09,20.98,856903.75,160,6
385371,1,1,23.92,99977.11,23.25,97449.56,160,9,24.31,99975.41,23.00,86428.09,160,0,24.62,99974.55,22.66,74052.65,160,9,25.24,99959.16,22.19,119570.30,160,9,26.57,100033.18,20.17,128192.29,160,0,26.07,100055.04,20.88,106246.11,160,9,26.44,100059.10,20.62,92518.98,160,9,26.24,100040.62,20.97,152471.70,160,9
385511,1,1,23.88,99978.02,23.28,95700.94,160,0,24.26,99973.88,22.99,86515.71,160,0,24.56,99971.84,22.65,74052.65,160,0,25.20,99959.12,22.20,120075.05,160,0,26.53,100031.02,20.17,128578.60,160,0,26.03,100054.20,20.87,106511.34,160,0,26.41,100058.36,20.61,92720.03,160,0,26.19,100041.32,20.96,152064.16,160,0
385651,1,1,23.84,99975.76,23.20,95433.37,160,0,24.24,99975.17,22.98,86340.64,160,0,24.53,99970.85,22.65,73732.72,160,0,25.16,99956.13,22.20,120075.05,160,0,26.50,100029.95,20.16,128578.60,160,0,25.99,100054.14,20.85,106444.91,160,0,26.37,100057.91,20.59,94117.65,160,0,26.16,100041.16,20.98,151793.66,160,0
385791,1,1,23.82,99974.73,23.26,95326.76,160,0,24.21,99971.38,22.98,86340.64,160,0,24.50,99970.31,22.64,73732.72,160,0,25.14,99955.91,22.18,119738.07,160,0,26.46,100033.16,20.17,128578.60,160,0,25.97,100054.40,20.87,106378.55,160,0,26.34,100059.09,20.56,92720.03,160,0,26.14,100041.22,20.97,152199.77,160,0
387331,1,1,23.94,99976.34,23.29,549946.31,160,6,24.32,99975.73,22.99,86166.27,160,7,24.63,99973.66,22.66,417448.03,160,6,25.25,99957.99,22.22,737752.19,160,6,26.59,100033.16,20.19,766467.06,160,6,26.10,100056.27,20.87,597084.56,160,6,26.46,100054.63,20.60,535704.94,160,6,26.25,100040.10,20.98,857980.75,160,6
387471,1,1,23.91,99976.70,23.28,97393.95,160,9,24.30,99976.74,22.99,86779.66,160,0,24.62,99974.38,22.68,73924.34,160,9,25.24,99958.00,22.16,120075.05,160,9,26.57,100032.80,20.17,128288.65,160,9,26.08,100056.17,20.87,106644.45,160,9,26.45,100056.10,20.60,92720.03,160,9,26.23,100041.34,20.98,151793.66,160,9
387611,1,1,23.88,99977.25,23.28,95916.07,160,0,24.26,99975.40,22.99,86779.66,160,0,24.55,99973.88,22.66,73988.44,160,0,25.20,99957.82,22.19,120413.92,160,0,26.52,100032.34,20.17,128000.00,160,0,26.04,100056.98,20.89,106378.55,160,0,26.39,100059.98,20.58,92820.88,160,0,26.18,100040.80,20.96,152064.16,160,0
387751,1,1,23.84,99976.88,23.27,95380.03,160,0,24.23,99975.30,22.99,86428.09,160,0,24.52,99971.15,22.68,73924.34,160,0,25.17,99958.20,22.20,119822.14,160,0,26.49,100033.87,20.17,128385.16,160,0,26.00,100055.30,20.87,106246.11,160,0,26.35,100058.86,20.60,93858.84,160,0,26.15,100040.09,20.96,152064.16,160,0
387891,1,1,23.82,99975.56,23.28,95486.76,160,0,24.20,99973.71,22.99,86428.09,160,0,24.51,99971.02,22.64,73732.72,160,0,25.15,99958.21,22.19,120244.25,160,0,26.47,100032.60,20.18,128000.00,160,0,25.98,100055.42,20.86,105982.20,160,0,26.33,100056.94,20.60,92820.88,160,0,26.14,100041.79,20.96,151793.66,160,0
389431,1,1,23.95,99979.35,23.29,95273.54,160,7,24.33,99979.09,23.02,86253.37,160,7,24.67,99977.26,22.68,416938.13,160,6,25.27,99958.16,22.22,740955.13,160,6,26.60,100032.95,20.18,769057.44,160,6,26.11,100055.99,20.88,597607.25,160,6,26.45,100056.06,20.61,89698.67,160,7,26.25,100043.56,20.97,857980.75,160,6
389571,1,1,23.93,99978.56,23.31,95647.30,160,0,24.31,99975.93,23.00,86691.50,160,0,24.65,99974.99,22.68,73860.36,160,9,25.26,99960.67,22.22,120413.92,160,9,26.58,100034.08,20.19,128772.63,160,9,26.10,100057.30,20.88,106048.05,160,9,26.43,100058.62,20.61,92720.03,160,0,26.23,100041.05,20.97,152335.61,160,9
389711,1,1,23.89,99977.48,23.28,95808.38,160,0,24.27,99975.95,23.00,86515.71,160,0,24.60,99975.41,22.68,74052.65,160,0,25.22,99958.71,22.22,120584.08,160,0,26.54,100033.05,20.19,127521.80,160,0,26.04,100055.20,20.86,106312.29,160,0,26.38,100057.91,20.60,92619.39,160,0,26.17,100041.11,20.95,152335.61,160,0
389851,1,1,23.85,99974.88,23.28,95862.20,160,0,24.23,99975.11,23.00,86253.37,160,0,24.56,99971.73,22.66,74116.97,160,0,25.19,99957.66,22.22,119738.07,160,0,26.51,100033.65,20.16,128481.80,160,0,26.01,100055.42,20.79,106511.34,160,0,26.37,100061.55,20.60,94117.65,160,0,26.14,100040.20,20.96,151928.78,160,0
389991,1,1,23.80,99976.55,23.28,95647.30,160,0,24.21,99973.38,23.01,86515.71,160,0,24.53,99972.79,22.68,74116.97,160,0,25.16,99956.46,22.20,120329.02,160,0,26.49,100033.12,20.17,128000.00,160,0,25.99,100055.86,20.85,106246.11,160,0,26.31,100059.07,20.58,92720.03,160,0,26.12,100042.38,20.96,152199.77,160,0
391531,1,1,23.94,99977.49,23.31,551724.13,160,6,24.32,99978.49,23.02,86691.50,160,7,24.66,99975.37,22.66,73732.72,160,7,25.27,99958.42,22.23,739350.19,160,6,26.61,100033.69,20.18,770359.25,160,6,26.12,100058.63,20.88,598130.81,160,6,26.44,100060.49,20.61,89982.42,160,7,26.22,100040.43,20.97,857441.94,160,6
391671,1,1,23.92,99977.23,23.30,97505.23,160,9,24.31,99978.56,23.02,86691.50,160,0,24.65,99975.70,22.68,74375.36,160,0,25.26,99959.77,22.23,120498.94,160,9,26.58,100032.43,20.14,128096.07,160,9,26.09,100055.75,20.87,106511.34,160,9,26.41,100061.15,20.59,94273.62,160,0,26.21,100041.23,20.97,152744.63,160,9
391811,1,1,23.87,99977.03,23.29,95647.30,160,0,24.26,99976.41,23.03,86691.50,160,0,24.61,99973.90,22.66,74245.94,160,0,25.23,99959.55,22.21,119990.63,160,0,26.54,100033.22,20.16,128772.63,160,0,26.05,100056.18,20.86,106511.34,160,0,26.38,100059.88,20.57,94117.65,160,0,26.15,100041.34,20.96,152471.70,160,0
391951,1,1,23.84,99977.22,23.28,95273.54,160,0,24.23,99974.01,23.01,86691.50,160,0,24.58,99975.57,22.66,73796.48,160,0,25.19,99959.70,22.23,120329.02,160,0,26.52,100033.83,20.16,128000.00,160,0,26.01,100055.21,20.87,106511.34,160,0,26.34,100058.85,20.59,93807.26,160,0,26.12,100042.85,20.96,152199.77,160,0
392091,1,1,23.83,99977.70,23.29,95540.21,160,0,24.20,99973.02,23.00,86779.66,160,0,24.53,99970.16,22.68,74116.97,160,0,25.17,99958.72,22.21,119990.63,160,0,26.48,100032.20,20.17,128772.63,160,0,25.99,100058.34,20.85,106644.45,160,0,26.32,100058.97,20.60,93807.26,160,0,26.09,100040.35,20.95,151928.78,160,0
393631,1,1,23.94,99978.95,23.31,550389.69,160,6,24.32,99977.60,23.01,86515.71,160,7,24.66,99975.84,22.70,74116.97,160,7,25.28,99961.02,22.22,740955.13,160,6,26.60,100031.83,20.19,769057.44,160,6,26.11,100058.85,20.86,106378.55,160,7,26.43,100059.00,20.61,89793.05,160,7,26.22,100041.50,20.97,859060.38,160,6
393771,1,1,23.92,99979.15,23.30,97393.95,160,9,24.30,99977.45,23.02,87045.23,160,0,24.64,99976.15,22.69,74245.94,160,0,25.26,99958.04,22.23,120244.25,160,9,26.58,100033.34,20.17,128481.80,160,9,26.09,100058.06,20.87,106777.89,160,0,26.41,100059.34,20.61,93910.49,160,0,26.21,100042.64,20.97,152471.70,160,9
393911,1,1,23.89,99977.13,23.29,95593.73,160,0,24.27,99976.12,23.00,86603.52,160,0,24.60,99974.81,22.68,74245.94,160,0,25.22,99958.04,22.22,120244.25,160,0,26.55,100035.45,20.18,128096.07,160,0,26.05,100057.27,20.87,106711.13,160,0,26.37,100058.52,20.61,94273.62,160,0,26.14,100041.39,20.96,152199.77,160,0
394051,1,1,23.85,99979.20,23.19,95380.03,160,0,24.23,99974.85,23.00,86515.71,160,0,24.56,99972.84,22.66,74245.94,160,0,25.19,99959.31,22.23,120413.92,160,0,26.51,100034.20,20.17,128192.29,160,0,26.02,100057.42,20.87,106711.13,160,0,26.33,100059.01,20.58,92820.88,160,0,26.11,100040.11,20.94,152471.70,160,0
394191,1,1,23.83,99978.51,23.29,96567.34,160,0,24.21,99974.72,23.00,86779.66,160,0,24.54,99973.52,22.68,73988.44,160,0,25.16,99956.99,22.21,120075.05,160,0,26.49,100031.45,20.17,127808.29,160,0,26.00,100054.89,20.85,106577.85,160,0,26.32,100058.60,20.55,94117.65,160,0,26.10,100043.14,20.95,152199.77,160,0
395731,1,1,23.94,99978.37,23.32,551724.13,160,6,24.31,99977.52,23.02,86515.71,160,7,24.65,99976.06,22.68,74245.94,160,7,25.27,99958.53,22.23,739350.19,160,6,26.61,100036.27,20.19,766037.00,160,6,26.11,100057.13,20.87,106312.29,160,7,26.45,100058.96,20.62,538239.19,160,6,26.22,100042.45,20.96,860142.81,160,6
395871,1,1,23.92,99976.53,23.31,97449.56,160,9,24.30,99976.25,23.02,86868.00,160,0,24.64,99975.34,22.68,74700.91,160,0,25.26,99960.24,22.22,120244.25,160,9,26.59,100033.52,20.21,128385.16,160,9,26.08,100053.50,20.87,106844.74,160,0,26.42,100059.56,20.62,93858.84,160,9,26.20,100041.10,20.98,152199.77,160,9
396011,1,1,23.88,99976.62,23.32,95486.76,160,0,24.26,99976.69,23.02,86956.52,160,0,24.60,99975.24,22.68,74052.65,160,0,25.22,99958.16,22.22,120159.59,160,0,26.55,100032.85,20.18,128869.88,160,0,26.05,100056.79,20.85,107045.79,160,0,26.37,100056.83,20.58,93858.84,160,0,26.14,100042.59,20.97,152471.70,160,0
396151,1,1,23.85,99976.93,23.31,95433.37,160,0,24.23,99977.04,23.01,86691.50,160,0,24.57,99977.13,22.68,74052.65,160,0,25.18,99957.45,22.22,120159.59,160,0,26.52,100033.63,20.18,127712.65,160,0,26.01,100052.59,20.85,106844.74,160,0,26.34,100059.45,20.59,93962.20,160,0,26.12,100040.69,20.96,152744.63,160,0
396291,1,1,23.83,99977.10,23.29,95061.27,160,0,24.20,99972.59,23.01,86515.71,160,0,24.54,99972.75,22.66,74116.97,160,0,25.17,99958.91,22.21,120075.05,160,0,26.49,100033.67,20.17,127808.29,160,0,25.98,100055.19,20.85,106577.85,160,0,26.31,100058.41,20.58,92820.88,160,0,26.09,100039.95,20.97,152199.77,160,0
397831,1,1,23.95,99980.12,23.31,550833.81,160,6,24.33,99979.33,23.03,86515.71,160,7,24.66,99975.02,22.70,418215.22,160,6,25.27,99958.02,22.23,742567.06,160,6,26.60,100033.70,20.19,128096.07,160,7,26.12,100057.68,20.86,598130.81,160,6,26.45,100060.29,20.61,537391.75,160,6,26.22,100042.15,20.99,857980.75,160,6
397971,1,1,23.93,99978.45,23.30,97338.41,160,9,24.31,99977.23,23.03,87045.23,160,0,24.65,99974.12,22.69,74052.65,160,9,25.26,99960.09,22.24,119906.32,160,9,26.59,100033.89,20.18,128578.60,160,0,26.10,100057.37,20.88,106844.74,160,9,26.42,100057.61,20.64,94013.95,160,9,26.19,100041.55,20.97,152335.61,160,9
398111,1,1,23.89,99978.70,23.30,95862.20,160,0,24.27,99976.59,23.02,86868.00,160,0,24.61,99978.64,22.69,74440.24,160,0,25.22,99958.02,22.23,120754.72,160,0,26.55,100034.13,20.18,128385.16,160,0,26.04,100056.24,20.87,106644.45,160,0,26.36,100058.41,20.60,94013.95,160,0,26.14,100043.56,20.97,152471.70,160,0
398251,1,1,23.86,99978.04,23.30,95647.30,160,0,24.23,99974.01,23.00,87045.23,160,0,24.58,99975.33,22.69,74375.36,160,0,25.19,99958.07,22.23,120244.25,160,0,26.52,100032.73,20.20,128288.65,160,0,26.01,100056.61,20.86,106511.34,160,0,26.33,100058.75,20.60,93858.84,160,0,26.10,100041.32,20.96,153018.53,160,0
398391,1,1,23.82,99976.26,23.32,95754.63,160,0,24.20,99972.90,23.01,86691.50,160,0,24.54,99973.22,22.69,74116.97,160,0,25.17,99959.30,22.22,119822.14,160,0,26.49,100032.94,20.17,128578.60,160,0,25.98,100054.89,20.88,106777.89,160,0,26.31,100058.14,20.61,94065.77,160,0,26.08,100042.92,20.96,152335.61,160,0
399931,1,1,23.94,99979.31,23.32,550833.81,160,6,24.32,99977.13,23.04,86691.50,160,7,24.66,99976.59,22.69,420275.00,160,6,25.27,99958.72,22.23,741760.25,160,6,26.59,100034.09,20.18,128481.80,160,7,26.11,100057.40,20.87,602884.88,160,6,26.42,100057.57,20.62,89982.42,160,7,26.19,100043.80,20.97,862315.81,160,6
400071,1,1,23.92,99977.28,23.33,97449.56,160,9,24.30,99976.15,23.03,86691.50,160,0,24.64,99975.93,22.69,74570.34,160,9,25.25,99959.09,22.24,120159.59,160,9,26.57,100034.29,20.18,128578.60,160,0,26.08,100058.66,20.86,106711.13,160,9,26.41,100059.98,20.60,93858.84,160,0,26.18,100042.29,20.99,152199.77,160,9
400211,1,1,23.85,99978.16,23.31,95540.21,160,0,24.26,99976.80,23.02,86779.66,160,0,24.59,99973.94,22.67,74310.59,160,0,25.21,99959.02,22.24,120244.25,160,0,26.53,100032.12,20.10,128192.29,160,0,26.03,100056.90,20.87,106644.45,160,0,26.36,100058.42,20.61,94065.77,160,0,26.12,100041.49,20.98,153018.53,160,0
400351,1,1,23.83,99978.06,23.30,95862.20,160,0,24.22,99976.87,23.02,86691.50,160,0,24.55,99974.93,22.60,74440.24,160,0,25.18,99959.39,22.23,120244.25,160,0,26.50,100032.17,20.17,128772.63,160,0,26.00,100055.10,20.86,106777.89,160,0,26.34,100058.91,20.61,93858.84,160,0,26.08,100042.44,20.98,152199.77,160,0
400491,1,1,23.80,99976.10,23.30,95593.73,160,0,24.20,99973.02,23.02,86868.00,160,0,24.53,99974.73,22.68,74375.36,160,0,25.15,99958.95,22.24,120244.25,160,0,26.47,100033.71,20.19,128192.29,160,0,25.97,100055.35,20.86,106777.89,160,0,26.28,100058.71,20.60,93910.49,160,0,26.06,100041.78,20.96,152744.63,160,0
402031,1,1,23.93,99978.62,23.33,549946.31,160,6,24.31,99975.12,23.04,86956.52,160,7,24.67,99976.66,22.70,419242.59,160,6,25.28,99958.25,22.25,742567.06,160,6,26.60,100034.06,20.19,771665.44,160,6,26.11,100057.40,20.89,600234.44,160,6,26.42,100059.05,20.63,89982.42,160,7,26.18,100040.63,20.98,856903.75,160,6
402171,1,1,23.92,99980.09,23.33,97449.56,160,9,24.29,99975.41,23.03,87045.23,160,0,24.65,99975.88,22.69,74245.94,160,9,25.26,99960.69,22.25,120413.92,160,9,26.59,100034.45,20.20,128578.60,160,9,26.08,100054.30,20.87,106577.85,160,9,26.40,100058.80,20.62,94117.65,160,0,26.17,100041.72,20.99,152471.70,160,9
WARNING: Unknown command received - [A
Available commands: START, STOP, SEC_num (e.g., SEC_5), GETHEAT, GETDUTY
WARNING: Unknown command received - [A[A
Available commands: START, STOP, SEC_num (e.g., SEC_5), GETHEAT, GETDUTY
WARNING: Unknown command received - [A
Available commands: START, STOP, SEC_num (e.g., SEC_5), GETHEAT, GETDUTY
412969,1,1,23.97,99979.27,23.30,98121.88,160,9,24.37,99977.51,23.03,85304.90,160,9,24.69,99977.11,22.69,74766.35,160,0,25.31,99961.52,22.22,121269.54,160,9,26.63,100035.68,20.17,128772.63,160,9,26.11,100057.10,20.87,107180.24,160,9,26.48,100057.10,20.61,94534.71,160,0,26.24,100043.62,20.98,153569.28,160,0
413109,1,1,23.94,99978.96,23.31,3982498.75,176,2,24.34,99976.60,23.02,3236665.25,176,2,24.65,99972.15,22.70,74635.57,160,0,25.27,99958.42,22.22,7132782.00,176,2,26.60,100032.58,20.18,6889823.50,176,2,26.08,100055.68,20.86,4403117.50,176,2,26.45,100055.03,20.61,94221.57,160,0,26.22,100038.38,21.01,153293.41,160,0
413249,1,1,23.88,99977.25,23.31,95970.01,160,0,24.28,99975.70,23.00,87401.84,160,0,24.67,99975.44,22.68,74245.94,160,0,25.23,99960.66,22.21,120413.92,160,0,26.56,100034.14,20.17,128578.60,160,0,26.02,100055.55,20.86,107247.59,160,0,26.47,100055.62,20.62,94377.88,160,0,26.23,100041.88,20.98,153018.53,160,0
414789,1,1,23.96,99978.53,23.33,95808.38,160,7,24.37,99979.09,23.03,87401.84,160,7,24.68,99976.80,22.69,421052.62,160,6,25.28,99957.41,22.22,749085.56,160,6,26.65,100035.28,20.18,771665.44,160,6,26.12,100057.21,20.86,602884.88,160,6,26.49,100056.04,20.60,90555.36,160,7,26.26,100043.06,20.99,153293.41,160,7
414929,1,1,23.95,99978.26,23.33,96458.18,160,0,24.35,99978.02,23.03,87401.84,160,0,24.66,99975.96,22.67,74440.24,160,9,25.28,99961.20,22.22,120584.08,160,9,26.62,100032.93,20.16,129162.46,160,9,26.11,100058.28,20.87,107585.63,160,9,26.49,100057.93,20.61,94482.37,160,0,26.24,100042.87,20.99,153569.28,160,0
415069,1,1,23.93,99980.31,23.31,96349.27,160,0,24.31,99977.41,23.02,87312.41,160,0,24.63,99976.67,22.68,74505.24,160,0,25.22,99957.98,22.23,120925.84,160,0,26.57,100033.55,20.17,129162.46,160,0,26.05,100058.01,20.86,107315.03,160,0,26.44,100059.25,20.60,94430.10,160,0,26.21,100042.83,20.99,153569.28,160,0
415209,1,1,23.88,99974.34,23.31,96458.18,160,0,24.28,99975.39,23.02,87401.84,160,0,24.59,99975.34,22.66,74635.57,160,0,25.19,99959.01,22.21,120754.72,160,0,26.54,100033.43,20.17,128967.26,160,0,26.02,100055.83,20.87,107315.03,160,0,26.42,100060.14,20.59,94325.72,160,0,26.18,100042.60,20.99,153293.41,160,0
415349,1,1,23.85,99977.80,23.31,96403.69,160,0,24.24,99975.02,23.02,87401.84,160,0,24.56,99973.43,22.66,74505.24,160,0,25.18,99958.67,22.23,120925.84,160,0,26.51,100033.09,20.15,128772.63,160,0,25.99,100055.39,20.86,107382.55,160,0,26.36,100059.28,20.59,94744.63,160,0,26.13,100041.84,20.98,153846.16,160,0
416889,1,1,23.96,99978.53,23.32,554412.56,160,6,24.35,99977.51,23.03,86868.00,160,7,24.68,99975.41,22.70,422093.97,160,6,25.31,99959.12,22.23,748264.50,160,6,26.63,100033.64,20.17,773413.88,160,6,26.11,100057.46,20.88,607715.12,160,6,26.50,100054.63,20.62,90555.36,160,7,26.27,100044.04,21.00,153155.84,160,7
417029,1,1,23.95,99976.55,23.33,98348.06,160,9,24.34,99977.37,23.05,87223.17,160,0,24.67,99976.73,22.65,74375.36,160,9,25.28,99959.93,22.23,120754.72,160,9,26.61,100032.40,20.18,128578.60,160,9,26.09,100057.96,20.88,107450.16,160,9,26.48,100056.80,20.61,95593.73,160,0,26.24,100041.48,20.99,153707.59,160,0
417169,1,1,23.90,99975.96,23.31,96240.60,160,0,24.30,99977.03,23.02,87223.17,160,0,24.61,99974.38,22.66,74635.57,160,0,25.24,99959.75,22.22,120754.72,160,0,26.57,100034.10,20.17,128772.63,160,0,26.05,100056.75,20.86,107382.55,160,0,26.45,100061.00,20.55,94534.71,160,0,26.21,100041.67,20.99,153293.41,160,0
417309,1,1,23.87,99975.87,23.31,96294.91,160,0,24.26,99973.29,23.02,87401.84,160,0,24.58,99974.56,22.72,74831.92,160,0,25.21,99958.63,22.23,121183.43,160,0,26.54,100033.61,20.17,129064.78,160,0,26.02,100055.12,20.88,107450.16,160,0,26.41,100059.26,20.59,94221.57,160,0,26.18,100041.59,20.99,153431.22,160,0
417449,1,1,23.85,99977.80,23.31,95970.01,160,0,24.23,99976.79,23.01,87491.45,160,0,24.55,99974.18,22.68,74505.24,160,0,25.19,99959.14,22.23,121097.45,160,0,26.51,100033.45,20.16,128578.60,160,0,26.00,100057.20,20.87,107450.16,160,0,26.38,100059.91,20.62,94430.10,160,0,26.16,100042.43,20.99,153431.22,160,0
WARNING: Unknown command received - star
Available commands: START, STOP, SEC_num (e.g., SEC_5), GETHEAT, GETDUTY
WARNING: Unknown command received - stp[
Available commands: START, STOP, SEC_num (e.g., SEC_5), GETHEAT, GETDUTY
427050,1,1,23.98,99978.39,23.36,558951.94,160,5,24.38,99980.05,23.06,449319.88,160,6,24.69,99976.51,22.72,74831.92,160,7,25.31,99959.49,22.26,692828.13,160,5,26.67,100036.00,20.18,773852.25,160,5,26.15,100053.40,20.89,606096.50,160,5,26.56,100056.64,20.59,90941.38,160,7,26.31,100046.18,20.99,153846.16,160,7
427190,1,1,23.98,99980.05,23.36,96294.91,160,8,24.36,99978.28,23.05,87942.29,160,0,24.67,99976.31,22.71,74831.92,160,0,25.31,99959.49,22.26,121097.45,160,8,26.66,100035.46,20.18,129064.78,160,8,26.14,100057.62,20.78,107721.44,160,8,26.54,100057.08,20.60,95008.35,160,0,26.29,100041.54,20.98,154124.02,160,0
427330,1,1,23.93,99978.97,23.36,96349.27,160,0,24.32,99978.32,23.06,87581.25,160,0,24.63,99975.98,22.72,74766.35,160,0,25.24,99959.66,22.25,121442.13,160,0,26.61,100036.09,20.19,129358.27,160,0,26.08,100054.59,20.88,107857.59,160,0,26.50,100057.37,20.59,94955.49,160,0,26.24,100040.98,20.97,154263.33,160,0
WARNING: Unknown command received - sta
Available commands: START, STOP, SEC_num (e.g., SEC_5), GETHEAT, GETDUTY
429044,1,1,23.97,99977.94,23.36,98404.77,160,9,24.36,99978.84,23.08,87671.23,160,0,24.66,99977.02,22.73,74897.60,160,0,25.30,99961.05,22.28,121615.20,160,0,26.64,100035.11,20.18,129162.46,160,0,26.12,100056.47,20.87,107857.59,160,0,26.54,100056.54,20.60,94692.06,160,0,26.30,100044.59,20.99,154263.33,160,0
429184,1,1,23.94,99979.12,23.35,4020613.50,176,2,24.34,99974.31,23.08,87581.25,160,0,24.63,99969.97,22.74,74831.92,160,0,25.26,99954.79,22.28,121269.54,160,0,26.62,100031.81,20.17,128481.80,160,0,26.10,100053.22,20.89,107450.16,160,0,26.52,100052.35,20.59,94482.37,160,0,26.27,100040.36,21.00,153846.16,160,0
