Dynamic assignment: Failed to assign heater profile for sensor 0
Sensor 0 assigned duty cycle profile duty_5_10
ERROR: Setting heater profile failed for sensor.
Dynamic assignment: Failed to assign heater profile for sensor 1
Sensor 1 assigned duty cycle profile duty_5_10
ERROR: Setting heater profile failed for sensor.
ets Jul 29 2019 12:21:46

rst:0x1 (POWERON_RESET),boot:0x13 (SPI_FAST_FLASH_BOOT)
configsip: 0, SPIWP:0xee
clk_drv:0x00,q_drv:0x00,d_drv:0x00,cs0_drv:0x00,hd_drv:0x00,wp_drv:0x00
mode:DIO, clock div:1
load:0x3fff0030,len:1184
load:0x40078000,len:13260
load:0x40080400,len:3028
entry 0x400805e4
Attempting to load dynamic configuration from SD card...
---- SD Card Config File Contents ----
{
  "configHeader": {
    "dateCreated_ISO": "2024-07-26T16:25:55.290Z",
    "appVersion": "2.3.2",
    "boardType": "board_8",
    "boardMode": "burn_in",
    "boardLayout": "grouped"
  },
  "configBody": {
    "heaterProfiles": [
      {
        "id": "heater_354",
        "timeBase": 140,
        "temperatureTimeVectors": [
          [
            320,
            5
          ],
          [
            100,
            2
          ],
          [
            100,
            10
          ],
          [
            100,
            30
          ],
          [
            200,
            5
          ],
          [
            200,
            5
          ],
          [
            200,
            5
          ],
          [
            320,
            5
          ],
          [
            320,
            5
          ],
          [
            320,
            5
          ]
        ]
      }
    ],
    "dutyCycleProfiles": [
      {
        "id": "duty_5_10",
        "numberScanningCycles": 5,
        "numberSleepingCycles": 10
      }
    ],
    "sensorConfigurations": [
      {
        "sensorIndex": 0,
        "heaterProfile": "heater_354",
        "dutyCycleProfile": "duty_5_10"
      },
      {
        "sensorIndex": 1,
        "heaterProfile": "heater_354",
        "dutyCycleProfile": "duty_5_10"
      },
      {
        "sensorIndex": 2,
        "heaterProfile": "heater_354",
        "dutyCycleProfile": "duty_5_10"
      },
      {
        "sensorIndex": 3,
        "heaterProfile": "heater_354",
        "dutyCycleProfile": "duty_5_10"
      },
      {
        "sensorIndex": 4,
        "heaterProfile": "heater_354",
        "dutyCycleProfile": "duty_5_10"
      },
      {
        "sensorIndex": 5,
        "heaterProfile": "heater_354",
        "dutyCycleProfile": "duty_5_10"
      },
      {
        "sensorIndex": 6,
        "heaterProfile": "heater_354",
        "dutyCycleProfile": "duty_5_10"
      },
      {
        "sensorIndex": 7,
        "heaterProfile": "heater_354",
        "dutyCycleProfile": "duty_5_10"
      }
    ]
  }
}
---- End of Config File ----
Loaded heater config: heater_354
Loaded duty cycle profile: duty_5_10
Sensor config loaded: Sensor 0, Heater Profile: heater_354, Duty Cycle: duty_5_10
Sensor config loaded: Sensor 1, Heater Profile: heater_354, Duty Cycle: duty_5_10
Sensor config loaded: Sensor 2, Heater Profile: heater_354, Duty Cycle: duty_5_10
Sensor config loaded: Sensor 3, Heater Profile: heater_354, Duty Cycle: duty_5_10
Sensor config loaded: Sensor 4, Heater Profile: heater_354, Duty Cycle: duty_5_10
Sensor config loaded: Sensor 5, Heater Profile: heater_354, Duty Cycle: duty_5_10
Sensor config loaded: Sensor 6, Heater Profile: heater_354, Duty Cycle: duty_5_10
Sensor config loaded: Sensor 7, Heater Profile: heater_354, Duty Cycle: duty_5_10
Dynamic configuration loaded from SD card.
Sensor duty cycles initialized (all use 'duty_1').
Assigning sensor configurations dynamically...
ERROR: Setting heater profile failed for sensor.
Dynamic assignment: Failed to assign heater profile for sensor 0
Sensor 0 assigned duty cycle profile duty_5_10
ERROR: Setting heater profile failed for sensor.
Dynamic assignment: Failed to assign heater profile for sensor 1
Sensor 1 assigned duty cycle profile duty_5_10
ERROR: Setting heater profile failed for sensor.
Dynamic assignment: Failed to assign heater profile for sensor 2
Sensor 2 assigned duty cycle profile duty_5_10
ERROR: Setting heater profile failed for sensor.
Dynamic assignment: Failed to assign heater profile for sensor 3
Sensor 3 assigned duty cycle profile duty_5_10
ERROR: Setting heater profile failed for sensor.
Dynamic assignment: Failed to assign heater profile for sensor 4
Sensor 4 assigned duty cycle profile duty_5_10
ERROR: Setting heater profile failed for sensor.
Dynamic assignment: Failed to assign heater profile for sensor 5
Sensor 5 assigned duty cycle profile duty_5_10
ERROR: Setting heater profile failed for sensor.
Dynamic assignment: Failed to assign heater profile for sensor 6
Sensor 6 assigned duty cycle profile duty_5_10
ERROR: Setting heater profile failed for sensor.
Dynamic assignment: Failed to assign heater profile for sensor 7
Sensor 7 assigned duty cycle profile duty_5_10
Sensor 0: BME68X: OK.
Sensor 1: BME68X: OK.
Sensor 2: BME68X: OK.
Sensor 3: BME68X: OK.
Sensor 4: BME68X: OK.
Sensor 5: BME68X: OK.
Sensor 6: BME68X: OK.
Sensor 7: BME68X: OK.
All BME68X sensors initialized
Retrieving heater profiles from sensors...
Sensor 1: Heater Profile:
  Step 1: Temp = 320°C, Duration = 5 ms
  Step 2: Temp = 100°C, Duration = 2 ms
  Step 3: Temp = 100°C, Duration = 10 ms
  Step 4: Temp = 100°C, Duration = 30 ms
  Step 5: Temp = 200°C, Duration = 5 ms
  Step 6: Temp = 200°C, Duration = 5 ms
  Step 7: Temp = 200°C, Duration = 5 ms
  Step 8: Temp = 320°C, Duration = 5 ms
  Step 9: Temp = 320°C, Duration = 5 ms
  Step 10: Temp = 320°C, Duration = 5 ms
Heater profile retrieved for sensor 0
Sensor 2: Heater Profile:
  Step 1: Temp = 320°C, Duration = 5 ms
  Step 2: Temp = 100°C, Duration = 2 ms
  Step 3: Temp = 100°C, Duration = 10 ms
  Step 4: Temp = 100°C, Duration = 30 ms
  Step 5: Temp = 200°C, Duration = 5 ms
  Step 6: Temp = 200°C, Duration = 5 ms
  Step 7: Temp = 200°C, Duration = 5 ms
  Step 8: Temp = 320°C, Duration = 5 ms
  Step 9: Temp = 320°C, Duration = 5 ms
  Step 10: Temp = 320°C, Duration = 5 ms
Heater profile retrieved for sensor 1
Sensor 3: Heater Profile:
  Step 1: Temp = 320°C, Duration = 5 ms
  Step 2: Temp = 100°C, Duration = 2 ms
  Step 3: Temp = 100°C, Duration = 10 ms
  Step 4: Temp = 100°C, Duration = 30 ms
  Step 5: Temp = 200°C, Duration = 5 ms
  Step 6: Temp = 200°C, Duration = 5 ms
  Step 7: Temp = 200°C, Duration = 5 ms
  Step 8: Temp = 320°C, Duration = 5 ms
  Step 9: Temp = 320°C, Duration = 5 ms
  Step 10: Temp = 320°C, Duration = 5 ms
Heater profile retrieved for sensor 2
Sensor 4: Heater Profile:
  Step 1: Temp = 320°C, Duration = 5 ms
  Step 2: Temp = 100°C, Duration = 2 ms
  Step 3: Temp = 100°C, Duration = 10 ms
  Step 4: Temp = 100°C, Duration = 30 ms
  Step 5: Temp = 200°C, Duration = 5 ms
  Step 6: Temp = 200°C, Duration = 5 ms
  Step 7: Temp = 200°C, Duration = 5 ms
  Step 8: Temp = 320°C, Duration = 5 ms
  Step 9: Temp = 320°C, Duration = 5 ms
  Step 10: Temp = 320°C, Duration = 5 ms
Heater profile retrieved for sensor 3
Sensor 5: Heater Profile:
  Step 1: Temp = 320°C, Duration = 5 ms
  Step 2: Temp = 100°C, Duration = 2 ms
  Step 3: Temp = 100°C, Duration = 10 ms
  Step 4: Temp = 100°C, Duration = 30 ms
  Step 5: Temp = 200°C, Duration = 5 ms
  Step 6: Temp = 200°C, Duration = 5 ms
  Step 7: Temp = 200°C, Duration = 5 ms
  Step 8: Temp = 320°C, Duration = 5 ms
  Step 9: Temp = 320°C, Duration = 5 ms
  Step 10: Temp = 320°C, Duration = 5 ms
Heater profile retrieved for sensor 4
Sensor 6: Heater Profile:
  Step 1: Temp = 320°C, Duration = 5 ms
  Step 2: Temp = 100°C, Duration = 2 ms
  Step 3: Temp = 100°C, Duration = 10 ms
  Step 4: Temp = 100°C, Duration = 30 ms
  Step 5: Temp = 200°C, Duration = 5 ms
  Step 6: Temp = 200°C, Duration = 5 ms
  Step 7: Temp = 200°C, Duration = 5 ms
  Step 8: Temp = 320°C, Duration = 5 ms
  Step 9: Temp = 320°C, Duration = 5 ms
  Step 10: Temp = 320°C, Duration = 5 ms
Heater profile retrieved for sensor 5
Sensor 7: Heater Profile:
  Step 1: Temp = 320°C, Duration = 5 ms
  Step 2: Temp = 100°C, Duration = 2 ms
  Step 3: Temp = 100°C, Duration = 10 ms
  Step 4: Temp = 100°C, Duration = 30 ms
  Step 5: Temp = 200°C, Duration = 5 ms
  Step 6: Temp = 200°C, Duration = 5 ms
  Step 7: Temp = 200°C, Duration = 5 ms
  Step 8: Temp = 320°C, Duration = 5 ms
  Step 9: Temp = 320°C, Duration = 5 ms
  Step 10: Temp = 320°C, Duration = 5 ms
Heater profile retrieved for sensor 6
Sensor 8: Heater Profile:
  Step 1: Temp = 320°C, Duration = 5 ms
  Step 2: Temp = 100°C, Duration = 2 ms
  Step 3: Temp = 100°C, Duration = 10 ms
  Step 4: Temp = 100°C, Duration = 30 ms
  Step 5: Temp = 200°C, Duration = 5 ms
  Step 6: Temp = 200°C, Duration = 5 ms
  Step 7: Temp = 200°C, Duration = 5 ms
  Step 8: Temp = 320°C, Duration = 5 ms
  Step 9: Temp = 320°C, Duration = 5 ms
  Step 10: Temp = 320°C, Duration = 5 ms
Heater profile retrieved for sensor 7
Heater profiles retrieval complete.
