5451,1,1,20.54,99983.40,26.27,6400000.00,128,15,20.96,99984.18,26.07,6400000.00,128,15,21.27,99977.44,25.66,6400000.00,128,15,21.94,99961.62,25.22,6400000.00,128,15,23.43,100044.20,22.83,6400000.00,128,15,22.92,100068.58,23.57,6400000.00,128,15,23.29,100064.98,23.34,6400000.00,128,15,23.11,100049.01,23.74,6400000.00,128,15
6451,1,1,21.10,99981.52,26.35,2676249.50,160,6,21.44,99983.73,26.11,283656.50,160,7,21.68,99976.55,25.70,158122.30,160,7,22.29,99960.35,25.24,400000.00,160,7,23.74,100038.25,22.85,400000.00,160,7,23.21,100063.66,23.59,400000.00,160,7,23.61,100063.84,23.34,400000.00,160,8,23.40,100048.73,23.74,400000.00,160,8
7451,1,1,21.35,99981.81,26.34,2339234.75,160,6,21.65,99982.10,26.08,1438202.25,160,5,21.93,99978.19,25.70,1600000.00,160,6,22.55,99963.75,25.24,5857704.50,160,6,24.00,100039.63,22.85,6400000.00,160,6,23.48,100064.90,23.59,2057257.63,160,6,23.88,100067.03,23.34,1800835.37,160,6,23.66,100052.72,23.71,3891686.50,160,6
8451,1,1,21.45,99982.53,26.30,2158061.00,160,6,21.76,99982.06,26.05,680398.69,160,6,22.05,99979.03,25.66,1600000.00,160,6,22.67,99964.87,25.18,5107232.00,160,5,24.13,100040.87,22.78,5870297.50,160,6,23.60,100065.16,23.55,1793737.62,160,6,24.00,100070.53,23.30,1569048.12,160,6,23.76,100052.61,23.66,2788291.25,160,6
9451,1,1,21.51,99981.91,26.24,2014756.50,160,5,21.83,99983.42,26.00,635432.81,160,6,22.12,99981.11,25.60,728307.25,160,6,22.75,99965.80,25.12,4591928.50,160,6,24.21,100042.51,22.73,5321208.00,160,5,23.66,100064.38,23.48,1579028.50,160,5,24.06,100065.59,23.23,1600000.00,160,5,23.82,100049.42,23.61,2486191.25,160,5
10451,1,1,21.57,99984.66,26.16,1875028.62,160,6,21.90,99983.80,25.91,594484.75,160,6,22.18,99978.22,25.53,679721.19,160,5,22.82,99966.44,25.04,4183861.00,160,6,24.28,100043.02,22.66,4923077.00,160,6,23.72,100065.47,23.42,1600000.00,160,6,24.13,100070.23,23.15,1439718.75,160,6,23.90,100050.96,23.54,2243154.50,160,6
11451,1,1,21.62,99984.49,26.08,1750053.37,160,6,21.95,99979.52,25.85,554863.19,160,5,22.22,99977.33,25.48,650571.81,160,6,22.87,99966.29,24.97,3794349.25,160,6,24.34,100045.05,22.58,4508530.50,160,6,23.78,100065.26,23.33,1486751.37,160,6,24.19,100067.57,23.06,1268504.12,160,6,23.96,100051.65,23.50,1988349.50,160,6
12451,1,1,21.65,99984.80,26.01,1647626.75,160,5,21.98,99979.01,25.79,531120.31,160,6,22.26,99977.65,25.40,614277.12,160,6,22.89,99963.73,24.88,2805479.50,160,5,24.36,100043.55,22.51,4136329.25,160,5,23.81,100061.82,23.28,1304874.12,160,5,24.21,100065.22,22.99,690725.13,160,6,23.99,100052.52,23.40,1780869.62,160,6
13451,1,1,21.68,99986.43,25.94,1516756.12,160,6,22.02,99981.45,25.71,501469.16,160,6,22.28,99978.34,25.32,589352.50,160,6,22.93,99967.09,24.79,2589946.25,160,6,24.40,100045.56,22.43,3823570.50,160,6,23.84,100064.25,23.21,716835.81,160,6,24.25,100065.03,22.91,624961.88,160,6,24.04,100053.34,23.32,1555640.00,160,6
14451,1,1,21.68,99984.34,25.87,1600000.00,160,6,22.05,99979.98,25.64,473635.53,160,6,22.31,99979.41,25.25,557582.38,160,6,22.96,99967.87,24.73,2380011.50,160,6,24.40,100043.52,22.36,2913229.00,160,6,23.86,100061.53,23.15,649952.38,160,6,24.28,100065.88,22.87,562637.37,160,6,24.06,100051.46,23.28,1477100.62,160,5
15451,1,1,21.71,99986.51,25.82,1498171.12,160,5,22.07,99981.25,25.57,444058.97,160,5,22.33,99980.26,25.18,527835.06,160,6,22.98,99966.48,24.67,2178723.50,160,6,24.43,100043.69,22.30,2668404.00,160,5,23.88,100061.09,23.08,585812.38,160,5,24.31,100067.87,22.78,499268.66,160,6,24.09,100054.08,23.20,1257985.25,160,6
16451,1,1,21.74,99986.81,25.74,1354049.62,160,6,22.10,99981.94,25.50,422616.59,160,6,22.35,99980.73,25.12,499268.66,160,6,23.00,99967.25,24.59,1979700.37,160,5,24.47,100044.78,22.23,2459321.50,160,6,23.93,100063.96,23.02,516649.84,160,6,24.34,100067.20,22.73,440051.56,160,6,24.12,100052.34,23.13,1050795.25,160,6
17451,1,1,21.76,99987.16,25.69,1220864.37,160,6,22.12,99982.19,25.44,396591.78,160,6,22.40,99984.22,25.06,472324.72,160,6,23.03,99966.31,24.52,1799648.50,160,6,24.50,100044.77,22.20,2228509.25,160,6,23.95,100063.31,22.96,458678.62,160,6,24.36,100066.46,22.66,381520.13,160,5,24.13,100051.75,23.09,659368.94,160,6
18451,1,1,21.77,99983.09,25.62,729864.56,160,5,22.14,99981.66,25.39,400000.00,160,6,22.41,99982.12,25.00,442332.63,160,5,23.05,99968.22,24.47,1625074.37,160,6,24.50,100044.76,22.13,2023715.38,160,5,23.96,100062.23,22.91,400547.62,160,5,24.38,100065.09,22.62,400000.00,160,6,24.17,100053.14,23.04,566841.94,160,6
19451,1,1,21.80,99983.91,25.59,670376.44,160,6,22.16,99980.88,25.33,400000.00,160,5,22.43,99983.64,24.96,413403.31,160,6,23.07,99962.13,24.41,1600000.00,160,6,24.53,100045.13,22.09,1828571.37,160,6,23.98,100061.91,22.87,400000.00,160,6,24.42,100067.32,22.57,345013.47,160,6,24.20,100052.88,22.99,496725.69,160,5
20451,1,1,21.82,99983.80,25.53,610978.50,160,6,22.21,99984.36,25.29,400000.00,160,6,22.45,99983.87,24.90,386488.03,160,6,23.09,99963.72,24.38,1423210.62,160,5,24.55,100046.40,22.04,1631872.50,160,6,24.02,100064.57,22.82,362991.84,160,6,24.45,100067.37,22.52,293662.19,160,6,24.23,100052.55,22.95,440619.63,160,6
21451,1,1,21.85,99984.78,25.48,562637.37,160,5,22.24,99984.11,25.24,335847.81,160,6,22.47,99981.38,24.86,400000.00,160,6,23.14,99965.15,24.33,1232992.12,160,6,24.56,100043.07,22.01,1600000.00,160,5,24.04,100062.66,22.76,310209.03,160,5,24.46,100066.04,22.47,250734.58,160,6,24.24,100049.73,22.89,376678.31,160,6
22451,1,1,21.88,99984.21,25.44,483360.88,160,6,22.26,99984.41,25.19,295441.44,160,6,22.48,99981.43,24.81,400000.00,160,6,23.15,99964.54,24.28,1030181.06,160,6,24.61,100045.09,21.95,1363515.37,160,6,24.07,100065.70,22.74,268273.50,160,6,24.49,100068.55,22.42,218616.56,160,6,24.28,100049.08,22.84,333224.87,160,6
23451,1,1,21.92,99986.72,25.40,428183.16,160,6,22.27,99983.24,25.14,259109.31,160,5,22.52,99982.21,24.78,400000.00,160,6,23.16,99962.83,24.22,680398.69,160,6,24.63,100046.36,21.92,1132743.37,160,6,24.09,100064.84,22.69,228418.47,160,6,24.50,100066.73,22.37,192698.53,160,6,24.29,100049.34,22.83,292906.19,160,6
24451,1,1,21.93,99984.51,25.37,393619.06,160,5,22.30,99984.22,25.10,226900.06,160,6,22.55,99983.91,24.72,339522.53,160,6,23.19,99964.65,24.20,613724.88,160,5,24.63,100043.97,21.86,957904.56,160,5,24.09,100064.04,22.65,206826.91,160,5,24.54,100069.53,22.33,178833.39,160,6,24.32,100051.13,22.77,275862.06,160,5
25451,1,1,21.96,99987.53,25.32,391287.72,160,6,22.33,99984.12,25.05,198757.77,160,6,22.57,99981.05,24.70,298542.28,160,6,23.21,99963.45,24.15,549061.69,160,6,24.65,100043.19,21.85,707182.31,160,6,24.13,100063.73,22.61,184837.55,160,6,24.56,100067.35,22.30,168921.14,160,5,24.35,100048.75,22.72,261691.80,160,6
26451,1,1,21.98,99988.12,25.29,330003.22,160,6,22.34,99984.23,25.03,167265.59,160,6,22.58,99978.21,24.66,250734.58,160,5,23.24,99965.27,24.12,494208.50,160,6,24.67,100044.30,21.80,631903.75,160,6,24.12,100062.11,22.58,175884.58,160,6,24.57,100068.62,22.26,161412.36,160,6,24.36,100048.76,22.69,248001.94,160,6
27451,1,1,22.00,99984.81,25.25,293409.75,160,5,22.36,99983.37,24.98,151658.77,160,5,22.63,99982.04,24.62,228571.42,160,6,23.26,99964.95,24.07,440051.56,160,6,24.68,100043.94,21.78,562637.37,160,5,24.13,100063.65,22.55,171123.00,160,5,24.59,100069.06,22.25,153984.97,160,6,24.38,100048.40,22.65,234217.75,160,6
28451,1,1,22.03,99987.71,25.20,260294.86,160,6,22.40,99984.83,24.93,145330.69,160,6,22.65,99981.38,24.59,200156.38,160,6,23.28,99964.20,24.05,398211.16,160,5,24.70,100045.21,21.74,515869.03,160,6,24.17,100066.45,22.51,158710.48,160,6,24.62,100070.40,22.20,145702.91,160,6,24.40,100049.12,22.62,228724.59,160,6
29451,1,1,22.04,99985.67,25.18,247821.88,160,6,22.42,99984.95,24.91,139054.86,160,6,22.66,99980.35,24.53,177901.33,160,6,23.30,99964.42,24.01,375435.38,160,6,24.73,100046.30,21.72,485078.16,160,6,24.19,100064.55,22.48,151658.77,160,6,24.62,100066.88,22.15,146453.09,160,6,24.41,100048.64,22.58,229802.52,160,5
30451,1,1,22.05,99984.40,25.12,240150.09,160,5,22.43,99984.07,24.87,132987.02,160,6,22.68,99983.21,24.51,170780.52,160,6,23.32,99963.54,23.98,354325.25,160,6,24.73,100045.17,21.69,461157.41,160,5,24.21,100065.30,22.47,151793.66,160,5,24.65,100066.97,22.14,147465.44,160,6,24.43,100048.52,22.56,231831.56,160,6
31451,1,1,22.08,99988.37,25.10,222029.48,160,6,22.42,99984.64,24.84,123910.94,160,5,22.68,99980.64,24.50,163421.64,160,6,23.33,99963.66,23.95,336842.09,160,6,24.76,100046.09,21.67,445798.87,160,6,24.22,100064.70,22.43,153569.28,160,6,24.67,100068.70,22.12,148491.87,160,6,24.45,100048.88,22.54,233896.75,160,6
32451,1,1,22.09,99987.15,25.07,210266.94,160,6,22.46,99987.27,24.82,122137.41,160,6,22.71,99983.04,24.46,156670.75,160,6,23.34,99964.16,23.94,318012.44,160,5,24.78,100046.98,21.64,426311.41,160,6,24.25,100065.55,22.41,153984.97,160,6,24.68,100065.95,22.08,149795.20,160,6,24.47,100048.76,22.52,235510.58,160,6
33451,1,1,22.10,99988.72,25.06,204595.41,160,5,22.46,99985.00,24.78,119319.51,160,6,22.72,99983.59,24.45,149532.70,160,6,23.35,99964.84,23.89,300117.22,160,6,24.78,100045.69,21.63,408945.69,160,5,24.25,100064.55,22.38,154682.78,160,5,24.71,100067.65,22.06,149532.70,160,5,24.50,100050.66,22.47,236489.61,160,6
34451,1,1,22.12,99986.30,25.02,204472.84,160,6,22.49,99984.91,24.76,118408.88,160,6,22.73,99979.99,24.41,139281.83,160,5,23.38,99966.62,23.87,291405.81,160,6,24.80,100046.23,21.60,391587.00,160,6,24.27,100066.41,22.37,156527.06,160,6,24.72,100067.47,22.05,150987.91,160,6,24.52,100050.84,22.46,237476.81,160,5
35451,1,1,22.14,99988.95,25.00,199921.91,160,6,22.49,99983.74,24.75,118244.80,160,5,22.75,99980.86,24.39,136935.02,160,6,23.39,99966.03,23.87,293409.75,160,6,24.82,100044.76,21.59,392262.03,160,6,24.28,100066.52,22.35,157103.41,160,6,24.75,100067.27,22.02,151793.66,160,6,24.54,100051.38,22.44,239476.14,160,6
36451,1,1,22.15,99987.61,24.99,200626.95,160,5,22.52,99985.48,24.71,119570.30,160,6,22.77,99982.30,24.37,137931.03,160,6,23.39,99963.28,23.84,291904.22,160,5,24.81,100045.31,21.59,392713.31,160,5,24.29,100064.52,22.32,156958.92,160,5,24.76,100065.91,21.99,152608.05,160,6,24.56,100051.73,22.41,241338.67,160,6
37451,1,1,22.17,99987.38,24.97,201218.31,160,6,22.52,99983.73,24.70,120159.59,160,6,22.78,99981.95,24.35,138042.59,160,6,23.41,99964.80,23.82,294168.34,160,6,24.84,100046.02,21.55,393846.16,160,6,24.32,100067.93,22.31,158710.48,160,6,24.77,100064.11,21.96,153569.28,160,6,24.57,100052.01,22.40,242539.08,160,6
38451,1,1,22.17,99985.68,24.94,201218.31,160,6,22.54,99985.95,24.68,120754.72,160,6,22.78,99981.62,24.33,138941.66,160,6,23.42,99964.91,23.81,293915.03,160,6,24.85,100045.47,21.54,393165.69,160,6,24.33,100065.22,22.29,160200.25,160,6,24.78,100064.24,21.95,154263.33,160,6,24.59,100051.61,22.38,244624.94,160,6
39451,1,1,22.17,99987.02,24.93,202772.28,160,5,22.54,99985.49,24.64,121701.92,160,5,22.80,99982.05,24.32,139509.53,160,6,23.43,99964.48,23.79,294930.87,160,6,24.87,100046.01,21.51,393846.16,160,5,24.35,100065.37,22.27,160050.02,160,5,24.81,100064.14,21.94,154682.78,160,6,24.60,100051.73,22.35,246213.03,160,5
40451,1,1,22.18,99988.19,24.90,203619.02,160,6,22.54,99983.55,24.63,122576.01,160,6,22.81,99980.96,24.29,140197.16,160,6,23.42,99963.47,23.78,295185.94,160,5,24.89,100045.80,21.51,394529.00,160,6,24.37,100067.21,22.26,160955.67,160,6,24.83,100067.80,21.91,155954.92,160,6,24.61,100050.34,22.32,249451.89,160,6
41451,1,1,22.20,99986.96,24.88,203497.61,160,6,22.56,99985.52,24.61,123106.52,160,6,22.82,99982.16,24.28,140891.58,160,6,23.45,99965.49,23.75,296210.59,160,6,24.90,100045.05,21.48,395672.34,160,6,24.38,100065.48,22.25,161412.36,160,6,24.83,100064.98,21.89,156814.70,160,5,24.63,100052.47,22.30,252777.09,160,6
42451,1,1,22.20,99985.63,24.88,204350.42,160,5,22.58,99984.33,24.60,124271.84,160,6,22.82,99981.64,24.27,141358.36,160,5,23.47,99966.06,23.74,297760.97,160,6,24.90,100045.05,21.47,397284.19,160,5,24.38,100065.31,22.22,162025.31,160,5,24.84,100063.84,21.87,158563.02,160,6,24.63,100050.70,22.28,255425.30,160,6
43451,1,1,22.21,99987.89,24.84,204840.97,160,6,22.58,99986.50,24.61,124908.52,160,5,22.84,99981.31,24.23,142658.13,160,6,23.48,99965.95,23.71,298020.97,160,6,24.93,100048.19,21.46,398443.59,160,6,24.40,100065.27,22.22,163265.31,160,6,24.86,100065.32,21.86,160050.02,160,6,24.64,100050.79,22.26,259109.31,160,6
44451,1,1,22.22,99987.02,24.83,205210.42,160,6,22.60,99988.02,24.57,125922.28,160,6,22.83,99980.91,24.22,143256.86,160,6,23.48,99964.66,23.71,298020.97,160,5,24.93,100045.59,21.46,398211.16,160,6,24.41,100065.76,22.19,164842.23,160,6,24.86,100064.93,21.85,161871.64,160,6,24.64,100049.68,22.25,261892.58,160,5
45451,1,1,22.23,99986.16,24.82,205953.34,160,5,22.61,99984.60,24.57,126669.97,160,6,22.85,99981.53,24.20,144469.53,160,6,23.48,99963.40,23.68,299590.41,160,6,24.93,100043.73,21.43,398676.28,160,5,24.41,100065.29,22.19,165642.19,160,5,24.87,100065.28,21.83,164207.83,160,6,24.66,100051.54,22.25,264941.78,160,6
46451,1,1,22.25,99987.02,24.79,207203.56,160,6,22.63,99987.13,24.52,127521.80,160,6,22.87,99981.67,24.19,144347.33,160,6,23.51,99965.24,23.68,300645.91,160,6,24.95,100046.14,21.42,399843.81,160,6,24.43,100067.06,22.16,167265.59,160,6,24.88,100064.95,21.82,165001.61,160,6,24.67,100051.28,22.23,268062.81,160,6
47451,1,1,22.27,99988.24,24.79,208087.78,160,6,22.62,99984.59,24.51,128000.00,160,5,22.89,99981.33,24.17,144960.36,160,6,23.51,99964.71,23.65,300117.22,160,6,24.96,100043.91,21.41,402199.53,160,6,24.44,100064.91,22.16,168921.14,160,6,24.89,100064.73,21.80,166775.25,160,6,24.69,100051.59,22.22,271042.87,160,6
48451,1,1,22.27,99985.57,24.79,208214.72,160,5,22.65,99985.33,24.51,128967.26,160,6,22.91,99980.90,24.16,146202.17,160,6,23.53,99963.48,23.65,302243.22,160,5,24.96,100042.98,21.40,401726.16,160,5,24.44,100064.43,22.14,170099.67,160,5,24.90,100066.25,21.79,168921.14,160,6,24.69,100051.59,22.20,274973.16,160,6
49451,1,1,22.30,99990.34,24.76,208724.02,160,6,22.66,99985.49,24.49,130048.26,160,6,22.92,99982.38,24.16,146704.88,160,6,23.56,99965.97,23.64,303587.31,160,6,24.99,100043.33,21.38,402436.62,160,6,24.47,100065.77,22.13,171985.22,160,6,24.91,100065.29,21.78,170269.38,160,5,24.69,100050.41,22.18,277657.28,160,5
50451,1,1,22.30,99988.95,24.74,210008.20,160,6,22.66,99985.20,24.46,131147.55,160,6,22.93,99981.51,24.15,147465.44,160,5,23.56,99964.38,23.62,304128.31,160,6,25.00,100046.64,21.37,402911.66,160,6,24.48,100065.59,22.11,174090.45,160,6,24.92,100067.79,21.75,172332.55,160,6,24.71,100053.63,22.17,282015.97,160,6
51451,1,1,22.29,99987.09,24.73,210916.58,160,5,22.67,99985.51,24.45,131248.39,160,5,22.94,99982.54,24.12,147976.87,160,6,23.58,99966.41,23.62,305489.25,160,6,25.00,100044.07,21.37,402674.00,160,5,24.48,100065.41,22.10,175522.80,160,5,24.93,100066.45,21.74,174624.83,160,6,24.73,100052.66,22.14,284602.56,160,6
52451,1,1,22.31,99988.93,24.71,211439.19,160,6,22.68,99988.01,24.44,132676.86,160,6,22.95,99982.96,24.11,149140.69,160,6,23.58,99965.47,23.59,305762.91,160,5,25.02,100046.46,21.35,405544.56,160,6,24.49,100067.47,22.09,177162.63,160,6,24.94,100066.95,21.73,176066.03,160,6,24.73,100053.16,22.16,287478.94,160,6
53451,1,1,22.32,99988.30,24.71,213823.34,160,6,22.69,99986.53,24.43,134242.27,160,6,22.96,99981.29,24.09,149532.70,160,6,23.59,99964.31,23.58,307692.31,160,6,25.03,100046.08,21.35,406268.59,160,6,24.50,100066.73,22.06,179586.11,160,6,24.96,100068.02,21.74,178272.98,160,6,24.74,100053.07,22.14,290414.06,160,6
54451,1,1,22.32,99987.42,24.70,214225.94,160,5,22.71,99988.63,24.43,135413.91,160,6,22.97,99983.23,24.10,150190.67,160,6,23.60,99963.49,23.58,309365.56,160,6,25.03,100044.77,21.31,403865.12,160,5,24.51,100065.43,22.06,180345.19,160,5,24.97,100065.85,21.73,180345.19,160,6,24.74,100050.13,22.13,293662.19,160,5
55451,1,1,22.34,99988.30,24.67,215851.61,160,6,22.70,99986.27,24.40,136061.66,160,5,22.98,99980.68,24.06,150588.23,160,6,23.61,99965.13,23.57,311057.09,160,6,25.05,100047.18,21.31,408212.09,160,6,24.51,100066.49,22.06,183249.83,160,6,24.98,100065.93,21.71,182271.27,160,6,24.74,100051.38,22.10,297242.37,160,6
56451,1,1,22.35,99989.17,24.66,217363.61,160,6,22.71,99986.18,24.39,137708.45,160,6,22.99,99981.57,24.06,151389.70,160,6,23.62,99965.36,23.56,312480.94,160,5,25.04,100045.32,21.31,409190.81,160,6,24.51,100067.77,22.05,185641.77,160,6,24.97,100066.23,21.69,184238.94,160,6,24.74,100050.64,22.10,299853.59,160,6
57451,1,1,22.33,99987.72,24.65,218336.89,160,5,22.73,99988.27,24.38,139395.59,160,6,23.01,99983.65,24.03,152199.77,160,6,23.64,99965.38,23.53,314786.34,160,6,25.05,100045.88,21.29,409681.94,160,5,24.52,100065.00,22.03,186249.55,160,5,24.97,100066.18,21.70,185037.95,160,5,24.76,100053.07,22.09,304128.31,160,6
58451,1,1,22.35,99988.13,24.65,220025.78,160,6,22.73,99987.05,24.38,140659.34,160,6,23.00,99982.53,24.02,153018.53,160,5,23.63,99964.96,23.52,316244.59,160,6,25.07,100045.67,21.28,410420.84,160,6,24.54,100069.32,22.04,189489.27,160,6,24.99,100066.27,21.67,188235.30,160,6,24.77,100051.69,22.09,306311.69,160,6
59451,1,1,22.35,99987.72,24.62,221023.09,160,6,22.73,99986.34,24.36,141241.37,160,5,23.00,99981.78,24.02,153984.97,160,6,23.64,99967.24,23.51,318903.78,160,6,25.09,100047.15,21.27,413904.59,160,6,24.54,100067.39,22.02,191940.02,160,6,25.00,100067.70,21.66,189699.89,160,6,24.79,100052.32,22.08,309085.41,160,5
60451,1,1,22.35,99987.08,24.62,221166.31,160,5,22.73,99985.68,24.34,143256.86,160,6,23.01,99981.27,24.01,154823.11,160,6,23.65,99967.00,23.50,321003.13,160,5,25.08,100044.56,21.26,414407.13,160,5,24.54,100063.84,22.01,193463.06,160,5,25.00,100067.16,21.65,191724.39,160,6,24.79,100052.23,22.06,313054.12,160,6
61451,1,1,22.36,99989.86,24.62,223776.22,160,6,22.74,99988.08,24.32,144714.53,160,6,23.01,99984.14,23.99,156383.63,160,6,23.65,99966.27,23.49,322215.22,160,6,25.09,100047.32,21.26,416938.13,160,6,24.55,100065.41,22.01,195905.88,160,6,25.02,100067.33,21.65,193792.58,160,6,24.80,100052.33,22.04,316244.59,160,6
62451,1,1,22.37,99988.13,24.60,224364.59,160,6,22.75,99987.44,24.33,145952.11,160,6,23.01,99982.21,23.96,157684.02,160,6,23.66,99967.26,23.48,324667.09,160,6,25.09,100046.39,21.24,418471.59,160,6,24.55,100063.81,21.98,198295.89,160,6,25.01,100067.27,21.63,196018.38,160,6,24.80,100051.80,22.04,319500.78,160,6
63451,1,1,22.37,99987.19,24.58,226298.34,160,5,22.75,99986.00,24.32,146453.09,160,5,23.03,99981.84,23.97,158710.48,160,6,23.66,99966.22,23.46,327156.56,160,6,25.09,100045.11,21.24,419500.22,160,5,24.56,100064.82,21.99,199338.14,160,5,25.03,100065.65,21.63,197721.56,160,6,24.81,100051.30,22.03,322824.72,160,6
64451,1,1,22.39,99986.79,24.59,227960.81,160,6,22.76,99985.83,24.30,148880.48,160,6,23.05,99983.45,23.96,160050.02,160,6,23.67,99964.30,23.46,327470.41,160,5,25.11,100046.20,21.22,424192.22,160,6,24.58,100067.17,21.98,201932.56,160,6,25.03,100066.55,21.61,198526.56,160,6,24.81,100050.60,22.03,325285.91,160,5
65451,1,1,22.41,99987.24,24.57,229185.31,160,6,22.78,99987.58,24.29,150322.95,160,6,23.06,99983.65,23.95,161259.84,160,6,23.69,99964.67,23.45,330642.56,160,6,25.13,100047.12,21.22,426311.41,160,6,24.59,100066.39,21.96,204350.42,160,6,25.04,100066.99,21.61,200626.95,160,5,24.83,100052.69,22.01,328099.97,160,6
66451,1,1,22.42,99986.14,24.57,230267.59,160,5,22.79,99986.72,24.27,151524.13,160,6,23.06,99982.85,23.94,161871.64,160,5,23.69,99965.95,23.42,331928.69,160,6,25.13,100046.55,21.22,425249.16,160,5,24.59,100064.13,21.95,205829.14,160,5,25.04,100065.23,21.60,202651.89,160,6,24.83,100052.24,22.01,331284.38,160,6
Retrieving heater profiles from sensors...
Sensor 1: Heater Profile:
  Step 1: Temp = 320°C, Duration = 5 ms
  Step 2: Temp = 100°C, Duration = 2 ms
  Step 3: Temp = 100°C, Duration = 10 ms
  Step 4: Temp = 100°C, Duration = 30 ms
  Step 5: Temp = 200°C, Duration = 5 ms
  Step 6: Temp = 200°C, Duration = 5 ms
  Step 7: Temp = 200°C, Duration = 5 ms
  Step 8: Temp = 320°C, Duration = 5 ms
  Step 9: Temp = 320°C, Duration = 5 ms
  Step 10: Temp = 320°C, Duration = 5 ms
Heater profile retrieved for sensor 0
Sensor 2: Heater Profile:
  Step 1: Temp = 320°C, Duration = 5 ms
  Step 2: Temp = 100°C, Duration = 2 ms
  Step 3: Temp = 100°C, Duration = 10 ms
  Step 4: Temp = 100°C, Duration = 30 ms
  Step 5: Temp = 200°C, Duration = 5 ms
  Step 6: Temp = 200°C, Duration = 5 ms
  Step 7: Temp = 200°C, Duration = 5 ms
  Step 8: Temp = 320°C, Duration = 5 ms
  Step 9: Temp = 320°C, Duration = 5 ms
  Step 10: Temp = 320°C, Duration = 5 ms
Heater profile retrieved for sensor 1
Sensor 3: Heater Profile:
  Step 1: Temp = 320°C, Duration = 5 ms
  Step 2: Temp = 100°C, Duration = 2 ms
  Step 3: Temp = 100°C, Duration = 10 ms
  Step 4: Temp = 100°C, Duration = 30 ms
  Step 5: Temp = 200°C, Duration = 5 ms
  Step 6: Temp = 200°C, Duration = 5 ms
  Step 7: Temp = 200°C, Duration = 5 ms
  Step 8: Temp = 320°C, Duration = 5 ms
  Step 9: Temp = 320°C, Duration = 5 ms
  Step 10: Temp = 320°C, Duration = 5 ms
Heater profile retrieved for sensor 2
Sensor 4: Heater Profile:
  Step 1: Temp = 320°C, Duration = 5 ms
  Step 2: Temp = 100°C, Duration = 2 ms
  Step 3: Temp = 100°C, Duration = 10 ms
  Step 4: Temp = 100°C, Duration = 30 ms
  Step 5: Temp = 200°C, Duration = 5 ms
  Step 6: Temp = 200°C, Duration = 5 ms
  Step 7: Temp = 200°C, Duration = 5 ms
  Step 8: Temp = 320°C, Duration = 5 ms
  Step 9: Temp = 320°C, Duration = 5 ms
  Step 10: Temp = 320°C, Duration = 5 ms
Heater profile retrieved for sensor 3
Sensor 5: Heater Profile:
  Step 1: Temp = 320°C, Duration = 5 ms
  Step 2: Temp = 100°C, Duration = 2 ms
  Step 3: Temp = 100°C, Duration = 10 ms
  Step 4: Temp = 100°C, Duration = 30 ms
  Step 5: Temp = 200°C, Duration = 5 ms
  Step 6: Temp = 200°C, Duration = 5 ms
  Step 7: Temp = 200°C, Duration = 5 ms
  Step 8: Temp = 320°C, Duration = 5 ms
  Step 9: Temp = 320°C, Duration = 5 ms
  Step 10: Temp = 320°C, Duration = 5 ms
Heater profile retrieved for sensor 4
Sensor 6: Heater Profile:
  Step 1: Temp = 320°C, Duration = 5 ms
  Step 2: Temp = 100°C, Duration = 2 ms
  Step 3: Temp = 100°C, Duration = 10 ms
  Step 4: Temp = 100°C, Duration = 30 ms
  Step 5: Temp = 200°C, Duration = 5 ms
  Step 6: Temp = 200°C, Duration = 5 ms
  Step 7: Temp = 200°C, Duration = 5 ms
  Step 8: Temp = 320°C, Duration = 5 ms
  Step 9: Temp = 320°C, Duration = 5 ms
  Step 10: Temp = 320°C, Duration = 5 ms
Heater profile retrieved for sensor 5
Sensor 7: Heater Profile:
  Step 1: Temp = 320°C, Duration = 5 ms
  Step 2: Temp = 100°C, Duration = 2 ms
  Step 3: Temp = 100°C, Duration = 10 ms
  Step 4: Temp = 100°C, Duration = 30 ms
  Step 5: Temp = 200°C, Duration = 5 ms
  Step 6: Temp = 200°C, Duration = 5 ms
  Step 7: Temp = 200°C, Duration = 5 ms
  Step 8: Temp = 320°C, Duration = 5 ms
  Step 9: Temp = 320°C, Duration = 5 ms
  Step 10: Temp = 320°C, Duration = 5 ms
Heater profile retrieved for sensor 6
Sensor 8: Heater Profile:
  Step 1: Temp = 320°C, Duration = 5 ms
  Step 2: Temp = 100°C, Duration = 2 ms
  Step 3: Temp = 100°C, Duration = 10 ms
  Step 4: Temp = 100°C, Duration = 30 ms
  Step 5: Temp = 200°C, Duration = 5 ms
  Step 6: Temp = 200°C, Duration = 5 ms
  Step 7: Temp = 200°C, Duration = 5 ms
  Step 8: Temp = 320°C, Duration = 5 ms
  Step 9: Temp = 320°C, Duration = 5 ms
  Step 10: Temp = 320°C, Duration = 5 ms
Heater profile retrieved for sensor 7
Heater profiles retrieval complete.
WARNING: Unknown command received - getf
Available commands: START, STOP, SEC_num (e.g., SEC_5), GETHEAT, GETDUTY
WARNING: Unknown command received - 
Available commands: START, STOP, SEC_num (e.g., SEC_5), GETHEAT, GETDUTY
Retrieving duty cycle assignments for sensors...
Sensor 0: Duty Cycle Profile: duty_5_10 (Scanning: 5, Sleeping: 10)
Sensor 1: Duty Cycle Profile: duty_5_10 (Scanning: 5, Sleeping: 10)
Sensor 2: Duty Cycle Profile: duty_5_10 (Scanning: 5, Sleeping: 10)
Sensor 3: Duty Cycle Profile: duty_5_10 (Scanning: 5, Sleeping: 10)
Sensor 4: Duty Cycle Profile: duty_5_10 (Scanning: 5, Sleeping: 10)
Sensor 5: Duty Cycle Profile: duty_5_10 (Scanning: 5, Sleeping: 10)
Sensor 6: Duty Cycle Profile: duty_5_10 (Scanning: 5, Sleeping: 10)
Sensor 7: Duty Cycle Profile: duty_5_10 (Scanning: 5, Sleeping: 10)
Duty cycle assignments retrieval complete.
